<?xml version="1.0" encoding="utf-8"?>
<test-run id="2" testcasecount="330" result="Failed(Child)" total="330" passed="288" failed="42" inconclusive="0" skipped="0" asserts="0" engine-version="3.5.0.0" clr-version="4.0.30319.42000" start-time="2026-02-07 22:13:52Z" end-time="2026-02-07 22:13:53Z" duration="0.1741494">
  <test-suite type="TestSuite" id="1350" name="Package Dev" fullname="Package Dev" runstate="Runnable" testcasecount="330" result="Failed" site="Child" start-time="2026-02-07 22:13:52Z" end-time="2026-02-07 22:13:53Z" duration="0.174149" total="330" passed="288" failed="42" inconclusive="0" skipped="0" asserts="0">
    <properties>
      <property name="platform" value="EditMode" />
    </properties>
    <failure>
      <message><![CDATA[One or more child tests had errors]]></message>
    </failure>
    <test-suite type="Assembly" id="1339" name="DataToScriptableObject.Tests.Editor.dll" fullname="C:/Users/tremo/Documents/GitHub/Package Dev/Library/ScriptAssemblies/DataToScriptableObject.Tests.Editor.dll" runstate="Runnable" testcasecount="330" result="Failed" site="Child" start-time="2026-02-07 22:13:52Z" end-time="2026-02-07 22:13:53Z" duration="0.166877" total="330" passed="288" failed="42" inconclusive="0" skipped="0" asserts="0">
      <properties>
        <property name="_PID" value="16780" />
        <property name="_APPDOMAIN" value="Unity Child Domain" />
        <property name="platform" value="EditMode" />
        <property name="EditorOnly" value="True" />
      </properties>
      <failure>
        <message><![CDATA[One or more child tests had errors]]></message>
      </failure>
      <test-suite type="TestSuite" id="1340" name="DataToScriptableObject" fullname="DataToScriptableObject" runstate="Runnable" testcasecount="330" result="Failed" site="Child" start-time="2026-02-07 22:13:52Z" end-time="2026-02-07 22:13:53Z" duration="0.166015" total="330" passed="288" failed="42" inconclusive="0" skipped="0" asserts="0">
        <properties />
        <failure>
          <message><![CDATA[One or more child tests had errors]]></message>
        </failure>
        <test-suite type="TestSuite" id="1341" name="Tests" fullname="DataToScriptableObject.Tests" runstate="Runnable" testcasecount="330" result="Failed" site="Child" start-time="2026-02-07 22:13:52Z" end-time="2026-02-07 22:13:53Z" duration="0.165774" total="330" passed="288" failed="42" inconclusive="0" skipped="0" asserts="0">
          <properties />
          <failure>
            <message><![CDATA[One or more child tests had errors]]></message>
          </failure>
          <test-suite type="TestSuite" id="1342" name="Editor" fullname="DataToScriptableObject.Tests.Editor" runstate="Runnable" testcasecount="330" result="Failed" site="Child" start-time="2026-02-07 22:13:52Z" end-time="2026-02-07 22:13:53Z" duration="0.165362" total="330" passed="288" failed="42" inconclusive="0" skipped="0" asserts="0">
            <properties />
            <failure>
              <message><![CDATA[One or more child tests had errors]]></message>
            </failure>
            <test-suite type="TestFixture" id="1001" name="CodeGeneratorTests" fullname="DataToScriptableObject.Tests.Editor.CodeGeneratorTests" classname="DataToScriptableObject.Tests.Editor.CodeGeneratorTests" runstate="Runnable" testcasecount="39" result="Passed" start-time="2026-02-07 22:13:52Z" end-time="2026-02-07 22:13:52Z" duration="0.028737" total="39" passed="39" failed="0" inconclusive="0" skipped="0" asserts="0">
              <properties />
              <test-case id="1017" name="TestAllBasicTypes" fullname="DataToScriptableObject.Tests.Editor.CodeGeneratorTests.TestAllBasicTypes" methodname="TestAllBasicTypes" classname="DataToScriptableObject.Tests.Editor.CodeGeneratorTests" runstate="Runnable" seed="1624588436" result="Passed" start-time="2026-02-07 22:13:52Z" end-time="2026-02-07 22:13:52Z" duration="0.009777" asserts="0">
                <properties>
                  <property name="retryIteration" value="0" />
                  <property name="repeatIteration" value="0" />
                </properties>
              </test-case>
              <test-case id="1006" name="TestArrayGeneration" fullname="DataToScriptableObject.Tests.Editor.CodeGeneratorTests.TestArrayGeneration" methodname="TestArrayGeneration" classname="DataToScriptableObject.Tests.Editor.CodeGeneratorTests" runstate="Runnable" seed="890259773" result="Passed" start-time="2026-02-07 22:13:52Z" end-time="2026-02-07 22:13:52Z" duration="0.000225" asserts="0">
                <properties>
                  <property name="retryIteration" value="0" />
                  <property name="repeatIteration" value="0" />
                </properties>
              </test-case>
              <test-case id="1012" name="TestAutoGeneratedHeader" fullname="DataToScriptableObject.Tests.Editor.CodeGeneratorTests.TestAutoGeneratedHeader" methodname="TestAutoGeneratedHeader" classname="DataToScriptableObject.Tests.Editor.CodeGeneratorTests" runstate="Runnable" seed="949408678" result="Passed" start-time="2026-02-07 22:13:52Z" end-time="2026-02-07 22:13:52Z" duration="0.000103" asserts="0">
                <properties>
                  <property name="retryIteration" value="0" />
                  <property name="repeatIteration" value="0" />
                </properties>
              </test-case>
              <test-case id="1035" name="TestAutoGeneratedHeaderDisabled" fullname="DataToScriptableObject.Tests.Editor.CodeGeneratorTests.TestAutoGeneratedHeaderDisabled" methodname="TestAutoGeneratedHeaderDisabled" classname="DataToScriptableObject.Tests.Editor.CodeGeneratorTests" runstate="Runnable" seed="2146078244" result="Passed" start-time="2026-02-07 22:13:52Z" end-time="2026-02-07 22:13:52Z" duration="0.000189" asserts="0">
                <properties>
                  <property name="retryIteration" value="0" />
                  <property name="repeatIteration" value="0" />
                </properties>
              </test-case>
              <test-case id="1002" name="TestBasicGeneration" fullname="DataToScriptableObject.Tests.Editor.CodeGeneratorTests.TestBasicGeneration" methodname="TestBasicGeneration" classname="DataToScriptableObject.Tests.Editor.CodeGeneratorTests" runstate="Runnable" seed="597654118" result="Passed" start-time="2026-02-07 22:13:52Z" end-time="2026-02-07 22:13:52Z" duration="0.000127" asserts="0">
                <properties>
                  <property name="retryIteration" value="0" />
                  <property name="repeatIteration" value="0" />
                </properties>
              </test-case>
              <test-case id="1023" name="TestBoolArray" fullname="DataToScriptableObject.Tests.Editor.CodeGeneratorTests.TestBoolArray" methodname="TestBoolArray" classname="DataToScriptableObject.Tests.Editor.CodeGeneratorTests" runstate="Runnable" seed="1174549710" result="Passed" start-time="2026-02-07 22:13:52Z" end-time="2026-02-07 22:13:52Z" duration="0.000163" asserts="0">
                <properties>
                  <property name="retryIteration" value="0" />
                  <property name="repeatIteration" value="0" />
                </properties>
              </test-case>
              <test-case id="1032" name="TestClassInheritance" fullname="DataToScriptableObject.Tests.Editor.CodeGeneratorTests.TestClassInheritance" methodname="TestClassInheritance" classname="DataToScriptableObject.Tests.Editor.CodeGeneratorTests" runstate="Runnable" seed="1965907247" result="Passed" start-time="2026-02-07 22:13:52Z" end-time="2026-02-07 22:13:52Z" duration="0.000106" asserts="0">
                <properties>
                  <property name="retryIteration" value="0" />
                  <property name="repeatIteration" value="0" />
                </properties>
              </test-case>
              <test-case id="1019" name="TestColorType" fullname="DataToScriptableObject.Tests.Editor.CodeGeneratorTests.TestColorType" methodname="TestColorType" classname="DataToScriptableObject.Tests.Editor.CodeGeneratorTests" runstate="Runnable" seed="913355403" result="Passed" start-time="2026-02-07 22:13:52Z" end-time="2026-02-07 22:13:52Z" duration="0.000308" asserts="0">
                <properties>
                  <property name="retryIteration" value="0" />
                  <property name="repeatIteration" value="0" />
                </properties>
              </test-case>
              <test-case id="1011" name="TestCreateAssetMenu" fullname="DataToScriptableObject.Tests.Editor.CodeGeneratorTests.TestCreateAssetMenu" methodname="TestCreateAssetMenu" classname="DataToScriptableObject.Tests.Editor.CodeGeneratorTests" runstate="Runnable" seed="442153569" result="Passed" start-time="2026-02-07 22:13:52Z" end-time="2026-02-07 22:13:52Z" duration="0.000121" asserts="0">
                <properties>
                  <property name="retryIteration" value="0" />
                  <property name="repeatIteration" value="0" />
                </properties>
              </test-case>
              <test-case id="1034" name="TestCreateAssetMenuDisabled" fullname="DataToScriptableObject.Tests.Editor.CodeGeneratorTests.TestCreateAssetMenuDisabled" methodname="TestCreateAssetMenuDisabled" classname="DataToScriptableObject.Tests.Editor.CodeGeneratorTests" runstate="Runnable" seed="1917324083" result="Passed" start-time="2026-02-07 22:13:52Z" end-time="2026-02-07 22:13:52Z" duration="0.000129" asserts="0">
                <properties>
                  <property name="retryIteration" value="0" />
                  <property name="repeatIteration" value="0" />
                </properties>
              </test-case>
              <test-case id="1013" name="TestDatabaseClassGeneration" fullname="DataToScriptableObject.Tests.Editor.CodeGeneratorTests.TestDatabaseClassGeneration" methodname="TestDatabaseClassGeneration" classname="DataToScriptableObject.Tests.Editor.CodeGeneratorTests" runstate="Runnable" seed="285894296" result="Passed" start-time="2026-02-07 22:13:52Z" end-time="2026-02-07 22:13:52Z" duration="0.000223" asserts="0">
                <properties>
                  <property name="retryIteration" value="0" />
                  <property name="repeatIteration" value="0" />
                </properties>
              </test-case>
              <test-case id="1040" name="TestDatabaseClassName" fullname="DataToScriptableObject.Tests.Editor.CodeGeneratorTests.TestDatabaseClassName" methodname="TestDatabaseClassName" classname="DataToScriptableObject.Tests.Editor.CodeGeneratorTests" runstate="Runnable" seed="485410272" result="Passed" start-time="2026-02-07 22:13:52Z" end-time="2026-02-07 22:13:52Z" duration="0.000128" asserts="0">
                <properties>
                  <property name="retryIteration" value="0" />
                  <property name="repeatIteration" value="0" />
                </properties>
              </test-case>
              <test-case id="1038" name="TestEmptyColumns" fullname="DataToScriptableObject.Tests.Editor.CodeGeneratorTests.TestEmptyColumns" methodname="TestEmptyColumns" classname="DataToScriptableObject.Tests.Editor.CodeGeneratorTests" runstate="Runnable" seed="1772933233" result="Passed" start-time="2026-02-07 22:13:52Z" end-time="2026-02-07 22:13:52Z" duration="0.000228" asserts="0">
                <properties>
                  <property name="retryIteration" value="0" />
                  <property name="repeatIteration" value="0" />
                </properties>
              </test-case>
              <test-case id="1014" name="TestEnumDeclarationGenerated" fullname="DataToScriptableObject.Tests.Editor.CodeGeneratorTests.TestEnumDeclarationGenerated" methodname="TestEnumDeclarationGenerated" classname="DataToScriptableObject.Tests.Editor.CodeGeneratorTests" runstate="Runnable" seed="1313772060" result="Passed" start-time="2026-02-07 22:13:52Z" end-time="2026-02-07 22:13:52Z" duration="0.000320" asserts="0">
                <properties>
                  <property name="retryIteration" value="0" />
                  <property name="repeatIteration" value="0" />
                </properties>
              </test-case>
              <test-case id="1007" name="TestEnumGeneration" fullname="DataToScriptableObject.Tests.Editor.CodeGeneratorTests.TestEnumGeneration" methodname="TestEnumGeneration" classname="DataToScriptableObject.Tests.Editor.CodeGeneratorTests" runstate="Runnable" seed="705440321" result="Passed" start-time="2026-02-07 22:13:52Z" end-time="2026-02-07 22:13:52Z" duration="0.000163" asserts="0">
                <properties>
                  <property name="retryIteration" value="0" />
                  <property name="repeatIteration" value="0" />
                </properties>
              </test-case>
              <test-case id="1015" name="TestEnumWithManyValues" fullname="DataToScriptableObject.Tests.Editor.CodeGeneratorTests.TestEnumWithManyValues" methodname="TestEnumWithManyValues" classname="DataToScriptableObject.Tests.Editor.CodeGeneratorTests" runstate="Runnable" seed="2384967" result="Passed" start-time="2026-02-07 22:13:52Z" end-time="2026-02-07 22:13:52Z" duration="0.000201" asserts="0">
                <properties>
                  <property name="retryIteration" value="0" />
                  <property name="repeatIteration" value="0" />
                </properties>
              </test-case>
              <test-case id="1021" name="TestFloatArray" fullname="DataToScriptableObject.Tests.Editor.CodeGeneratorTests.TestFloatArray" methodname="TestFloatArray" classname="DataToScriptableObject.Tests.Editor.CodeGeneratorTests" runstate="Runnable" seed="1121136615" result="Passed" start-time="2026-02-07 22:13:52Z" end-time="2026-02-07 22:13:52Z" duration="0.000214" asserts="0">
                <properties>
                  <property name="retryIteration" value="0" />
                  <property name="repeatIteration" value="0" />
                </properties>
              </test-case>
              <test-case id="1027" name="TestHeaderAttribute" fullname="DataToScriptableObject.Tests.Editor.CodeGeneratorTests.TestHeaderAttribute" methodname="TestHeaderAttribute" classname="DataToScriptableObject.Tests.Editor.CodeGeneratorTests" runstate="Runnable" seed="1161446043" result="Passed" start-time="2026-02-07 22:13:52Z" end-time="2026-02-07 22:13:52Z" duration="0.000163" asserts="0">
                <properties>
                  <property name="retryIteration" value="0" />
                  <property name="repeatIteration" value="0" />
                </properties>
              </test-case>
              <test-case id="1026" name="TestHideInInspector" fullname="DataToScriptableObject.Tests.Editor.CodeGeneratorTests.TestHideInInspector" methodname="TestHideInInspector" classname="DataToScriptableObject.Tests.Editor.CodeGeneratorTests" runstate="Runnable" seed="2144406061" result="Passed" start-time="2026-02-07 22:13:52Z" end-time="2026-02-07 22:13:52Z" duration="0.000138" asserts="0">
                <properties>
                  <property name="retryIteration" value="0" />
                  <property name="repeatIteration" value="0" />
                </properties>
              </test-case>
              <test-case id="1005" name="TestListGeneration" fullname="DataToScriptableObject.Tests.Editor.CodeGeneratorTests.TestListGeneration" methodname="TestListGeneration" classname="DataToScriptableObject.Tests.Editor.CodeGeneratorTests" runstate="Runnable" seed="1320215789" result="Passed" start-time="2026-02-07 22:13:52Z" end-time="2026-02-07 22:13:52Z" duration="0.000154" asserts="0">
                <properties>
                  <property name="retryIteration" value="0" />
                  <property name="repeatIteration" value="0" />
                </properties>
              </test-case>
              <test-case id="1024" name="TestListVsArray" fullname="DataToScriptableObject.Tests.Editor.CodeGeneratorTests.TestListVsArray" methodname="TestListVsArray" classname="DataToScriptableObject.Tests.Editor.CodeGeneratorTests" runstate="Runnable" seed="757604829" result="Passed" start-time="2026-02-07 22:13:52Z" end-time="2026-02-07 22:13:52Z" duration="0.000178" asserts="0">
                <properties>
                  <property name="retryIteration" value="0" />
                  <property name="repeatIteration" value="0" />
                </properties>
              </test-case>
              <test-case id="1028" name="TestMultipleAttributes" fullname="DataToScriptableObject.Tests.Editor.CodeGeneratorTests.TestMultipleAttributes" methodname="TestMultipleAttributes" classname="DataToScriptableObject.Tests.Editor.CodeGeneratorTests" runstate="Runnable" seed="312096721" result="Passed" start-time="2026-02-07 22:13:52Z" end-time="2026-02-07 22:13:52Z" duration="0.000144" asserts="0">
                <properties>
                  <property name="retryIteration" value="0" />
                  <property name="repeatIteration" value="0" />
                </properties>
              </test-case>
              <test-case id="1016" name="TestMultipleEnumColumns" fullname="DataToScriptableObject.Tests.Editor.CodeGeneratorTests.TestMultipleEnumColumns" methodname="TestMultipleEnumColumns" classname="DataToScriptableObject.Tests.Editor.CodeGeneratorTests" runstate="Runnable" seed="28862889" result="Passed" start-time="2026-02-07 22:13:52Z" end-time="2026-02-07 22:13:52Z" duration="0.000202" asserts="0">
                <properties>
                  <property name="retryIteration" value="0" />
                  <property name="repeatIteration" value="0" />
                </properties>
              </test-case>
              <test-case id="1003" name="TestNamespaceWrapping" fullname="DataToScriptableObject.Tests.Editor.CodeGeneratorTests.TestNamespaceWrapping" methodname="TestNamespaceWrapping" classname="DataToScriptableObject.Tests.Editor.CodeGeneratorTests" runstate="Runnable" seed="1120665218" result="Passed" start-time="2026-02-07 22:13:52Z" end-time="2026-02-07 22:13:52Z" duration="0.000159" asserts="0">
                <properties>
                  <property name="retryIteration" value="0" />
                  <property name="repeatIteration" value="0" />
                </properties>
              </test-case>
              <test-case id="1030" name="TestNestedNamespace" fullname="DataToScriptableObject.Tests.Editor.CodeGeneratorTests.TestNestedNamespace" methodname="TestNestedNamespace" classname="DataToScriptableObject.Tests.Editor.CodeGeneratorTests" runstate="Runnable" seed="570702982" result="Passed" start-time="2026-02-07 22:13:52Z" end-time="2026-02-07 22:13:52Z" duration="0.000106" asserts="0">
                <properties>
                  <property name="retryIteration" value="0" />
                  <property name="repeatIteration" value="0" />
                </properties>
              </test-case>
              <test-case id="1031" name="TestNoNamespace" fullname="DataToScriptableObject.Tests.Editor.CodeGeneratorTests.TestNoNamespace" methodname="TestNoNamespace" classname="DataToScriptableObject.Tests.Editor.CodeGeneratorTests" runstate="Runnable" seed="2141909528" result="Passed" start-time="2026-02-07 22:13:52Z" end-time="2026-02-07 22:13:52Z" duration="0.000087" asserts="0">
                <properties>
                  <property name="retryIteration" value="0" />
                  <property name="repeatIteration" value="0" />
                </properties>
              </test-case>
              <test-case id="1008" name="TestRangeAttribute" fullname="DataToScriptableObject.Tests.Editor.CodeGeneratorTests.TestRangeAttribute" methodname="TestRangeAttribute" classname="DataToScriptableObject.Tests.Editor.CodeGeneratorTests" runstate="Runnable" seed="733592851" result="Passed" start-time="2026-02-07 22:13:52Z" end-time="2026-02-07 22:13:52Z" duration="0.000108" asserts="0">
                <properties>
                  <property name="retryIteration" value="0" />
                  <property name="repeatIteration" value="0" />
                </properties>
              </test-case>
              <test-case id="1033" name="TestSerializableAttribute" fullname="DataToScriptableObject.Tests.Editor.CodeGeneratorTests.TestSerializableAttribute" methodname="TestSerializableAttribute" classname="DataToScriptableObject.Tests.Editor.CodeGeneratorTests" runstate="Runnable" seed="924932147" result="Passed" start-time="2026-02-07 22:13:52Z" end-time="2026-02-07 22:13:52Z" duration="0.000148" asserts="0">
                <properties>
                  <property name="retryIteration" value="0" />
                  <property name="repeatIteration" value="0" />
                </properties>
              </test-case>
              <test-case id="1004" name="TestSerializableClassMode" fullname="DataToScriptableObject.Tests.Editor.CodeGeneratorTests.TestSerializableClassMode" methodname="TestSerializableClassMode" classname="DataToScriptableObject.Tests.Editor.CodeGeneratorTests" runstate="Runnable" seed="1642316893" result="Passed" start-time="2026-02-07 22:13:52Z" end-time="2026-02-07 22:13:52Z" duration="0.000096" asserts="0">
                <properties>
                  <property name="retryIteration" value="0" />
                  <property name="repeatIteration" value="0" />
                </properties>
              </test-case>
              <test-case id="1010" name="TestSerializeFieldMode" fullname="DataToScriptableObject.Tests.Editor.CodeGeneratorTests.TestSerializeFieldMode" methodname="TestSerializeFieldMode" classname="DataToScriptableObject.Tests.Editor.CodeGeneratorTests" runstate="Runnable" seed="1317949931" result="Passed" start-time="2026-02-07 22:13:52Z" end-time="2026-02-07 22:13:52Z" duration="0.000110" asserts="0">
                <properties>
                  <property name="retryIteration" value="0" />
                  <property name="repeatIteration" value="0" />
                </properties>
              </test-case>
              <test-case id="1037" name="TestSerializeFieldWithoutPropertyAccessor" fullname="DataToScriptableObject.Tests.Editor.CodeGeneratorTests.TestSerializeFieldWithoutPropertyAccessor" methodname="TestSerializeFieldWithoutPropertyAccessor" classname="DataToScriptableObject.Tests.Editor.CodeGeneratorTests" runstate="Runnable" seed="1255116519" result="Passed" start-time="2026-02-07 22:13:52Z" end-time="2026-02-07 22:13:52Z" duration="0.000105" asserts="0">
                <properties>
                  <property name="retryIteration" value="0" />
                  <property name="repeatIteration" value="0" />
                </properties>
              </test-case>
              <test-case id="1036" name="TestSerializeFieldWithPropertyAccessor" fullname="DataToScriptableObject.Tests.Editor.CodeGeneratorTests.TestSerializeFieldWithPropertyAccessor" methodname="TestSerializeFieldWithPropertyAccessor" classname="DataToScriptableObject.Tests.Editor.CodeGeneratorTests" runstate="Runnable" seed="121738736" result="Passed" start-time="2026-02-07 22:13:52Z" end-time="2026-02-07 22:13:52Z" duration="0.000102" asserts="0">
                <properties>
                  <property name="retryIteration" value="0" />
                  <property name="repeatIteration" value="0" />
                </properties>
              </test-case>
              <test-case id="1039" name="TestSingleColumn" fullname="DataToScriptableObject.Tests.Editor.CodeGeneratorTests.TestSingleColumn" methodname="TestSingleColumn" classname="DataToScriptableObject.Tests.Editor.CodeGeneratorTests" runstate="Runnable" seed="506131086" result="Passed" start-time="2026-02-07 22:13:52Z" end-time="2026-02-07 22:13:52Z" duration="0.000140" asserts="0">
                <properties>
                  <property name="retryIteration" value="0" />
                  <property name="repeatIteration" value="0" />
                </properties>
              </test-case>
              <test-case id="1020" name="TestSkippedColumns" fullname="DataToScriptableObject.Tests.Editor.CodeGeneratorTests.TestSkippedColumns" methodname="TestSkippedColumns" classname="DataToScriptableObject.Tests.Editor.CodeGeneratorTests" runstate="Runnable" seed="839261093" result="Passed" start-time="2026-02-07 22:13:52Z" end-time="2026-02-07 22:13:52Z" duration="0.000212" asserts="0">
                <properties>
                  <property name="retryIteration" value="0" />
                  <property name="repeatIteration" value="0" />
                </properties>
              </test-case>
              <test-case id="1022" name="TestStringArray" fullname="DataToScriptableObject.Tests.Editor.CodeGeneratorTests.TestStringArray" methodname="TestStringArray" classname="DataToScriptableObject.Tests.Editor.CodeGeneratorTests" runstate="Runnable" seed="1567379785" result="Passed" start-time="2026-02-07 22:13:52Z" end-time="2026-02-07 22:13:52Z" duration="0.000173" asserts="0">
                <properties>
                  <property name="retryIteration" value="0" />
                  <property name="repeatIteration" value="0" />
                </properties>
              </test-case>
              <test-case id="1009" name="TestTooltipAttribute" fullname="DataToScriptableObject.Tests.Editor.CodeGeneratorTests.TestTooltipAttribute" methodname="TestTooltipAttribute" classname="DataToScriptableObject.Tests.Editor.CodeGeneratorTests" runstate="Runnable" seed="389291285" result="Passed" start-time="2026-02-07 22:13:52Z" end-time="2026-02-07 22:13:52Z" duration="0.000144" asserts="0">
                <properties>
                  <property name="retryIteration" value="0" />
                  <property name="repeatIteration" value="0" />
                </properties>
              </test-case>
              <test-case id="1029" name="TestTooltipDisabled" fullname="DataToScriptableObject.Tests.Editor.CodeGeneratorTests.TestTooltipDisabled" methodname="TestTooltipDisabled" classname="DataToScriptableObject.Tests.Editor.CodeGeneratorTests" runstate="Runnable" seed="1696851508" result="Passed" start-time="2026-02-07 22:13:52Z" end-time="2026-02-07 22:13:52Z" duration="0.000124" asserts="0">
                <properties>
                  <property name="retryIteration" value="0" />
                  <property name="repeatIteration" value="0" />
                </properties>
              </test-case>
              <test-case id="1025" name="TestUseListInsteadOfArraySetting" fullname="DataToScriptableObject.Tests.Editor.CodeGeneratorTests.TestUseListInsteadOfArraySetting" methodname="TestUseListInsteadOfArraySetting" classname="DataToScriptableObject.Tests.Editor.CodeGeneratorTests" runstate="Runnable" seed="1919901747" result="Passed" start-time="2026-02-07 22:13:52Z" end-time="2026-02-07 22:13:52Z" duration="0.000138" asserts="0">
                <properties>
                  <property name="retryIteration" value="0" />
                  <property name="repeatIteration" value="0" />
                </properties>
              </test-case>
              <test-case id="1018" name="TestVectorTypes" fullname="DataToScriptableObject.Tests.Editor.CodeGeneratorTests.TestVectorTypes" methodname="TestVectorTypes" classname="DataToScriptableObject.Tests.Editor.CodeGeneratorTests" runstate="Runnable" seed="889773222" result="Passed" start-time="2026-02-07 22:13:52Z" end-time="2026-02-07 22:13:52Z" duration="0.000166" asserts="0">
                <properties>
                  <property name="retryIteration" value="0" />
                  <property name="repeatIteration" value="0" />
                </properties>
              </test-case>
            </test-suite>
            <test-suite type="TestFixture" id="1041" name="CSVReaderTests" fullname="DataToScriptableObject.Tests.Editor.CSVReaderTests" classname="DataToScriptableObject.Tests.Editor.CSVReaderTests" runstate="Runnable" testcasecount="52" result="Failed" site="Child" start-time="2026-02-07 22:13:52Z" end-time="2026-02-07 22:13:52Z" duration="0.044329" total="52" passed="35" failed="17" inconclusive="0" skipped="0" asserts="0">
              <properties />
              <failure>
                <message><![CDATA[One or more child tests had errors]]></message>
              </failure>
              <test-case id="1045" name="TestAutoDetectComma" fullname="DataToScriptableObject.Tests.Editor.CSVReaderTests.TestAutoDetectComma" methodname="TestAutoDetectComma" classname="DataToScriptableObject.Tests.Editor.CSVReaderTests" runstate="Runnable" seed="773538738" result="Passed" start-time="2026-02-07 22:13:52Z" end-time="2026-02-07 22:13:52Z" duration="0.006580" asserts="0">
                <properties>
                  <property name="retryIteration" value="0" />
                  <property name="repeatIteration" value="0" />
                </properties>
              </test-case>
              <test-case id="1046" name="TestAutoDetectSemicolon" fullname="DataToScriptableObject.Tests.Editor.CSVReaderTests.TestAutoDetectSemicolon" methodname="TestAutoDetectSemicolon" classname="DataToScriptableObject.Tests.Editor.CSVReaderTests" runstate="Runnable" seed="559900135" result="Passed" start-time="2026-02-07 22:13:52Z" end-time="2026-02-07 22:13:52Z" duration="0.000159" asserts="0">
                <properties>
                  <property name="retryIteration" value="0" />
                  <property name="repeatIteration" value="0" />
                </properties>
              </test-case>
              <test-case id="1076" name="TestAutoDetectTab" fullname="DataToScriptableObject.Tests.Editor.CSVReaderTests.TestAutoDetectTab" methodname="TestAutoDetectTab" classname="DataToScriptableObject.Tests.Editor.CSVReaderTests" runstate="Runnable" seed="1589859105" result="Passed" start-time="2026-02-07 22:13:52Z" end-time="2026-02-07 22:13:52Z" duration="0.000161" asserts="0">
                <properties>
                  <property name="retryIteration" value="0" />
                  <property name="repeatIteration" value="0" />
                </properties>
              </test-case>
              <test-case id="1050" name="TestBOMStripped" fullname="DataToScriptableObject.Tests.Editor.CSVReaderTests.TestBOMStripped" methodname="TestBOMStripped" classname="DataToScriptableObject.Tests.Editor.CSVReaderTests" runstate="Runnable" seed="1156118769" result="Passed" start-time="2026-02-07 22:13:52Z" end-time="2026-02-07 22:13:52Z" duration="0.000160" asserts="0">
                <properties>
                  <property name="retryIteration" value="0" />
                  <property name="repeatIteration" value="0" />
                </properties>
              </test-case>
              <test-case id="1051" name="TestCommentLinesSkipped" fullname="DataToScriptableObject.Tests.Editor.CSVReaderTests.TestCommentLinesSkipped" methodname="TestCommentLinesSkipped" classname="DataToScriptableObject.Tests.Editor.CSVReaderTests" runstate="Runnable" seed="1419591539" result="Passed" start-time="2026-02-07 22:13:52Z" end-time="2026-02-07 22:13:52Z" duration="0.000137" asserts="0">
                <properties>
                  <property name="retryIteration" value="0" />
                  <property name="repeatIteration" value="0" />
                </properties>
              </test-case>
              <test-case id="1089" name="TestCommentsInterleaved" fullname="DataToScriptableObject.Tests.Editor.CSVReaderTests.TestCommentsInterleaved" methodname="TestCommentsInterleaved" classname="DataToScriptableObject.Tests.Editor.CSVReaderTests" runstate="Runnable" seed="809576362" result="Passed" start-time="2026-02-07 22:13:52Z" end-time="2026-02-07 22:13:52Z" duration="0.000111" asserts="0">
                <properties>
                  <property name="retryIteration" value="0" />
                  <property name="repeatIteration" value="0" />
                </properties>
              </test-case>
              <test-case id="1084" name="TestConsecutiveDelimiters" fullname="DataToScriptableObject.Tests.Editor.CSVReaderTests.TestConsecutiveDelimiters" methodname="TestConsecutiveDelimiters" classname="DataToScriptableObject.Tests.Editor.CSVReaderTests" runstate="Runnable" seed="469217833" result="Passed" start-time="2026-02-07 22:13:52Z" end-time="2026-02-07 22:13:52Z" duration="0.000323" asserts="0">
                <properties>
                  <property name="retryIteration" value="0" />
                  <property name="repeatIteration" value="0" />
                </properties>
              </test-case>
              <test-case id="1073" name="TestDatabaseDirective" fullname="DataToScriptableObject.Tests.Editor.CSVReaderTests.TestDatabaseDirective" methodname="TestDatabaseDirective" classname="DataToScriptableObject.Tests.Editor.CSVReaderTests" runstate="Runnable" seed="714800983" result="Failed" start-time="2026-02-07 22:13:52Z" end-time="2026-02-07 22:13:52Z" duration="0.003817" asserts="0">
                <properties>
                  <property name="retryIteration" value="0" />
                  <property name="repeatIteration" value="0" />
                </properties>
                <failure>
                  <message><![CDATA[  Expected: 1
  But was:  0
]]></message>
                  <stack-trace><![CDATA[at DataToScriptableObject.Tests.Editor.CSVReaderTests.TestDatabaseDirective () [0x00016] in .\Packages\so-database-converter\Tests\Editor\CSVReaderTests.cs:364
]]></stack-trace>
                </failure>
              </test-case>
              <test-case id="1070" name="TestDirectivePreservation" fullname="DataToScriptableObject.Tests.Editor.CSVReaderTests.TestDirectivePreservation" methodname="TestDirectivePreservation" classname="DataToScriptableObject.Tests.Editor.CSVReaderTests" runstate="Runnable" seed="1997709726" result="Failed" start-time="2026-02-07 22:13:52Z" end-time="2026-02-07 22:13:52Z" duration="0.000274" asserts="0">
                <properties>
                  <property name="retryIteration" value="0" />
                  <property name="repeatIteration" value="0" />
                </properties>
                <failure>
                  <message><![CDATA[  Expected: 1
  But was:  0
]]></message>
                  <stack-trace><![CDATA[at DataToScriptableObject.Tests.Editor.CSVReaderTests.TestDirectivePreservation () [0x00016] in .\Packages\so-database-converter\Tests\Editor\CSVReaderTests.cs:335
]]></stack-trace>
                </failure>
              </test-case>
              <test-case id="1052" name="TestDirectivesParsed" fullname="DataToScriptableObject.Tests.Editor.CSVReaderTests.TestDirectivesParsed" methodname="TestDirectivesParsed" classname="DataToScriptableObject.Tests.Editor.CSVReaderTests" runstate="Runnable" seed="958371150" result="Failed" start-time="2026-02-07 22:13:52Z" end-time="2026-02-07 22:13:52Z" duration="0.000252" asserts="0">
                <properties>
                  <property name="retryIteration" value="0" />
                  <property name="repeatIteration" value="0" />
                </properties>
                <failure>
                  <message><![CDATA[  Expected: 2
  But was:  0
]]></message>
                  <stack-trace><![CDATA[at DataToScriptableObject.Tests.Editor.CSVReaderTests.TestDirectivesParsed () [0x00016] in .\Packages\so-database-converter\Tests\Editor\CSVReaderTests.cs:122
]]></stack-trace>
                </failure>
              </test-case>
              <test-case id="1075" name="TestDirectivesWithData" fullname="DataToScriptableObject.Tests.Editor.CSVReaderTests.TestDirectivesWithData" methodname="TestDirectivesWithData" classname="DataToScriptableObject.Tests.Editor.CSVReaderTests" runstate="Runnable" seed="1338812744" result="Failed" start-time="2026-02-07 22:13:52Z" end-time="2026-02-07 22:13:52Z" duration="0.000195" asserts="0">
                <properties>
                  <property name="retryIteration" value="0" />
                  <property name="repeatIteration" value="0" />
                </properties>
                <failure>
                  <message><![CDATA[  Expected: 3
  But was:  1
]]></message>
                  <stack-trace><![CDATA[at DataToScriptableObject.Tests.Editor.CSVReaderTests.TestDirectivesWithData () [0x00016] in .\Packages\so-database-converter\Tests\Editor\CSVReaderTests.cs:385
]]></stack-trace>
                </failure>
              </test-case>
              <test-case id="1072" name="TestDirectiveVsComment" fullname="DataToScriptableObject.Tests.Editor.CSVReaderTests.TestDirectiveVsComment" methodname="TestDirectiveVsComment" classname="DataToScriptableObject.Tests.Editor.CSVReaderTests" runstate="Runnable" seed="266614305" result="Passed" start-time="2026-02-07 22:13:52Z" end-time="2026-02-07 22:13:52Z" duration="0.000289" asserts="0">
                <properties>
                  <property name="retryIteration" value="0" />
                  <property name="repeatIteration" value="0" />
                </properties>
              </test-case>
              <test-case id="1065" name="TestDoubleQuoteEscapeSimple" fullname="DataToScriptableObject.Tests.Editor.CSVReaderTests.TestDoubleQuoteEscapeSimple" methodname="TestDoubleQuoteEscapeSimple" classname="DataToScriptableObject.Tests.Editor.CSVReaderTests" runstate="Runnable" seed="600027241" result="Failed" start-time="2026-02-07 22:13:52Z" end-time="2026-02-07 22:13:52Z" duration="0.000219" asserts="0">
                <properties>
                  <property name="retryIteration" value="0" />
                  <property name="repeatIteration" value="0" />
                </properties>
                <failure>
                  <message><![CDATA[  Expected: 1
  But was:  0
]]></message>
                  <stack-trace><![CDATA[at DataToScriptableObject.Tests.Editor.CSVReaderTests.TestDoubleQuoteEscapeSimple () [0x00016] in .\Packages\so-database-converter\Tests\Editor\CSVReaderTests.cs:275
]]></stack-trace>
                </failure>
              </test-case>
              <test-case id="1090" name="TestDoubleSlashComment" fullname="DataToScriptableObject.Tests.Editor.CSVReaderTests.TestDoubleSlashComment" methodname="TestDoubleSlashComment" classname="DataToScriptableObject.Tests.Editor.CSVReaderTests" runstate="Runnable" seed="1305179399" result="Passed" start-time="2026-02-07 22:13:52Z" end-time="2026-02-07 22:13:52Z" duration="0.000104" asserts="0">
                <properties>
                  <property name="retryIteration" value="0" />
                  <property name="repeatIteration" value="0" />
                </properties>
              </test-case>
              <test-case id="1092" name="TestEmojisInData" fullname="DataToScriptableObject.Tests.Editor.CSVReaderTests.TestEmojisInData" methodname="TestEmojisInData" classname="DataToScriptableObject.Tests.Editor.CSVReaderTests" runstate="Runnable" seed="662455678" result="Passed" start-time="2026-02-07 22:13:52Z" end-time="2026-02-07 22:13:52Z" duration="0.000102" asserts="0">
                <properties>
                  <property name="retryIteration" value="0" />
                  <property name="repeatIteration" value="0" />
                </properties>
              </test-case>
              <test-case id="1053" name="TestEmptyFile" fullname="DataToScriptableObject.Tests.Editor.CSVReaderTests.TestEmptyFile" methodname="TestEmptyFile" classname="DataToScriptableObject.Tests.Editor.CSVReaderTests" runstate="Runnable" seed="925478930" result="Passed" start-time="2026-02-07 22:13:52Z" end-time="2026-02-07 22:13:52Z" duration="0.000206" asserts="0">
                <properties>
                  <property name="retryIteration" value="0" />
                  <property name="repeatIteration" value="0" />
                </properties>
              </test-case>
              <test-case id="1067" name="TestEmptyQuotedField" fullname="DataToScriptableObject.Tests.Editor.CSVReaderTests.TestEmptyQuotedField" methodname="TestEmptyQuotedField" classname="DataToScriptableObject.Tests.Editor.CSVReaderTests" runstate="Runnable" seed="1036974923" result="Passed" start-time="2026-02-07 22:13:52Z" end-time="2026-02-07 22:13:52Z" duration="0.000112" asserts="0">
                <properties>
                  <property name="retryIteration" value="0" />
                  <property name="repeatIteration" value="0" />
                </properties>
              </test-case>
              <test-case id="1057" name="TestEmptyRowsSkipped" fullname="DataToScriptableObject.Tests.Editor.CSVReaderTests.TestEmptyRowsSkipped" methodname="TestEmptyRowsSkipped" classname="DataToScriptableObject.Tests.Editor.CSVReaderTests" runstate="Runnable" seed="54528964" result="Passed" start-time="2026-02-07 22:13:52Z" end-time="2026-02-07 22:13:52Z" duration="0.000100" asserts="0">
                <properties>
                  <property name="retryIteration" value="0" />
                  <property name="repeatIteration" value="0" />
                </properties>
              </test-case>
              <test-case id="1049" name="TestEscapedDoubleQuotes" fullname="DataToScriptableObject.Tests.Editor.CSVReaderTests.TestEscapedDoubleQuotes" methodname="TestEscapedDoubleQuotes" classname="DataToScriptableObject.Tests.Editor.CSVReaderTests" runstate="Runnable" seed="591057488" result="Failed" start-time="2026-02-07 22:13:52Z" end-time="2026-02-07 22:13:52Z" duration="0.000150" asserts="0">
                <properties>
                  <property name="retryIteration" value="0" />
                  <property name="repeatIteration" value="0" />
                </properties>
                <failure>
                  <message><![CDATA[  Expected: 1
  But was:  0
]]></message>
                  <stack-trace><![CDATA[at DataToScriptableObject.Tests.Editor.CSVReaderTests.TestEscapedDoubleQuotes () [0x00016] in .\Packages\so-database-converter\Tests\Editor\CSVReaderTests.cs:92
]]></stack-trace>
                </failure>
              </test-case>
              <test-case id="1077" name="TestExplicitTabDelimiter" fullname="DataToScriptableObject.Tests.Editor.CSVReaderTests.TestExplicitTabDelimiter" methodname="TestExplicitTabDelimiter" classname="DataToScriptableObject.Tests.Editor.CSVReaderTests" runstate="Runnable" seed="2067578366" result="Failed" start-time="2026-02-07 22:13:52Z" end-time="2026-02-07 22:13:52Z" duration="0.001095" asserts="0">
                <properties>
                  <property name="retryIteration" value="0" />
                  <property name="repeatIteration" value="0" />
                </properties>
                <failure>
                  <message><![CDATA[  Expected string length 1 but was 0. Strings differ at index 0.
  Expected: "a"
  But was:  <string.Empty>
  -----------^
]]></message>
                  <stack-trace><![CDATA[at DataToScriptableObject.Tests.Editor.CSVReaderTests.TestExplicitTabDelimiter () [0x0002e] in .\Packages\so-database-converter\Tests\Editor\CSVReaderTests.cs:410
]]></stack-trace>
                </failure>
              </test-case>
              <test-case id="1082" name="TestExtraColumnsInData" fullname="DataToScriptableObject.Tests.Editor.CSVReaderTests.TestExtraColumnsInData" methodname="TestExtraColumnsInData" classname="DataToScriptableObject.Tests.Editor.CSVReaderTests" runstate="Runnable" seed="665676108" result="Passed" start-time="2026-02-07 22:13:52Z" end-time="2026-02-07 22:13:52Z" duration="0.000169" asserts="0">
                <properties>
                  <property name="retryIteration" value="0" />
                  <property name="repeatIteration" value="0" />
                </properties>
              </test-case>
              <test-case id="1083" name="TestFewerColumnsInData" fullname="DataToScriptableObject.Tests.Editor.CSVReaderTests.TestFewerColumnsInData" methodname="TestFewerColumnsInData" classname="DataToScriptableObject.Tests.Editor.CSVReaderTests" runstate="Runnable" seed="905878993" result="Passed" start-time="2026-02-07 22:13:52Z" end-time="2026-02-07 22:13:52Z" duration="0.000126" asserts="0">
                <properties>
                  <property name="retryIteration" value="0" />
                  <property name="repeatIteration" value="0" />
                </properties>
              </test-case>
              <test-case id="1058" name="TestHeaderCount" fullname="DataToScriptableObject.Tests.Editor.CSVReaderTests.TestHeaderCount" methodname="TestHeaderCount" classname="DataToScriptableObject.Tests.Editor.CSVReaderTests" runstate="Runnable" seed="588165130" result="Passed" start-time="2026-02-07 22:13:52Z" end-time="2026-02-07 22:13:52Z" duration="0.000103" asserts="0">
                <properties>
                  <property name="retryIteration" value="0" />
                  <property name="repeatIteration" value="0" />
                </properties>
              </test-case>
              <test-case id="1059" name="TestHeaderFirstValue" fullname="DataToScriptableObject.Tests.Editor.CSVReaderTests.TestHeaderFirstValue" methodname="TestHeaderFirstValue" classname="DataToScriptableObject.Tests.Editor.CSVReaderTests" runstate="Runnable" seed="571770281" result="Failed" start-time="2026-02-07 22:13:52Z" end-time="2026-02-07 22:13:52Z" duration="0.000207" asserts="0">
                <properties>
                  <property name="retryIteration" value="0" />
                  <property name="repeatIteration" value="0" />
                </properties>
                <failure>
                  <message><![CDATA[  First header should be 'first'
  Expected string length 5 but was 4. Strings differ at index 0.
  Expected: "first"
  But was:  "irst"
  -----------^
]]></message>
                  <stack-trace><![CDATA[at DataToScriptableObject.Tests.Editor.CSVReaderTests.TestHeaderFirstValue () [0x00016] in .\Packages\so-database-converter\Tests\Editor\CSVReaderTests.cs:198
]]></stack-trace>
                </failure>
              </test-case>
              <test-case id="1086" name="TestLeadingWhitespaceInCells" fullname="DataToScriptableObject.Tests.Editor.CSVReaderTests.TestLeadingWhitespaceInCells" methodname="TestLeadingWhitespaceInCells" classname="DataToScriptableObject.Tests.Editor.CSVReaderTests" runstate="Runnable" seed="310034661" result="Passed" start-time="2026-02-07 22:13:52Z" end-time="2026-02-07 22:13:52Z" duration="0.000112" asserts="0">
                <properties>
                  <property name="retryIteration" value="0" />
                  <property name="repeatIteration" value="0" />
                </properties>
              </test-case>
              <test-case id="1056" name="TestMacLineEndings" fullname="DataToScriptableObject.Tests.Editor.CSVReaderTests.TestMacLineEndings" methodname="TestMacLineEndings" classname="DataToScriptableObject.Tests.Editor.CSVReaderTests" runstate="Runnable" seed="483140690" result="Passed" start-time="2026-02-07 22:13:52Z" end-time="2026-02-07 22:13:52Z" duration="0.000093" asserts="0">
                <properties>
                  <property name="retryIteration" value="0" />
                  <property name="repeatIteration" value="0" />
                </properties>
              </test-case>
              <test-case id="1054" name="TestMismatchedColumns" fullname="DataToScriptableObject.Tests.Editor.CSVReaderTests.TestMismatchedColumns" methodname="TestMismatchedColumns" classname="DataToScriptableObject.Tests.Editor.CSVReaderTests" runstate="Runnable" seed="485606326" result="Passed" start-time="2026-02-07 22:13:52Z" end-time="2026-02-07 22:13:52Z" duration="0.000104" asserts="0">
                <properties>
                  <property name="retryIteration" value="0" />
                  <property name="repeatIteration" value="0" />
                </properties>
              </test-case>
              <test-case id="1087" name="TestMixedLineEndings" fullname="DataToScriptableObject.Tests.Editor.CSVReaderTests.TestMixedLineEndings" methodname="TestMixedLineEndings" classname="DataToScriptableObject.Tests.Editor.CSVReaderTests" runstate="Runnable" seed="2064786885" result="Passed" start-time="2026-02-07 22:13:52Z" end-time="2026-02-07 22:13:52Z" duration="0.000116" asserts="0">
                <properties>
                  <property name="retryIteration" value="0" />
                  <property name="repeatIteration" value="0" />
                </properties>
              </test-case>
              <test-case id="1066" name="TestMixedQuotedAndUnquoted" fullname="DataToScriptableObject.Tests.Editor.CSVReaderTests.TestMixedQuotedAndUnquoted" methodname="TestMixedQuotedAndUnquoted" classname="DataToScriptableObject.Tests.Editor.CSVReaderTests" runstate="Runnable" seed="397019632" result="Passed" start-time="2026-02-07 22:13:52Z" end-time="2026-02-07 22:13:52Z" duration="0.000113" asserts="0">
                <properties>
                  <property name="retryIteration" value="0" />
                  <property name="repeatIteration" value="0" />
                </properties>
              </test-case>
              <test-case id="1068" name="TestMultilineQuotedField" fullname="DataToScriptableObject.Tests.Editor.CSVReaderTests.TestMultilineQuotedField" methodname="TestMultilineQuotedField" classname="DataToScriptableObject.Tests.Editor.CSVReaderTests" runstate="Runnable" seed="1122291782" result="Passed" start-time="2026-02-07 22:13:52Z" end-time="2026-02-07 22:13:52Z" duration="0.000091" asserts="0">
                <properties>
                  <property name="retryIteration" value="0" />
                  <property name="repeatIteration" value="0" />
                </properties>
              </test-case>
              <test-case id="1071" name="TestMultipleDirectives" fullname="DataToScriptableObject.Tests.Editor.CSVReaderTests.TestMultipleDirectives" methodname="TestMultipleDirectives" classname="DataToScriptableObject.Tests.Editor.CSVReaderTests" runstate="Runnable" seed="8832836" result="Failed" start-time="2026-02-07 22:13:52Z" end-time="2026-02-07 22:13:52Z" duration="0.000159" asserts="0">
                <properties>
                  <property name="retryIteration" value="0" />
                  <property name="repeatIteration" value="0" />
                </properties>
                <failure>
                  <message><![CDATA[  Expected: 2
  But was:  0
]]></message>
                  <stack-trace><![CDATA[at DataToScriptableObject.Tests.Editor.CSVReaderTests.TestMultipleDirectives () [0x00016] in .\Packages\so-database-converter\Tests\Editor\CSVReaderTests.cs:345
]]></stack-trace>
                </failure>
              </test-case>
              <test-case id="1074" name="TestNamespaceDirective" fullname="DataToScriptableObject.Tests.Editor.CSVReaderTests.TestNamespaceDirective" methodname="TestNamespaceDirective" classname="DataToScriptableObject.Tests.Editor.CSVReaderTests" runstate="Runnable" seed="151020626" result="Failed" start-time="2026-02-07 22:13:52Z" end-time="2026-02-07 22:13:52Z" duration="0.000169" asserts="0">
                <properties>
                  <property name="retryIteration" value="0" />
                  <property name="repeatIteration" value="0" />
                </properties>
                <failure>
                  <message><![CDATA[  Expected: 1
  But was:  0
]]></message>
                  <stack-trace><![CDATA[at DataToScriptableObject.Tests.Editor.CSVReaderTests.TestNamespaceDirective () [0x00016] in .\Packages\so-database-converter\Tests\Editor\CSVReaderTests.cs:374
]]></stack-trace>
                </failure>
              </test-case>
              <test-case id="1079" name="TestNullInput" fullname="DataToScriptableObject.Tests.Editor.CSVReaderTests.TestNullInput" methodname="TestNullInput" classname="DataToScriptableObject.Tests.Editor.CSVReaderTests" runstate="Runnable" seed="1078068591" result="Passed" start-time="2026-02-07 22:13:52Z" end-time="2026-02-07 22:13:52Z" duration="0.000089" asserts="0">
                <properties>
                  <property name="retryIteration" value="0" />
                  <property name="repeatIteration" value="0" />
                </properties>
              </test-case>
              <test-case id="1088" name="TestOnlyComments" fullname="DataToScriptableObject.Tests.Editor.CSVReaderTests.TestOnlyComments" methodname="TestOnlyComments" classname="DataToScriptableObject.Tests.Editor.CSVReaderTests" runstate="Runnable" seed="195784984" result="Failed" start-time="2026-02-07 22:13:52Z" end-time="2026-02-07 22:13:52Z" duration="0.000139" asserts="0">
                <properties>
                  <property name="retryIteration" value="0" />
                  <property name="repeatIteration" value="0" />
                </properties>
                <failure>
                  <message><![CDATA[  Expected: 0
  But was:  1
]]></message>
                  <stack-trace><![CDATA[at DataToScriptableObject.Tests.Editor.CSVReaderTests.TestOnlyComments () [0x00016] in .\Packages\so-database-converter\Tests\Editor\CSVReaderTests.cs:529
]]></stack-trace>
                </failure>
              </test-case>
              <test-case id="1081" name="TestOnlyHeaderNoData" fullname="DataToScriptableObject.Tests.Editor.CSVReaderTests.TestOnlyHeaderNoData" methodname="TestOnlyHeaderNoData" classname="DataToScriptableObject.Tests.Editor.CSVReaderTests" runstate="Runnable" seed="1202055355" result="Passed" start-time="2026-02-07 22:13:52Z" end-time="2026-02-07 22:13:52Z" duration="0.000161" asserts="0">
                <properties>
                  <property name="retryIteration" value="0" />
                  <property name="repeatIteration" value="0" />
                </properties>
              </test-case>
              <test-case id="1042" name="TestParseBasicCSV" fullname="DataToScriptableObject.Tests.Editor.CSVReaderTests.TestParseBasicCSV" methodname="TestParseBasicCSV" classname="DataToScriptableObject.Tests.Editor.CSVReaderTests" runstate="Runnable" seed="899721197" result="Failed" start-time="2026-02-07 22:13:52Z" end-time="2026-02-07 22:13:52Z" duration="0.000279" asserts="0">
                <properties>
                  <property name="retryIteration" value="0" />
                  <property name="repeatIteration" value="0" />
                </properties>
                <failure>
                  <message><![CDATA[  Expected string length 1 but was 0. Strings differ at index 0.
  Expected: "a"
  But was:  <string.Empty>
  -----------^
]]></message>
                  <stack-trace><![CDATA[at DataToScriptableObject.Tests.Editor.CSVReaderTests.TestParseBasicCSV () [0x0002e] in .\Packages\so-database-converter\Tests\Editor\CSVReaderTests.cs:16
]]></stack-trace>
                </failure>
              </test-case>
              <test-case id="1043" name="TestParseSemicolonDelimiter" fullname="DataToScriptableObject.Tests.Editor.CSVReaderTests.TestParseSemicolonDelimiter" methodname="TestParseSemicolonDelimiter" classname="DataToScriptableObject.Tests.Editor.CSVReaderTests" runstate="Runnable" seed="1748580418" result="Passed" start-time="2026-02-07 22:13:52Z" end-time="2026-02-07 22:13:52Z" duration="0.000128" asserts="0">
                <properties>
                  <property name="retryIteration" value="0" />
                  <property name="repeatIteration" value="0" />
                </properties>
              </test-case>
              <test-case id="1044" name="TestParseTabDelimiter" fullname="DataToScriptableObject.Tests.Editor.CSVReaderTests.TestParseTabDelimiter" methodname="TestParseTabDelimiter" classname="DataToScriptableObject.Tests.Editor.CSVReaderTests" runstate="Runnable" seed="1966800955" result="Passed" start-time="2026-02-07 22:13:52Z" end-time="2026-02-07 22:13:52Z" duration="0.000092" asserts="0">
                <properties>
                  <property name="retryIteration" value="0" />
                  <property name="repeatIteration" value="0" />
                </properties>
              </test-case>
              <test-case id="1078" name="TestPipeDelimiter" fullname="DataToScriptableObject.Tests.Editor.CSVReaderTests.TestPipeDelimiter" methodname="TestPipeDelimiter" classname="DataToScriptableObject.Tests.Editor.CSVReaderTests" runstate="Runnable" seed="1606104012" result="Passed" start-time="2026-02-07 22:13:52Z" end-time="2026-02-07 22:13:52Z" duration="0.000077" asserts="0">
                <properties>
                  <property name="retryIteration" value="0" />
                  <property name="repeatIteration" value="0" />
                </properties>
              </test-case>
              <test-case id="1064" name="TestQuotedFieldPreservesWhitespace" fullname="DataToScriptableObject.Tests.Editor.CSVReaderTests.TestQuotedFieldPreservesWhitespace" methodname="TestQuotedFieldPreservesWhitespace" classname="DataToScriptableObject.Tests.Editor.CSVReaderTests" runstate="Runnable" seed="1638411541" result="Failed" start-time="2026-02-07 22:13:52Z" end-time="2026-02-07 22:13:52Z" duration="0.000148" asserts="0">
                <properties>
                  <property name="retryIteration" value="0" />
                  <property name="repeatIteration" value="0" />
                </properties>
                <failure>
                  <message><![CDATA[  Expected: 1
  But was:  0
]]></message>
                  <stack-trace><![CDATA[at DataToScriptableObject.Tests.Editor.CSVReaderTests.TestQuotedFieldPreservesWhitespace () [0x00016] in .\Packages\so-database-converter\Tests\Editor\CSVReaderTests.cs:263
]]></stack-trace>
                </failure>
              </test-case>
              <test-case id="1047" name="TestQuotedFieldWithComma" fullname="DataToScriptableObject.Tests.Editor.CSVReaderTests.TestQuotedFieldWithComma" methodname="TestQuotedFieldWithComma" classname="DataToScriptableObject.Tests.Editor.CSVReaderTests" runstate="Runnable" seed="1284333866" result="Passed" start-time="2026-02-07 22:13:52Z" end-time="2026-02-07 22:13:52Z" duration="0.000097" asserts="0">
                <properties>
                  <property name="retryIteration" value="0" />
                  <property name="repeatIteration" value="0" />
                </properties>
              </test-case>
              <test-case id="1048" name="TestQuotedFieldWithNewline" fullname="DataToScriptableObject.Tests.Editor.CSVReaderTests.TestQuotedFieldWithNewline" methodname="TestQuotedFieldWithNewline" classname="DataToScriptableObject.Tests.Editor.CSVReaderTests" runstate="Runnable" seed="823003239" result="Passed" start-time="2026-02-07 22:13:52Z" end-time="2026-02-07 22:13:52Z" duration="0.000113" asserts="0">
                <properties>
                  <property name="retryIteration" value="0" />
                  <property name="repeatIteration" value="0" />
                </properties>
              </test-case>
              <test-case id="1063" name="TestSimpleQuotedField" fullname="DataToScriptableObject.Tests.Editor.CSVReaderTests.TestSimpleQuotedField" methodname="TestSimpleQuotedField" classname="DataToScriptableObject.Tests.Editor.CSVReaderTests" runstate="Runnable" seed="1909273558" result="Failed" start-time="2026-02-07 22:13:52Z" end-time="2026-02-07 22:13:52Z" duration="0.000188" asserts="0">
                <properties>
                  <property name="retryIteration" value="0" />
                  <property name="repeatIteration" value="0" />
                </properties>
                <failure>
                  <message><![CDATA[  Should have 1 data row
  Expected: 1
  But was:  0
]]></message>
                  <stack-trace><![CDATA[at DataToScriptableObject.Tests.Editor.CSVReaderTests.TestSimpleQuotedField () [0x00016] in .\Packages\so-database-converter\Tests\Editor\CSVReaderTests.cs:253
]]></stack-trace>
                </failure>
              </test-case>
              <test-case id="1060" name="TestSingleColumnCSV" fullname="DataToScriptableObject.Tests.Editor.CSVReaderTests.TestSingleColumnCSV" methodname="TestSingleColumnCSV" classname="DataToScriptableObject.Tests.Editor.CSVReaderTests" runstate="Runnable" seed="1052680133" result="Failed" start-time="2026-02-07 22:13:52Z" end-time="2026-02-07 22:13:52Z" duration="0.000173" asserts="0">
                <properties>
                  <property name="retryIteration" value="0" />
                  <property name="repeatIteration" value="0" />
                </properties>
                <failure>
                  <message><![CDATA[  Expected string length 6 but was 5. Strings differ at index 0.
  Expected: "header"
  But was:  "eader"
  -----------^
]]></message>
                  <stack-trace><![CDATA[at DataToScriptableObject.Tests.Editor.CSVReaderTests.TestSingleColumnCSV () [0x0002e] in .\Packages\so-database-converter\Tests\Editor\CSVReaderTests.cs:209
]]></stack-trace>
                </failure>
              </test-case>
              <test-case id="1069" name="TestSingleDirective" fullname="DataToScriptableObject.Tests.Editor.CSVReaderTests.TestSingleDirective" methodname="TestSingleDirective" classname="DataToScriptableObject.Tests.Editor.CSVReaderTests" runstate="Runnable" seed="1395437457" result="Failed" start-time="2026-02-07 22:13:52Z" end-time="2026-02-07 22:13:52Z" duration="0.000196" asserts="0">
                <properties>
                  <property name="retryIteration" value="0" />
                  <property name="repeatIteration" value="0" />
                </properties>
                <failure>
                  <message><![CDATA[  Should have 1 directive
  Expected: 1
  But was:  0
]]></message>
                  <stack-trace><![CDATA[at DataToScriptableObject.Tests.Editor.CSVReaderTests.TestSingleDirective () [0x00016] in .\Packages\so-database-converter\Tests\Editor\CSVReaderTests.cs:324
]]></stack-trace>
                </failure>
              </test-case>
              <test-case id="1093" name="TestSpecialCharactersUnquoted" fullname="DataToScriptableObject.Tests.Editor.CSVReaderTests.TestSpecialCharactersUnquoted" methodname="TestSpecialCharactersUnquoted" classname="DataToScriptableObject.Tests.Editor.CSVReaderTests" runstate="Runnable" seed="1881284289" result="Passed" start-time="2026-02-07 22:13:52Z" end-time="2026-02-07 22:13:52Z" duration="0.000091" asserts="0">
                <properties>
                  <property name="retryIteration" value="0" />
                  <property name="repeatIteration" value="0" />
                </properties>
              </test-case>
              <test-case id="1062" name="TestThreeRowHeaderMode" fullname="DataToScriptableObject.Tests.Editor.CSVReaderTests.TestThreeRowHeaderMode" methodname="TestThreeRowHeaderMode" classname="DataToScriptableObject.Tests.Editor.CSVReaderTests" runstate="Runnable" seed="422554503" result="Passed" start-time="2026-02-07 22:13:52Z" end-time="2026-02-07 22:13:52Z" duration="0.001223" asserts="0">
                <properties>
                  <property name="retryIteration" value="0" />
                  <property name="repeatIteration" value="0" />
                </properties>
              </test-case>
              <test-case id="1085" name="TestTrailingComma" fullname="DataToScriptableObject.Tests.Editor.CSVReaderTests.TestTrailingComma" methodname="TestTrailingComma" classname="DataToScriptableObject.Tests.Editor.CSVReaderTests" runstate="Runnable" seed="541432925" result="Passed" start-time="2026-02-07 22:13:52Z" end-time="2026-02-07 22:13:52Z" duration="0.000130" asserts="0">
                <properties>
                  <property name="retryIteration" value="0" />
                  <property name="repeatIteration" value="0" />
                </properties>
              </test-case>
              <test-case id="1061" name="TestTwoRowHeaderMode" fullname="DataToScriptableObject.Tests.Editor.CSVReaderTests.TestTwoRowHeaderMode" methodname="TestTwoRowHeaderMode" classname="DataToScriptableObject.Tests.Editor.CSVReaderTests" runstate="Runnable" seed="462811666" result="Failed" start-time="2026-02-07 22:13:52Z" end-time="2026-02-07 22:13:52Z" duration="0.000216" asserts="0">
                <properties>
                  <property name="retryIteration" value="0" />
                  <property name="repeatIteration" value="0" />
                </properties>
                <failure>
                  <message><![CDATA[  Expected string length 4 but was 3. Strings differ at index 0.
  Expected: "name"
  But was:  "ame"
  -----------^
]]></message>
                  <stack-trace><![CDATA[at DataToScriptableObject.Tests.Editor.CSVReaderTests.TestTwoRowHeaderMode () [0x0002e] in .\Packages\so-database-converter\Tests\Editor\CSVReaderTests.cs:221
]]></stack-trace>
                </failure>
              </test-case>
              <test-case id="1091" name="TestUnicodeInData" fullname="DataToScriptableObject.Tests.Editor.CSVReaderTests.TestUnicodeInData" methodname="TestUnicodeInData" classname="DataToScriptableObject.Tests.Editor.CSVReaderTests" runstate="Runnable" seed="570555918" result="Passed" start-time="2026-02-07 22:13:52Z" end-time="2026-02-07 22:13:52Z" duration="0.000129" asserts="0">
                <properties>
                  <property name="retryIteration" value="0" />
                  <property name="repeatIteration" value="0" />
                </properties>
              </test-case>
              <test-case id="1080" name="TestWhitespaceOnlyInput" fullname="DataToScriptableObject.Tests.Editor.CSVReaderTests.TestWhitespaceOnlyInput" methodname="TestWhitespaceOnlyInput" classname="DataToScriptableObject.Tests.Editor.CSVReaderTests" runstate="Runnable" seed="827834628" result="Passed" start-time="2026-02-07 22:13:52Z" end-time="2026-02-07 22:13:52Z" duration="0.000108" asserts="0">
                <properties>
                  <property name="retryIteration" value="0" />
                  <property name="repeatIteration" value="0" />
                </properties>
              </test-case>
              <test-case id="1055" name="TestWindowsLineEndings" fullname="DataToScriptableObject.Tests.Editor.CSVReaderTests.TestWindowsLineEndings" methodname="TestWindowsLineEndings" classname="DataToScriptableObject.Tests.Editor.CSVReaderTests" runstate="Runnable" seed="1625455313" result="Passed" start-time="2026-02-07 22:13:52Z" end-time="2026-02-07 22:13:52Z" duration="0.000087" asserts="0">
                <properties>
                  <property name="retryIteration" value="0" />
                  <property name="repeatIteration" value="0" />
                </properties>
              </test-case>
            </test-suite>
            <test-suite type="TestFixture" id="1094" name="GoogleSheetsURLParserTests" fullname="DataToScriptableObject.Tests.Editor.GoogleSheetsURLParserTests" classname="DataToScriptableObject.Tests.Editor.GoogleSheetsURLParserTests" runstate="Runnable" testcasecount="30" result="Passed" start-time="2026-02-07 22:13:52Z" end-time="2026-02-07 22:13:52Z" duration="0.010832" total="30" passed="30" failed="0" inconclusive="0" skipped="0" asserts="0">
              <properties />
              <test-case id="1105" name="TestBuildExportURL" fullname="DataToScriptableObject.Tests.Editor.GoogleSheetsURLParserTests.TestBuildExportURL" methodname="TestBuildExportURL" classname="DataToScriptableObject.Tests.Editor.GoogleSheetsURLParserTests" runstate="Runnable" seed="765057395" result="Passed" start-time="2026-02-07 22:13:52Z" end-time="2026-02-07 22:13:52Z" duration="0.000480" asserts="0">
                <properties>
                  <property name="retryIteration" value="0" />
                  <property name="repeatIteration" value="0" />
                </properties>
              </test-case>
              <test-case id="1124" name="TestBuildExportURLGidZero" fullname="DataToScriptableObject.Tests.Editor.GoogleSheetsURLParserTests.TestBuildExportURLGidZero" methodname="TestBuildExportURLGidZero" classname="DataToScriptableObject.Tests.Editor.GoogleSheetsURLParserTests" runstate="Runnable" seed="2094960843" result="Passed" start-time="2026-02-07 22:13:52Z" end-time="2026-02-07 22:13:52Z" duration="0.000126" asserts="0">
                <properties>
                  <property name="retryIteration" value="0" />
                  <property name="repeatIteration" value="0" />
                </properties>
              </test-case>
              <test-case id="1123" name="TestBuildExportURLWithGid" fullname="DataToScriptableObject.Tests.Editor.GoogleSheetsURLParserTests.TestBuildExportURLWithGid" methodname="TestBuildExportURLWithGid" classname="DataToScriptableObject.Tests.Editor.GoogleSheetsURLParserTests" runstate="Runnable" seed="1256656061" result="Passed" start-time="2026-02-07 22:13:52Z" end-time="2026-02-07 22:13:52Z" duration="0.000079" asserts="0">
                <properties>
                  <property name="retryIteration" value="0" />
                  <property name="repeatIteration" value="0" />
                </properties>
              </test-case>
              <test-case id="1103" name="TestEmptyString" fullname="DataToScriptableObject.Tests.Editor.GoogleSheetsURLParserTests.TestEmptyString" methodname="TestEmptyString" classname="DataToScriptableObject.Tests.Editor.GoogleSheetsURLParserTests" runstate="Runnable" seed="40648750" result="Passed" start-time="2026-02-07 22:13:52Z" end-time="2026-02-07 22:13:52Z" duration="0.000236" asserts="0">
                <properties>
                  <property name="retryIteration" value="0" />
                  <property name="repeatIteration" value="0" />
                </properties>
              </test-case>
              <test-case id="1112" name="TestGidLargeNumber" fullname="DataToScriptableObject.Tests.Editor.GoogleSheetsURLParserTests.TestGidLargeNumber" methodname="TestGidLargeNumber" classname="DataToScriptableObject.Tests.Editor.GoogleSheetsURLParserTests" runstate="Runnable" seed="1364751651" result="Passed" start-time="2026-02-07 22:13:52Z" end-time="2026-02-07 22:13:52Z" duration="0.000126" asserts="0">
                <properties>
                  <property name="retryIteration" value="0" />
                  <property name="repeatIteration" value="0" />
                </properties>
              </test-case>
              <test-case id="1111" name="TestGidZero" fullname="DataToScriptableObject.Tests.Editor.GoogleSheetsURLParserTests.TestGidZero" methodname="TestGidZero" classname="DataToScriptableObject.Tests.Editor.GoogleSheetsURLParserTests" runstate="Runnable" seed="1430417979" result="Passed" start-time="2026-02-07 22:13:52Z" end-time="2026-02-07 22:13:52Z" duration="0.000083" asserts="0">
                <properties>
                  <property name="retryIteration" value="0" />
                  <property name="repeatIteration" value="0" />
                </properties>
              </test-case>
              <test-case id="1114" name="TestInvalidDomain" fullname="DataToScriptableObject.Tests.Editor.GoogleSheetsURLParserTests.TestInvalidDomain" methodname="TestInvalidDomain" classname="DataToScriptableObject.Tests.Editor.GoogleSheetsURLParserTests" runstate="Runnable" seed="1292687827" result="Passed" start-time="2026-02-07 22:13:52Z" end-time="2026-02-07 22:13:52Z" duration="0.000122" asserts="0">
                <properties>
                  <property name="retryIteration" value="0" />
                  <property name="repeatIteration" value="0" />
                </properties>
              </test-case>
              <test-case id="1102" name="TestInvalidURL" fullname="DataToScriptableObject.Tests.Editor.GoogleSheetsURLParserTests.TestInvalidURL" methodname="TestInvalidURL" classname="DataToScriptableObject.Tests.Editor.GoogleSheetsURLParserTests" runstate="Runnable" seed="592554905" result="Passed" start-time="2026-02-07 22:13:52Z" end-time="2026-02-07 22:13:52Z" duration="0.000092" asserts="0">
                <properties>
                  <property name="retryIteration" value="0" />
                  <property name="repeatIteration" value="0" />
                </properties>
              </test-case>
              <test-case id="1117" name="TestMalformedURL" fullname="DataToScriptableObject.Tests.Editor.GoogleSheetsURLParserTests.TestMalformedURL" methodname="TestMalformedURL" classname="DataToScriptableObject.Tests.Editor.GoogleSheetsURLParserTests" runstate="Runnable" seed="644220356" result="Passed" start-time="2026-02-07 22:13:52Z" end-time="2026-02-07 22:13:52Z" duration="0.000064" asserts="0">
                <properties>
                  <property name="retryIteration" value="0" />
                  <property name="repeatIteration" value="0" />
                </properties>
              </test-case>
              <test-case id="1115" name="TestMissingSpreadsheetId" fullname="DataToScriptableObject.Tests.Editor.GoogleSheetsURLParserTests.TestMissingSpreadsheetId" methodname="TestMissingSpreadsheetId" classname="DataToScriptableObject.Tests.Editor.GoogleSheetsURLParserTests" runstate="Runnable" seed="650652687" result="Passed" start-time="2026-02-07 22:13:52Z" end-time="2026-02-07 22:13:52Z" duration="0.000060" asserts="0">
                <properties>
                  <property name="retryIteration" value="0" />
                  <property name="repeatIteration" value="0" />
                </properties>
              </test-case>
              <test-case id="1113" name="TestNoGidDefaultsToZero" fullname="DataToScriptableObject.Tests.Editor.GoogleSheetsURLParserTests.TestNoGidDefaultsToZero" methodname="TestNoGidDefaultsToZero" classname="DataToScriptableObject.Tests.Editor.GoogleSheetsURLParserTests" runstate="Runnable" seed="1619790145" result="Passed" start-time="2026-02-07 22:13:52Z" end-time="2026-02-07 22:13:52Z" duration="0.000074" asserts="0">
                <properties>
                  <property name="retryIteration" value="0" />
                  <property name="repeatIteration" value="0" />
                </properties>
              </test-case>
              <test-case id="1116" name="TestNotHttps" fullname="DataToScriptableObject.Tests.Editor.GoogleSheetsURLParserTests.TestNotHttps" methodname="TestNotHttps" classname="DataToScriptableObject.Tests.Editor.GoogleSheetsURLParserTests" runstate="Runnable" seed="485415243" result="Passed" start-time="2026-02-07 22:13:52Z" end-time="2026-02-07 22:13:52Z" duration="0.000063" asserts="0">
                <properties>
                  <property name="retryIteration" value="0" />
                  <property name="repeatIteration" value="0" />
                </properties>
              </test-case>
              <test-case id="1104" name="TestNullString" fullname="DataToScriptableObject.Tests.Editor.GoogleSheetsURLParserTests.TestNullString" methodname="TestNullString" classname="DataToScriptableObject.Tests.Editor.GoogleSheetsURLParserTests" runstate="Runnable" seed="578522050" result="Passed" start-time="2026-02-07 22:13:52Z" end-time="2026-02-07 22:13:52Z" duration="0.000067" asserts="0">
                <properties>
                  <property name="retryIteration" value="0" />
                  <property name="repeatIteration" value="0" />
                </properties>
              </test-case>
              <test-case id="1110" name="TestParseCopyFormat" fullname="DataToScriptableObject.Tests.Editor.GoogleSheetsURLParserTests.TestParseCopyFormat" methodname="TestParseCopyFormat" classname="DataToScriptableObject.Tests.Editor.GoogleSheetsURLParserTests" runstate="Runnable" seed="143803997" result="Passed" start-time="2026-02-07 22:13:52Z" end-time="2026-02-07 22:13:52Z" duration="0.000074" asserts="0">
                <properties>
                  <property name="retryIteration" value="0" />
                  <property name="repeatIteration" value="0" />
                </properties>
              </test-case>
              <test-case id="1095" name="TestParseEditURL" fullname="DataToScriptableObject.Tests.Editor.GoogleSheetsURLParserTests.TestParseEditURL" methodname="TestParseEditURL" classname="DataToScriptableObject.Tests.Editor.GoogleSheetsURLParserTests" runstate="Runnable" seed="739085009" result="Passed" start-time="2026-02-07 22:13:52Z" end-time="2026-02-07 22:13:52Z" duration="0.000078" asserts="0">
                <properties>
                  <property name="retryIteration" value="0" />
                  <property name="repeatIteration" value="0" />
                </properties>
              </test-case>
              <test-case id="1098" name="TestParseExportURL" fullname="DataToScriptableObject.Tests.Editor.GoogleSheetsURLParserTests.TestParseExportURL" methodname="TestParseExportURL" classname="DataToScriptableObject.Tests.Editor.GoogleSheetsURLParserTests" runstate="Runnable" seed="1326173222" result="Passed" start-time="2026-02-07 22:13:52Z" end-time="2026-02-07 22:13:52Z" duration="0.000108" asserts="0">
                <properties>
                  <property name="retryIteration" value="0" />
                  <property name="repeatIteration" value="0" />
                </properties>
              </test-case>
              <test-case id="1100" name="TestParseGIDFromFragment" fullname="DataToScriptableObject.Tests.Editor.GoogleSheetsURLParserTests.TestParseGIDFromFragment" methodname="TestParseGIDFromFragment" classname="DataToScriptableObject.Tests.Editor.GoogleSheetsURLParserTests" runstate="Runnable" seed="1887301983" result="Passed" start-time="2026-02-07 22:13:52Z" end-time="2026-02-07 22:13:52Z" duration="0.000078" asserts="0">
                <properties>
                  <property name="retryIteration" value="0" />
                  <property name="repeatIteration" value="0" />
                </properties>
              </test-case>
              <test-case id="1101" name="TestParseGIDFromQuery" fullname="DataToScriptableObject.Tests.Editor.GoogleSheetsURLParserTests.TestParseGIDFromQuery" methodname="TestParseGIDFromQuery" classname="DataToScriptableObject.Tests.Editor.GoogleSheetsURLParserTests" runstate="Runnable" seed="313417566" result="Passed" start-time="2026-02-07 22:13:52Z" end-time="2026-02-07 22:13:52Z" duration="0.000075" asserts="0">
                <properties>
                  <property name="retryIteration" value="0" />
                  <property name="repeatIteration" value="0" />
                </properties>
              </test-case>
              <test-case id="1106" name="TestParseLongSpreadsheetId" fullname="DataToScriptableObject.Tests.Editor.GoogleSheetsURLParserTests.TestParseLongSpreadsheetId" methodname="TestParseLongSpreadsheetId" classname="DataToScriptableObject.Tests.Editor.GoogleSheetsURLParserTests" runstate="Runnable" seed="635892711" result="Passed" start-time="2026-02-07 22:13:52Z" end-time="2026-02-07 22:13:52Z" duration="0.000069" asserts="0">
                <properties>
                  <property name="retryIteration" value="0" />
                  <property name="repeatIteration" value="0" />
                </properties>
              </test-case>
              <test-case id="1108" name="TestParseMultipleGids" fullname="DataToScriptableObject.Tests.Editor.GoogleSheetsURLParserTests.TestParseMultipleGids" methodname="TestParseMultipleGids" classname="DataToScriptableObject.Tests.Editor.GoogleSheetsURLParserTests" runstate="Runnable" seed="1054933318" result="Passed" start-time="2026-02-07 22:13:52Z" end-time="2026-02-07 22:13:52Z" duration="0.000095" asserts="0">
                <properties>
                  <property name="retryIteration" value="0" />
                  <property name="repeatIteration" value="0" />
                </properties>
              </test-case>
[...]
                  <property name="repeatIteration" value="0" />
                </properties>
              </test-case>
              <test-case id="1329" name="TestAllNullValues" fullname="DataToScriptableObject.Tests.Editor.TypeInferenceTests.TestAllNullValues" methodname="TestAllNullValues" classname="DataToScriptableObject.Tests.Editor.TypeInferenceTests" runstate="Runnable" seed="1373328291" result="Passed" start-time="2026-02-07 22:13:53Z" end-time="2026-02-07 22:13:53Z" duration="0.000074" asserts="0">
                <properties>
                  <property name="retryIteration" value="0" />
                  <property name="repeatIteration" value="0" />
                </properties>
              </test-case>
              <test-case id="1336" name="TestAllSameValue" fullname="DataToScriptableObject.Tests.Editor.TypeInferenceTests.TestAllSameValue" methodname="TestAllSameValue" classname="DataToScriptableObject.Tests.Editor.TypeInferenceTests" runstate="Runnable" seed="1303192933" result="Passed" start-time="2026-02-07 22:13:53Z" end-time="2026-02-07 22:13:53Z" duration="0.000211" asserts="0">
                <properties>
                  <property name="retryIteration" value="0" />
                  <property name="repeatIteration" value="0" />
                </properties>
              </test-case>
              <test-case id="1330" name="TestAllWhitespace" fullname="DataToScriptableObject.Tests.Editor.TypeInferenceTests.TestAllWhitespace" methodname="TestAllWhitespace" classname="DataToScriptableObject.Tests.Editor.TypeInferenceTests" runstate="Runnable" seed="1402546171" result="Passed" start-time="2026-02-07 22:13:53Z" end-time="2026-02-07 22:13:53Z" duration="0.000114" asserts="0">
                <properties>
                  <property name="retryIteration" value="0" />
                  <property name="repeatIteration" value="0" />
                </properties>
              </test-case>
              <test-case id="1337" name="TestBoolNotString" fullname="DataToScriptableObject.Tests.Editor.TypeInferenceTests.TestBoolNotString" methodname="TestBoolNotString" classname="DataToScriptableObject.Tests.Editor.TypeInferenceTests" runstate="Runnable" seed="721307029" result="Passed" start-time="2026-02-07 22:13:53Z" end-time="2026-02-07 22:13:53Z" duration="0.000104" asserts="0">
                <properties>
                  <property name="retryIteration" value="0" />
                  <property name="repeatIteration" value="0" />
                </properties>
              </test-case>
              <test-case id="1338" name="TestBoolPriorityOverInt" fullname="DataToScriptableObject.Tests.Editor.TypeInferenceTests.TestBoolPriorityOverInt" methodname="TestBoolPriorityOverInt" classname="DataToScriptableObject.Tests.Editor.TypeInferenceTests" runstate="Runnable" seed="565123478" result="Passed" start-time="2026-02-07 22:13:53Z" end-time="2026-02-07 22:13:53Z" duration="0.000093" asserts="0">
                <properties>
                  <property name="retryIteration" value="0" />
                  <property name="repeatIteration" value="0" />
                </properties>
              </test-case>
              <test-case id="1308" name="TestBoolWith01" fullname="DataToScriptableObject.Tests.Editor.TypeInferenceTests.TestBoolWith01" methodname="TestBoolWith01" classname="DataToScriptableObject.Tests.Editor.TypeInferenceTests" runstate="Runnable" seed="252078283" result="Passed" start-time="2026-02-07 22:13:53Z" end-time="2026-02-07 22:13:53Z" duration="0.000086" asserts="0">
                <properties>
                  <property name="retryIteration" value="0" />
                  <property name="repeatIteration" value="0" />
                </properties>
              </test-case>
              <test-case id="1307" name="TestBoolWithYesNo" fullname="DataToScriptableObject.Tests.Editor.TypeInferenceTests.TestBoolWithYesNo" methodname="TestBoolWithYesNo" classname="DataToScriptableObject.Tests.Editor.TypeInferenceTests" runstate="Runnable" seed="667270126" result="Passed" start-time="2026-02-07 22:13:53Z" end-time="2026-02-07 22:13:53Z" duration="0.000087" asserts="0">
                <properties>
                  <property name="retryIteration" value="0" />
                  <property name="repeatIteration" value="0" />
                </properties>
              </test-case>
              <test-case id="1321" name="TestDecimalWithoutLeadingZero" fullname="DataToScriptableObject.Tests.Editor.TypeInferenceTests.TestDecimalWithoutLeadingZero" methodname="TestDecimalWithoutLeadingZero" classname="DataToScriptableObject.Tests.Editor.TypeInferenceTests" runstate="Runnable" seed="1143524849" result="Passed" start-time="2026-02-07 22:13:53Z" end-time="2026-02-07 22:13:53Z" duration="0.000076" asserts="0">
                <properties>
                  <property name="retryIteration" value="0" />
                  <property name="repeatIteration" value="0" />
                </properties>
              </test-case>
              <test-case id="1328" name="TestEmptyArray" fullname="DataToScriptableObject.Tests.Editor.TypeInferenceTests.TestEmptyArray" methodname="TestEmptyArray" classname="DataToScriptableObject.Tests.Editor.TypeInferenceTests" runstate="Runnable" seed="626221321" result="Passed" start-time="2026-02-07 22:13:53Z" end-time="2026-02-07 22:13:53Z" duration="0.000066" asserts="0">
                <properties>
                  <property name="retryIteration" value="0" />
                  <property name="repeatIteration" value="0" />
                </properties>
              </test-case>
              <test-case id="1315" name="TestLargeInts" fullname="DataToScriptableObject.Tests.Editor.TypeInferenceTests.TestLargeInts" methodname="TestLargeInts" classname="DataToScriptableObject.Tests.Editor.TypeInferenceTests" runstate="Runnable" seed="1505341797" result="Passed" start-time="2026-02-07 22:13:53Z" end-time="2026-02-07 22:13:53Z" duration="0.000073" asserts="0">
                <properties>
                  <property name="retryIteration" value="0" />
                  <property name="repeatIteration" value="0" />
                </properties>
              </test-case>
              <test-case id="1320" name="TestLeadingZeros" fullname="DataToScriptableObject.Tests.Editor.TypeInferenceTests.TestLeadingZeros" methodname="TestLeadingZeros" classname="DataToScriptableObject.Tests.Editor.TypeInferenceTests" runstate="Runnable" seed="1456470915" result="Passed" start-time="2026-02-07 22:13:53Z" end-time="2026-02-07 22:13:53Z" duration="0.000071" asserts="0">
                <properties>
                  <property name="retryIteration" value="0" />
                  <property name="repeatIteration" value="0" />
                </properties>
              </test-case>
              <test-case id="1326" name="TestMixed10WithOthers" fullname="DataToScriptableObject.Tests.Editor.TypeInferenceTests.TestMixed10WithOthers" methodname="TestMixed10WithOthers" classname="DataToScriptableObject.Tests.Editor.TypeInferenceTests" runstate="Runnable" seed="1120085981" result="Passed" start-time="2026-02-07 22:13:53Z" end-time="2026-02-07 22:13:53Z" duration="0.000069" asserts="0">
                <properties>
                  <property name="retryIteration" value="0" />
                  <property name="repeatIteration" value="0" />
                </properties>
              </test-case>
              <test-case id="1322" name="TestMixedCaseBools" fullname="DataToScriptableObject.Tests.Editor.TypeInferenceTests.TestMixedCaseBools" methodname="TestMixedCaseBools" classname="DataToScriptableObject.Tests.Editor.TypeInferenceTests" runstate="Runnable" seed="2104051558" result="Passed" start-time="2026-02-07 22:13:53Z" end-time="2026-02-07 22:13:53Z" duration="0.000073" asserts="0">
                <properties>
                  <property name="retryIteration" value="0" />
                  <property name="repeatIteration" value="0" />
                </properties>
              </test-case>
              <test-case id="1312" name="TestMixedEmptyAndInt" fullname="DataToScriptableObject.Tests.Editor.TypeInferenceTests.TestMixedEmptyAndInt" methodname="TestMixedEmptyAndInt" classname="DataToScriptableObject.Tests.Editor.TypeInferenceTests" runstate="Runnable" seed="1905466165" result="Passed" start-time="2026-02-07 22:13:53Z" end-time="2026-02-07 22:13:53Z" duration="0.000075" asserts="0">
                <properties>
                  <property name="retryIteration" value="0" />
                  <property name="repeatIteration" value="0" />
                </properties>
              </test-case>
              <test-case id="1331" name="TestMixedEmptyAndNumbers" fullname="DataToScriptableObject.Tests.Editor.TypeInferenceTests.TestMixedEmptyAndNumbers" methodname="TestMixedEmptyAndNumbers" classname="DataToScriptableObject.Tests.Editor.TypeInferenceTests" runstate="Runnable" seed="2109107657" result="Passed" start-time="2026-02-07 22:13:53Z" end-time="2026-02-07 22:13:53Z" duration="0.000076" asserts="0">
                <properties>
                  <property name="retryIteration" value="0" />
                  <property name="repeatIteration" value="0" />
                </properties>
              </test-case>
              <test-case id="1305" name="TestMixedIntFloat" fullname="DataToScriptableObject.Tests.Editor.TypeInferenceTests.TestMixedIntFloat" methodname="TestMixedIntFloat" classname="DataToScriptableObject.Tests.Editor.TypeInferenceTests" runstate="Runnable" seed="174139297" result="Passed" start-time="2026-02-07 22:13:53Z" end-time="2026-02-07 22:13:53Z" duration="0.000096" asserts="0">
                <properties>
                  <property name="retryIteration" value="0" />
                  <property name="repeatIteration" value="0" />
                </properties>
              </test-case>
              <test-case id="1324" name="TestMixedTrueFalseYesNo" fullname="DataToScriptableObject.Tests.Editor.TypeInferenceTests.TestMixedTrueFalseYesNo" methodname="TestMixedTrueFalseYesNo" classname="DataToScriptableObject.Tests.Editor.TypeInferenceTests" runstate="Runnable" seed="724179057" result="Passed" start-time="2026-02-07 22:13:53Z" end-time="2026-02-07 22:13:53Z" duration="0.000079" asserts="0">
                <properties>
                  <property name="retryIteration" value="0" />
                  <property name="repeatIteration" value="0" />
                </properties>
              </test-case>
              <test-case id="1335" name="TestMixedValidInvalid" fullname="DataToScriptableObject.Tests.Editor.TypeInferenceTests.TestMixedValidInvalid" methodname="TestMixedValidInvalid" classname="DataToScriptableObject.Tests.Editor.TypeInferenceTests" runstate="Runnable" seed="458784722" result="Passed" start-time="2026-02-07 22:13:53Z" end-time="2026-02-07 22:13:53Z" duration="0.000076" asserts="0">
                <properties>
                  <property name="retryIteration" value="0" />
                  <property name="repeatIteration" value="0" />
                </properties>
              </test-case>
              <test-case id="1323" name="TestMixedYesNo" fullname="DataToScriptableObject.Tests.Editor.TypeInferenceTests.TestMixedYesNo" methodname="TestMixedYesNo" classname="DataToScriptableObject.Tests.Editor.TypeInferenceTests" runstate="Runnable" seed="1956201265" result="Passed" start-time="2026-02-07 22:13:53Z" end-time="2026-02-07 22:13:53Z" duration="0.000078" asserts="0">
                <properties>
                  <property name="retryIteration" value="0" />
                  <property name="repeatIteration" value="0" />
                </properties>
              </test-case>
              <test-case id="1316" name="TestNegativeFloats" fullname="DataToScriptableObject.Tests.Editor.TypeInferenceTests.TestNegativeFloats" methodname="TestNegativeFloats" classname="DataToScriptableObject.Tests.Editor.TypeInferenceTests" runstate="Runnable" seed="843309903" result="Passed" start-time="2026-02-07 22:13:53Z" end-time="2026-02-07 22:13:53Z" duration="0.000077" asserts="0">
                <properties>
                  <property name="retryIteration" value="0" />
                  <property name="repeatIteration" value="0" />
                </properties>
              </test-case>
              <test-case id="1314" name="TestNegativeInts" fullname="DataToScriptableObject.Tests.Editor.TypeInferenceTests.TestNegativeInts" methodname="TestNegativeInts" classname="DataToScriptableObject.Tests.Editor.TypeInferenceTests" runstate="Runnable" seed="1922457552" result="Passed" start-time="2026-02-07 22:13:53Z" end-time="2026-02-07 22:13:53Z" duration="0.000076" asserts="0">
                <properties>
                  <property name="retryIteration" value="0" />
                  <property name="repeatIteration" value="0" />
                </properties>
              </test-case>
              <test-case id="1327" name="TestNullArray" fullname="DataToScriptableObject.Tests.Editor.TypeInferenceTests.TestNullArray" methodname="TestNullArray" classname="DataToScriptableObject.Tests.Editor.TypeInferenceTests" runstate="Runnable" seed="1313028937" result="Passed" start-time="2026-02-07 22:13:53Z" end-time="2026-02-07 22:13:53Z" duration="0.000109" asserts="0">
                <properties>
                  <property name="retryIteration" value="0" />
                  <property name="repeatIteration" value="0" />
                </properties>
              </test-case>
              <test-case id="1325" name="TestNumericBoolsAsInts" fullname="DataToScriptableObject.Tests.Editor.TypeInferenceTests.TestNumericBoolsAsInts" methodname="TestNumericBoolsAsInts" classname="DataToScriptableObject.Tests.Editor.TypeInferenceTests" runstate="Runnable" seed="229855442" result="Passed" start-time="2026-02-07 22:13:53Z" end-time="2026-02-07 22:13:53Z" duration="0.000106" asserts="0">
                <properties>
                  <property name="retryIteration" value="0" />
                  <property name="repeatIteration" value="0" />
                </properties>
              </test-case>
              <test-case id="1333" name="TestNumericStrings" fullname="DataToScriptableObject.Tests.Editor.TypeInferenceTests.TestNumericStrings" methodname="TestNumericStrings" classname="DataToScriptableObject.Tests.Editor.TypeInferenceTests" runstate="Runnable" seed="2763538" result="Passed" start-time="2026-02-07 22:13:53Z" end-time="2026-02-07 22:13:53Z" duration="0.000087" asserts="0">
                <properties>
                  <property name="retryIteration" value="0" />
                  <property name="repeatIteration" value="0" />
                </properties>
              </test-case>
              <test-case id="1310" name="TestOneBadFloatFallsToString" fullname="DataToScriptableObject.Tests.Editor.TypeInferenceTests.TestOneBadFloatFallsToString" methodname="TestOneBadFloatFallsToString" classname="DataToScriptableObject.Tests.Editor.TypeInferenceTests" runstate="Runnable" seed="21554992" result="Passed" start-time="2026-02-07 22:13:53Z" end-time="2026-02-07 22:13:53Z" duration="0.000080" asserts="0">
                <properties>
                  <property name="retryIteration" value="0" />
                  <property name="repeatIteration" value="0" />
                </properties>
              </test-case>
              <test-case id="1309" name="TestOneBadIntFallsToFloat" fullname="DataToScriptableObject.Tests.Editor.TypeInferenceTests.TestOneBadIntFallsToFloat" methodname="TestOneBadIntFallsToFloat" classname="DataToScriptableObject.Tests.Editor.TypeInferenceTests" runstate="Runnable" seed="690496180" result="Passed" start-time="2026-02-07 22:13:53Z" end-time="2026-02-07 22:13:53Z" duration="0.000162" asserts="0">
                <properties>
                  <property name="retryIteration" value="0" />
                  <property name="repeatIteration" value="0" />
                </properties>
              </test-case>
              <test-case id="1317" name="TestScientificNotation" fullname="DataToScriptableObject.Tests.Editor.TypeInferenceTests.TestScientificNotation" methodname="TestScientificNotation" classname="DataToScriptableObject.Tests.Editor.TypeInferenceTests" runstate="Runnable" seed="1654812087" result="Passed" start-time="2026-02-07 22:13:53Z" end-time="2026-02-07 22:13:53Z" duration="0.000109" asserts="0">
                <properties>
                  <property name="retryIteration" value="0" />
                  <property name="repeatIteration" value="0" />
                </properties>
              </test-case>
              <test-case id="1332" name="TestSingleValue" fullname="DataToScriptableObject.Tests.Editor.TypeInferenceTests.TestSingleValue" methodname="TestSingleValue" classname="DataToScriptableObject.Tests.Editor.TypeInferenceTests" runstate="Runnable" seed="1813841869" result="Passed" start-time="2026-02-07 22:13:53Z" end-time="2026-02-07 22:13:53Z" duration="0.000191" asserts="0">
                <properties>
                  <property name="retryIteration" value="0" />
                  <property name="repeatIteration" value="0" />
                </properties>
              </test-case>
              <test-case id="1334" name="TestSpecialFloatValues" fullname="DataToScriptableObject.Tests.Editor.TypeInferenceTests.TestSpecialFloatValues" methodname="TestSpecialFloatValues" classname="DataToScriptableObject.Tests.Editor.TypeInferenceTests" runstate="Runnable" seed="167434609" result="Passed" start-time="2026-02-07 22:13:53Z" end-time="2026-02-07 22:13:53Z" duration="0.000122" asserts="0">
                <properties>
                  <property name="retryIteration" value="0" />
                  <property name="repeatIteration" value="0" />
                </properties>
              </test-case>
              <test-case id="1313" name="TestStrings" fullname="DataToScriptableObject.Tests.Editor.TypeInferenceTests.TestStrings" methodname="TestStrings" classname="DataToScriptableObject.Tests.Editor.TypeInferenceTests" runstate="Runnable" seed="744349221" result="Passed" start-time="2026-02-07 22:13:53Z" end-time="2026-02-07 22:13:53Z" duration="0.000090" asserts="0">
                <properties>
                  <property name="retryIteration" value="0" />
                  <property name="repeatIteration" value="0" />
                </properties>
              </test-case>
              <test-case id="1319" name="TestZeroPointZero" fullname="DataToScriptableObject.Tests.Editor.TypeInferenceTests.TestZeroPointZero" methodname="TestZeroPointZero" classname="DataToScriptableObject.Tests.Editor.TypeInferenceTests" runstate="Runnable" seed="1885630442" result="Passed" start-time="2026-02-07 22:13:53Z" end-time="2026-02-07 22:13:53Z" duration="0.000083" asserts="0">
                <properties>
                  <property name="retryIteration" value="0" />
                  <property name="repeatIteration" value="0" />
                </properties>
              </test-case>
              <test-case id="1318" name="TestZeroValues" fullname="DataToScriptableObject.Tests.Editor.TypeInferenceTests.TestZeroValues" methodname="TestZeroValues" classname="DataToScriptableObject.Tests.Editor.TypeInferenceTests" runstate="Runnable" seed="1282355074" result="Passed" start-time="2026-02-07 22:13:53Z" end-time="2026-02-07 22:13:53Z" duration="0.000076" asserts="0">
                <properties>
                  <property name="retryIteration" value="0" />
                  <property name="repeatIteration" value="0" />
                </properties>
                <output><![CDATA[Saving results to: C:/Users/tremo/AppData/LocalLow/DefaultCompany/Package Dev\TestResults.xml
]]></output>
              </test-case>
            </test-suite>
          </test-suite>
        </test-suite>
      </test-suite>
    </test-suite>
  </test-suite>
</test-run>