<?xml version="1.0" encoding="utf-8"?>
<test-run id="2" testcasecount="330" result="Failed(Child)" total="330" passed="284" failed="46" inconclusive="0" skipped="0" asserts="0" engine-version="3.5.0.0" clr-version="4.0.30319.42000" start-time="2026-02-07 18:18:06Z" end-time="2026-02-07 18:18:06Z" duration="0.1260614">
  <test-suite type="TestSuite" id="1350" name="Package Dev" fullname="Package Dev" runstate="Runnable" testcasecount="330" result="Failed" site="Child" start-time="2026-02-07 18:18:06Z" end-time="2026-02-07 18:18:06Z" duration="0.126061" total="330" passed="284" failed="46" inconclusive="0" skipped="0" asserts="0">
    <properties>
      <property name="platform" value="EditMode" />
    </properties>
    <failure>
      <message><![CDATA[One or more child tests had errors]]></message>
    </failure>
    <test-suite type="Assembly" id="1339" name="DataToScriptableObject.Tests.Editor.dll" fullname="C:/Users/tremo/Documents/GitHub/Package Dev/Library/ScriptAssemblies/DataToScriptableObject.Tests.Editor.dll" runstate="Runnable" testcasecount="330" result="Failed" site="Child" start-time="2026-02-07 18:18:06Z" end-time="2026-02-07 18:18:06Z" duration="0.119553" total="330" passed="284" failed="46" inconclusive="0" skipped="0" asserts="0">
      <properties>
        <property name="_PID" value="24876" />
        <property name="_APPDOMAIN" value="Unity Child Domain" />
        <property name="platform" value="EditMode" />
        <property name="EditorOnly" value="True" />
      </properties>
      <failure>
        <message><![CDATA[One or more child tests had errors]]></message>
      </failure>
      <test-suite type="TestSuite" id="1340" name="DataToScriptableObject" fullname="DataToScriptableObject" runstate="Runnable" testcasecount="330" result="Failed" site="Child" start-time="2026-02-07 18:18:06Z" end-time="2026-02-07 18:18:06Z" duration="0.119236" total="330" passed="284" failed="46" inconclusive="0" skipped="0" asserts="0">
        <properties />
        <failure>
          <message><![CDATA[One or more child tests had errors]]></message>
        </failure>
        <test-suite type="TestSuite" id="1341" name="Tests" fullname="DataToScriptableObject.Tests" runstate="Runnable" testcasecount="330" result="Failed" site="Child" start-time="2026-02-07 18:18:06Z" end-time="2026-02-07 18:18:06Z" duration="0.119043" total="330" passed="284" failed="46" inconclusive="0" skipped="0" asserts="0">
          <properties />
          <failure>
            <message><![CDATA[One or more child tests had errors]]></message>
          </failure>
          <test-suite type="TestSuite" id="1342" name="Editor" fullname="DataToScriptableObject.Tests.Editor" runstate="Runnable" testcasecount="330" result="Failed" site="Child" start-time="2026-02-07 18:18:06Z" end-time="2026-02-07 18:18:06Z" duration="0.118772" total="330" passed="284" failed="46" inconclusive="0" skipped="0" asserts="0">
            <properties />
            <failure>
              <message><![CDATA[One or more child tests had errors]]></message>
            </failure>
            <test-suite type="TestFixture" id="1001" name="CodeGeneratorTests" fullname="DataToScriptableObject.Tests.Editor.CodeGeneratorTests" classname="DataToScriptableObject.Tests.Editor.CodeGeneratorTests" runstate="Runnable" testcasecount="39" result="Passed" start-time="2026-02-07 18:18:06Z" end-time="2026-02-07 18:18:06Z" duration="0.023605" total="39" passed="39" failed="0" inconclusive="0" skipped="0" asserts="0">
              <properties />
              <test-case id="1017" name="TestAllBasicTypes" fullname="DataToScriptableObject.Tests.Editor.CodeGeneratorTests.TestAllBasicTypes" methodname="TestAllBasicTypes" classname="DataToScriptableObject.Tests.Editor.CodeGeneratorTests" runstate="Runnable" seed="1202214940" result="Passed" start-time="2026-02-07 18:18:06Z" end-time="2026-02-07 18:18:06Z" duration="0.008249" asserts="0">
                <properties>
                  <property name="retryIteration" value="0" />
                  <property name="repeatIteration" value="0" />
                </properties>
              </test-case>
              <test-case id="1006" name="TestArrayGeneration" fullname="DataToScriptableObject.Tests.Editor.CodeGeneratorTests.TestArrayGeneration" methodname="TestArrayGeneration" classname="DataToScriptableObject.Tests.Editor.CodeGeneratorTests" runstate="Runnable" seed="1612082294" result="Passed" start-time="2026-02-07 18:18:06Z" end-time="2026-02-07 18:18:06Z" duration="0.000145" asserts="0">
                <properties>
                  <property name="retryIteration" value="0" />
                  <property name="repeatIteration" value="0" />
                </properties>
              </test-case>
              <test-case id="1012" name="TestAutoGeneratedHeader" fullname="DataToScriptableObject.Tests.Editor.CodeGeneratorTests.TestAutoGeneratedHeader" methodname="TestAutoGeneratedHeader" classname="DataToScriptableObject.Tests.Editor.CodeGeneratorTests" runstate="Runnable" seed="1563309166" result="Passed" start-time="2026-02-07 18:18:06Z" end-time="2026-02-07 18:18:06Z" duration="0.000068" asserts="0">
                <properties>
                  <property name="retryIteration" value="0" />
                  <property name="repeatIteration" value="0" />
                </properties>
              </test-case>
              <test-case id="1035" name="TestAutoGeneratedHeaderDisabled" fullname="DataToScriptableObject.Tests.Editor.CodeGeneratorTests.TestAutoGeneratedHeaderDisabled" methodname="TestAutoGeneratedHeaderDisabled" classname="DataToScriptableObject.Tests.Editor.CodeGeneratorTests" runstate="Runnable" seed="80731297" result="Passed" start-time="2026-02-07 18:18:06Z" end-time="2026-02-07 18:18:06Z" duration="0.000190" asserts="0">
                <properties>
                  <property name="retryIteration" value="0" />
                  <property name="repeatIteration" value="0" />
                </properties>
              </test-case>
              <test-case id="1002" name="TestBasicGeneration" fullname="DataToScriptableObject.Tests.Editor.CodeGeneratorTests.TestBasicGeneration" methodname="TestBasicGeneration" classname="DataToScriptableObject.Tests.Editor.CodeGeneratorTests" runstate="Runnable" seed="1772993446" result="Passed" start-time="2026-02-07 18:18:06Z" end-time="2026-02-07 18:18:06Z" duration="0.000135" asserts="0">
                <properties>
                  <property name="retryIteration" value="0" />
                  <property name="repeatIteration" value="0" />
                </properties>
              </test-case>
              <test-case id="1023" name="TestBoolArray" fullname="DataToScriptableObject.Tests.Editor.CodeGeneratorTests.TestBoolArray" methodname="TestBoolArray" classname="DataToScriptableObject.Tests.Editor.CodeGeneratorTests" runstate="Runnable" seed="808583154" result="Passed" start-time="2026-02-07 18:18:06Z" end-time="2026-02-07 18:18:06Z" duration="0.000140" asserts="0">
                <properties>
                  <property name="retryIteration" value="0" />
                  <property name="repeatIteration" value="0" />
                </properties>
              </test-case>
              <test-case id="1032" name="TestClassInheritance" fullname="DataToScriptableObject.Tests.Editor.CodeGeneratorTests.TestClassInheritance" methodname="TestClassInheritance" classname="DataToScriptableObject.Tests.Editor.CodeGeneratorTests" runstate="Runnable" seed="1596645608" result="Passed" start-time="2026-02-07 18:18:06Z" end-time="2026-02-07 18:18:06Z" duration="0.000081" asserts="0">
                <properties>
                  <property name="retryIteration" value="0" />
                  <property name="repeatIteration" value="0" />
                </properties>
              </test-case>
              <test-case id="1019" name="TestColorType" fullname="DataToScriptableObject.Tests.Editor.CodeGeneratorTests.TestColorType" methodname="TestColorType" classname="DataToScriptableObject.Tests.Editor.CodeGeneratorTests" runstate="Runnable" seed="1691612622" result="Passed" start-time="2026-02-07 18:18:06Z" end-time="2026-02-07 18:18:06Z" duration="0.000118" asserts="0">
                <properties>
                  <property name="retryIteration" value="0" />
                  <property name="repeatIteration" value="0" />
                </properties>
              </test-case>
              <test-case id="1011" name="TestCreateAssetMenu" fullname="DataToScriptableObject.Tests.Editor.CodeGeneratorTests.TestCreateAssetMenu" methodname="TestCreateAssetMenu" classname="DataToScriptableObject.Tests.Editor.CodeGeneratorTests" runstate="Runnable" seed="1370686111" result="Passed" start-time="2026-02-07 18:18:06Z" end-time="2026-02-07 18:18:06Z" duration="0.000061" asserts="0">
                <properties>
                  <property name="retryIteration" value="0" />
                  <property name="repeatIteration" value="0" />
                </properties>
              </test-case>
              <test-case id="1034" name="TestCreateAssetMenuDisabled" fullname="DataToScriptableObject.Tests.Editor.CodeGeneratorTests.TestCreateAssetMenuDisabled" methodname="TestCreateAssetMenuDisabled" classname="DataToScriptableObject.Tests.Editor.CodeGeneratorTests" runstate="Runnable" seed="956199841" result="Passed" start-time="2026-02-07 18:18:06Z" end-time="2026-02-07 18:18:06Z" duration="0.000072" asserts="0">
                <properties>
                  <property name="retryIteration" value="0" />
                  <property name="repeatIteration" value="0" />
                </properties>
              </test-case>
              <test-case id="1013" name="TestDatabaseClassGeneration" fullname="DataToScriptableObject.Tests.Editor.CodeGeneratorTests.TestDatabaseClassGeneration" methodname="TestDatabaseClassGeneration" classname="DataToScriptableObject.Tests.Editor.CodeGeneratorTests" runstate="Runnable" seed="280966175" result="Passed" start-time="2026-02-07 18:18:06Z" end-time="2026-02-07 18:18:06Z" duration="0.000116" asserts="0">
                <properties>
                  <property name="retryIteration" value="0" />
                  <property name="repeatIteration" value="0" />
                </properties>
              </test-case>
              <test-case id="1040" name="TestDatabaseClassName" fullname="DataToScriptableObject.Tests.Editor.CodeGeneratorTests.TestDatabaseClassName" methodname="TestDatabaseClassName" classname="DataToScriptableObject.Tests.Editor.CodeGeneratorTests" runstate="Runnable" seed="1316634067" result="Passed" start-time="2026-02-07 18:18:06Z" end-time="2026-02-07 18:18:06Z" duration="0.000127" asserts="0">
                <properties>
                  <property name="retryIteration" value="0" />
                  <property name="repeatIteration" value="0" />
                </properties>
              </test-case>
              <test-case id="1038" name="TestEmptyColumns" fullname="DataToScriptableObject.Tests.Editor.CodeGeneratorTests.TestEmptyColumns" methodname="TestEmptyColumns" classname="DataToScriptableObject.Tests.Editor.CodeGeneratorTests" runstate="Runnable" seed="249841513" result="Passed" start-time="2026-02-07 18:18:06Z" end-time="2026-02-07 18:18:06Z" duration="0.000222" asserts="0">
                <properties>
                  <property name="retryIteration" value="0" />
                  <property name="repeatIteration" value="0" />
                </properties>
              </test-case>
              <test-case id="1014" name="TestEnumDeclarationGenerated" fullname="DataToScriptableObject.Tests.Editor.CodeGeneratorTests.TestEnumDeclarationGenerated" methodname="TestEnumDeclarationGenerated" classname="DataToScriptableObject.Tests.Editor.CodeGeneratorTests" runstate="Runnable" seed="71525816" result="Passed" start-time="2026-02-07 18:18:06Z" end-time="2026-02-07 18:18:06Z" duration="0.000270" asserts="0">
                <properties>
                  <property name="retryIteration" value="0" />
                  <property name="repeatIteration" value="0" />
                </properties>
              </test-case>
              <test-case id="1007" name="TestEnumGeneration" fullname="DataToScriptableObject.Tests.Editor.CodeGeneratorTests.TestEnumGeneration" methodname="TestEnumGeneration" classname="DataToScriptableObject.Tests.Editor.CodeGeneratorTests" runstate="Runnable" seed="2056822535" result="Passed" start-time="2026-02-07 18:18:06Z" end-time="2026-02-07 18:18:06Z" duration="0.000139" asserts="0">
                <properties>
                  <property name="retryIteration" value="0" />
                  <property name="repeatIteration" value="0" />
                </properties>
              </test-case>
              <test-case id="1015" name="TestEnumWithManyValues" fullname="DataToScriptableObject.Tests.Editor.CodeGeneratorTests.TestEnumWithManyValues" methodname="TestEnumWithManyValues" classname="DataToScriptableObject.Tests.Editor.CodeGeneratorTests" runstate="Runnable" seed="1602069496" result="Passed" start-time="2026-02-07 18:18:06Z" end-time="2026-02-07 18:18:06Z" duration="0.000200" asserts="0">
                <properties>
                  <property name="retryIteration" value="0" />
                  <property name="repeatIteration" value="0" />
                </properties>
              </test-case>
              <test-case id="1021" name="TestFloatArray" fullname="DataToScriptableObject.Tests.Editor.CodeGeneratorTests.TestFloatArray" methodname="TestFloatArray" classname="DataToScriptableObject.Tests.Editor.CodeGeneratorTests" runstate="Runnable" seed="2006422304" result="Passed" start-time="2026-02-07 18:18:06Z" end-time="2026-02-07 18:18:06Z" duration="0.000141" asserts="0">
                <properties>
                  <property name="retryIteration" value="0" />
                  <property name="repeatIteration" value="0" />
                </properties>
              </test-case>
              <test-case id="1027" name="TestHeaderAttribute" fullname="DataToScriptableObject.Tests.Editor.CodeGeneratorTests.TestHeaderAttribute" methodname="TestHeaderAttribute" classname="DataToScriptableObject.Tests.Editor.CodeGeneratorTests" runstate="Runnable" seed="1832408030" result="Passed" start-time="2026-02-07 18:18:06Z" end-time="2026-02-07 18:18:06Z" duration="0.000125" asserts="0">
                <properties>
                  <property name="retryIteration" value="0" />
                  <property name="repeatIteration" value="0" />
                </properties>
              </test-case>
              <test-case id="1026" name="TestHideInInspector" fullname="DataToScriptableObject.Tests.Editor.CodeGeneratorTests.TestHideInInspector" methodname="TestHideInInspector" classname="DataToScriptableObject.Tests.Editor.CodeGeneratorTests" runstate="Runnable" seed="1586213098" result="Passed" start-time="2026-02-07 18:18:06Z" end-time="2026-02-07 18:18:06Z" duration="0.000099" asserts="0">
                <properties>
                  <property name="retryIteration" value="0" />
                  <property name="repeatIteration" value="0" />
                </properties>
              </test-case>
              <test-case id="1005" name="TestListGeneration" fullname="DataToScriptableObject.Tests.Editor.CodeGeneratorTests.TestListGeneration" methodname="TestListGeneration" classname="DataToScriptableObject.Tests.Editor.CodeGeneratorTests" runstate="Runnable" seed="676681706" result="Passed" start-time="2026-02-07 18:18:06Z" end-time="2026-02-07 18:18:06Z" duration="0.000110" asserts="0">
                <properties>
                  <property name="retryIteration" value="0" />
                  <property name="repeatIteration" value="0" />
                </properties>
              </test-case>
              <test-case id="1024" name="TestListVsArray" fullname="DataToScriptableObject.Tests.Editor.CodeGeneratorTests.TestListVsArray" methodname="TestListVsArray" classname="DataToScriptableObject.Tests.Editor.CodeGeneratorTests" runstate="Runnable" seed="182798692" result="Passed" start-time="2026-02-07 18:18:06Z" end-time="2026-02-07 18:18:06Z" duration="0.000157" asserts="0">
                <properties>
                  <property name="retryIteration" value="0" />
                  <property name="repeatIteration" value="0" />
                </properties>
              </test-case>
              <test-case id="1028" name="TestMultipleAttributes" fullname="DataToScriptableObject.Tests.Editor.CodeGeneratorTests.TestMultipleAttributes" methodname="TestMultipleAttributes" classname="DataToScriptableObject.Tests.Editor.CodeGeneratorTests" runstate="Runnable" seed="323604736" result="Passed" start-time="2026-02-07 18:18:06Z" end-time="2026-02-07 18:18:06Z" duration="0.000149" asserts="0">
                <properties>
                  <property name="retryIteration" value="0" />
                  <property name="repeatIteration" value="0" />
                </properties>
              </test-case>
              <test-case id="1016" name="TestMultipleEnumColumns" fullname="DataToScriptableObject.Tests.Editor.CodeGeneratorTests.TestMultipleEnumColumns" methodname="TestMultipleEnumColumns" classname="DataToScriptableObject.Tests.Editor.CodeGeneratorTests" runstate="Runnable" seed="238036818" result="Passed" start-time="2026-02-07 18:18:06Z" end-time="2026-02-07 18:18:06Z" duration="0.000209" asserts="0">
                <properties>
                  <property name="retryIteration" value="0" />
                  <property name="repeatIteration" value="0" />
                </properties>
              </test-case>
              <test-case id="1003" name="TestNamespaceWrapping" fullname="DataToScriptableObject.Tests.Editor.CodeGeneratorTests.TestNamespaceWrapping" methodname="TestNamespaceWrapping" classname="DataToScriptableObject.Tests.Editor.CodeGeneratorTests" runstate="Runnable" seed="1387287124" result="Passed" start-time="2026-02-07 18:18:06Z" end-time="2026-02-07 18:18:06Z" duration="0.000107" asserts="0">
                <properties>
                  <property name="retryIteration" value="0" />
                  <property name="repeatIteration" value="0" />
                </properties>
              </test-case>
              <test-case id="1030" name="TestNestedNamespace" fullname="DataToScriptableObject.Tests.Editor.CodeGeneratorTests.TestNestedNamespace" methodname="TestNestedNamespace" classname="DataToScriptableObject.Tests.Editor.CodeGeneratorTests" runstate="Runnable" seed="1099840372" result="Passed" start-time="2026-02-07 18:18:06Z" end-time="2026-02-07 18:18:06Z" duration="0.000084" asserts="0">
                <properties>
                  <property name="retryIteration" value="0" />
                  <property name="repeatIteration" value="0" />
                </properties>
              </test-case>
              <test-case id="1031" name="TestNoNamespace" fullname="DataToScriptableObject.Tests.Editor.CodeGeneratorTests.TestNoNamespace" methodname="TestNoNamespace" classname="DataToScriptableObject.Tests.Editor.CodeGeneratorTests" runstate="Runnable" seed="1155835897" result="Passed" start-time="2026-02-07 18:18:06Z" end-time="2026-02-07 18:18:06Z" duration="0.000074" asserts="0">
                <properties>
                  <property name="retryIteration" value="0" />
                  <property name="repeatIteration" value="0" />
                </properties>
              </test-case>
              <test-case id="1008" name="TestRangeAttribute" fullname="DataToScriptableObject.Tests.Editor.CodeGeneratorTests.TestRangeAttribute" methodname="TestRangeAttribute" classname="DataToScriptableObject.Tests.Editor.CodeGeneratorTests" runstate="Runnable" seed="1411539007" result="Passed" start-time="2026-02-07 18:18:06Z" end-time="2026-02-07 18:18:06Z" duration="0.000077" asserts="0">
                <properties>
                  <property name="retryIteration" value="0" />
                  <property name="repeatIteration" value="0" />
                </properties>
              </test-case>
              <test-case id="1033" name="TestSerializableAttribute" fullname="DataToScriptableObject.Tests.Editor.CodeGeneratorTests.TestSerializableAttribute" methodname="TestSerializableAttribute" classname="DataToScriptableObject.Tests.Editor.CodeGeneratorTests" runstate="Runnable" seed="1119726645" result="Passed" start-time="2026-02-07 18:18:06Z" end-time="2026-02-07 18:18:06Z" duration="0.000129" asserts="0">
                <properties>
                  <property name="retryIteration" value="0" />
                  <property name="repeatIteration" value="0" />
                </properties>
              </test-case>
              <test-case id="1004" name="TestSerializableClassMode" fullname="DataToScriptableObject.Tests.Editor.CodeGeneratorTests.TestSerializableClassMode" methodname="TestSerializableClassMode" classname="DataToScriptableObject.Tests.Editor.CodeGeneratorTests" runstate="Runnable" seed="1130148657" result="Passed" start-time="2026-02-07 18:18:06Z" end-time="2026-02-07 18:18:06Z" duration="0.000089" asserts="0">
                <properties>
                  <property name="retryIteration" value="0" />
                  <property name="repeatIteration" value="0" />
                </properties>
              </test-case>
              <test-case id="1010" name="TestSerializeFieldMode" fullname="DataToScriptableObject.Tests.Editor.CodeGeneratorTests.TestSerializeFieldMode" methodname="TestSerializeFieldMode" classname="DataToScriptableObject.Tests.Editor.CodeGeneratorTests" runstate="Runnable" seed="1304490291" result="Passed" start-time="2026-02-07 18:18:06Z" end-time="2026-02-07 18:18:06Z" duration="0.000065" asserts="0">
                <properties>
                  <property name="retryIteration" value="0" />
                  <property name="repeatIteration" value="0" />
                </properties>
              </test-case>
              <test-case id="1037" name="TestSerializeFieldWithoutPropertyAccessor" fullname="DataToScriptableObject.Tests.Editor.CodeGeneratorTests.TestSerializeFieldWithoutPropertyAccessor" methodname="TestSerializeFieldWithoutPropertyAccessor" classname="DataToScriptableObject.Tests.Editor.CodeGeneratorTests" runstate="Runnable" seed="274447031" result="Passed" start-time="2026-02-07 18:18:06Z" end-time="2026-02-07 18:18:06Z" duration="0.000096" asserts="0">
                <properties>
                  <property name="retryIteration" value="0" />
                  <property name="repeatIteration" value="0" />
                </properties>
              </test-case>
              <test-case id="1036" name="TestSerializeFieldWithPropertyAccessor" fullname="DataToScriptableObject.Tests.Editor.CodeGeneratorTests.TestSerializeFieldWithPropertyAccessor" methodname="TestSerializeFieldWithPropertyAccessor" classname="DataToScriptableObject.Tests.Editor.CodeGeneratorTests" runstate="Runnable" seed="474414510" result="Passed" start-time="2026-02-07 18:18:06Z" end-time="2026-02-07 18:18:06Z" duration="0.000094" asserts="0">
                <properties>
                  <property name="retryIteration" value="0" />
                  <property name="repeatIteration" value="0" />
                </properties>
              </test-case>
              <test-case id="1039" name="TestSingleColumn" fullname="DataToScriptableObject.Tests.Editor.CodeGeneratorTests.TestSingleColumn" methodname="TestSingleColumn" classname="DataToScriptableObject.Tests.Editor.CodeGeneratorTests" runstate="Runnable" seed="2072349714" result="Passed" start-time="2026-02-07 18:18:06Z" end-time="2026-02-07 18:18:06Z" duration="0.000119" asserts="0">
                <properties>
                  <property name="retryIteration" value="0" />
                  <property name="repeatIteration" value="0" />
                </properties>
              </test-case>
              <test-case id="1020" name="TestSkippedColumns" fullname="DataToScriptableObject.Tests.Editor.CodeGeneratorTests.TestSkippedColumns" methodname="TestSkippedColumns" classname="DataToScriptableObject.Tests.Editor.CodeGeneratorTests" runstate="Runnable" seed="1660440080" result="Passed" start-time="2026-02-07 18:18:06Z" end-time="2026-02-07 18:18:06Z" duration="0.000183" asserts="0">
                <properties>
                  <property name="retryIteration" value="0" />
                  <property name="repeatIteration" value="0" />
                </properties>
              </test-case>
              <test-case id="1022" name="TestStringArray" fullname="DataToScriptableObject.Tests.Editor.CodeGeneratorTests.TestStringArray" methodname="TestStringArray" classname="DataToScriptableObject.Tests.Editor.CodeGeneratorTests" runstate="Runnable" seed="801839400" result="Passed" start-time="2026-02-07 18:18:06Z" end-time="2026-02-07 18:18:06Z" duration="0.000137" asserts="0">
                <properties>
                  <property name="retryIteration" value="0" />
                  <property name="repeatIteration" value="0" />
                </properties>
              </test-case>
              <test-case id="1009" name="TestTooltipAttribute" fullname="DataToScriptableObject.Tests.Editor.CodeGeneratorTests.TestTooltipAttribute" methodname="TestTooltipAttribute" classname="DataToScriptableObject.Tests.Editor.CodeGeneratorTests" runstate="Runnable" seed="1255982394" result="Passed" start-time="2026-02-07 18:18:06Z" end-time="2026-02-07 18:18:06Z" duration="0.000087" asserts="0">
                <properties>
                  <property name="retryIteration" value="0" />
                  <property name="repeatIteration" value="0" />
                </properties>
              </test-case>
              <test-case id="1029" name="TestTooltipDisabled" fullname="DataToScriptableObject.Tests.Editor.CodeGeneratorTests.TestTooltipDisabled" methodname="TestTooltipDisabled" classname="DataToScriptableObject.Tests.Editor.CodeGeneratorTests" runstate="Runnable" seed="41823362" result="Passed" start-time="2026-02-07 18:18:06Z" end-time="2026-02-07 18:18:06Z" duration="0.000112" asserts="0">
                <properties>
                  <property name="retryIteration" value="0" />
                  <property name="repeatIteration" value="0" />
                </properties>
              </test-case>
              <test-case id="1025" name="TestUseListInsteadOfArraySetting" fullname="DataToScriptableObject.Tests.Editor.CodeGeneratorTests.TestUseListInsteadOfArraySetting" methodname="TestUseListInsteadOfArraySetting" classname="DataToScriptableObject.Tests.Editor.CodeGeneratorTests" runstate="Runnable" seed="1916756572" result="Passed" start-time="2026-02-07 18:18:06Z" end-time="2026-02-07 18:18:06Z" duration="0.000110" asserts="0">
                <properties>
                  <property name="retryIteration" value="0" />
                  <property name="repeatIteration" value="0" />
                </properties>
              </test-case>
              <test-case id="1018" name="TestVectorTypes" fullname="DataToScriptableObject.Tests.Editor.CodeGeneratorTests.TestVectorTypes" methodname="TestVectorTypes" classname="DataToScriptableObject.Tests.Editor.CodeGeneratorTests" runstate="Runnable" seed="1545189645" result="Passed" start-time="2026-02-07 18:18:06Z" end-time="2026-02-07 18:18:06Z" duration="0.000153" asserts="0">
                <properties>
                  <property name="retryIteration" value="0" />
                  <property name="repeatIteration" value="0" />
                </properties>
              </test-case>
            </test-suite>
            <test-suite type="TestFixture" id="1041" name="CSVReaderTests" fullname="DataToScriptableObject.Tests.Editor.CSVReaderTests" classname="DataToScriptableObject.Tests.Editor.CSVReaderTests" runstate="Runnable" testcasecount="52" result="Failed" site="Child" start-time="2026-02-07 18:18:06Z" end-time="2026-02-07 18:18:06Z" duration="0.022755" total="52" passed="35" failed="17" inconclusive="0" skipped="0" asserts="0">
              <properties />
              <failure>
                <message><![CDATA[One or more child tests had errors]]></message>
              </failure>
              <test-case id="1045" name="TestAutoDetectComma" fullname="DataToScriptableObject.Tests.Editor.CSVReaderTests.TestAutoDetectComma" methodname="TestAutoDetectComma" classname="DataToScriptableObject.Tests.Editor.CSVReaderTests" runstate="Runnable" seed="981497458" result="Passed" start-time="2026-02-07 18:18:06Z" end-time="2026-02-07 18:18:06Z" duration="0.005295" asserts="0">
                <properties>
                  <property name="retryIteration" value="0" />
                  <property name="repeatIteration" value="0" />
                </properties>
              </test-case>
              <test-case id="1046" name="TestAutoDetectSemicolon" fullname="DataToScriptableObject.Tests.Editor.CSVReaderTests.TestAutoDetectSemicolon" methodname="TestAutoDetectSemicolon" classname="DataToScriptableObject.Tests.Editor.CSVReaderTests" runstate="Runnable" seed="1752691913" result="Passed" start-time="2026-02-07 18:18:06Z" end-time="2026-02-07 18:18:06Z" duration="0.000113" asserts="0">
                <properties>
                  <property name="retryIteration" value="0" />
                  <property name="repeatIteration" value="0" />
                </properties>
              </test-case>
              <test-case id="1076" name="TestAutoDetectTab" fullname="DataToScriptableObject.Tests.Editor.CSVReaderTests.TestAutoDetectTab" methodname="TestAutoDetectTab" classname="DataToScriptableObject.Tests.Editor.CSVReaderTests" runstate="Runnable" seed="1804370937" result="Passed" start-time="2026-02-07 18:18:06Z" end-time="2026-02-07 18:18:06Z" duration="0.000116" asserts="0">
                <properties>
                  <property name="retryIteration" value="0" />
                  <property name="repeatIteration" value="0" />
                </properties>
              </test-case>
              <test-case id="1050" name="TestBOMStripped" fullname="DataToScriptableObject.Tests.Editor.CSVReaderTests.TestBOMStripped" methodname="TestBOMStripped" classname="DataToScriptableObject.Tests.Editor.CSVReaderTests" runstate="Runnable" seed="73022576" result="Passed" start-time="2026-02-07 18:18:06Z" end-time="2026-02-07 18:18:06Z" duration="0.000111" asserts="0">
                <properties>
                  <property name="retryIteration" value="0" />
                  <property name="repeatIteration" value="0" />
                </properties>
              </test-case>
              <test-case id="1051" name="TestCommentLinesSkipped" fullname="DataToScriptableObject.Tests.Editor.CSVReaderTests.TestCommentLinesSkipped" methodname="TestCommentLinesSkipped" classname="DataToScriptableObject.Tests.Editor.CSVReaderTests" runstate="Runnable" seed="482818051" result="Passed" start-time="2026-02-07 18:18:06Z" end-time="2026-02-07 18:18:06Z" duration="0.000074" asserts="0">
                <properties>
                  <property name="retryIteration" value="0" />
                  <property name="repeatIteration" value="0" />
                </properties>
              </test-case>
              <test-case id="1089" name="TestCommentsInterleaved" fullname="DataToScriptableObject.Tests.Editor.CSVReaderTests.TestCommentsInterleaved" methodname="TestCommentsInterleaved" classname="DataToScriptableObject.Tests.Editor.CSVReaderTests" runstate="Runnable" seed="21914327" result="Passed" start-time="2026-02-07 18:18:06Z" end-time="2026-02-07 18:18:06Z" duration="0.000091" asserts="0">
                <properties>
                  <property name="retryIteration" value="0" />
                  <property name="repeatIteration" value="0" />
                </properties>
              </test-case>
              <test-case id="1084" name="TestConsecutiveDelimiters" fullname="DataToScriptableObject.Tests.Editor.CSVReaderTests.TestConsecutiveDelimiters" methodname="TestConsecutiveDelimiters" classname="DataToScriptableObject.Tests.Editor.CSVReaderTests" runstate="Runnable" seed="204395989" result="Passed" start-time="2026-02-07 18:18:06Z" end-time="2026-02-07 18:18:06Z" duration="0.000112" asserts="0">
                <properties>
                  <property name="retryIteration" value="0" />
                  <property name="repeatIteration" value="0" />
                </properties>
              </test-case>
              <test-case id="1073" name="TestDatabaseDirective" fullname="DataToScriptableObject.Tests.Editor.CSVReaderTests.TestDatabaseDirective" methodname="TestDatabaseDirective" classname="DataToScriptableObject.Tests.Editor.CSVReaderTests" runstate="Runnable" seed="1895098704" result="Failed" start-time="2026-02-07 18:18:06Z" end-time="2026-02-07 18:18:06Z" duration="0.003772" asserts="0">
                <properties>
                  <property name="retryIteration" value="0" />
                  <property name="repeatIteration" value="0" />
                </properties>
                <failure>
                  <message><![CDATA[  Expected: 1
  But was:  0
]]></message>
                  <stack-trace><![CDATA[at DataToScriptableObject.Tests.Editor.CSVReaderTests.TestDatabaseDirective () [0x00016] in .\Packages\so-database-converter\Tests\Editor\CSVReaderTests.cs:364
]]></stack-trace>
                </failure>
              </test-case>
              <test-case id="1070" name="TestDirectivePreservation" fullname="DataToScriptableObject.Tests.Editor.CSVReaderTests.TestDirectivePreservation" methodname="TestDirectivePreservation" classname="DataToScriptableObject.Tests.Editor.CSVReaderTests" runstate="Runnable" seed="1765755429" result="Failed" start-time="2026-02-07 18:18:06Z" end-time="2026-02-07 18:18:06Z" duration="0.000211" asserts="0">
                <properties>
                  <property name="retryIteration" value="0" />
                  <property name="repeatIteration" value="0" />
                </properties>
                <failure>
                  <message><![CDATA[  Expected: 1
  But was:  0
]]></message>
                  <stack-trace><![CDATA[at DataToScriptableObject.Tests.Editor.CSVReaderTests.TestDirectivePreservation () [0x00016] in .\Packages\so-database-converter\Tests\Editor\CSVReaderTests.cs:335
]]></stack-trace>
                </failure>
              </test-case>
              <test-case id="1052" name="TestDirectivesParsed" fullname="DataToScriptableObject.Tests.Editor.CSVReaderTests.TestDirectivesParsed" methodname="TestDirectivesParsed" classname="DataToScriptableObject.Tests.Editor.CSVReaderTests" runstate="Runnable" seed="2106095475" result="Failed" start-time="2026-02-07 18:18:06Z" end-time="2026-02-07 18:18:06Z" duration="0.000164" asserts="0">
                <properties>
                  <property name="retryIteration" value="0" />
                  <property name="repeatIteration" value="0" />
                </properties>
                <failure>
                  <message><![CDATA[  Expected: 2
  But was:  0
]]></message>
                  <stack-trace><![CDATA[at DataToScriptableObject.Tests.Editor.CSVReaderTests.TestDirectivesParsed () [0x00016] in .\Packages\so-database-converter\Tests\Editor\CSVReaderTests.cs:122
]]></stack-trace>
                </failure>
              </test-case>
              <test-case id="1075" name="TestDirectivesWithData" fullname="DataToScriptableObject.Tests.Editor.CSVReaderTests.TestDirectivesWithData" methodname="TestDirectivesWithData" classname="DataToScriptableObject.Tests.Editor.CSVReaderTests" runstate="Runnable" seed="260983543" result="Failed" start-time="2026-02-07 18:18:06Z" end-time="2026-02-07 18:18:06Z" duration="0.000164" asserts="0">
                <properties>
                  <property name="retryIteration" value="0" />
                  <property name="repeatIteration" value="0" />
                </properties>
                <failure>
                  <message><![CDATA[  Expected: 3
  But was:  1
]]></message>
                  <stack-trace><![CDATA[at DataToScriptableObject.Tests.Editor.CSVReaderTests.TestDirectivesWithData () [0x00016] in .\Packages\so-database-converter\Tests\Editor\CSVReaderTests.cs:385
]]></stack-trace>
                </failure>
              </test-case>
              <test-case id="1072" name="TestDirectiveVsComment" fullname="DataToScriptableObject.Tests.Editor.CSVReaderTests.TestDirectiveVsComment" methodname="TestDirectiveVsComment" classname="DataToScriptableObject.Tests.Editor.CSVReaderTests" runstate="Runnable" seed="1104192047" result="Passed" start-time="2026-02-07 18:18:06Z" end-time="2026-02-07 18:18:06Z" duration="0.000141" asserts="0">
                <properties>
                  <property name="retryIteration" value="0" />
                  <property name="repeatIteration" value="0" />
                </properties>
              </test-case>
              <test-case id="1065" name="TestDoubleQuoteEscapeSimple" fullname="DataToScriptableObject.Tests.Editor.CSVReaderTests.TestDoubleQuoteEscapeSimple" methodname="TestDoubleQuoteEscapeSimple" classname="DataToScriptableObject.Tests.Editor.CSVReaderTests" runstate="Runnable" seed="733797808" result="Failed" start-time="2026-02-07 18:18:06Z" end-time="2026-02-07 18:18:06Z" duration="0.000164" asserts="0">
                <properties>
                  <property name="retryIteration" value="0" />
                  <property name="repeatIteration" value="0" />
                </properties>
                <failure>
                  <message><![CDATA[  Expected: 1
  But was:  0
]]></message>
                  <stack-trace><![CDATA[at DataToScriptableObject.Tests.Editor.CSVReaderTests.TestDoubleQuoteEscapeSimple () [0x00016] in .\Packages\so-database-converter\Tests\Editor\CSVReaderTests.cs:275
]]></stack-trace>
                </failure>
              </test-case>
              <test-case id="1090" name="TestDoubleSlashComment" fullname="DataToScriptableObject.Tests.Editor.CSVReaderTests.TestDoubleSlashComment" methodname="TestDoubleSlashComment" classname="DataToScriptableObject.Tests.Editor.CSVReaderTests" runstate="Runnable" seed="488916041" result="Passed" start-time="2026-02-07 18:18:06Z" end-time="2026-02-07 18:18:06Z" duration="0.000088" asserts="0">
                <properties>
                  <property name="retryIteration" value="0" />
                  <property name="repeatIteration" value="0" />
                </properties>
              </test-case>
              <test-case id="1092" name="TestEmojisInData" fullname="DataToScriptableObject.Tests.Editor.CSVReaderTests.TestEmojisInData" methodname="TestEmojisInData" classname="DataToScriptableObject.Tests.Editor.CSVReaderTests" runstate="Runnable" seed="511264440" result="Passed" start-time="2026-02-07 18:18:06Z" end-time="2026-02-07 18:18:06Z" duration="0.000166" asserts="0">
                <properties>
                  <property name="retryIteration" value="0" />
                  <property name="repeatIteration" value="0" />
                </properties>
              </test-case>
              <test-case id="1053" name="TestEmptyFile" fullname="DataToScriptableObject.Tests.Editor.CSVReaderTests.TestEmptyFile" methodname="TestEmptyFile" classname="DataToScriptableObject.Tests.Editor.CSVReaderTests" runstate="Runnable" seed="787540426" result="Passed" start-time="2026-02-07 18:18:06Z" end-time="2026-02-07 18:18:06Z" duration="0.000179" asserts="0">
                <properties>
                  <property name="retryIteration" value="0" />
                  <property name="repeatIteration" value="0" />
                </properties>
              </test-case>
              <test-case id="1067" name="TestEmptyQuotedField" fullname="DataToScriptableObject.Tests.Editor.CSVReaderTests.TestEmptyQuotedField" methodname="TestEmptyQuotedField" classname="DataToScriptableObject.Tests.Editor.CSVReaderTests" runstate="Runnable" seed="199510805" result="Passed" start-time="2026-02-07 18:18:06Z" end-time="2026-02-07 18:18:06Z" duration="0.000134" asserts="0">
                <properties>
                  <property name="retryIteration" value="0" />
                  <property name="repeatIteration" value="0" />
                </properties>
              </test-case>
              <test-case id="1057" name="TestEmptyRowsSkipped" fullname="DataToScriptableObject.Tests.Editor.CSVReaderTests.TestEmptyRowsSkipped" methodname="TestEmptyRowsSkipped" classname="DataToScriptableObject.Tests.Editor.CSVReaderTests" runstate="Runnable" seed="579390832" result="Passed" start-time="2026-02-07 18:18:06Z" end-time="2026-02-07 18:18:06Z" duration="0.000084" asserts="0">
                <properties>
                  <property name="retryIteration" value="0" />
                  <property name="repeatIteration" value="0" />
                </properties>
              </test-case>
              <test-case id="1049" name="TestEscapedDoubleQuotes" fullname="DataToScriptableObject.Tests.Editor.CSVReaderTests.TestEscapedDoubleQuotes" methodname="TestEscapedDoubleQuotes" classname="DataToScriptableObject.Tests.Editor.CSVReaderTests" runstate="Runnable" seed="1449414738" result="Failed" start-time="2026-02-07 18:18:06Z" end-time="2026-02-07 18:18:06Z" duration="0.000149" asserts="0">
                <properties>
                  <property name="retryIteration" value="0" />
                  <property name="repeatIteration" value="0" />
                </properties>
                <failure>
                  <message><![CDATA[  Expected: 1
  But was:  0
]]></message>
                  <stack-trace><![CDATA[at DataToScriptableObject.Tests.Editor.CSVReaderTests.TestEscapedDoubleQuotes () [0x00016] in .\Packages\so-database-converter\Tests\Editor\CSVReaderTests.cs:92
]]></stack-trace>
                </failure>
              </test-case>
              <test-case id="1077" name="TestExplicitTabDelimiter" fullname="DataToScriptableObject.Tests.Editor.CSVReaderTests.TestExplicitTabDelimiter" methodname="TestExplicitTabDelimiter" classname="DataToScriptableObject.Tests.Editor.CSVReaderTests" runstate="Runnable" seed="529911739" result="Failed" start-time="2026-02-07 18:18:06Z" end-time="2026-02-07 18:18:06Z" duration="0.000747" asserts="0">
                <properties>
                  <property name="retryIteration" value="0" />
                  <property name="repeatIteration" value="0" />
                </properties>
                <failure>
                  <message><![CDATA[  Expected string length 1 but was 0. Strings differ at index 0.
  Expected: "a"
  But was:  <string.Empty>
  -----------^
]]></message>
                  <stack-trace><![CDATA[at DataToScriptableObject.Tests.Editor.CSVReaderTests.TestExplicitTabDelimiter () [0x0002e] in .\Packages\so-database-converter\Tests\Editor\CSVReaderTests.cs:410
]]></stack-trace>
                </failure>
              </test-case>
              <test-case id="1082" name="TestExtraColumnsInData" fullname="DataToScriptableObject.Tests.Editor.CSVReaderTests.TestExtraColumnsInData" methodname="TestExtraColumnsInData" classname="DataToScriptableObject.Tests.Editor.CSVReaderTests" runstate="Runnable" seed="2125183654" result="Passed" start-time="2026-02-07 18:18:06Z" end-time="2026-02-07 18:18:06Z" duration="0.000139" asserts="0">
                <properties>
                  <property name="retryIteration" value="0" />
                  <property name="repeatIteration" value="0" />
                </properties>
              </test-case>
              <test-case id="1083" name="TestFewerColumnsInData" fullname="DataToScriptableObject.Tests.Editor.CSVReaderTests.TestFewerColumnsInData" methodname="TestFewerColumnsInData" classname="DataToScriptableObject.Tests.Editor.CSVReaderTests" runstate="Runnable" seed="412838300" result="Passed" start-time="2026-02-07 18:18:06Z" end-time="2026-02-07 18:18:06Z" duration="0.000112" asserts="0">
                <properties>
                  <property name="retryIteration" value="0" />
                  <property name="repeatIteration" value="0" />
                </properties>
              </test-case>
              <test-case id="1058" name="TestHeaderCount" fullname="DataToScriptableObject.Tests.Editor.CSVReaderTests.TestHeaderCount" methodname="TestHeaderCount" classname="DataToScriptableObject.Tests.Editor.CSVReaderTests" runstate="Runnable" seed="250775848" result="Passed" start-time="2026-02-07 18:18:06Z" end-time="2026-02-07 18:18:06Z" duration="0.000080" asserts="0">
                <properties>
                  <property name="retryIteration" value="0" />
                  <property name="repeatIteration" value="0" />
                </properties>
              </test-case>
              <test-case id="1059" name="TestHeaderFirstValue" fullname="DataToScriptableObject.Tests.Editor.CSVReaderTests.TestHeaderFirstValue" methodname="TestHeaderFirstValue" classname="DataToScriptableObject.Tests.Editor.CSVReaderTests" runstate="Runnable" seed="179400462" result="Failed" start-time="2026-02-07 18:18:06Z" end-time="2026-02-07 18:18:06Z" duration="0.000154" asserts="0">
                <properties>
                  <property name="retryIteration" value="0" />
                  <property name="repeatIteration" value="0" />
                </properties>
                <failure>
                  <message><![CDATA[  First header should be 'first'
  Expected string length 5 but was 4. Strings differ at index 0.
  Expected: "first"
  But was:  "irst"
  -----------^
]]></message>
                  <stack-trace><![CDATA[at DataToScriptableObject.Tests.Editor.CSVReaderTests.TestHeaderFirstValue () [0x00016] in .\Packages\so-database-converter\Tests\Editor\CSVReaderTests.cs:198
]]></stack-trace>
                </failure>
              </test-case>
              <test-case id="1086" name="TestLeadingWhitespaceInCells" fullname="DataToScriptableObject.Tests.Editor.CSVReaderTests.TestLeadingWhitespaceInCells" methodname="TestLeadingWhitespaceInCells" classname="DataToScriptableObject.Tests.Editor.CSVReaderTests" runstate="Runnable" seed="596313270" result="Passed" start-time="2026-02-07 18:18:06Z" end-time="2026-02-07 18:18:06Z" duration="0.000085" asserts="0">
                <properties>
                  <property name="retryIteration" value="0" />
                  <property name="repeatIteration" value="0" />
                </properties>
              </test-case>
              <test-case id="1056" name="TestMacLineEndings" fullname="DataToScriptableObject.Tests.Editor.CSVReaderTests.TestMacLineEndings" methodname="TestMacLineEndings" classname="DataToScriptableObject.Tests.Editor.CSVReaderTests" runstate="Runnable" seed="154540163" result="Passed" start-time="2026-02-07 18:18:06Z" end-time="2026-02-07 18:18:06Z" duration="0.000056" asserts="0">
                <properties>
                  <property name="retryIteration" value="0" />
                  <property name="repeatIteration" value="0" />
                </properties>
              </test-case>
              <test-case id="1054" name="TestMismatchedColumns" fullname="DataToScriptableObject.Tests.Editor.CSVReaderTests.TestMismatchedColumns" methodname="TestMismatchedColumns" classname="DataToScriptableObject.Tests.Editor.CSVReaderTests" runstate="Runnable" seed="1658561009" result="Passed" start-time="2026-02-07 18:18:06Z" end-time="2026-02-07 18:18:06Z" duration="0.000058" asserts="0">
                <properties>
                  <property name="retryIteration" value="0" />
                  <property name="repeatIteration" value="0" />
                </properties>
              </test-case>
              <test-case id="1087" name="TestMixedLineEndings" fullname="DataToScriptableObject.Tests.Editor.CSVReaderTests.TestMixedLineEndings" methodname="TestMixedLineEndings" classname="DataToScriptableObject.Tests.Editor.CSVReaderTests" runstate="Runnable" seed="204869822" result="Passed" start-time="2026-02-07 18:18:06Z" end-time="2026-02-07 18:18:06Z" duration="0.000069" asserts="0">
                <properties>
                  <property name="retryIteration" value="0" />
                  <property name="repeatIteration" value="0" />
                </properties>
              </test-case>
              <test-case id="1066" name="TestMixedQuotedAndUnquoted" fullname="DataToScriptableObject.Tests.Editor.CSVReaderTests.TestMixedQuotedAndUnquoted" methodname="TestMixedQuotedAndUnquoted" classname="DataToScriptableObject.Tests.Editor.CSVReaderTests" runstate="Runnable" seed="1116526119" result="Passed" start-time="2026-02-07 18:18:06Z" end-time="2026-02-07 18:18:06Z" duration="0.000096" asserts="0">
                <properties>
                  <property name="retryIteration" value="0" />
                  <property name="repeatIteration" value="0" />
                </properties>
              </test-case>
              <test-case id="1068" name="TestMultilineQuotedField" fullname="DataToScriptableObject.Tests.Editor.CSVReaderTests.TestMultilineQuotedField" methodname="TestMultilineQuotedField" classname="DataToScriptableObject.Tests.Editor.CSVReaderTests" runstate="Runnable" seed="1464661673" result="Passed" start-time="2026-02-07 18:18:06Z" end-time="2026-02-07 18:18:06Z" duration="0.000085" asserts="0">
                <properties>
                  <property name="retryIteration" value="0" />
                  <property name="repeatIteration" value="0" />
                </properties>
              </test-case>
              <test-case id="1071" name="TestMultipleDirectives" fullname="DataToScriptableObject.Tests.Editor.CSVReaderTests.TestMultipleDirectives" methodname="TestMultipleDirectives" classname="DataToScriptableObject.Tests.Editor.CSVReaderTests" runstate="Runnable" seed="1003796984" result="Failed" start-time="2026-02-07 18:18:06Z" end-time="2026-02-07 18:18:06Z" duration="0.000147" asserts="0">
                <properties>
                  <property name="retryIteration" value="0" />
                  <property name="repeatIteration" value="0" />
                </properties>
                <failure>
                  <message><![CDATA[  Expected: 2
  But was:  0
]]></message>
                  <stack-trace><![CDATA[at DataToScriptableObject.Tests.Editor.CSVReaderTests.TestMultipleDirectives () [0x00016] in .\Packages\so-database-converter\Tests\Editor\CSVReaderTests.cs:345
]]></stack-trace>
                </failure>
              </test-case>
              <test-case id="1074" name="TestNamespaceDirective" fullname="DataToScriptableObject.Tests.Editor.CSVReaderTests.TestNamespaceDirective" methodname="TestNamespaceDirective" classname="DataToScriptableObject.Tests.Editor.CSVReaderTests" runstate="Runnable" seed="2065136462" result="Failed" start-time="2026-02-07 18:18:06Z" end-time="2026-02-07 18:18:06Z" duration="0.000163" asserts="0">
                <properties>
                  <property name="retryIteration" value="0" />
                  <property name="repeatIteration" value="0" />
                </properties>
                <failure>
                  <message><![CDATA[  Expected: 1
  But was:  0
]]></message>
                  <stack-trace><![CDATA[at DataToScriptableObject.Tests.Editor.CSVReaderTests.TestNamespaceDirective () [0x00016] in .\Packages\so-database-converter\Tests\Editor\CSVReaderTests.cs:374
]]></stack-trace>
                </failure>
              </test-case>
              <test-case id="1079" name="TestNullInput" fullname="DataToScriptableObject.Tests.Editor.CSVReaderTests.TestNullInput" methodname="TestNullInput" classname="DataToScriptableObject.Tests.Editor.CSVReaderTests" runstate="Runnable" seed="2090690730" result="Passed" start-time="2026-02-07 18:18:06Z" end-time="2026-02-07 18:18:06Z" duration="0.000140" asserts="0">
                <properties>
                  <property name="retryIteration" value="0" />
                  <property name="repeatIteration" value="0" />
                </properties>
              </test-case>
              <test-case id="1088" name="TestOnlyComments" fullname="DataToScriptableObject.Tests.Editor.CSVReaderTests.TestOnlyComments" methodname="TestOnlyComments" classname="DataToScriptableObject.Tests.Editor.CSVReaderTests" runstate="Runnable" seed="347566952" result="Failed" start-time="2026-02-07 18:18:06Z" end-time="2026-02-07 18:18:06Z" duration="0.000164" asserts="0">
                <properties>
                  <property name="retryIteration" value="0" />
                  <property name="repeatIteration" value="0" />
                </properties>
                <failure>
                  <message><![CDATA[  Expected: 0
  But was:  1
]]></message>
                  <stack-trace><![CDATA[at DataToScriptableObject.Tests.Editor.CSVReaderTests.TestOnlyComments () [0x00016] in .\Packages\so-database-converter\Tests\Editor\CSVReaderTests.cs:529
]]></stack-trace>
                </failure>
              </test-case>
              <test-case id="1081" name="TestOnlyHeaderNoData" fullname="DataToScriptableObject.Tests.Editor.CSVReaderTests.TestOnlyHeaderNoData" methodname="TestOnlyHeaderNoData" classname="DataToScriptableObject.Tests.Editor.CSVReaderTests" runstate="Runnable" seed="973821811" result="Passed" start-time="2026-02-07 18:18:06Z" end-time="2026-02-07 18:18:06Z" duration="0.000089" asserts="0">
                <properties>
                  <property name="retryIteration" value="0" />
                  <property name="repeatIteration" value="0" />
                </properties>
              </test-case>
              <test-case id="1042" name="TestParseBasicCSV" fullname="DataToScriptableObject.Tests.Editor.CSVReaderTests.TestParseBasicCSV" methodname="TestParseBasicCSV" classname="DataToScriptableObject.Tests.Editor.CSVReaderTests" runstate="Runnable" seed="899225143" result="Failed" start-time="2026-02-07 18:18:06Z" end-time="2026-02-07 18:18:06Z" duration="0.000160" asserts="0">
                <properties>
                  <property name="retryIteration" value="0" />
                  <property name="repeatIteration" value="0" />
                </properties>
                <failure>
                  <message><![CDATA[  Expected string length 1 but was 0. Strings differ at index 0.
  Expected: "a"
  But was:  <string.Empty>
  -----------^
]]></message>
                  <stack-trace><![CDATA[at DataToScriptableObject.Tests.Editor.CSVReaderTests.TestParseBasicCSV () [0x0002e] in .\Packages\so-database-converter\Tests\Editor\CSVReaderTests.cs:16
]]></stack-trace>
                </failure>
              </test-case>
              <test-case id="1043" name="TestParseSemicolonDelimiter" fullname="DataToScriptableObject.Tests.Editor.CSVReaderTests.TestParseSemicolonDelimiter" methodname="TestParseSemicolonDelimiter" classname="DataToScriptableObject.Tests.Editor.CSVReaderTests" runstate="Runnable" seed="2128493813" result="Passed" start-time="2026-02-07 18:18:06Z" end-time="2026-02-07 18:18:06Z" duration="0.000084" asserts="0">
                <properties>
                  <property name="retryIteration" value="0" />
                  <property name="repeatIteration" value="0" />
                </properties>
              </test-case>
              <test-case id="1044" name="TestParseTabDelimiter" fullname="DataToScriptableObject.Tests.Editor.CSVReaderTests.TestParseTabDelimiter" methodname="TestParseTabDelimiter" classname="DataToScriptableObject.Tests.Editor.CSVReaderTests" runstate="Runnable" seed="642704303" result="Passed" start-time="2026-02-07 18:18:06Z" end-time="2026-02-07 18:18:06Z" duration="0.000060" asserts="0">
                <properties>
                  <property name="retryIteration" value="0" />
                  <property name="repeatIteration" value="0" />
                </properties>
              </test-case>
              <test-case id="1078" name="TestPipeDelimiter" fullname="DataToScriptableObject.Tests.Editor.CSVReaderTests.TestPipeDelimiter" methodname="TestPipeDelimiter" classname="DataToScriptableObject.Tests.Editor.CSVReaderTests" runstate="Runnable" seed="1298024743" result="Passed" start-time="2026-02-07 18:18:06Z" end-time="2026-02-07 18:18:06Z" duration="0.000072" asserts="0">
                <properties>
                  <property name="retryIteration" value="0" />
                  <property name="repeatIteration" value="0" />
                </properties>
              </test-case>
              <test-case id="1064" name="TestQuotedFieldPreservesWhitespace" fullname="DataToScriptableObject.Tests.Editor.CSVReaderTests.TestQuotedFieldPreservesWhitespace" methodname="TestQuotedFieldPreservesWhitespace" classname="DataToScriptableObject.Tests.Editor.CSVReaderTests" runstate="Runnable" seed="12383450" result="Failed" start-time="2026-02-07 18:18:06Z" end-time="2026-02-07 18:18:06Z" duration="0.000136" asserts="0">
                <properties>
                  <property name="retryIteration" value="0" />
                  <property name="repeatIteration" value="0" />
                </properties>
                <failure>
                  <message><![CDATA[  Expected: 1
  But was:  0
]]></message>
                  <stack-trace><![CDATA[at DataToScriptableObject.Tests.Editor.CSVReaderTests.TestQuotedFieldPreservesWhitespace () [0x00016] in .\Packages\so-database-converter\Tests\Editor\CSVReaderTests.cs:263
]]></stack-trace>
                </failure>
              </test-case>
              <test-case id="1047" name="TestQuotedFieldWithComma" fullname="DataToScriptableObject.Tests.Editor.CSVReaderTests.TestQuotedFieldWithComma" methodname="TestQuotedFieldWithComma" classname="DataToScriptableObject.Tests.Editor.CSVReaderTests" runstate="Runnable" seed="1720498467" result="Passed" start-time="2026-02-07 18:18:06Z" end-time="2026-02-07 18:18:06Z" duration="0.000067" asserts="0">
                <properties>
                  <property name="retryIteration" value="0" />
                  <property name="repeatIteration" value="0" />
                </properties>
              </test-case>
              <test-case id="1048" name="TestQuotedFieldWithNewline" fullname="DataToScriptableObject.Tests.Editor.CSVReaderTests.TestQuotedFieldWithNewline" methodname="TestQuotedFieldWithNewline" classname="DataToScriptableObject.Tests.Editor.CSVReaderTests" runstate="Runnable" seed="744127693" result="Passed" start-time="2026-02-07 18:18:06Z" end-time="2026-02-07 18:18:06Z" duration="0.000057" asserts="0">
                <properties>
                  <property name="retryIteration" value="0" />
                  <property name="repeatIteration" value="0" />
                </properties>
              </test-case>
              <test-case id="1063" name="TestSimpleQuotedField" fullname="DataToScriptableObject.Tests.Editor.CSVReaderTests.TestSimpleQuotedField" methodname="TestSimpleQuotedField" classname="DataToScriptableObject.Tests.Editor.CSVReaderTests" runstate="Runnable" seed="1425052224" result="Failed" start-time="2026-02-07 18:18:06Z" end-time="2026-02-07 18:18:06Z" duration="0.000160" asserts="0">
                <properties>
                  <property name="retryIteration" value="0" />
                  <property name="repeatIteration" value="0" />
                </properties>
                <failure>
                  <message><![CDATA[  Should have 1 data row
  Expected: 1
  But was:  0
]]></message>
                  <stack-trace><![CDATA[at DataToScriptableObject.Tests.Editor.CSVReaderTests.TestSimpleQuotedField () [0x00016] in .\Packages\so-database-converter\Tests\Editor\CSVReaderTests.cs:253
]]></stack-trace>
                </failure>
              </test-case>
              <test-case id="1060" name="TestSingleColumnCSV" fullname="DataToScriptableObject.Tests.Editor.CSVReaderTests.TestSingleColumnCSV" methodname="TestSingleColumnCSV" classname="DataToScriptableObject.Tests.Editor.CSVReaderTests" runstate="Runnable" seed="619866439" result="Failed" start-time="2026-02-07 18:18:06Z" end-time="2026-02-07 18:18:06Z" duration="0.000172" asserts="0">
                <properties>
                  <property name="retryIteration" value="0" />
                  <property name="repeatIteration" value="0" />
                </properties>
                <failure>
                  <message><![CDATA[  Expected string length 6 but was 5. Strings differ at index 0.
  Expected: "header"
  But was:  "eader"
  -----------^
]]></message>
                  <stack-trace><![CDATA[at DataToScriptableObject.Tests.Editor.CSVReaderTests.TestSingleColumnCSV () [0x0002e] in .\Packages\so-database-converter\Tests\Editor\CSVReaderTests.cs:209
]]></stack-trace>
                </failure>
              </test-case>
              <test-case id="1069" name="TestSingleDirective" fullname="DataToScriptableObject.Tests.Editor.CSVReaderTests.TestSingleDirective" methodname="TestSingleDirective" classname="DataToScriptableObject.Tests.Editor.CSVReaderTests" runstate="Runnable" seed="1829161490" result="Failed" start-time="2026-02-07 18:18:06Z" end-time="2026-02-07 18:18:06Z" duration="0.000192" asserts="0">
                <properties>
                  <property name="retryIteration" value="0" />
                  <property name="repeatIteration" value="0" />
                </properties>
                <failure>
                  <message><![CDATA[  Should have 1 directive
  Expected: 1
  But was:  0
]]></message>
                  <stack-trace><![CDATA[at DataToScriptableObject.Tests.Editor.CSVReaderTests.TestSingleDirective () [0x00016] in .\Packages\so-database-converter\Tests\Editor\CSVReaderTests.cs:324
]]></stack-trace>
                </failure>
              </test-case>
              <test-case id="1093" name="TestSpecialCharactersUnquoted" fullname="DataToScriptableObject.Tests.Editor.CSVReaderTests.TestSpecialCharactersUnquoted" methodname="TestSpecialCharactersUnquoted" classname="DataToScriptableObject.Tests.Editor.CSVReaderTests" runstate="Runnable" seed="1770044459" result="Passed" start-time="2026-02-07 18:18:06Z" end-time="2026-02-07 18:18:06Z" duration="0.000085" asserts="0">
                <properties>
                  <property name="retryIteration" value="0" />
                  <property name="repeatIteration" value="0" />
                </properties>
              </test-case>
              <test-case id="1062" name="TestThreeRowHeaderMode" fullname="DataToScriptableObject.Tests.Editor.CSVReaderTests.TestThreeRowHeaderMode" methodname="TestThreeRowHeaderMode" classname="DataToScriptableObject.Tests.Editor.CSVReaderTests" runstate="Runnable" seed="901913177" result="Passed" start-time="2026-02-07 18:18:06Z" end-time="2026-02-07 18:18:06Z" duration="0.001055" asserts="0">
                <properties>
                  <property name="retryIteration" value="0" />
                  <property name="repeatIteration" value="0" />
                </properties>
              </test-case>
              <test-case id="1085" name="TestTrailingComma" fullname="DataToScriptableObject.Tests.Editor.CSVReaderTests.TestTrailingComma" methodname="TestTrailingComma" classname="DataToScriptableObject.Tests.Editor.CSVReaderTests" runstate="Runnable" seed="1369456343" result="Passed" start-time="2026-02-07 18:18:06Z" end-time="2026-02-07 18:18:06Z" duration="0.000123" asserts="0">
                <properties>
                  <property name="retryIteration" value="0" />
                  <property name="repeatIteration" value="0" />
                </properties>
              </test-case>
              <test-case id="1061" name="TestTwoRowHeaderMode" fullname="DataToScriptableObject.Tests.Editor.CSVReaderTests.TestTwoRowHeaderMode" methodname="TestTwoRowHeaderMode" classname="DataToScriptableObject.Tests.Editor.CSVReaderTests" runstate="Runnable" seed="28501790" result="Failed" start-time="2026-02-07 18:18:06Z" end-time="2026-02-07 18:18:06Z" duration="0.000190" asserts="0">
                <properties>
                  <property name="retryIteration" value="0" />
                  <property name="repeatIteration" value="0" />
                </properties>
                <failure>
                  <message><![CDATA[  Expected string length 4 but was 3. Strings differ at index 0.
  Expected: "name"
  But was:  "ame"
  -----------^
]]></message>
                  <stack-trace><![CDATA[at DataToScriptableObject.Tests.Editor.CSVReaderTests.TestTwoRowHeaderMode () [0x0002e] in .\Packages\so-database-converter\Tests\Editor\CSVReaderTests.cs:221
]]></stack-trace>
                </failure>
              </test-case>
              <test-case id="1091" name="TestUnicodeInData" fullname="DataToScriptableObject.Tests.Editor.CSVReaderTests.TestUnicodeInData" methodname="TestUnicodeInData" classname="DataToScriptableObject.Tests.Editor.CSVReaderTests" runstate="Runnable" seed="1856016525" result="Passed" start-time="2026-02-07 18:18:06Z" end-time="2026-02-07 18:18:06Z" duration="0.000107" asserts="0">
                <properties>
                  <property name="retryIteration" value="0" />
                  <property name="repeatIteration" value="0" />
                </properties>
              </test-case>
              <test-case id="1080" name="TestWhitespaceOnlyInput" fullname="DataToScriptableObject.Tests.Editor.CSVReaderTests.TestWhitespaceOnlyInput" methodname="TestWhitespaceOnlyInput" classname="DataToScriptableObject.Tests.Editor.CSVReaderTests" runstate="Runnable" seed="1240697006" result="Passed" start-time="2026-02-07 18:18:06Z" end-time="2026-02-07 18:18:06Z" duration="0.000081" asserts="0">
                <properties>
                  <property name="retryIteration" value="0" />
                  <property name="repeatIteration" value="0" />
                </properties>
              </test-case>
              <test-case id="1055" name="TestWindowsLineEndings" fullname="DataToScriptableObject.Tests.Editor.CSVReaderTests.TestWindowsLineEndings" methodname="TestWindowsLineEndings" classname="DataToScriptableObject.Tests.Editor.CSVReaderTests" runstate="Runnable" seed="539854052" result="Passed" start-time="2026-02-07 18:18:06Z" end-time="2026-02-07 18:18:06Z" duration="0.000054" asserts="0">
                <properties>
                  <property name="retryIteration" value="0" />
                  <property name="repeatIteration" value="0" />
                </properties>
              </test-case>
            </test-suite>
            <test-suite type="TestFixture" id="1094" name="GoogleSheetsURLParserTests" fullname="DataToScriptableObject.Tests.Editor.GoogleSheetsURLParserTests" classname="DataToScriptableObject.Tests.Editor.GoogleSheetsURLParserTests" runstate="Runnable" testcasecount="30" result="Failed" site="Child" start-time="2026-02-07 18:18:06Z" end-time="2026-02-07 18:18:06Z" duration="0.008860" total="30" passed="29" failed="1" inconclusive="0" skipped="0" asserts="0">
              <properties />
              <failure>
                <message><![CDATA[One or more child tests had errors]]></message>
              </failure>
              <test-case id="1105" name="TestBuildExportURL" fullname="DataToScriptableObject.Tests.Editor.GoogleSheetsURLParserTests.TestBuildExportURL" methodname="TestBuildExportURL" classname="DataToScriptableObject.Tests.Editor.GoogleSheetsURLParserTests" runstate="Runnable" seed="1061022546" result="Passed" start-time="2026-02-07 18:18:06Z" end-time="2026-02-07 18:18:06Z" duration="0.000374" asserts="0">
                <properties>
                  <property name="retryIteration" value="0" />
                  <property name="repeatIteration" value="0" />
                </properties>
              </test-case>
              <test-case id="1124" name="TestBuildExportURLGidZero" fullname="DataToScriptableObject.Tests.Editor.GoogleSheetsURLParserTests.TestBuildExportURLGidZero" methodname="TestBuildExportURLGidZero" classname="DataToScriptableObject.Tests.Editor.GoogleSheetsURLParserTests" runstate="Runnable" seed="1525977503" result="Passed" start-time="2026-02-07 18:18:06Z" end-time="2026-02-07 18:18:06Z" duration="0.000104" asserts="0">
                <properties>
                  <property name="retryIteration" value="0" />
                  <property name="repeatIteration" value="0" />
                </properties>
              </test-case>
              <test-case id="1123" name="TestBuildExportURLWithGid" fullname="DataToScriptableObject.Tests.Editor.GoogleSheetsURLParserTests.TestBuildExportURLWithGid" methodname="TestBuildExportURLWithGid" classname="DataToScriptableObject.Tests.Editor.GoogleSheetsURLParserTests" runstate="Runnable" seed="693445053" result="Passed" start-time="2026-02-07 18:18:06Z" end-time="2026-02-07 18:18:06Z" duration="0.000071" asserts="0">
                <properties>
                  <property name="retryIteration" value="0" />
                  <property name="repeatIteration" value="0" />
                </properties>
              </test-case>
              <test-case id="1103" name="TestEmptyString" fullname="DataToScriptableObject.Tests.Editor.GoogleSheetsURLParserTests.TestEmptyString" methodname="TestEmptyString" classname="DataToScriptableObject.Tests.Editor.GoogleSheetsURLParserTests" runstate="Runnable" seed="1059947995" result="Passed" start-time="2026-02-07 18:18:06Z" end-time="2026-02-07 18:18:06Z" duration="0.000209" asserts="0">
                <properties>
                  <property name="retryIteration" value="0" />
                  <property name="repeatIteration" value="0" />
                </properties>
              </test-case>
              <test-case id="1112" name="TestGidLargeNumber" fullname="DataToScriptableObject.Tests.Editor.GoogleSheetsURLParserTests.TestGidLargeNumber" methodname="TestGidLargeNumber" classname="DataToScriptableObject.Tests.Editor.GoogleSheetsURLParserTests" runstate="Runnable" seed="1253026251" result="Passed" start-time="2026-02-07 18:18:06Z" end-time="2026-02-07 18:18:06Z" duration="0.000096" asserts="0">
                <properties>
                  <property name="retryIteration" value="0" />
                  <property name="repeatIteration" value="0" />
                </properties>
              </test-case>
              <test-case id="1111" name="TestGidZero" fullname="DataToScriptableObject.Tests.Editor.GoogleSheetsURLParserTests.TestGidZero" methodname="TestGidZero" classname="DataToScriptableObject.Tests.Editor.GoogleSheetsURLParserTests" runstate="Runnable" seed="841296470" result="Passed" start-time="2026-02-07 18:18:06Z" end-time="2026-02-07 18:18:06Z" duration="0.000071" asserts="0">
                <properties>
                  <property name="retryIteration" value="0" />
                  <property name="repeatIteration" value="0" />
                </properties>
              </test-case>
              <test-case id="1114" name="TestInvalidDomain" fullname="DataToScriptableObject.Tests.Editor.GoogleSheetsURLParserTests.TestInvalidDomain" methodname="TestInvalidDomain" classname="DataToScriptableObject.Tests.Editor.GoogleSheetsURLParserTests" runstate="Runnable" seed="1425169382" result="Passed" start-time="2026-02-07 18:18:06Z" end-time="2026-02-07 18:18:06Z" duration="0.000065" asserts="0">
                <properties>
                  <property name="retryIteration" value="0" />
                  <property name="repeatIteration" value="0" />
                </properties>
              </test-case>
              <test-case id="1102" name="TestInvalidURL" fullname="DataToScriptableObject.Tests.Editor.GoogleSheetsURLParserTests.TestInvalidURL" methodname="TestInvalidURL" classname="DataToScriptableObject.Tests.Editor.GoogleSheetsURLParserTests" runstate="Runnable" seed="1558084845" result="Passed" start-time="2026-02-07 18:18:06Z" end-time="2026-02-07 18:18:06Z" duration="0.000054" asserts="0">
                <properties>
                  <property name="retryIteration" value="0" />
                  <property name="repeatIteration" value="0" />
                </properties>
              </test-case>
              <test-case id="1117" name="TestMalformedURL" fullname="DataToScriptableObject.Tests.Editor.GoogleSheetsURLParserTests.TestMalformedURL" methodname="TestMalformedURL" classname="DataToScriptableObject.Tests.Editor.GoogleSheetsURLParserTests" runstate="Runnable" seed="1747536193" result="Passed" start-time="2026-02-07 18:18:06Z" end-time="2026-02-07 18:18:06Z" duration="0.000059" asserts="0">
                <properties>
                  <property name="retryIteration" value="0" />
                  <property name="repeatIteration" value="0" />
                </properties>
              </test-case>
              <test-case id="1115" name="TestMissingSpreadsheetId" fullname="DataToScriptableObject.Tests.Editor.GoogleSheetsURLParserTests.TestMissingSpreadsheetId" methodname="TestMissingSpreadsheetId" classname="DataToScriptableObject.Tests.Editor.GoogleSheetsURLParserTests" runstate="Runnable" seed="728665705" result="Passed" start-time="2026-02-07 18:18:06Z" end-time="2026-02-07 18:18:06Z" duration="0.000160" asserts="0">
                <properties>
                  <property name="retryIteration" value="0" />
                  <property name="repeatIteration" value="0" />
                </properties>
              </test-case>
              <test-case id="1113" name="TestNoGidDefaultsToZero" fullname="DataToScriptableObject.Tests.Editor.GoogleSheetsURLParserTests.TestNoGidDefaultsToZero" methodname="TestNoGidDefaultsToZero" classname="DataToScriptableObject.Tests.Editor.GoogleSheetsURLParserTests" runstate="Runnable" seed="1059931497" result="Passed" start-time="2026-02-07 18:18:06Z" end-time="2026-02-07 18:18:06Z" duration="0.000122" asserts="0">
                <properties>
                  <property name="retryIteration" value="0" />
                  <property name="repeatIteration" value="0" />
                </properties>
              </test-case>
              <test-case id="1116" name="TestNotHttps" fullname="DataToScriptableObject.Tests.Editor.GoogleSheetsURLParserTests.TestNotHttps" methodname="TestNotHttps" classname="DataToScriptableObject.Tests.Editor.GoogleSheetsURLParserTests" runstate="Runnable" seed="1936876882" result="Passed" start-time="2026-02-07 18:18:06Z" end-time="2026-02-07 18:18:06Z" duration="0.000075" asserts="0">
                <properties>
                  <property name="retryIteration" value="0" />
                  <property name="repeatIteration" value="0" />
                </properties>
              </test-case>
              <test-case id="1104" name="TestNullString" fullname="DataToScriptableObject.Tests.Editor.GoogleSheetsURLParserTests.TestNullString" methodname="TestNullString" classname="DataToScriptableObject.Tests.Editor.GoogleSheetsURLParserTests" runstate="Runnable" seed="1840852514" result="Passed" start-time="2026-02-07 18:18:06Z" end-time="2026-02-07 18:18:06Z" duration="0.000055" asserts="0">
                <properties>
                  <property name="retryIteration" value="0" />
                  <property name="repeatIteration" value="0" />
                </properties>
              </test-case>
              <test-case id="1110" name="TestParseCopyFormat" fullname="DataToScriptableObject.Tests.Editor.GoogleSheetsURLParserTests.TestParseCopyFormat" methodname="TestParseCopyFormat" classname="DataToScriptableObject.Tests.Editor.GoogleSheetsURLParserTests" runstate="Runnable" seed="1665981815" result="Passed" start-time="2026-02-07 18:18:06Z" end-time="2026-02-07 18:18:06Z" duration="0.000073" asserts="0">
                <properties>
                  <property name="retryIteration" value="0" />
                  <property name="repeatIteration" value="0" />
                </properties>
              </test-case>
              <test-case id="1095" name="TestParseEditURL" fullname="DataToScriptableObject.Tests.Editor.GoogleSheetsURLParserTests.TestParseEditURL" methodname="TestParseEditURL" classname="DataToScriptableObject.Tests.Editor.GoogleSheetsURLParserTests" runstate="Runnable" seed="70514504" result="Passed" start-time="2026-02-07 18:18:06Z" end-time="2026-02-07 18:18:06Z" duration="0.000072" asserts="0">
                <properties>
                  <property name="retryIteration" value="0" />
                  <property name="repeatIteration" value="0" />
                </properties>
              </test-case>
              <test-case id="1098" name="TestParseExportURL" fullname="DataToScriptableObject.Tests.Editor.GoogleSheetsURLParserTests.TestParseExportURL" methodname="TestParseExportURL" classname="DataToScriptableObject.Tests.Editor.GoogleSheetsURLParserTests" runstate="Runnable" seed="77895468" result="Passed" start-time="2026-02-07 18:18:06Z" end-time="2026-02-07 18:18:06Z" duration="0.000057" asserts="0">
                <properties>
                  <property name="retryIteration" value="0" />
                  <property name="repeatIteration" value="0" />
                </properties>
              </test-case>
              <test-case id="1100" name="TestParseGIDFromFragment" fullname="DataToScriptableObject.Tests.Editor.GoogleSheetsURLParserTests.TestParseGIDFromFragment" methodname="TestParseGIDFromFragment" classname="DataToScriptableObject.Tests.Editor.GoogleSheetsURLParserTests" runstate="Runnable" seed="990367898" result="Passed" start-time="2026-02-07 18:18:06Z" end-time="2026-02-07 18:18:06Z" duration="0.000059" asserts="0">
                <properties>
                  <property name="retryIteration" value="0" />
                  <property name="repeatIteration" value="0" />
                </properties>
              </test-case>
              <test-case id="1101" name="TestParseGIDFromQuery" fullname="DataToScriptableObject.Tests.Editor.GoogleSheetsURLParserTests.TestParseGIDFromQuery" methodname="TestParseGIDFromQuery" classname="DataToScriptableObject.Tests.Editor.GoogleSheetsURLParserTests" runstate="Runnable" seed="1024933483" result="Passed" start-time="2026-02-07 18:18:06Z" end-time="2026-02-07 18:18:06Z" duration="0.000064" asserts="0">
                <properties>
                  <property name="retryIteration" value="0" />
                  <property name="repeatIteration" value="0" />
                </properties>
              </test-case>
              <test-case id="1106" name="TestParseLongSpreadsheetId" fullname="DataToScriptableObject.Tests.Editor.GoogleSheetsURLParserTests.TestParseLongSpreadsheetId" methodname="TestParseLongSpreadsheetId" classname="DataToScriptableObject.Tests.Editor.GoogleSheetsURLParserTests" runstate="Runnable" seed="1421467468" result="Passed" start-time="2026-02-07 18:18:06Z" end-time="2026-02-07 18:18:06Z" duration="0.000114" asserts="0">
                <properties>
                  <property name="retryIteration" value="0" />
                  <property name="repeatIteration" value="0" />
                </properties>
              </test-case>
              <test-case id="1108" name="TestParseMultipleGids" fullname="DataToScriptableObject.Tests.Editor.GoogleSheetsURLParserTests.TestParseMultipleGids" methodname="TestParseMultipleGids" classname="DataToScriptableObject.Tests.Editor.GoogleSheetsURLParserTests" runstate="Runnable" seed="1852427555" result="Passed" start-time="2026-02-07 18:18:06Z" end-time="2026-02-07 18:18:06Z" duration="0.000107" asserts="0">
                <properties>
                  <property name="retryIteration" value="0" />
                  <property name="repeatIteration" value="0" />
                </properties>
              </test-case>
              <test-case id="1109" name="TestParsePubhtmlFormat" fullname="DataToScriptableObject.Tests.Editor.GoogleSheetsURLParserTests.TestParsePubhtmlFormat" methodname="TestParsePubhtmlFormat" classname="DataToScriptableObject.Tests.Editor.GoogleSheetsURLParserTests" runstate="Runnable" seed="548971817" result="Passed" start-time="2026-02-07 18:18:06Z" end-time="2026-02-07 18:18:06Z" duration="0.000074" asserts="0">
                <properties>
                  <property name="retryIteration" value="0" />
                  <property name="repeatIteration" value="0" />
                </properties>
              </test-case>
              <test-case id="1099" name="TestParseRawID" fullname="DataToScriptableObject.Tests.Editor.GoogleSheetsURLParserTests.TestParseRawID" methodname="TestParseRawID" classname="DataToScriptableObject.Tests.Editor.GoogleSheetsURLParserTests" runstate="Runnable" seed="839920621" result="Passed" start-time="2026-02-07 18:18:06Z" end-time="2026-02-07 18:18:06Z" duration="0.000060" asserts="0">
                <properties>
                  <property name="retryIteration" value="0" />
                  <property name="repeatIteration" value="0" />
                </properties>
              </test-case>
              <test-case id="1096" name="TestParseShareURL" fullname="DataToScriptableObject.Tests.Editor.GoogleSheetsURLParserTests.TestParseShareURL" methodname="TestParseShareURL" classname="DataToScriptableObject.Tests.Editor.GoogleSheetsURLParserTests" runstate="Runnable" seed="11147612" result="Passed" start-time="2026-02-07 18:18:06Z" end-time="2026-02-07 18:18:06Z" duration="0.000053" asserts="0">
                <properties>
                  <property name="retryIteration" value="0" />
                  <property name="repeatIteration" value="0" />
                </properties>
              </test-case>
              <test-case id="1097" name="TestParseShortURL" fullname="DataToScriptableObject.Tests.Editor.GoogleSheetsURLParserTests.TestParseShortURL" methodname="TestParseShortURL" classname="DataToScriptableObject.Tests.Editor.GoogleSheetsURLParserTests" runstate="Runnable" seed="352972291" result="Passed" start-time="2026-02-07 18:18:06Z" end-time="2026-02-07 18:18:06Z" duration="0.000051" asserts="0">
                <properties>
                  <property name="retryIteration" value="0" />
                  <property name="repeatIteration" value="0" />
                </properties>
              </test-case>
              <test-case id="1107" name="TestParseWithQueryParams" fullname="DataToScriptableObject.Tests.Editor.GoogleSheetsURLParserTests.TestParseWithQueryParams" methodname="TestParseWithQueryParams" classname="DataToScriptableObject.Tests.Editor.GoogleSheetsURLParserTests" runstate="Runnable" seed="1333186874" result="Passed" start-time="2026-02-07 18:18:06Z" end-time="2026-02-07 18:18:06Z" duration="0.000072" asserts="0">
                <properties>
                  <property name="retryIteration" value="0" />
                  <property name="repeatIteration" value="0" />
                </properties>
              </test-case>
              <test-case id="1120" name="TestRawIdShort" fullname="DataToScriptableObject.Tests.Editor.GoogleSheetsURLParserTests.TestRawIdShort" methodname="TestRawIdShort" classname="DataToScriptableObject.Tests.Editor.GoogleSheetsURLParserTests" runstate="Runnable" seed="1642772888" result="Failed" start-time="2026-02-07 18:18:06Z" end-time="2026-02-07 18:18:06Z" duration="0.000289" asserts="0">
                <properties>
                  <property name="retryIteration" value="0" />
                  <property name="repeatIteration" value="0" />
                </properties>
                <failure>
                  <message><![CDATA[  Expected: True
  But was:  False
]]></message>
                  <stack-trace><![CDATA[at DataToScriptableObject.Tests.Editor.GoogleSheetsURLParserTests.TestRawIdShort () [0x0000b] in .\Packages\so-database-converter\Tests\Editor\GoogleSheetsURLParserTests.cs:256
]]></stack-trace>
                </failure>
              </test-case>
              <test-case id="1122" name="TestRawIdWithHyphens" fullname="DataToScriptableObject.Tests.Editor.GoogleSheetsURLParserTests.TestRawIdWithHyphens" methodname="TestRawIdWithHyphens" classname="DataToScriptableObject.Tests.Editor.GoogleSheetsURLParserTests" runstate="Runnable" seed="87179008" result="Passed" start-time="2026-02-07 18:18:06Z" end-time="2026-02-07 18:18:06Z" duration="0.000097" asserts="0">
                <properties>
                  <property name="retryIteration" value="0" />
                  <property name="repeatIteration" value="0" />
                </properties>
              </test-case>
              <test-case id="1121" name="TestRawIdWithNumbers" fullname="DataToScriptableObject.Tests.Editor.GoogleSheetsURLParserTests.TestRawIdWithNumbers" methodname="TestRawIdWithNumbers" classname="DataToScriptableObject.Tests.Editor.GoogleSheetsURLParserTests" runstate="Runnable" seed="1237941307" result="Passed" start-time="2026-02-07 18:18:06Z" end-time="2026-02-07 18:18:06Z" duration="0.000077" asserts="0">
                <properties>
                  <property name="retryIteration" value="0" />
                  <property name="repeatIteration" value="0" />
                </properties>
              </test-case>
              <test-case id="1119" name="TestUrlWithLeadingWhitespace" fullname="DataToScriptableObject.Tests.Editor.GoogleSheetsURLParserTests.TestUrlWithLeadingWhitespace" methodname="TestUrlWithLeadingWhitespace" classname="DataToScriptableObject.Tests.Editor.GoogleSheetsURLParserTests" runstate="Runnable" seed="514877947" result="Passed" start-time="2026-02-07 18:18:06Z" end-time="2026-02-07 18:18:06Z" duration="0.000060" asserts="0">
                <properties>
                  <property name="retryIteration" value="0" />
                  <property name="repeatIteration" value="0" />
                </properties>
              </test-case>
              <test-case id="1118" name="TestWhitespaceString" fullname="DataToScriptableObject.Tests.Editor.GoogleSheetsURLParserTests.TestWhitespaceString" methodname="TestWhitespaceString" classname="DataToScriptableObject.Tests.Editor.GoogleSheetsURLParserTests" runstate="Runnable" seed="1174957590" result="Passed" start-time="2026-02-07 18:18:06Z" end-time="2026-02-07 18:18:06Z" duration="0.000055" asserts="0">
                <properties>
                  <property name="retryIteration" value="0" />
                  <property name="repeatIteration" value="0" />
                </properties>
              </test-case>
            </test-suite>
            <test-suite type="TestFixture" id="1125" name="IntegrationTests" fullname="DataToScriptableObject.Tests.Editor.IntegrationTests" classname="DataToScriptableObject.Tests.Editor.IntegrationTests" runstate="Runnable" testcasecount="23" result="Failed" site="Child" start-time="2026-02-07 18:18:06Z" end-time="2026-02-07 18:18:06Z" duration="0.013889" total="23" passed="16" failed="7" inconclusive="0" skipped="0" asserts="0">
              <properties />
              <failure>
                <message><![CDATA[One or more child tests had errors]]></message>
              </failure>
              <test-case id="1139" name="TestDatabaseGeneration" fullname="DataToScriptableObject.Tests.Editor.IntegrationTests.TestDatabaseGeneration" methodname="TestDatabaseGeneration" classname="DataToScriptableObject.Tests.Editor.IntegrationTests" runstate="Runnable" seed="1206661012" result="Failed" start-time="2026-02-07 18:18:06Z" end-time="2026-02-07 18:18:06Z" duration="0.002928" asserts="0">
                <properties>
                  <property name="retryIteration" value="0" />
                  <property name="repeatIteration" value="0" />
                </properties>
                <failure>
                  <message><![CDATA[  Expected: True
  But was:  False
]]></message>
                  <stack-trace><![CDATA[at DataToScriptableObject.Tests.Editor.IntegrationTests.TestDatabaseGeneration () [0x00038] in .\Packages\so-database-converter\Tests\Editor\IntegrationTests.cs:256
]]></stack-trace>
                </failure>
              </test-case>
              <test-case id="1126" name="TestFullPipelineBasicCSV" fullname="DataToScriptableObject.Tests.Editor.IntegrationTests.TestFullPipelineBasicCSV" methodname="TestFullPipelineBasicCSV" classname="DataToScriptableObject.Tests.Editor.IntegrationTests" runstate="Runnable" seed="1891168448" result="Passed" start-time="2026-02-07 18:18:06Z" end-time="2026-02-07 18:18:06Z" duration="0.000223" asserts="0">
                <properties>
                  <property name="retryIteration" value="0" />
                  <property name="repeatIteration" value="0" />
                </properties>
              </test-case>
              <test-case id="1128" name="TestFullPipelineThreeRowHeader" fullname="DataToScriptableObject.Tests.Editor.IntegrationTests.TestFullPipelineThreeRowHeader" methodname="TestFullPipelineThreeRowHeader" classname="DataToScriptableObject.Tests.Editor.IntegrationTests" runstate="Runnable" seed="105167707" result="Failed" start-time="2026-02-07 18:18:06Z" end-time="2026-02-07 18:18:06Z" duration="0.001856" asserts="0">
                <properties>
                  <property name="retryIteration" value="0" />
                  <property name="repeatIteration" value="0" />
                </properties>
                <failure>
                  <message><![CDATA[  Expected: True
  But was:  False
]]></message>
                  <stack-trace><![CDATA[at DataToScriptableObject.Tests.Editor.IntegrationTests.TestFullPipelineThreeRowHeader () [0x000f6] in .\Packages\so-database-converter\Tests\Editor\IntegrationTests.cs:83
]]></stack-trace>
                </failure>
              </test-case>
              <test-case id="1127" name="TestFullPipelineWithDirectives" fullname="DataToScriptableObject.Tests.Editor.IntegrationTests.TestFullPipelineWithDirectives" methodname="TestFullPipelineWithDirectives" classname="DataToScriptableObject.Tests.Editor.IntegrationTests" runstate="Runnable" seed="1303844574" result="Failed" start-time="2026-02-07 18:18:06Z" end-time="2026-02-07 18:18:06Z" duration="0.000264" asserts="0">
                <properties>
                  <property name="retryIteration" value="0" />
                  <property name="repeatIteration" value="0" />
                </properties>
                <failure>
                  <message><![CDATA[  Should have 2 directives
  Expected: 2
  But was:  0
]]></message>
                  <stack-trace><![CDATA[at DataToScriptableObject.Tests.Editor.IntegrationTests.TestFullPipelineWithDirectives () [0x00016] in .\Packages\so-database-converter\Tests\Editor\IntegrationTests.cs:54
]]></stack-trace>
                </failure>
              </test-case>
              <test-case id="1129" name="TestFullPipelineWithEnum" fullname="DataToScriptableObject.Tests.Editor.IntegrationTests.TestFullPipelineWithEnum" methodname="TestFullPipelineWithEnum" classname="DataToScriptableObject.Tests.Editor.IntegrationTests" runstate="Runnable" seed="418944713" result="Passed" start-time="2026-02-07 18:18:06Z" end-time="2026-02-07 18:18:06Z" duration="0.000525" asserts="0">
                <properties>
                  <property name="retryIteration" value="0" />
                  <property name="repeatIteration" value="0" />
                </properties>
              </test-case>
              <test-case id="1138" name="TestPipelineArrayFields" fullname="DataToScriptableObject.Tests.Editor.IntegrationTests.TestPipelineArrayFields" methodname="TestPipelineArrayFields" classname="DataToScriptableObject.Tests.Editor.IntegrationTests" runstate="Runnable" seed="1630988651" result="Passed" start-time="2026-02-07 18:18:06Z" end-time="2026-02-07 18:18:06Z" duration="0.000189" asserts="0">
                <properties>
                  <property name="retryIteration" value="0" />
                  <property name="repeatIteration" value="0" />
                </properties>
              </test-case>
              <test-case id="1143" name="TestPipelineAutoDelimiter" fullname="DataToScriptableObject.Tests.Editor.IntegrationTests.TestPipelineAutoDelimiter" methodname="TestPipelineAutoDelimiter" classname="DataToScriptableObject.Tests.Editor.IntegrationTests" runstate="Runnable" seed="1519139377" result="Passed" start-time="2026-02-07 18:18:06Z" end-time="2026-02-07 18:18:06Z" duration="0.000106" asserts="0">
                <properties>
                  <property name="retryIteration" value="0" />
                  <property name="repeatIteration" value="0" />
                </properties>
              </test-case>
              <test-case id="1136" name="TestPipelineDuplicateHeaders" fullname="DataToScriptableObject.Tests.Editor.IntegrationTests.TestPipelineDuplicateHeaders" methodname="TestPipelineDuplicateHeaders" classname="DataToScriptableObject.Tests.Editor.IntegrationTests" runstate="Runnable" seed="439809287" result="Failed" start-time="2026-02-07 18:18:06Z" end-time="2026-02-07 18:18:06Z" duration="0.000434" asserts="0">
                <properties>
                  <property name="retryIteration" value="0" />
                  <property name="repeatIteration" value="0" />
                </properties>
                <failure>
                  <message><![CDATA[  Expected: True
  But was:  False
]]></message>
                  <stack-trace><![CDATA[at DataToScriptableObject.Tests.Editor.IntegrationTests.TestPipelineDuplicateHeaders () [0x00039] in .\Packages\so-database-converter\Tests\Editor\IntegrationTests.cs:212
]]></stack-trace>
                </failure>
              </test-case>
              <test-case id="1133" name="TestPipelineEmptyCSV" fullname="DataToScriptableObject.Tests.Editor.IntegrationTests.TestPipelineEmptyCSV" methodname="TestPipelineEmptyCSV" classname="DataToScriptableObject.Tests.Editor.IntegrationTests" runstate="Runnable" seed="1375552128" result="Passed" start-time="2026-02-07 18:18:06Z" end-time="2026-02-07 18:18:06Z" duration="0.000164" asserts="0">
                <properties>
                  <property name="retryIteration" value="0" />
                  <property name="repeatIteration" value="0" />
                </properties>
              </test-case>
              <test-case id="1145" name="TestPipelineMacLineEndings" fullname="DataToScriptableObject.Tests.Editor.IntegrationTests.TestPipelineMacLineEndings" methodname="TestPipelineMacLineEndings" classname="DataToScriptableObject.Tests.Editor.IntegrationTests" runstate="Runnable" seed="455964263" result="Passed" start-time="2026-02-07 18:18:06Z" end-time="2026-02-07 18:18:06Z" duration="0.000086" asserts="0">
                <properties>
                  <property name="retryIteration" value="0" />
                  <property name="repeatIteration" value="0" />
                </properties>
              </test-case>
              <test-case id="1134" name="TestPipelineOnlyHeaders" fullname="DataToScriptableObject.Tests.Editor.IntegrationTests.TestPipelineOnlyHeaders" methodname="TestPipelineOnlyHeaders" classname="DataToScriptableObject.Tests.Editor.IntegrationTests" runstate="Runnable" seed="388191415" result="Passed" start-time="2026-02-07 18:18:06Z" end-time="2026-02-07 18:18:06Z" duration="0.000186" asserts="0">
                <properties>
                  <property name="retryIteration" value="0" />
                  <property name="repeatIteration" value="0" />
                </properties>
              </test-case>
              <test-case id="1137" name="TestPipelineQuotedFields" fullname="DataToScriptableObject.Tests.Editor.IntegrationTests.TestPipelineQuotedFields" methodname="TestPipelineQuotedFields" classname="DataToScriptableObject.Tests.Editor.IntegrationTests" runstate="Runnable" seed="1429683101" result="Passed" start-time="2026-02-07 18:18:06Z" end-time="2026-02-07 18:18:06Z" duration="0.000097" asserts="0">
                <properties>
                  <property name="retryIteration" value="0" />
                  <property name="repeatIteration" value="0" />
                </properties>
              </test-case>
              <test-case id="1141" name="TestPipelineSemicolonDelimiter" fullname="DataToScriptableObject.Tests.Editor.IntegrationTests.TestPipelineSemicolonDelimiter" methodname="TestPipelineSemicolonDelimiter" classname="DataToScriptableObject.Tests.Editor.IntegrationTests" runstate="Runnable" seed="1780162503" result="Failed" start-time="2026-02-07 18:18:06Z" end-time="2026-02-07 18:18:06Z" duration="0.000203" asserts="0">
                <properties>
                  <property name="retryIteration" value="0" />
                  <property name="repeatIteration" value="0" />
                </properties>
                <failure>
                  <message><![CDATA[  Expected string length 1 but was 0. Strings differ at index 0.
  Expected: "a"
  But was:  <string.Empty>
  -----------^
]]></message>
                  <stack-trace><![CDATA[at DataToScriptableObject.Tests.Editor.IntegrationTests.TestPipelineSemicolonDelimiter () [0x0002e] in .\Packages\so-database-converter\Tests\Editor\IntegrationTests.cs:290
]]></stack-trace>
                </failure>
              </test-case>
              <test-case id="1135" name="TestPipelineSpecialCharactersInHeaders" fullname="DataToScriptableObject.Tests.Editor.IntegrationTests.TestPipelineSpecialCharactersInHeaders" methodname="TestPipelineSpecialCharactersInHeaders" classname="DataToScriptableObject.Tests.Editor.IntegrationTests" runstate="Runnable" seed="1727483056" result="Failed" start-time="2026-02-07 18:18:06Z" end-time="2026-02-07 18:18:06Z" duration="0.000227" asserts="0">
                <properties>
                  <property name="retryIteration" value="0" />
                  <property name="repeatIteration" value="0" />
                </properties>
                <failure>
                  <message><![CDATA[  Expected string length 8 but was 7. Strings differ at index 0.
  Expected: "playerId"
  But was:  "layerId"
  -----------^
]]></message>
                  <stack-trace><![CDATA[at DataToScriptableObject.Tests.Editor.IntegrationTests.TestPipelineSpecialCharactersInHeaders () [0x00021] in .\Packages\so-database-converter\Tests\Editor\IntegrationTests.cs:190
]]></stack-trace>
                </failure>
              </test-case>
              <test-case id="1142" name="TestPipelineTabDelimiter" fullname="DataToScriptableObject.Tests.Editor.IntegrationTests.TestPipelineTabDelimiter" methodname="TestPipelineTabDelimiter" classname="DataToScriptableObject.Tests.Editor.IntegrationTests" runstate="Runnable" seed="1375437282" result="Passed" start-time="2026-02-07 18:18:06Z" end-time="2026-02-07 18:18:06Z" duration="0.000098" asserts="0">
                <properties>
                  <property name="retryIteration" value="0" />
                  <property name="repeatIteration" value="0" />
                </properties>
              </test-case>
              <test-case id="1130" name="TestPipelineTypeInference" fullname="DataToScriptableObject.Tests.Editor.IntegrationTests.TestPipelineTypeInference" methodname="TestPipelineTypeInference" classname="DataToScriptableObject.Tests.Editor.IntegrationTests" runstate="Runnable" seed="521914639" result="Passed" start-time="2026-02-07 18:18:06Z" end-time="2026-02-07 18:18:06Z" duration="0.000225" asserts="0">
                <properties>
                  <property name="retryIteration" value="0" />
                  <property name="repeatIteration" value="0" />
                </properties>
              </test-case>
              <test-case id="1131" name="TestPipelineTypeInferenceMultipleRows" fullname="DataToScriptableObject.Tests.Editor.IntegrationTests.TestPipelineTypeInferenceMultipleRows" methodname="TestPipelineTypeInferenceMultipleRows" classname="DataToScriptableObject.Tests.Editor.IntegrationTests" runstate="Runnable" seed="1772460646" result="Passed" start-time="2026-02-07 18:18:06Z" end-time="2026-02-07 18:18:06Z" duration="0.000180" asserts="0">
                <properties>
                  <property name="retryIteration" value="0" />
                  <property name="repeatIteration" value="0" />
                </properties>
              </test-case>
              <test-case id="1132" name="TestPipelineTypeOverridesByHint" fullname="DataToScriptableObject.Tests.Editor.IntegrationTests.TestPipelineTypeOverridesByHint" methodname="TestPipelineTypeOverridesByHint" classname="DataToScriptableObject.Tests.Editor.IntegrationTests" runstate="Runnable" seed="712627697" result="Passed" start-time="2026-02-07 18:18:06Z" end-time="2026-02-07 18:18:06Z" duration="0.000107" asserts="0">
                <properties>
                  <property name="retryIteration" value="0" />
                  <property name="repeatIteration" value="0" />
                </properties>
              </test-case>
              <test-case id="1144" name="TestPipelineWindowsLineEndings" fullname="DataToScriptableObject.Tests.Editor.IntegrationTests.TestPipelineWindowsLineEndings" methodname="TestPipelineWindowsLineEndings" classname="DataToScriptableObject.Tests.Editor.IntegrationTests" runstate="Runnable" seed="1609626295" result="Passed" start-time="2026-02-07 18:18:06Z" end-time="2026-02-07 18:18:06Z" duration="0.000079" asserts="0">
                <properties>
                  <property name="retryIteration" value="0" />
                  <property name="repeatIteration" value="0" />
                </properties>
              </test-case>
              <test-case id="1146" name="TestPipelineWithBOM" fullname="DataToScriptableObject.Tests.Editor.IntegrationTests.TestPipelineWithBOM" methodname="TestPipelineWithBOM" classname="DataToScriptableObject.Tests.Editor.IntegrationTests" runstate="Runnable" seed="353923006" result="Passed" start-time="2026-02-07 18:18:06Z" end-time="2026-02-07 18:18:06Z" duration="0.000085" asserts="0">
                <properties>
                  <property name="retryIteration" value="0" />
                  <property name="repeatIteration" value="0" />
                </properties>
              </test-case>
              <test-case id="1148" name="TestRealWorldCharacterStats" fullname="DataToScriptableObject.Tests.Editor.IntegrationTests.TestRealWorldCharacterStats" methodname="TestRealWorldCharacterStats" classname="DataToScriptableObject.Tests.Editor.IntegrationTests" runstate="Runnable" seed="1359639784" result="Passed" start-time="2026-02-07 18:18:06Z" end-time="2026-02-07 18:18:06Z" duration="0.000191" asserts="0">
                <properties>
                  <property name="retryIteration" value="0" />
                  <property name="repeatIteration" value="0" />
                </properties>
              </test-case>
              <test-case id="1147" name="TestRealWorldItemTable" fullname="DataToScriptableObject.Tests.Editor.IntegrationTests.TestRealWorldItemTable" methodname="TestRealWorldItemTable" classname="DataToScriptableObject.Tests.Editor.IntegrationTests" runstate="Runnable" seed="442062093" result="Failed" start-time="2026-02-07 18:18:06Z" end-time="2026-02-07 18:18:06Z" duration="0.000282" asserts="0">
                <properties>
                  <property name="retryIteration" value="0" />
                  <property name="repeatIteration" value="0" />
                </properties>
                <failure>
                  <message><![CDATA[  Expected string length 8 but was 14. Strings differ at index 1.
  Expected: "GameItem"
  But was:  "GeneratedEntry"
  ------------^
]]></message>
                  <stack-trace><![CDATA[at DataToScriptableObject.Tests.Editor.IntegrationTests.TestRealWorldItemTable () [0x00021] in .\Packages\so-database-converter\Tests\Editor\IntegrationTests.cs:362
]]></stack-trace>
                </failure>
              </test-case>
              <test-case id="1140" name="TestSerializableClassMode" fullname="DataToScriptableObject.Tests.Editor.IntegrationTests.TestSerializableClassMode" methodname="TestSerializableClassMode" classname="DataToScriptableObject.Tests.Editor.IntegrationTests" runstate="Runnable" seed="2112652075" result="Passed" start-time="2026-02-07 18:18:06Z" end-time="2026-02-07 18:18:06Z" duration="0.000136" asserts="0">
                <properties>
                  <property name="retryIteration" value="0" />
                  <property name="repeatIteration" value="0" />
                </properties>
              </test-case>
            </test-suite>
            <test-suite type="TestFixture" id="1149" name="NameSanitizerTests" fullname="DataToScriptableObject.Tests.Editor.NameSanitizerTests" classname="DataToScriptableObject.Tests.Editor.NameSanitizerTests" runstate="Runnable" testcasecount="52" result="Failed" site="Child" start-time="2026-02-07 18:18:06Z" end-time="2026-02-07 18:18:06Z" duration="0.008732" total="52" passed="51" failed="1" inconclusive="0" skipped="0" asserts="0">
              <properties />
              <failure>
                <message><![CDATA[One or more child tests had errors]]></message>
              </failure>
              <test-case id="1167" name="TestAcronymInMiddle" fullname="DataToScriptableObject.Tests.Editor.NameSanitizerTests.TestAcronymInMiddle" methodname="TestAcronymInMiddle" classname="DataToScriptableObject.Tests.Editor.NameSanitizerTests" runstate="Runnable" seed="1753062725" result="Passed" start-time="2026-02-07 18:18:06Z" end-time="2026-02-07 18:18:06Z" duration="0.000120" asserts="0">
                <properties>
                  <property name="retryIteration" value="0" />
                  <property name="repeatIteration" value="0" />
                </properties>
              </test-case>
              <test-case id="1166" name="TestAllCapsMultiWord" fullname="DataToScriptableObject.Tests.Editor.NameSanitizerTests.TestAllCapsMultiWord" methodname="TestAllCapsMultiWord" classname="DataToScriptableObject.Tests.Editor.NameSanitizerTests" runstate="Runnable" seed="203831231" result="Passed" start-time="2026-02-07 18:18:06Z" end-time="2026-02-07 18:18:06Z" duration="0.000075" asserts="0">
                <properties>
                  <property name="retryIteration" value="0" />
                  <property name="repeatIteration" value="0" />
                </properties>
              </test-case>
              <test-case id="1152" name="TestAllCapsToLower" fullname="DataToScriptableObject.Tests.Editor.NameSanitizerTests.TestAllCapsToLower" methodname="TestAllCapsToLower" classname="DataToScriptableObject.Tests.Editor.NameSanitizerTests" runstate="Runnable" seed="35613209" result="Passed" start-time="2026-02-07 18:18:06Z" end-time="2026-02-07 18:18:06Z" duration="0.000045" asserts="0">
                <properties>
                  <property name="retryIteration" value="0" />
                  <property name="repeatIteration" value="0" />
                </properties>
              </test-case>
              <test-case id="1177" name="TestAllReservedWords" fullname="DataToScriptableObject.Tests.Editor.NameSanitizerTests.TestAllReservedWords" methodname="TestAllReservedWords" classname="DataToScriptableObject.Tests.Editor.NameSanitizerTests" runstate="Runnable" seed="1135410680" result="Passed" start-time="2026-02-07 18:18:06Z" end-time="2026-02-07 18:18:06Z" duration="0.000172" asserts="0">
                <properties>
                  <property name="retryIteration" value="0" />
                  <property name="repeatIteration" value="0" />
                </properties>
              </test-case>
              <test-case id="1158" name="TestAlreadyCamel" fullname="DataToScriptableObject.Tests.Editor.NameSanitizerTests.TestAlreadyCamel" methodname="TestAlreadyCamel" classname="DataToScriptableObject.Tests.Editor.NameSanitizerTests" runstate="Runnable" seed="1123270064" result="Passed" start-time="2026-02-07 18:18:06Z" end-time="2026-02-07 18:18:06Z" duration="0.000063" asserts="0">
                <properties>
                  <property name="retryIteration" value="0" />
                  <property name="repeatIteration" value="0" />
                </properties>
              </test-case>
              <test-case id="1182" name="TestClassNameEmpty" fullname="DataToScriptableObject.Tests.Editor.NameSanitizerTests.TestClassNameEmpty" methodname="TestClassNameEmpty" classname="DataToScriptableObject.Tests.Editor.NameSanitizerTests" runstate="Runnable" seed="69672589" result="Passed" start-time="2026-02-07 18:18:06Z" end-time="2026-02-07 18:18:06Z" duration="0.000062" asserts="0">
                <properties>
                  <property name="retryIteration" value="0" />
                  <property name="repeatIteration" value="0" />
                </properties>
              </test-case>
              <test-case id="1181" name="TestClassNameFromSnake" fullname="DataToScriptableObject.Tests.Editor.NameSanitizerTests.TestClassNameFromSnake" methodname="TestClassNameFromSnake" classname="DataToScriptableObject.Tests.Editor.NameSanitizerTests" runstate="Runnable" seed="1583328985" result="Passed" start-time="2026-02-07 18:18:06Z" end-time="2026-02-07 18:18:06Z" duration="0.000062" asserts="0">
                <properties>
                  <property name="retryIteration" value="0" />
                  <property name="repeatIteration" value="0" />
                </properties>
              </test-case>
              <test-case id="1180" name="TestClassNameFromSpace" fullname="DataToScriptableObject.Tests.Editor.NameSanitizerTests.TestClassNameFromSpace" methodname="TestClassNameFromSpace" classname="DataToScriptableObject.Tests.Editor.NameSanitizerTests" runstate="Runnable" seed="1819359480" result="Passed" start-time="2026-02-07 18:18:06Z" end-time="2026-02-07 18:18:06Z" duration="0.000058" asserts="0">
                <properties>
                  <property name="retryIteration" value="0" />
                  <property name="repeatIteration" value="0" />
                </properties>
              </test-case>
              <test-case id="1184" name="TestClassNameLeadingDigit" fullname="DataToScriptableObject.Tests.Editor.NameSanitizerTests.TestClassNameLeadingDigit" methodname="TestClassNameLeadingDigit" classname="DataToScriptableObject.Tests.Editor.NameSanitizerTests" runstate="Runnable" seed="2048832043" result="Passed" start-time="2026-02-07 18:18:06Z" end-time="2026-02-07 18:18:06Z" duration="0.000052" asserts="0">
                <properties>
                  <property name="retryIteration" value="0" />
                  <property name="repeatIteration" value="0" />
                </properties>
              </test-case>
              <test-case id="1183" name="TestClassNameNull" fullname="DataToScriptableObject.Tests.Editor.NameSanitizerTests.TestClassNameNull" methodname="TestClassNameNull" classname="DataToScriptableObject.Tests.Editor.NameSanitizerTests" runstate="Runnable" seed="1467478219" result="Passed" start-time="2026-02-07 18:18:06Z" end-time="2026-02-07 18:18:06Z" duration="0.000056" asserts="0">
                <properties>
                  <property name="retryIteration" value="0" />
                  <property name="repeatIteration" value="0" />
                </properties>
              </test-case>
              <test-case id="1185" name="TestClassNameReservedWord" fullname="DataToScriptableObject.Tests.Editor.NameSanitizerTests.TestClassNameReservedWord" methodname="TestClassNameReservedWord" classname="DataToScriptableObject.Tests.Editor.NameSanitizerTests" runstate="Runnable" seed="20729046" result="Passed" start-time="2026-02-07 18:18:06Z" end-time="2026-02-07 18:18:06Z" duration="0.000059" asserts="0">
                <properties>
                  <property name="retryIteration" value="0" />
                  <property name="repeatIteration" value="0" />
                </properties>
              </test-case>
              <test-case id="1175" name="TestDoubleUnderscore" fullname="DataToScriptableObject.Tests.Editor.NameSanitizerTests.TestDoubleUnderscore" methodname="TestDoubleUnderscore" classname="DataToScriptableObject.Tests.Editor.NameSanitizerTests" runstate="Runnable" seed="1611161324" result="Passed" start-time="2026-02-07 18:18:06Z" end-time="2026-02-07 18:18:06Z" duration="0.000060" asserts="0">
                <properties>
                  <property name="retryIteration" value="0" />
                  <property name="repeatIteration" value="0" />
                </properties>
              </test-case>
              <test-case id="1157" name="TestEmpty" fullname="DataToScriptableObject.Tests.Editor.NameSanitizerTests.TestEmpty" methodname="TestEmpty" classname="DataToScriptableObject.Tests.Editor.NameSanitizerTests" runstate="Runnable" seed="490056171" result="Passed" start-time="2026-02-07 18:18:06Z" end-time="2026-02-07 18:18:06Z" duration="0.000034" asserts="0">
                <properties>
                  <property name="retryIteration" value="0" />
                  <property name="repeatIteration" value="0" />
                </properties>
              </test-case>
              <test-case id="1194" name="TestFileNameAngles" fullname="DataToScriptableObject.Tests.Editor.NameSanitizerTests.TestFileNameAngles" methodname="TestFileNameAngles" classname="DataToScriptableObject.Tests.Editor.NameSanitizerTests" runstate="Runnable" seed="1767568025" result="Passed" start-time="2026-02-07 18:18:06Z" end-time="2026-02-07 18:18:06Z" duration="0.000149" asserts="0">
                <properties>
                  <property name="retryIteration" value="0" />
                  <property name="repeatIteration" value="0" />
                </properties>
              </test-case>
              <test-case id="1193" name="TestFileNameAsterisk" fullname="DataToScriptableObject.Tests.Editor.NameSanitizerTests.TestFileNameAsterisk" methodname="TestFileNameAsterisk" classname="DataToScriptableObject.Tests.Editor.NameSanitizerTests" runstate="Runnable" seed="893017865" result="Passed" start-time="2026-02-07 18:18:06Z" end-time="2026-02-07 18:18:06Z" duration="0.000063" asserts="0">
                <properties>
                  <property name="retryIteration" value="0" />
                  <property name="repeatIteration" value="0" />
                </properties>
              </test-case>
              <test-case id="1189" name="TestFileNameBackslashes" fullname="DataToScriptableObject.Tests.Editor.NameSanitizerTests.TestFileNameBackslashes" methodname="TestFileNameBackslashes" classname="DataToScriptableObject.Tests.Editor.NameSanitizerTests" runstate="Runnable" seed="1624669702" result="Passed" start-time="2026-02-07 18:18:06Z" end-time="2026-02-07 18:18:06Z" duration="0.000057" asserts="0">
                <properties>
                  <property name="retryIteration" value="0" />
                  <property name="repeatIteration" value="0" />
                </properties>
              </test-case>
              <test-case id="1190" name="TestFileNameColons" fullname="DataToScriptableObject.Tests.Editor.NameSanitizerTests.TestFileNameColons" methodname="TestFileNameColons" classname="DataToScriptableObject.Tests.Editor.NameSanitizerTests" runstate="Runnable" seed="811676836" result="Passed" start-time="2026-02-07 18:18:06Z" end-time="2026-02-07 18:18:06Z" duration="0.000053" asserts="0">
                <properties>
                  <property name="retryIteration" value="0" />
                  <property name="repeatIteration" value="0" />
                </properties>
              </test-case>
              <test-case id="1186" name="TestFileNameEmpty" fullname="DataToScriptableObject.Tests.Editor.NameSanitizerTests.TestFileNameEmpty" methodname="TestFileNameEmpty" classname="DataToScriptableObject.Tests.Editor.NameSanitizerTests" runstate="Runnable" seed="1391699344" result="Passed" start-time="2026-02-07 18:18:06Z" end-time="2026-02-07 18:18:06Z" duration="0.000052" asserts="0">
                <properties>
                  <property name="retryIteration" value="0" />
                  <property name="repeatIteration" value="0" />
                </properties>
              </test-case>
              <test-case id="1161" name="TestFileNameLength" fullname="DataToScriptableObject.Tests.Editor.NameSanitizerTests.TestFileNameLength" methodname="TestFileNameLength" classname="DataToScriptableObject.Tests.Editor.NameSanitizerTests" runstate="Runnable" seed="598001952" result="Passed" start-time="2026-02-07 18:18:06Z" end-time="2026-02-07 18:18:06Z" duration="0.000735" asserts="0">
                <properties>
                  <property name="retryIteration" value="0" />
                  <property name="repeatIteration" value="0" />
                </properties>
              </test-case>
              <test-case id="1187" name="TestFileNameNull" fullname="DataToScriptableObject.Tests.Editor.NameSanitizerTests.TestFileNameNull" methodname="TestFileNameNull" classname="DataToScriptableObject.Tests.Editor.NameSanitizerTests" runstate="Runnable" seed="1286197119" result="Passed" start-time="2026-02-07 18:18:06Z" end-time="2026-02-07 18:18:06Z" duration="0.000086" asserts="0">
                <properties>
                  <property name="retryIteration" value="0" />
                  <property name="repeatIteration" value="0" />
                </properties>
              </test-case>
              <test-case id="1195" name="TestFileNamePipe" fullname="DataToScriptableObject.Tests.Editor.NameSanitizerTests.TestFileNamePipe" methodname="TestFileNamePipe" classname="DataToScriptableObject.Tests.Editor.NameSanitizerTests" runstate="Runnable" seed="657771315" result="Passed" start-time="2026-02-07 18:18:06Z" end-time="2026-02-07 18:18:06Z" duration="0.000084" asserts="0">
                <properties>
                  <property name="retryIteration" value="0" />
                  <property name="repeatIteration" value="0" />
                </properties>
              </test-case>
              <test-case id="1196" name="TestFileNamePreservesExtension" fullname="DataToScriptableObject.Tests.Editor.NameSanitizerTests.TestFileNamePreservesExtension" methodname="TestFileNamePreservesExtension" classname="DataToScriptableObject.Tests.Editor.NameSanitizerTests" runstate="Runnable" seed="1769714545" result="Passed" start-time="2026-02-07 18:18:06Z" end-time="2026-02-07 18:18:06Z" duration="0.000067" asserts="0">
                <properties>
                  <property name="retryIteration" value="0" />
                  <property name="repeatIteration" value="0" />
                </properties>
              </test-case>
              <test-case id="1192" name="TestFileNameQuestionMark" fullname="DataToScriptableObject.Tests.Editor.NameSanitizerTests.TestFileNameQuestionMark" methodname="TestFileNameQuestionMark" classname="DataToScriptableObject.Tests.Editor.NameSanitizerTests" runstate="Runnable" seed="1760290551" result="Passed" start-time="2026-02-07 18:18:06Z" end-time="2026-02-07 18:18:06Z" duration="0.000065" asserts="0">
                <properties>
                  <property name="retryIteration" value="0" />
                  <property name="repeatIteration" value="0" />
                </properties>
              </test-case>
              <test-case id="1191" name="TestFileNameQuotes" fullname="DataToScriptableObject.Tests.Editor.NameSanitizerTests.TestFileNameQuotes" methodname="TestFileNameQuotes" classname="DataToScriptableObject.Tests.Editor.NameSanitizerTests" runstate="Runnable" seed="2139227387" result="Passed" start-time="2026-02-07 18:18:06Z" end-time="2026-02-07 18:18:06Z" duration="0.000064" asserts="0">
                <properties>
                  <property name="retryIteration" value="0" />
                  <property name="repeatIteration" value="0" />
                </properties>
              </test-case>
              <test-case id="1188" name="TestFileNameSlashes" fullname="DataToScriptableObject.Tests.Editor.NameSanitizerTests.TestFileNameSlashes" methodname="TestFileNameSlashes" classname="DataToScriptableObject.Tests.Editor.NameSanitizerTests" runstate="Runnable" seed="143493506" result="Passed" start-time="2026-02-07 18:18:06Z" end-time="2026-02-07 18:18:06Z" duration="0.000062" asserts="0">
                <properties>
                  <property name="retryIteration" value="0" />
                  <property name="repeatIteration" value="0" />
                </properties>
              </test-case>
              <test-case id="1159" name="TestFileNameSpaces" fullname="DataToScriptableObject.Tests.Editor.NameSanitizerTests.TestFileNameSpaces" methodname="TestFileNameSpaces" classname="DataToScriptableObject.Tests.Editor.NameSanitizerTests" runstate="Runnable" seed="2004502561" result="Passed" start-time="2026-02-07 18:18:06Z" end-time="2026-02-07 18:18:06Z" duration="0.000038" asserts="0">
                <properties>
                  <property name="retryIteration" value="0" />
                  <property name="repeatIteration" value="0" />
                </properties>
              </test-case>
              <test-case id="1160" name="TestFileNameSpecialChars" fullname="DataToScriptableObject.Tests.Editor.NameSanitizerTests.TestFileNameSpecialChars" methodname="TestFileNameSpecialChars" classname="DataToScriptableObject.Tests.Editor.NameSanitizerTests" runstate="Runnable" seed="172464721" result="Passed" start-time="2026-02-07 18:18:06Z" end-time="2026-02-07 18:18:06Z" duration="0.000084" asserts="0">
                <properties>
                  <property name="retryIteration" value="0" />
                  <property name="repeatIteration" value="0" />
                </properties>
              </test-case>
              <test-case id="1197" name="TestFileNameUnicode" fullname="DataToScriptableObject.Tests.Editor.NameSanitizerTests.TestFileNameUnicode" methodname="TestFileNameUnicode" classname="DataToScriptableObject.Tests.Editor.NameSanitizerTests" runstate="Runnable" seed="1920868219" result="Passed" start-time="2026-02-07 18:18:06Z" end-time="2026-02-07 18:18:06Z" duration="0.000072" asserts="0">
                <properties>
                  <property name="retryIteration" value="0" />
                  <property name="repeatIteration" value="0" />
                </properties>
              </test-case>
              <test-case id="1156" name="TestHyphen" fullname="DataToScriptableObject.Tests.Editor.NameSanitizerTests.TestHyphen" methodname="TestHyphen" classname="DataToScriptableObject.Tests.Editor.NameSanitizerTests" runstate="Runnable" seed="290597666" result="Passed" start-time="2026-02-07 18:18:06Z" end-time="2026-02-07 18:18:06Z" duration="0.000042" asserts="0">
                <properties>
                  <property name="retryIteration" value="0" />
                  <property name="repeatIteration" value="0" />
                </properties>
              </test-case>
              <test-case id="1153" name="TestLeadingDigit" fullname="DataToScriptableObject.Tests.Editor.NameSanitizerTests.TestLeadingDigit" methodname="TestLeadingDigit" classname="DataToScriptableObject.Tests.Editor.NameSanitizerTests" runstate="Runnable" seed="1335217702" result="Passed" start-time="2026-02-07 18:18:06Z" end-time="2026-02-07 18:18:06Z" duration="0.000036" asserts="0">
                <properties>
                  <property name="retryIteration" value="0" />
                  <property name="repeatIteration" value="0" />
                </properties>
              </test-case>
              <test-case id="1171" name="TestLeadingSpecialChars" fullname="DataToScriptableObject.Tests.Editor.NameSanitizerTests.TestLeadingSpecialChars" methodname="TestLeadingSpecialChars" classname="DataToScriptableObject.Tests.Editor.NameSanitizerTests" runstate="Runnable" seed="236689490" result="Passed" start-time="2026-02-07 18:18:06Z" end-time="2026-02-07 18:18:06Z" duration="0.000057" asserts="0">
                <properties>
                  <property name="retryIteration" value="0" />
                  <property name="repeatIteration" value="0" />
                </properties>
              </test-case>
              <test-case id="1176" name="TestLeadingUnderscore" fullname="DataToScriptableObject.Tests.Editor.NameSanitizerTests.TestLeadingUnderscore" methodname="TestLeadingUnderscore" classname="DataToScriptableObject.Tests.Editor.NameSanitizerTests" runstate="Runnable" seed="448379509" result="Passed" start-time="2026-02-07 18:18:06Z" end-time="2026-02-07 18:18:06Z" duration="0.000081" asserts="0">
                <properties>
                  <property name="retryIteration" value="0" />
                  <property name="repeatIteration" value="0" />
                </properties>
              </test-case>
              <test-case id="1164" name="TestMixedDelimiters" fullname="DataToScriptableObject.Tests.Editor.NameSanitizerTests.TestMixedDelimiters" methodname="TestMixedDelimiters" classname="DataToScriptableObject.Tests.Editor.NameSanitizerTests" runstate="Runnable" seed="1085496515" result="Passed" start-time="2026-02-07 18:18:06Z" end-time="2026-02-07 18:18:06Z" duration="0.000062" asserts="0">
                <properties>
                  <property name="retryIteration" value="0" />
                  <property name="repeatIteration" value="0" />
                </properties>
              </test-case>
              <test-case id="1162" name="TestMultipleSpaces" fullname="DataToScriptableObject.Tests.Editor.NameSanitizerTests.TestMultipleSpaces" methodname="TestMultipleSpaces" classname="DataToScriptableObject.Tests.Editor.NameSanitizerTests" runstate="Runnable" seed="1551307188" result="Passed" start-time="2026-02-07 18:18:06Z" end-time="2026-02-07 18:18:06Z" duration="0.000058" asserts="0">
                <properties>
                  <property name="retryIteration" value="0" />
                  <property name="repeatIteration" value="0" />
                </properties>
              </test-case>
              <test-case id="1179" name="TestNotReservedWord" fullname="DataToScriptableObject.Tests.Editor.NameSanitizerTests.TestNotReservedWord" methodname="TestNotReservedWord" classname="DataToScriptableObject.Tests.Editor.NameSanitizerTests" runstate="Runnable" seed="757204599" result="Passed" start-time="2026-02-07 18:18:06Z" end-time="2026-02-07 18:18:06Z" duration="0.000058" asserts="0">
                <properties>
                  <property name="retryIteration" value="0" />
                  <property name="repeatIteration" value="0" />
                </properties>
              </test-case>
              <test-case id="1169" name="TestNumbersAtEnd" fullname="DataToScriptableObject.Tests.Editor.NameSanitizerTests.TestNumbersAtEnd" methodname="TestNumbersAtEnd" classname="DataToScriptableObject.Tests.Editor.NameSanitizerTests" runstate="Runnable" seed="616853457" result="Passed" start-time="2026-02-07 18:18:06Z" end-time="2026-02-07 18:18:06Z" duration="0.000053" asserts="0">
                <properties>
                  <property name="retryIteration" value="0" />
                  <property name="repeatIteration" value="0" />
                </properties>
              </test-case>
              <test-case id="1168" name="TestNumbersInMiddle" fullname="DataToScriptableObject.Tests.Editor.NameSanitizerTests.TestNumbersInMiddle" methodname="TestNumbersInMiddle" classname="DataToScriptableObject.Tests.Editor.NameSanitizerTests" runstate="Runnable" seed="1222808422" result="Passed" start-time="2026-02-07 18:18:06Z" end-time="2026-02-07 18:18:06Z" duration="0.000053" asserts="0">
                <properties>
                  <property name="retryIteration" value="0" />
                  <property name="repeatIteration" value="0" />
                </properties>
              </test-case>
              <test-case id="1172" name="TestOnlyDigits" fullname="DataToScriptableObject.Tests.Editor.NameSanitizerTests.TestOnlyDigits" methodname="TestOnlyDigits" classname="DataToScriptableObject.Tests.Editor.NameSanitizerTests" runstate="Runnable" seed="1584855490" result="Passed" start-time="2026-02-07 18:18:06Z" end-time="2026-02-07 18:18:06Z" duration="0.000054" asserts="0">
                <properties>
                  <property name="retryIteration" value="0" />
                  <property name="repeatIteration" value="0" />
                </properties>
              </test-case>
              <test-case id="1198" name="TestOnlySpecialCharsField" fullname="DataToScriptableObject.Tests.Editor.NameSanitizerTests.TestOnlySpecialCharsField" methodname="TestOnlySpecialCharsField" classname="DataToScriptableObject.Tests.Editor.NameSanitizerTests" runstate="Runnable" seed="1930156623" result="Passed" start-time="2026-02-07 18:18:06Z" end-time="2026-02-07 18:18:06Z" duration="0.000070" asserts="0">
                <properties>
                  <property name="retryIteration" value="0" />
                  <property name="repeatIteration" value="0" />
                </properties>
              </test-case>
              <test-case id="1199" name="TestOnlySpecialCharsFile" fullname="DataToScriptableObject.Tests.Editor.NameSanitizerTests.TestOnlySpecialCharsFile" methodname="TestOnlySpecialCharsFile" classname="DataToScriptableObject.Tests.Editor.NameSanitizerTests" runstate="Runnable" seed="347670102" result="Passed" start-time="2026-02-07 18:18:06Z" end-time="2026-02-07 18:18:06Z" duration="0.000054" asserts="0">
                <properties>
                  <property name="retryIteration" value="0" />
                  <property name="repeatIteration" value="0" />
                </properties>
              </test-case>
              <test-case id="1165" name="TestPascalCaseInput" fullname="DataToScriptableObject.Tests.Editor.NameSanitizerTests.TestPascalCaseInput" methodname="TestPascalCaseInput" classname="DataToScriptableObject.Tests.Editor.NameSanitizerTests" runstate="Runnable" seed="30301971" result="Passed" start-time="2026-02-07 18:18:06Z" end-time="2026-02-07 18:18:06Z" duration="0.000056" asserts="0">
                <properties>
                  <property name="retryIteration" value="0" />
                  <property name="repeatIteration" value="0" />
                </properties>
              </test-case>
              <test-case id="1154" name="TestReservedWord" fullname="DataToScriptableObject.Tests.Editor.NameSanitizerTests.TestReservedWord" methodname="TestReservedWord" classname="DataToScriptableObject.Tests.Editor.NameSanitizerTests" runstate="Runnable" seed="1283879679" result="Passed" start-time="2026-02-07 18:18:06Z" end-time="2026-02-07 18:18:06Z" duration="0.000047" asserts="0">
                <properties>
                  <property name="retryIteration" value="0" />
                  <property name="repeatIteration" value="0" />
                </properties>
              </test-case>
              <test-case id="1178" name="TestReservedWordMixedCase" fullname="DataToScriptableObject.Tests.Editor.NameSanitizerTests.TestReservedWordMixedCase" methodname="TestReservedWordMixedCase" classname="DataToScriptableObject.Tests.Editor.NameSanitizerTests" runstate="Runnable" seed="620426107" result="Passed" start-time="2026-02-07 18:18:06Z" end-time="2026-02-07 18:18:06Z" duration="0.000056" asserts="0">
                <properties>
                  <property name="retryIteration" value="0" />
                  <property name="repeatIteration" value="0" />
                </properties>
              </test-case>
              <test-case id="1173" name="TestSingleCharacter" fullname="DataToScriptableObject.Tests.Editor.NameSanitizerTests.TestSingleCharacter" methodname="TestSingleCharacter" classname="DataToScriptableObject.Tests.Editor.NameSanitizerTests" runstate="Runnable" seed="1659149406" result="Passed" start-time="2026-02-07 18:18:06Z" end-time="2026-02-07 18:18:06Z" duration="0.000056" asserts="0">
                <properties>
                  <property name="retryIteration" value="0" />
                  <property name="repeatIteration" value="0" />
                </properties>
              </test-case>
              <test-case id="1151" name="TestSnakeToCamel" fullname="DataToScriptableObject.Tests.Editor.NameSanitizerTests.TestSnakeToCamel" methodname="TestSnakeToCamel" classname="DataToScriptableObject.Tests.Editor.NameSanitizerTests" runstate="Runnable" seed="2084060013" result="Passed" start-time="2026-02-07 18:18:06Z" end-time="2026-02-07 18:18:06Z" duration="0.000041" asserts="0">
                <properties>
                  <property name="retryIteration" value="0" />
                  <property name="repeatIteration" value="0" />
                </properties>
              </test-case>
              <test-case id="1150" name="TestSpaceToCamel" fullname="DataToScriptableObject.Tests.Editor.NameSanitizerTests.TestSpaceToCamel" methodname="TestSpaceToCamel" classname="DataToScriptableObject.Tests.Editor.NameSanitizerTests" runstate="Runnable" seed="178032086" result="Passed" start-time="2026-02-07 18:18:06Z" end-time="2026-02-07 18:18:06Z" duration="0.000039" asserts="0">
                <properties>
                  <property name="retryIteration" value="0" />
                  <property name="repeatIteration" value="0" />
                </properties>
              </test-case>
              <test-case id="1155" name="TestSpecialChars" fullname="DataToScriptableObject.Tests.Editor.NameSanitizerTests.TestSpecialChars" methodname="TestSpecialChars" classname="DataToScriptableObject.Tests.Editor.NameSanitizerTests" runstate="Runnable" seed="111025589" result="Passed" start-time="2026-02-07 18:18:06Z" end-time="2026-02-07 18:18:06Z" duration="0.000039" asserts="0">
                <properties>
                  <property name="retryIteration" value="0" />
                  <property name="repeatIteration" value="0" />
                </properties>
              </test-case>
              <test-case id="1163" name="TestTabCharacter" fullname="DataToScriptableObject.Tests.Editor.NameSanitizerTests.TestTabCharacter" methodname="TestTabCharacter" classname="DataToScriptableObject.Tests.Editor.NameSanitizerTests" runstate="Runnable" seed="1489824780" result="Failed" start-time="2026-02-07 18:18:06Z" end-time="2026-02-07 18:18:06Z" duration="0.000151" asserts="0">
                <properties>
                  <property name="retryIteration" value="0" />
                  <property name="repeatIteration" value="0" />
                </properties>
                <failure>
                  <message><![CDATA[  String lengths are both 9. Strings differ at index 5.
  Expected: "firstName"
  But was:  "firstname"
  ----------------^
]]></message>
                  <stack-trace><![CDATA[at DataToScriptableObject.Tests.Editor.NameSanitizerTests.TestTabCharacter () [0x00000] in .\Packages\so-database-converter\Tests\Editor\NameSanitizerTests.cs:95
]]></stack-trace>
                </failure>
              </test-case>
              <test-case id="1170" name="TestTrailingSpecialChars" fullname="DataToScriptableObject.Tests.Editor.NameSanitizerTests.TestTrailingSpecialChars" methodname="TestTrailingSpecialChars" classname="DataToScriptableObject.Tests.Editor.NameSanitizerTests" runstate="Runnable" seed="1179461971" result="Passed" start-time="2026-02-07 18:18:06Z" end-time="2026-02-07 18:18:06Z" duration="0.000082" asserts="0">
                <properties>
                  <property name="retryIteration" value="0" />
                  <property name="repeatIteration" value="0" />
                </properties>
              </test-case>
              <test-case id="1174" name="TestUnderscore" fullname="DataToScriptableObject.Tests.Editor.NameSanitizerTests.TestUnderscore" methodname="TestUnderscore" classname="DataToScriptableObject.Tests.Editor.NameSanitizerTests" runstate="Runnable" seed="481041757" result="Passed" start-time="2026-02-07 18:18:06Z" end-time="2026-02-07 18:18:06Z" duration="0.000102" asserts="0">
                <properties>
                  <property name="retryIteration" value="0" />
                  <property name="repeatIteration" value="0" />
                </properties>
              </test-case>
              <test-case id="1201" name="TestVeryLongFieldName" fullname="DataToScriptableObject.Tests.Editor.NameSanitizerTests.TestVeryLongFieldName" methodname="TestVeryLongFieldName" classname="DataToScriptableObject.Tests.Editor.NameSanitizerTests" runstate="Runnable" seed="915693437" result="Passed" start-time="2026-02-07 18:18:06Z" end-time="2026-02-07 18:18:06Z" duration="0.000074" asserts="0">
                <properties>
                  <property name="retryIteration" value="0" />
                  <property name="repeatIteration" value="0" />
                </properties>
              </test-case>
              <test-case id="1200" name="TestWhitespaceOnly" fullname="DataToScriptableObject.Tests.Editor.NameSanitizerTests.TestWhitespaceOnly" methodname="TestWhitespaceOnly" classname="DataToScriptableObject.Tests.Editor.NameSanitizerTests" runstate="Runnable" seed="382584786" result="Passed" start-time="2026-02-07 18:18:06Z" end-time="2026-02-07 18:18:06Z" duration="0.000055" asserts="0">
                <properties>
                  <property name="retryIteration" value="0" />
                  <property name="repeatIteration" value="0" />
                </properties>
              </test-case>
            </test-suite>
            <test-suite type="TestFixture" id="1202" name="SchemaBuilderTests" fullname="DataToScriptableObject.Tests.Editor.SchemaBuilderTests" classname="DataToScriptableObject.Tests.Editor.SchemaBuilderTests" runstate="Runnable" testcasecount="44" result="Failed" site="Child" start-time="2026-02-07 18:18:06Z" end-time="2026-02-07 18:18:06Z" duration="0.015222" total="44" passed="26" failed="18" inconclusive="0" skipped="0" asserts="0">
              <properties />
              <failure>
                <message><![CDATA[One or more child tests had errors]]></message>
              </failure>
              <test-case id="1236" name="TestAllDirectives" fullname="DataToScriptableObject.Tests.Editor.SchemaBuilderTests.TestAllDirectives" methodname="TestAllDirectives" classname="DataToScriptableObject.Tests.Editor.SchemaBuilderTests" runstate="Runnable" seed="504338530" result="Failed" start-time="2026-02-07 18:18:06Z" end-time="2026-02-07 18:18:06Z" duration="0.000333" asserts="0">
                <properties>
                  <property name="retryIteration" value="0" />
                  <property name="repeatIteration" value="0" />
                </properties>
                <failure>
                  <message><![CDATA[  Expected string length 4 but was 14. Strings differ at index 0.
  Expected: "Item"
  But was:  "GeneratedEntry"
  -----------^
]]></message>
                  <stack-trace><![CDATA[at DataToScriptableObject.Tests.Editor.SchemaBuilderTests.TestAllDirectives () [0x00021] in .\Packages\so-database-converter\Tests\Editor\SchemaBuilderTests.cs:458
]]></stack-trace>
                </failure>
              </test-case>
              <test-case id="1219" name="TestAllEmptyHeaders" fullname="DataToScriptableObject.Tests.Editor.SchemaBuilderTests.TestAllEmptyHeaders" methodname="TestAllEmptyHeaders" classname="DataToScriptableObject.Tests.Editor.SchemaBuilderTests" runstate="Runnable" seed="1377508599" result="Failed" start-time="2026-02-07 18:18:06Z" end-time="2026-02-07 18:18:06Z" duration="0.000245" asserts="0">
                <properties>
                  <property name="retryIteration" value="0" />
                  <property name="repeatIteration" value="0" />
                </properties>
                <failure>
                  <message><![CDATA[  Expected: 3
  But was:  2
]]></message>
                  <stack-trace><![CDATA[at DataToScriptableObject.Tests.Editor.SchemaBuilderTests.TestAllEmptyHeaders () [0x00021] in .\Packages\so-database-converter\Tests\Editor\SchemaBuilderTests.cs:233
]]></stack-trace>
                </failure>
              </test-case>
              <test-case id="1222" name="TestAllTypeHints" fullname="DataToScriptableObject.Tests.Editor.SchemaBuilderTests.TestAllTypeHints" methodname="TestAllTypeHints" classname="DataToScriptableObject.Tests.Editor.SchemaBuilderTests" runstate="Runnable" seed="3819980" result="Passed" start-time="2026-02-07 18:18:06Z" end-time="2026-02-07 18:18:06Z" duration="0.000262" asserts="0">
                <properties>
                  <property name="retryIteration" value="0" />
                  <property name="repeatIteration" value="0" />
                </properties>
              </test-case>
              <test-case id="1223" name="TestArrayTypeHints" fullname="DataToScriptableObject.Tests.Editor.SchemaBuilderTests.TestArrayTypeHints" methodname="TestArrayTypeHints" classname="DataToScriptableObject.Tests.Editor.SchemaBuilderTests" runstate="Runnable" seed="1305996023" result="Passed" start-time="2026-02-07 18:18:06Z" end-time="2026-02-07 18:18:06Z" duration="0.000157" asserts="0">
                <properties>
                  <property name="retryIteration" value="0" />
                  <property name="repeatIteration" value="0" />
                </properties>
              </test-case>
              <test-case id="1203" name="TestBasicThreeRowHeader" fullname="DataToScriptableObject.Tests.Editor.SchemaBuilderTests.TestBasicThreeRowHeader" methodname="TestBasicThreeRowHeader" classname="DataToScriptableObject.Tests.Editor.SchemaBuilderTests" runstate="Runnable" seed="888550743" result="Passed" start-time="2026-02-07 18:18:06Z" end-time="2026-02-07 18:18:06Z" duration="0.000161" asserts="0">
                <properties>
                  <property name="retryIteration" value="0" />
                  <property name="repeatIteration" value="0" />
                </properties>
              </test-case>
              <test-case id="1233" name="TestClassDirective" fullname="DataToScriptableObject.Tests.Editor.SchemaBuilderTests.TestClassDirective" methodname="TestClassDirective" classname="DataToScriptableObject.Tests.Editor.SchemaBuilderTests" runstate="Runnable" seed="709049669" result="Failed" start-time="2026-02-07 18:18:06Z" end-time="2026-02-07 18:18:06Z" duration="0.000173" asserts="0">
                <properties>
                  <property name="retryIteration" value="0" />
                  <property name="repeatIteration" value="0" />
                </properties>
                <failure>
                  <message><![CDATA[  Expected string length 6 but was 14. Strings differ at index 0.
  Expected: "Weapon"
  But was:  "GeneratedEntry"
  -----------^
]]></message>
                  <stack-trace><![CDATA[at DataToScriptableObject.Tests.Editor.SchemaBuilderTests.TestClassDirective () [0x00021] in .\Packages\so-database-converter\Tests\Editor\SchemaBuilderTests.cs:428
]]></stack-trace>
                </failure>
              </test-case>
              <test-case id="1232" name="TestCombinedAttributes" fullname="DataToScriptableObject.Tests.Editor.SchemaBuilderTests.TestCombinedAttributes" methodname="TestCombinedAttributes" classname="DataToScriptableObject.Tests.Editor.SchemaBuilderTests" runstate="Runnable" seed="138234244" result="Passed" start-time="2026-02-07 18:18:06Z" end-time="2026-02-07 18:18:06Z" duration="0.000156" asserts="0">
                <properties>
                  <property name="retryIteration" value="0" />
                  <property name="repeatIteration" value="0" />
                </properties>
              </test-case>
              <test-case id="1234" name="TestDatabaseDirective" fullname="DataToScriptableObject.Tests.Editor.SchemaBuilderTests.TestDatabaseDirective" methodname="TestDatabaseDirective" classname="DataToScriptableObject.Tests.Editor.SchemaBuilderTests" runstate="Runnable" seed="960557278" result="Failed" start-time="2026-02-07 18:18:06Z" end-time="2026-02-07 18:18:06Z" duration="0.000202" asserts="0">
                <properties>
                  <property name="retryIteration" value="0" />
                  <property name="repeatIteration" value="0" />
                </properties>
                <failure>
                  <message><![CDATA[  Expected string length 8 but was 22. Strings differ at index 0.
  Expected: "WeaponDB"
  But was:  "GeneratedEntryDatabase"
  -----------^
]]></message>
                  <stack-trace><![CDATA[at DataToScriptableObject.Tests.Editor.SchemaBuilderTests.TestDatabaseDirective () [0x00021] in .\Packages\so-database-converter\Tests\Editor\SchemaBuilderTests.cs:438
]]></stack-trace>
                </failure>
              </test-case>
              <test-case id="1211" name="TestDirectivesOverride" fullname="DataToScriptableObject.Tests.Editor.SchemaBuilderTests.TestDirectivesOverride" methodname="TestDirectivesOverride" classname="DataToScriptableObject.Tests.Editor.SchemaBuilderTests" runstate="Runnable" seed="2055817773" result="Failed" start-time="2026-02-07 18:18:06Z" end-time="2026-02-07 18:18:06Z" duration="0.000148" asserts="0">
                <properties>
                  <property name="retryIteration" value="0" />
                  <property name="repeatIteration" value="0" />
                </properties>
                <failure>
                  <message><![CDATA[  Expected string length 6 but was 11. Strings differ at index 0.
  Expected: "MyName"
  But was:  "DefaultName"
  -----------^
]]></message>
                  <stack-trace><![CDATA[at DataToScriptableObject.Tests.Editor.SchemaBuilderTests.TestDirectivesOverride () [0x0002e] in .\Packages\so-database-converter\Tests\Editor\SchemaBuilderTests.cs:132
]]></stack-trace>
                </failure>
              </test-case>
              <test-case id="1238" name="TestDirectiveWithWhitespace" fullname="DataToScriptableObject.Tests.Editor.SchemaBuilderTests.TestDirectiveWithWhitespace" methodname="TestDirectiveWithWhitespace" classname="DataToScriptableObject.Tests.Editor.SchemaBuilderTests" runstate="Runnable" seed="745171439" result="Failed" start-time="2026-02-07 18:18:06Z" end-time="2026-02-07 18:18:06Z" duration="0.000172" asserts="0">
                <properties>
                  <property name="retryIteration" value="0" />
                  <property name="repeatIteration" value="0" />
                </properties>
                <failure>
                  <message><![CDATA[  Expected string length 11 but was 14. Strings differ at index 0.
  Expected: "SpacedClass"
  But was:  "GeneratedEntry"
  -----------^
]]></message>
                  <stack-trace><![CDATA[at DataToScriptableObject.Tests.Editor.SchemaBuilderTests.TestDirectiveWithWhitespace () [0x00021] in .\Packages\so-database-converter\Tests\Editor\SchemaBuilderTests.cs:485
]]></stack-trace>
                </failure>
              </test-case>
              <test-case id="1212" name="TestDuplicateHeaders" fullname="DataToScriptableObject.Tests.Editor.SchemaBuilderTests.TestDuplicateHeaders" methodname="TestDuplicateHeaders" classname="DataToScriptableObject.Tests.Editor.SchemaBuilderTests" runstate="Runnable" seed="924464378" result="Failed" start-time="2026-02-07 18:18:06Z" end-time="2026-02-07 18:18:06Z" duration="0.000263" asserts="0">
                <properties>
                  <property name="retryIteration" value="0" />
                  <property name="repeatIteration" value="0" />
                </properties>
                <failure>
                  <message><![CDATA[  Expected string length 1 but was 8. Strings differ at index 0.
  Expected: "a"
  But was:  "column_0"
  -----------^
]]></message>
                  <stack-trace><![CDATA[at DataToScriptableObject.Tests.Editor.SchemaBuilderTests.TestDuplicateHeaders () [0x00039] in .\Packages\so-database-converter\Tests\Editor\SchemaBuilderTests.cs:143
]]></stack-trace>
                </failure>
              </test-case>
              <test-case id="1242" name="TestEmptyDataRows" fullname="DataToScriptableObject.Tests.Editor.SchemaBuilderTests.TestEmptyDataRows" methodname="TestEmptyDataRows" classname="DataToScriptableObject.Tests.Editor.SchemaBuilderTests" runstate="Runnable" seed="294807710" result="Passed" start-time="2026-02-07 18:18:06Z" end-time="2026-02-07 18:18:06Z" duration="0.000138" asserts="0">
                <properties>
                  <property name="retryIteration" value="0" />
                  <property name="repeatIteration" value="0" />
                </properties>
              </test-case>
              <test-case id="1213" name="TestEmptyHeader" fullname="DataToScriptableObject.Tests.Editor.SchemaBuilderTests.TestEmptyHeader" methodname="TestEmptyHeader" classname="DataToScriptableObject.Tests.Editor.SchemaBuilderTests" runstate="Runnable" seed="1922957649" result="Failed" start-time="2026-02-07 18:18:06Z" end-time="2026-02-07 18:18:06Z" duration="0.000187" asserts="0">
                <properties>
                  <property name="retryIteration" value="0" />
                  <property name="repeatIteration" value="0" />
                </properties>
                <failure>
                  <message><![CDATA[  Expected string length 8 but was 4. Strings differ at index 0.
  Expected: "column_0"
  But was:  "name"
  -----------^
]]></message>
                  <stack-trace><![CDATA[at DataToScriptableObject.Tests.Editor.SchemaBuilderTests.TestEmptyHeader () [0x00021] in .\Packages\so-database-converter\Tests\Editor\SchemaBuilderTests.cs:155
]]></stack-trace>
                </failure>
              </test-case>
              <test-case id="1217" name="TestEmptyHeaderAtMiddle" fullname="DataToScriptableObject.Tests.Editor.SchemaBuilderTests.TestEmptyHeaderAtMiddle" methodname="TestEmptyHeaderAtMiddle" classname="DataToScriptableObject.Tests.Editor.SchemaBuilderTests" runstate="Runnable" seed="772501932" result="Passed" start-time="2026-02-07 18:18:06Z" end-time="2026-02-07 18:18:06Z" duration="0.000148" asserts="0">
                <properties>
                  <property name="retryIteration" value="0" />
                  <property name="repeatIteration" value="0" />
                </properties>
              </test-case>
              <test-case id="1206" name="TestEnumParsing" fullname="DataToScriptableObject.Tests.Editor.SchemaBuilderTests.TestEnumParsing" methodname="TestEnumParsing" classname="DataToScriptableObject.Tests.Editor.SchemaBuilderTests" runstate="Runnable" seed="292218771" result="Failed" start-time="2026-02-07 18:18:06Z" end-time="2026-02-07 18:18:06Z" duration="0.000283" asserts="0">
                <properties>
                  <property name="retryIteration" value="0" />
                  <property name="repeatIteration" value="0" />
                </properties>
                <failure>
                  <message><![CDATA[  Expected: 3
  But was:  1
]]></message>
                  <stack-trace><![CDATA[at DataToScriptableObject.Tests.Editor.SchemaBuilderTests.TestEnumParsing () [0x00050] in .\Packages\so-database-converter\Tests\Editor\SchemaBuilderTests.cs:74
]]></stack-trace>
                </failure>
              </test-case>
              <test-case id="1224" name="TestEnumParsingMinimal" fullname="DataToScriptableObject.Tests.Editor.SchemaBuilderTests.TestEnumParsingMinimal" methodname="TestEnumParsingMinimal" classname="DataToScriptableObject.Tests.Editor.SchemaBuilderTests" runstate="Runnable" seed="108651303" result="Passed" start-time="2026-02-07 18:18:06Z" end-time="2026-02-07 18:18:06Z" duration="0.000235" asserts="0">
                <properties>
                  <property name="retryIteration" value="0" />
                  <property name="repeatIteration" value="0" />
                </properties>
              </test-case>
              <test-case id="1226" name="TestEnumValuesInFlagsRow" fullname="DataToScriptableObject.Tests.Editor.SchemaBuilderTests.TestEnumValuesInFlagsRow" methodname="TestEnumValuesInFlagsRow" classname="DataToScriptableObject.Tests.Editor.SchemaBuilderTests" runstate="Runnable" seed="2016849561" result="Passed" start-time="2026-02-07 18:18:06Z" end-time="2026-02-07 18:18:06Z" duration="0.000239" asserts="0">
                <properties>
                  <property name="retryIteration" value="0" />
                  <property name="repeatIteration" value="0" />
                </properties>
              </test-case>
              <test-case id="1225" name="TestEnumWithMultipleColumns" fullname="DataToScriptableObject.Tests.Editor.SchemaBuilderTests.TestEnumWithMultipleColumns" methodname="TestEnumWithMultipleColumns" classname="DataToScriptableObject.Tests.Editor.SchemaBuilderTests" runstate="Runnable" seed="636263306" result="Passed" start-time="2026-02-07 18:18:06Z" end-time="2026-02-07 18:18:06Z" duration="0.000129" asserts="0">
                <properties>
                  <property name="retryIteration" value="0" />
                  <property name="repeatIteration" value="0" />
                </properties>
              </test-case>
              <test-case id="1221" name="TestExplicitTypeHints" fullname="DataToScriptableObject.Tests.Editor.SchemaBuilderTests.TestExplicitTypeHints" methodname="TestExplicitTypeHints" classname="DataToScriptableObject.Tests.Editor.SchemaBuilderTests" runstate="Runnable" seed="2114798158" result="Passed" start-time="2026-02-07 18:18:06Z" end-time="2026-02-07 18:18:06Z" duration="0.000122" asserts="0">
                <properties>
                  <property name="retryIteration" value="0" />
                  <property name="repeatIteration" value="0" />
                </properties>
              </test-case>
              <test-case id="1216" name="TestFieldNameSanitization" fullname="DataToScriptableObject.Tests.Editor.SchemaBuilderTests.TestFieldNameSanitization" methodname="TestFieldNameSanitization" classname="DataToScriptableObject.Tests.Editor.SchemaBuilderTests" runstate="Runnable" seed="1951933577" result="Failed" start-time="2026-02-07 18:18:06Z" end-time="2026-02-07 18:18:06Z" duration="0.000194" asserts="0">
                <properties>
                  <property name="retryIteration" value="0" />
                  <property name="repeatIteration" value="0" />
                </properties>
                <failure>
                  <message><![CDATA[  Expected string length 9 but was 8. Strings differ at index 0.
  Expected: "My Column"
  But was:  "y Column"
  -----------^
]]></message>
                  <stack-trace><![CDATA[at DataToScriptableObject.Tests.Editor.SchemaBuilderTests.TestFieldNameSanitization () [0x00021] in .\Packages\so-database-converter\Tests\Editor\SchemaBuilderTests.cs:196
]]></stack-trace>
                </failure>
              </test-case>
              <test-case id="1231" name="TestHeaderAttribute" fullname="DataToScriptableObject.Tests.Editor.SchemaBuilderTests.TestHeaderAttribute" methodname="TestHeaderAttribute" classname="DataToScriptableObject.Tests.Editor.SchemaBuilderTests" runstate="Runnable" seed="1240270969" result="Passed" start-time="2026-02-07 18:18:06Z" end-time="2026-02-07 18:18:06Z" duration="0.000164" asserts="0">
                <properties>
                  <property name="retryIteration" value="0" />
                  <property name="repeatIteration" value="0" />
                </properties>
              </test-case>
              <test-case id="1229" name="TestHideFlag" fullname="DataToScriptableObject.Tests.Editor.SchemaBuilderTests.TestHideFlag" methodname="TestHideFlag" classname="DataToScriptableObject.Tests.Editor.SchemaBuilderTests" runstate="Runnable" seed="1525618218" result="Passed" start-time="2026-02-07 18:18:06Z" end-time="2026-02-07 18:18:06Z" duration="0.000114" asserts="0">
                <properties>
                  <property name="retryIteration" value="0" />
                  <property name="repeatIteration" value="0" />
                </properties>
              </test-case>
              <test-case id="1210" name="TestKeyAndName" fullname="DataToScriptableObject.Tests.Editor.SchemaBuilderTests.TestKeyAndName" methodname="TestKeyAndName" classname="DataToScriptableObject.Tests.Editor.SchemaBuilderTests" runstate="Runnable" seed="1235488471" result="Passed" start-time="2026-02-07 18:18:06Z" end-time="2026-02-07 18:18:06Z" duration="0.000087" asserts="0">
                <properties>
                  <property name="retryIteration" value="0" />
                  <property name="repeatIteration" value="0" />
                </properties>
              </test-case>
              <test-case id="1228" name="TestListFlag" fullname="DataToScriptableObject.Tests.Editor.SchemaBuilderTests.TestListFlag" methodname="TestListFlag" classname="DataToScriptableObject.Tests.Editor.SchemaBuilderTests" runstate="Runnable" seed="925350261" result="Passed" start-time="2026-02-07 18:18:06Z" end-time="2026-02-07 18:18:06Z" duration="0.000103" asserts="0">
                <properties>
                  <property name="retryIteration" value="0" />
                  <property name="repeatIteration" value="0" />
                </properties>
              </test-case>
              <test-case id="1218" name="TestMultipleDuplicateHeaders" fullname="DataToScriptableObject.Tests.Editor.SchemaBuilderTests.TestMultipleDuplicateHeaders" methodname="TestMultipleDuplicateHeaders" classname="DataToScriptableObject.Tests.Editor.SchemaBuilderTests" runstate="Runnable" seed="1341952886" result="Failed" start-time="2026-02-07 18:18:06Z" end-time="2026-02-07 18:18:06Z" duration="0.000214" asserts="0">
                <properties>
                  <property name="retryIteration" value="0" />
                  <property name="repeatIteration" value="0" />
                </properties>
                <failure>
                  <message><![CDATA[  Expected string length 4 but was 3. Strings differ at index 0.
  Expected: "name"
  But was:  "ame"
  -----------^
]]></message>
                  <stack-trace><![CDATA[at DataToScriptableObject.Tests.Editor.SchemaBuilderTests.TestMultipleDuplicateHeaders () [0x00039] in .\Packages\so-database-converter\Tests\Editor\SchemaBuilderTests.cs:221
]]></stack-trace>
                </failure>
              </test-case>
              <test-case id="1230" name="TestMultipleFlags" fullname="DataToScriptableObject.Tests.Editor.SchemaBuilderTests.TestMultipleFlags" methodname="TestMultipleFlags" classname="DataToScriptableObject.Tests.Editor.SchemaBuilderTests" runstate="Runnable" seed="480933624" result="Passed" start-time="2026-02-07 18:18:06Z" end-time="2026-02-07 18:18:06Z" duration="0.000120" asserts="0">
                <properties>
                  <property name="retryIteration" value="0" />
                  <property name="repeatIteration" value="0" />
                </properties>
              </test-case>
              <test-case id="1235" name="TestNamespaceDirective" fullname="DataToScriptableObject.Tests.Editor.SchemaBuilderTests.TestNamespaceDirective" methodname="TestNamespaceDirective" classname="DataToScriptableObject.Tests.Editor.SchemaBuilderTests" runstate="Runnable" seed="16685731" result="Failed" start-time="2026-02-07 18:18:06Z" end-time="2026-02-07 18:18:06Z" duration="0.000156" asserts="0">
                <properties>
                  <property name="retryIteration" value="0" />
                  <property name="repeatIteration" value="0" />
                </properties>
                <failure>
                  <message><![CDATA[  Expected: "Game.Items"
  But was:  null
]]></message>
                  <stack-trace><![CDATA[at DataToScriptableObject.Tests.Editor.SchemaBuilderTests.TestNamespaceDirective () [0x00021] in .\Packages\so-database-converter\Tests\Editor\SchemaBuilderTests.cs:448
]]></stack-trace>
                </failure>
              </test-case>
              <test-case id="1239" name="TestNoColumns" fullname="DataToScriptableObject.Tests.Editor.SchemaBuilderTests.TestNoColumns" methodname="TestNoColumns" classname="DataToScriptableObject.Tests.Editor.SchemaBuilderTests" runstate="Runnable" seed="59576844" result="Passed" start-time="2026-02-07 18:18:06Z" end-time="2026-02-07 18:18:06Z" duration="0.000082" asserts="0">
                <properties>
                  <property name="retryIteration" value="0" />
                  <property name="repeatIteration" value="0" />
                </properties>
              </test-case>
              <test-case id="1227" name="TestOptionalFlag" fullname="DataToScriptableObject.Tests.Editor.SchemaBuilderTests.TestOptionalFlag" methodname="TestOptionalFlag" classname="DataToScriptableObject.Tests.Editor.SchemaBuilderTests" runstate="Runnable" seed="231971528" result="Passed" start-time="2026-02-07 18:18:06Z" end-time="2026-02-07 18:18:06Z" duration="0.000086" asserts="0">
                <properties>
                  <property name="retryIteration" value="0" />
                  <property name="repeatIteration" value="0" />
                </properties>
              </test-case>
              <test-case id="1215" name="TestOriginalHeaderPreserved" fullname="DataToScriptableObject.Tests.Editor.SchemaBuilderTests.TestOriginalHeaderPreserved" methodname="TestOriginalHeaderPreserved" classname="DataToScriptableObject.Tests.Editor.SchemaBuilderTests" runstate="Runnable" seed="1928994435" result="Failed" start-time="2026-02-07 18:18:06Z" end-time="2026-02-07 18:18:06Z" duration="0.000158" asserts="0">
                <properties>
                  <property name="retryIteration" value="0" />
                  <property name="repeatIteration" value="0" />
                </properties>
                <failure>
                  <message><![CDATA[  Expected string length 8 but was 7. Strings differ at index 0.
  Expected: "MyColumn"
  But was:  "yColumn"
  -----------^
]]></message>
                  <stack-trace><![CDATA[at DataToScriptableObject.Tests.Editor.SchemaBuilderTests.TestOriginalHeaderPreserved () [0x00039] in .\Packages\so-database-converter\Tests\Editor\SchemaBuilderTests.cs:185
]]></stack-trace>
                </failure>
              </test-case>
              <test-case id="1207" name="TestRangeParsing" fullname="DataToScriptableObject.Tests.Editor.SchemaBuilderTests.TestRangeParsing" methodname="TestRangeParsing" classname="DataToScriptableObject.Tests.Editor.SchemaBuilderTests" runstate="Runnable" seed="1561999034" result="Passed" start-time="2026-02-07 18:18:06Z" end-time="2026-02-07 18:18:06Z" duration="0.000117" asserts="0">
                <properties>
                  <property name="retryIteration" value="0" />
                  <property name="repeatIteration" value="0" />
                </properties>
              </test-case>
              <test-case id="1244" name="TestReservedWordHeader" fullname="DataToScriptableObject.Tests.Editor.SchemaBuilderTests.TestReservedWordHeader" methodname="TestReservedWordHeader" classname="DataToScriptableObject.Tests.Editor.SchemaBuilderTests" runstate="Runnable" seed="2008251999" result="Failed" start-time="2026-02-07 18:18:06Z" end-time="2026-02-07 18:18:06Z" duration="0.000176" asserts="0">
                <properties>
                  <property name="retryIteration" value="0" />
                  <property name="repeatIteration" value="0" />
                </properties>
                <failure>
                  <message><![CDATA[  Expected string length 6 but was 4. Strings differ at index 0.
  Expected: "class_"
  But was:  "lass"
  -----------^
]]></message>
                  <stack-trace><![CDATA[at DataToScriptableObject.Tests.Editor.SchemaBuilderTests.TestReservedWordHeader () [0x00021] in .\Packages\so-database-converter\Tests\Editor\SchemaBuilderTests.cs:560
]]></stack-trace>
                </failure>
              </test-case>
              <test-case id="1241" name="TestRowsBuiltCorrectly" fullname="DataToScriptableObject.Tests.Editor.SchemaBuilderTests.TestRowsBuiltCorrectly" methodname="TestRowsBuiltCorrectly" classname="DataToScriptableObject.Tests.Editor.SchemaBuilderTests" runstate="Runnable" seed="1784253840" result="Failed" label="Error" start-time="2026-02-07 18:18:06Z" end-time="2026-02-07 18:18:06Z" duration="0.001130" asserts="0">
                <properties>
                  <property name="retryIteration" value="0" />
                  <property name="repeatIteration" value="0" />
                </properties>
                <failure>
                  <message><![CDATA[System.Collections.Generic.KeyNotFoundException : The given key 'id' was not present in the dictionary.]]></message>
                  <stack-trace><![CDATA[  at System.Collections.Generic.Dictionary`2[TKey,TValue].get_Item (TKey key) [0x0001e] in <1eb9db207454431c84a47bcd81e79c37>:0 
  at DataToScriptableObject.Tests.Editor.SchemaBuilderTests.TestRowsBuiltCorrectly () [0x0003c] in .\Packages\so-database-converter\Tests\Editor\SchemaBuilderTests.cs:521 
  at (wrapper managed-to-native) System.Reflection.RuntimeMethodInfo.InternalInvoke(System.Reflection.RuntimeMethodInfo,object,object[],System.Exception&)
  at System.Reflection.RuntimeMethodInfo.Invoke (System.Object obj, System.Reflection.BindingFlags invokeAttr, System.Reflection.Binder binder, System.Object[] parameters, System.Globalization.CultureInfo culture) [0x0006a] in <1eb9db207454431c84a47bcd81e79c37>:0 ]]></stack-trace>
                </failure>
              </test-case>
              <test-case id="1245" name="TestSanitizationDisabled" fullname="DataToScriptableObject.Tests.Editor.SchemaBuilderTests.TestSanitizationDisabled" methodname="TestSanitizationDisabled" classname="DataToScriptableObject.Tests.Editor.SchemaBuilderTests" runstate="Runnable" seed="800292089" result="Failed" start-time="2026-02-07 18:18:06Z" end-time="2026-02-07 18:18:06Z" duration="0.000217" asserts="0">
                <properties>
                  <property name="retryIteration" value="0" />
                  <property name="repeatIteration" value="0" />
                </properties>
                <failure>
                  <message><![CDATA[  Expected string length 9 but was 8. Strings differ at index 0.
  Expected: "My Column"
  But was:  "y Column"
  -----------^
]]></message>
                  <stack-trace><![CDATA[at DataToScriptableObject.Tests.Editor.SchemaBuilderTests.TestSanitizationDisabled () [0x0002a] in .\Packages\so-database-converter\Tests\Editor\SchemaBuilderTests.cs:574
]]></stack-trace>
                </failure>
              </test-case>
              <test-case id="1237" name="TestSettingsDefaultWhenNoDirective" fullname="DataToScriptableObject.Tests.Editor.SchemaBuilderTests.TestSettingsDefaultWhenNoDirective" methodname="TestSettingsDefaultWhenNoDirective" classname="DataToScriptableObject.Tests.Editor.SchemaBuilderTests" runstate="Runnable" seed="702260229" result="Passed" start-time="2026-02-07 18:18:06Z" end-time="2026-02-07 18:18:06Z" duration="0.000125" asserts="0">
                <properties>
                  <property name="retryIteration" value="0" />
                  <property name="repeatIteration" value="0" />
                </properties>
              </test-case>
              <test-case id="1240" name="TestSingleColumn" fullname="DataToScriptableObject.Tests.Editor.SchemaBuilderTests.TestSingleColumn" methodname="TestSingleColumn" classname="DataToScriptableObject.Tests.Editor.SchemaBuilderTests" runstate="Runnable" seed="1504368767" result="Passed" start-time="2026-02-07 18:18:06Z" end-time="2026-02-07 18:18:06Z" duration="0.000113" asserts="0">
                <properties>
                  <property name="retryIteration" value="0" />
                  <property name="repeatIteration" value="0" />
                </properties>
              </test-case>
              <test-case id="1204" name="TestSingleRowHeader" fullname="DataToScriptableObject.Tests.Editor.SchemaBuilderTests.TestSingleRowHeader" methodname="TestSingleRowHeader" classname="DataToScriptableObject.Tests.Editor.SchemaBuilderTests" runstate="Runnable" seed="275143062" result="Passed" start-time="2026-02-07 18:18:06Z" end-time="2026-02-07 18:18:06Z" duration="0.000115" asserts="0">
                <properties>
                  <property name="retryIteration" value="0" />
                  <property name="repeatIteration" value="0" />
                </properties>
              </test-case>
              <test-case id="1220" name="TestSingleRowHeaderInfersFromData" fullname="DataToScriptableObject.Tests.Editor.SchemaBuilderTests.TestSingleRowHeaderInfersFromData" methodname="TestSingleRowHeaderInfersFromData" classname="DataToScriptableObject.Tests.Editor.SchemaBuilderTests" runstate="Runnable" seed="1650742717" result="Passed" start-time="2026-02-07 18:18:06Z" end-time="2026-02-07 18:18:06Z" duration="0.000121" asserts="0">
                <properties>
                  <property name="retryIteration" value="0" />
                  <property name="repeatIteration" value="0" />
                </properties>
              </test-case>
              <test-case id="1209" name="TestSkipColumn" fullname="DataToScriptableObject.Tests.Editor.SchemaBuilderTests.TestSkipColumn" methodname="TestSkipColumn" classname="DataToScriptableObject.Tests.Editor.SchemaBuilderTests" runstate="Runnable" seed="1324511750" result="Passed" start-time="2026-02-07 18:18:06Z" end-time="2026-02-07 18:18:06Z" duration="0.000070" asserts="0">
                <properties>
                  <property name="retryIteration" value="0" />
                  <property name="repeatIteration" value="0" />
                </properties>
              </test-case>
              <test-case id="1243" name="TestSpecialCharactersInHeaders" fullname="DataToScriptableObject.Tests.Editor.SchemaBuilderTests.TestSpecialCharactersInHeaders" methodname="TestSpecialCharactersInHeaders" classname="DataToScriptableObject.Tests.Editor.SchemaBuilderTests" runstate="Runnable" seed="278691346" result="Failed" start-time="2026-02-07 18:18:06Z" end-time="2026-02-07 18:18:06Z" duration="0.000187" asserts="0">
                <properties>
                  <property name="retryIteration" value="0" />
                  <property name="repeatIteration" value="0" />
                </properties>
                <failure>
                  <message><![CDATA[  Expected string length 8 but was 7. Strings differ at index 0.
  Expected: "playerId"
  But was:  "layerId"
  -----------^
]]></message>
                  <stack-trace><![CDATA[at DataToScriptableObject.Tests.Editor.SchemaBuilderTests.TestSpecialCharactersInHeaders () [0x00039] in .\Packages\so-database-converter\Tests\Editor\SchemaBuilderTests.cs:547
]]></stack-trace>
                </failure>
              </test-case>
              <test-case id="1208" name="TestTooltipParsing" fullname="DataToScriptableObject.Tests.Editor.SchemaBuilderTests.TestTooltipParsing" methodname="TestTooltipParsing" classname="DataToScriptableObject.Tests.Editor.SchemaBuilderTests" runstate="Runnable" seed="1584362506" result="Passed" start-time="2026-02-07 18:18:06Z" end-time="2026-02-07 18:18:06Z" duration="0.000142" asserts="0">
                <properties>
                  <property name="retryIteration" value="0" />
                  <property name="repeatIteration" value="0" />
                </properties>
              </test-case>
              <test-case id="1205" name="TestTwoRowHeader" fullname="DataToScriptableObject.Tests.Editor.SchemaBuilderTests.TestTwoRowHeader" methodname="TestTwoRowHeader" classname="DataToScriptableObject.Tests.Editor.SchemaBuilderTests" runstate="Runnable" seed="392641354" result="Passed" start-time="2026-02-07 18:18:06Z" end-time="2026-02-07 18:18:06Z" duration="0.000122" asserts="0">
                <properties>
                  <property name="retryIteration" value="0" />
                  <property name="repeatIteration" value="0" />
                </properties>
              </test-case>
              <test-case id="1214" name="TestUnrecognizedType" fullname="DataToScriptableObject.Tests.Editor.SchemaBuilderTests.TestUnrecognizedType" methodname="TestUnrecognizedType" classname="DataToScriptableObject.Tests.Editor.SchemaBuilderTests" runstate="Runnable" seed="1895154826" result="Passed" start-time="2026-02-07 18:18:06Z" end-time="2026-02-07 18:18:06Z" duration="0.000181" asserts="0">
                <properties>
                  <property name="retryIteration" value="0" />
                  <property name="repeatIteration" value="0" />
                </properties>
              </test-case>
              <test-case id="1246" name="TestWarningsForIssues" fullname="DataToScriptableObject.Tests.Editor.SchemaBuilderTests.TestWarningsForIssues" methodname="TestWarningsForIssues" classname="DataToScriptableObject.Tests.Editor.SchemaBuilderTests" runstate="Runnable" seed="527798001" result="Failed" start-time="2026-02-07 18:18:06Z" end-time="2026-02-07 18:18:06Z" duration="0.000180" asserts="0">
                <properties>
                  <property name="retryIteration" value="0" />
                  <property name="repeatIteration" value="0" />
                </properties>
                <failure>
                  <message><![CDATA[  Expected: greater than or equal to 2
  But was:  1
]]></message>
                  <stack-trace><![CDATA[at DataToScriptableObject.Tests.Editor.SchemaBuilderTests.TestWarningsForIssues () [0x00020] in .\Packages\so-database-converter\Tests\Editor\SchemaBuilderTests.cs:586
]]></stack-trace>
                </failure>
              </test-case>
            </test-suite>
            <test-suite type="TestFixture" id="1247" name="TypeConverterTests" fullname="DataToScriptableObject.Tests.Editor.TypeConverterTests" classname="DataToScriptableObject.Tests.Editor.TypeConverterTests" runstate="Runnable" testcasecount="54" result="Failed" site="Child" start-time="2026-02-07 18:18:06Z" end-time="2026-02-07 18:18:06Z" duration="0.016868" total="54" passed="52" failed="2" inconclusive="0" skipped="0" asserts="0">
              <properties />
              <failure>
                <message><![CDATA[One or more child tests had errors]]></message>
              </failure>
              <test-case id="1264" name="TestNullHandling" fullname="DataToScriptableObject.Tests.Editor.TypeConverterTests.TestNullHandling" methodname="TestNullHandling" classname="DataToScriptableObject.Tests.Editor.TypeConverterTests" runstate="Runnable" seed="570273522" result="Passed" start-time="2026-02-07 18:18:06Z" end-time="2026-02-07 18:18:06Z" duration="0.001646" asserts="0">
                <properties>
                  <property name="retryIteration" value="0" />
                  <property name="repeatIteration" value="0" />
                </properties>
              </test-case>
              <test-case id="1300" name="TestToArrayCustomDelimiter" fullname="DataToScriptableObject.Tests.Editor.TypeConverterTests.TestToArrayCustomDelimiter" methodname="TestToArrayCustomDelimiter" classname="DataToScriptableObject.Tests.Editor.TypeConverterTests" runstate="Runnable" seed="1846228657" result="Passed" start-time="2026-02-07 18:18:06Z" end-time="2026-02-07 18:18:06Z" duration="0.000243" asserts="0">
                <properties>
                  <property name="retryIteration" value="0" />
                  <property name="repeatIteration" value="0" />
                </properties>
              </test-case>
              <test-case id="1297" name="TestToArrayEmpty" fullname="DataToScriptableObject.Tests.Editor.TypeConverterTests.TestToArrayEmpty" methodname="TestToArrayEmpty" classname="DataToScriptableObject.Tests.Editor.TypeConverterTests" runstate="Runnable" seed="339209099" result="Failed" start-time="2026-02-07 18:18:06Z" end-time="2026-02-07 18:18:06Z" duration="0.000208" asserts="0">
                <properties>
                  <property name="retryIteration" value="0" />
                  <property name="repeatIteration" value="0" />
                </properties>
                <failure>
                  <message><![CDATA[  Expected: 1
  But was:  0
]]></message>
                  <stack-trace><![CDATA[at DataToScriptableObject.Tests.Editor.TypeConverterTests.TestToArrayEmpty () [0x0001c] in .\Packages\so-database-converter\Tests\Editor\TypeConverterTests.cs:408
]]></stack-trace>
                </failure>
              </test-case>
              <test-case id="1299" name="TestToArrayFloats" fullname="DataToScriptableObject.Tests.Editor.TypeConverterTests.TestToArrayFloats" methodname="TestToArrayFloats" classname="DataToScriptableObject.Tests.Editor.TypeConverterTests" runstate="Runnable" seed="1812011343" result="Passed" start-time="2026-02-07 18:18:06Z" end-time="2026-02-07 18:18:06Z" duration="0.000712" asserts="0">
                <properties>
                  <property name="retryIteration" value="0" />
                  <property name="repeatIteration" value="0" />
                </properties>
              </test-case>
              <test-case id="1262" name="TestToArrayInt" fullname="DataToScriptableObject.Tests.Editor.TypeConverterTests.TestToArrayInt" methodname="TestToArrayInt" classname="DataToScriptableObject.Tests.Editor.TypeConverterTests" runstate="Runnable" seed="1915517361" result="Passed" start-time="2026-02-07 18:18:06Z" end-time="2026-02-07 18:18:06Z" duration="0.000099" asserts="0">
                <properties>
                  <property name="retryIteration" value="0" />
                  <property name="repeatIteration" value="0" />
                </properties>
              </test-case>
              <test-case id="1298" name="TestToArraySingleElement" fullname="DataToScriptableObject.Tests.Editor.TypeConverterTests.TestToArraySingleElement" methodname="TestToArraySingleElement" classname="DataToScriptableObject.Tests.Editor.TypeConverterTests" runstate="Runnable" seed="1120767952" result="Passed" start-time="2026-02-07 18:18:06Z" end-time="2026-02-07 18:18:06Z" duration="0.000088" asserts="0">
                <properties>
                  <property name="retryIteration" value="0" />
                  <property name="repeatIteration" value="0" />
                </properties>
              </test-case>
              <test-case id="1263" name="TestToArrayString" fullname="DataToScriptableObject.Tests.Editor.TypeConverterTests.TestToArrayString" methodname="TestToArrayString" classname="DataToScriptableObject.Tests.Editor.TypeConverterTests" runstate="Runnable" seed="996104992" result="Passed" start-time="2026-02-07 18:18:06Z" end-time="2026-02-07 18:18:06Z" duration="0.000314" asserts="0">
                <properties>
                  <property name="retryIteration" value="0" />
                  <property name="repeatIteration" value="0" />
                </properties>
              </test-case>
              <test-case id="1301" name="TestToArrayWithSpaces" fullname="DataToScriptableObject.Tests.Editor.TypeConverterTests.TestToArrayWithSpaces" methodname="TestToArrayWithSpaces" classname="DataToScriptableObject.Tests.Editor.TypeConverterTests" runstate="Runnable" seed="1095599399" result="Passed" start-time="2026-02-07 18:18:06Z" end-time="2026-02-07 18:18:06Z" duration="0.000161" asserts="0">
                <properties>
                  <property name="retryIteration" value="0" />
                  <property name="repeatIteration" value="0" />
                </properties>
              </test-case>
              <test-case id="1277" name="TestToBoolEmpty" fullname="DataToScriptableObject.Tests.Editor.TypeConverterTests.TestToBoolEmpty" methodname="TestToBoolEmpty" classname="DataToScriptableObject.Tests.Editor.TypeConverterTests" runstate="Runnable" seed="1995381109" result="Passed" start-time="2026-02-07 18:18:06Z" end-time="2026-02-07 18:18:06Z" duration="0.000067" asserts="0">
                <properties>
                  <property name="retryIteration" value="0" />
                  <property name="repeatIteration" value="0" />
                </properties>
              </test-case>
              <test-case id="1254" name="TestToBoolFalse" fullname="DataToScriptableObject.Tests.Editor.TypeConverterTests.TestToBoolFalse" methodname="TestToBoolFalse" classname="DataToScriptableObject.Tests.Editor.TypeConverterTests" runstate="Runnable" seed="993331943" result="Passed" start-time="2026-02-07 18:18:06Z" end-time="2026-02-07 18:18:06Z" duration="0.000053" asserts="0">
                <properties>
                  <property name="retryIteration" value="0" />
                  <property name="repeatIteration" value="0" />
                </properties>
              </test-case>
              <test-case id="1278" name="TestToBoolInvalid" fullname="DataToScriptableObject.Tests.Editor.TypeConverterTests.TestToBoolInvalid" methodname="TestToBoolInvalid" classname="DataToScriptableObject.Tests.Editor.TypeConverterTests" runstate="Runnable" seed="1474128087" result="Passed" start-time="2026-02-07 18:18:06Z" end-time="2026-02-07 18:18:06Z" duration="0.001090" asserts="0">
                <properties>
                  <property name="retryIteration" value="0" />
                  <property name="repeatIteration" value="0" />
                </properties>
                <output><![CDATA[Failed to convert 'maybe' to bool. Using default: false
]]></output>
              </test-case>
              <test-case id="1276" name="TestToBoolNo" fullname="DataToScriptableObject.Tests.Editor.TypeConverterTests.TestToBoolNo" methodname="TestToBoolNo" classname="DataToScriptableObject.Tests.Editor.TypeConverterTests" runstate="Runnable" seed="855959345" result="Passed" start-time="2026-02-07 18:18:06Z" end-time="2026-02-07 18:18:06Z" duration="0.000132" asserts="0">
                <properties>
                  <property name="retryIteration" value="0" />
                  <property name="repeatIteration" value="0" />
                </properties>
              </test-case>
              <test-case id="1253" name="TestToBoolTrue" fullname="DataToScriptableObject.Tests.Editor.TypeConverterTests.TestToBoolTrue" methodname="TestToBoolTrue" classname="DataToScriptableObject.Tests.Editor.TypeConverterTests" runstate="Runnable" seed="1627152745" result="Passed" start-time="2026-02-07 18:18:06Z" end-time="2026-02-07 18:18:06Z" duration="0.000058" asserts="0">
                <properties>
                  <property name="retryIteration" value="0" />
                  <property name="repeatIteration" value="0" />
                </properties>
              </test-case>
              <test-case id="1275" name="TestToBoolYes" fullname="DataToScriptableObject.Tests.Editor.TypeConverterTests.TestToBoolYes" methodname="TestToBoolYes" classname="DataToScriptableObject.Tests.Editor.TypeConverterTests" runstate="Runnable" seed="1394782269" result="Passed" start-time="2026-02-07 18:18:06Z" end-time="2026-02-07 18:18:06Z" duration="0.000064" asserts="0">
                <properties>
                  <property name="retryIteration" value="0" />
                  <property name="repeatIteration" value="0" />
                </properties>
              </test-case>
              <test-case id="1291" name="TestToColorEmpty" fullname="DataToScriptableObject.Tests.Editor.TypeConverterTests.TestToColorEmpty" methodname="TestToColorEmpty" classname="DataToScriptableObject.Tests.Editor.TypeConverterTests" runstate="Runnable" seed="593797210" result="Passed" start-time="2026-02-07 18:18:06Z" end-time="2026-02-07 18:18:06Z" duration="0.000096" asserts="0">
                <properties>
                  <property name="retryIteration" value="0" />
                  <property name="repeatIteration" value="0" />
                </properties>
              </test-case>
              <test-case id="1258" name="TestToColorHex" fullname="DataToScriptableObject.Tests.Editor.TypeConverterTests.TestToColorHex" methodname="TestToColorHex" classname="DataToScriptableObject.Tests.Editor.TypeConverterTests" runstate="Runnable" seed="985512601" result="Passed" start-time="2026-02-07 18:18:06Z" end-time="2026-02-07 18:18:06Z" duration="0.000073" asserts="0">
                <properties>
                  <property name="retryIteration" value="0" />
                  <property name="repeatIteration" value="0" />
                </properties>
              </test-case>
              <test-case id="1289" name="TestToColorHexLowercase" fullname="DataToScriptableObject.Tests.Editor.TypeConverterTests.TestToColorHexLowercase" methodname="TestToColorHexLowercase" classname="DataToScriptableObject.Tests.Editor.TypeConverterTests" runstate="Runnable" seed="702485943" result="Passed" start-time="2026-02-07 18:18:06Z" end-time="2026-02-07 18:18:06Z" duration="0.000065" asserts="0">
                <properties>
                  <property name="retryIteration" value="0" />
                  <property name="repeatIteration" value="0" />
                </properties>
              </test-case>
              <test-case id="1288" name="TestToColorHexWithAlpha" fullname="DataToScriptableObject.Tests.Editor.TypeConverterTests.TestToColorHexWithAlpha" methodname="TestToColorHexWithAlpha" classname="DataToScriptableObject.Tests.Editor.TypeConverterTests" runstate="Runnable" seed="62803049" result="Passed" start-time="2026-02-07 18:18:06Z" end-time="2026-02-07 18:18:06Z" duration="0.000070" asserts="0">
                <properties>
                  <property name="retryIteration" value="0" />
                  <property name="repeatIteration" value="0" />
                </properties>
              </test-case>
              <test-case id="1292" name="TestToColorInvalid" fullname="DataToScriptableObject.Tests.Editor.TypeConverterTests.TestToColorInvalid" methodname="TestToColorInvalid" classname="DataToScriptableObject.Tests.Editor.TypeConverterTests" runstate="Runnable" seed="681890614" result="Passed" start-time="2026-02-07 18:18:06Z" end-time="2026-02-07 18:18:06Z" duration="0.000473" asserts="0">
                <properties>
                  <property name="retryIteration" value="0" />
                  <property name="repeatIteration" value="0" />
                </properties>
                <output><![CDATA[Failed to convert 'not a color' to Color. Using default: Color.white
]]></output>
              </test-case>
              <test-case id="1290" name="TestToColorRGB" fullname="DataToScriptableObject.Tests.Editor.TypeConverterTests.TestToColorRGB" methodname="TestToColorRGB" classname="DataToScriptableObject.Tests.Editor.TypeConverterTests" runstate="Runnable" seed="1571959711" result="Passed" start-time="2026-02-07 18:18:06Z" end-time="2026-02-07 18:18:06Z" duration="0.000121" asserts="0">
                <properties>
                  <property name="retryIteration" value="0" />
                  <property name="repeatIteration" value="0" />
                </properties>
              </test-case>
              <test-case id="1259" name="TestToColorRGBA" fullname="DataToScriptableObject.Tests.Editor.TypeConverterTests.TestToColorRGBA" methodname="TestToColorRGBA" classname="DataToScriptableObject.Tests.Editor.TypeConverterTests" runstate="Runnable" seed="421979250" result="Passed" start-time="2026-02-07 18:18:06Z" end-time="2026-02-07 18:18:06Z" duration="0.000066" asserts="0">
                <properties>
                  <property name="retryIteration" value="0" />
                  <property name="repeatIteration" value="0" />
                </properties>
              </test-case>
              <test-case id="1251" name="TestToFloat" fullname="DataToScriptableObject.Tests.Editor.TypeConverterTests.TestToFloat" methodname="TestToFloat" classname="DataToScriptableObject.Tests.Editor.TypeConverterTests" runstate="Runnable" seed="479384767" result="Passed" start-time="2026-02-07 18:18:06Z" end-time="2026-02-07 18:18:06Z" duration="0.000042" asserts="0">
                <properties>
                  <property name="retryIteration" value="0" />
                  <property name="repeatIteration" value="0" />
                </properties>
              </test-case>
              <test-case id="1273" name="TestToFloatEmpty" fullname="DataToScriptableObject.Tests.Editor.TypeConverterTests.TestToFloatEmpty" methodname="TestToFloatEmpty" classname="DataToScriptableObject.Tests.Editor.TypeConverterTests" runstate="Runnable" seed="472697139" result="Passed" start-time="2026-02-07 18:18:06Z" end-time="2026-02-07 18:18:06Z" duration="0.000066" asserts="0">
                <properties>
                  <property name="retryIteration" value="0" />
                  <property name="repeatIteration" value="0" />
                </properties>
              </test-case>
              <test-case id="1274" name="TestToFloatInvalid" fullname="DataToScriptableObject.Tests.Editor.TypeConverterTests.TestToFloatInvalid" methodname="TestToFloatInvalid" classname="DataToScriptableObject.Tests.Editor.TypeConverterTests" runstate="Runnable" seed="299590292" result="Passed" start-time="2026-02-07 18:18:06Z" end-time="2026-02-07 18:18:06Z" duration="0.000415" asserts="0">
                <properties>
                  <property name="retryIteration" value="0" />
                  <property name="repeatIteration" value="0" />
                </properties>
                <output><![CDATA[Failed to convert 'abc' to float. Using default: 0f
]]></output>
              </test-case>
              <test-case id="1252" name="TestToFloatInvariantCulture" fullname="DataToScriptableObject.Tests.Editor.TypeConverterTests.TestToFloatInvariantCulture" methodname="TestToFloatInvariantCulture" classname="DataToScriptableObject.Tests.Editor.TypeConverterTests" runstate="Runnable" seed="916676484" result="Passed" start-time="2026-02-07 18:18:06Z" end-time="2026-02-07 18:18:06Z" duration="0.000062" asserts="0">
                <properties>
                  <property name="retryIteration" value="0" />
                  <property name="repeatIteration" value="0" />
                </properties>
              </test-case>
              <test-case id="1269" name="TestToFloatNegative" fullname="DataToScriptableObject.Tests.Editor.TypeConverterTests.TestToFloatNegative" methodname="TestToFloatNegative" classname="DataToScriptableObject.Tests.Editor.TypeConverterTests" runstate="Runnable" seed="479152060" result="Passed" start-time="2026-02-07 18:18:06Z" end-time="2026-02-07 18:18:06Z" duration="0.000062" asserts="0">
                <properties>
                  <property name="retryIteration" value="0" />
                  <property name="repeatIteration" value="0" />
                </properties>
              </test-case>
              <test-case id="1272" name="TestToFloatScientific" fullname="DataToScriptableObject.Tests.Editor.TypeConverterTests.TestToFloatScientific" methodname="TestToFloatScientific" classname="DataToScriptableObject.Tests.Editor.TypeConverterTests" runstate="Runnable" seed="1409085037" result="Passed" start-time="2026-02-07 18:18:06Z" end-time="2026-02-07 18:18:06Z" duration="0.000053" asserts="0">
                <properties>
                  <property name="retryIteration" value="0" />
                  <property name="repeatIteration" value="0" />
                </properties>
              </test-case>
              <test-case id="1271" name="TestToFloatVeryLarge" fullname="DataToScriptableObject.Tests.Editor.TypeConverterTests.TestToFloatVeryLarge" methodname="TestToFloatVeryLarge" classname="DataToScriptableObject.Tests.Editor.TypeConverterTests" runstate="Runnable" seed="2100393670" result="Passed" start-time="2026-02-07 18:18:06Z" end-time="2026-02-07 18:18:06Z" duration="0.000048" asserts="0">
                <properties>
                  <property name="retryIteration" value="0" />
                  <property name="repeatIteration" value="0" />
                </properties>
              </test-case>
              <test-case id="1270" name="TestToFloatVerySmall" fullname="DataToScriptableObject.Tests.Editor.TypeConverterTests.TestToFloatVerySmall" methodname="TestToFloatVerySmall" classname="DataToScriptableObject.Tests.Editor.TypeConverterTests" runstate="Runnable" seed="532911606" result="Passed" start-time="2026-02-07 18:18:06Z" end-time="2026-02-07 18:18:06Z" duration="0.000050" asserts="0">
                <properties>
                  <property name="retryIteration" value="0" />
                  <property name="repeatIteration" value="0" />
                </properties>
              </test-case>
              <test-case id="1248" name="TestToInt" fullname="DataToScriptableObject.Tests.Editor.TypeConverterTests.TestToInt" methodname="TestToInt" classname="DataToScriptableObject.Tests.Editor.TypeConverterTests" runstate="Runnable" seed="1928619826" result="Passed" start-time="2026-02-07 18:18:06Z" end-time="2026-02-07 18:18:06Z" duration="0.000045" asserts="0">
                <properties>
                  <property name="retryIteration" value="0" />
                  <property name="repeatIteration" value="0" />
                </properties>
              </test-case>
              <test-case id="1249" name="TestToIntEmpty" fullname="DataToScriptableObject.Tests.Editor.TypeConverterTests.TestToIntEmpty" methodname="TestToIntEmpty" classname="DataToScriptableObject.Tests.Editor.TypeConverterTests" runstate="Runnable" seed="1179123142" result="Passed" start-time="2026-02-07 18:18:06Z" end-time="2026-02-07 18:18:06Z" duration="0.000048" asserts="0">
                <properties>
                  <property name="retryIteration" value="0" />
                  <property name="repeatIteration" value="0" />
                </properties>
              </test-case>
              <test-case id="1250" name="TestToIntInvalid" fullname="DataToScriptableObject.Tests.Editor.TypeConverterTests.TestToIntInvalid" methodname="TestToIntInvalid" classname="DataToScriptableObject.Tests.Editor.TypeConverterTests" runstate="Runnable" seed="522415254" result="Passed" start-time="2026-02-07 18:18:06Z" end-time="2026-02-07 18:18:06Z" duration="0.000393" asserts="0">
                <properties>
                  <property name="retryIteration" value="0" />
                  <property name="repeatIteration" value="0" />
                </properties>
                <output><![CDATA[Failed to convert 'abc' to int. Using default: 0
]]></output>
              </test-case>
              <test-case id="1266" name="TestToIntLarge" fullname="DataToScriptableObject.Tests.Editor.TypeConverterTests.TestToIntLarge" methodname="TestToIntLarge" classname="DataToScriptableObject.Tests.Editor.TypeConverterTests" runstate="Runnable" seed="929777552" result="Passed" start-time="2026-02-07 18:18:06Z" end-time="2026-02-07 18:18:06Z" duration="0.000087" asserts="0">
                <properties>
                  <property name="retryIteration" value="0" />
                  <property name="repeatIteration" value="0" />
                </properties>
              </test-case>
              <test-case id="1265" name="TestToIntNegative" fullname="DataToScriptableObject.Tests.Editor.TypeConverterTests.TestToIntNegative" methodname="TestToIntNegative" classname="DataToScriptableObject.Tests.Editor.TypeConverterTests" runstate="Runnable" seed="1383236078" result="Passed" start-time="2026-02-07 18:18:06Z" end-time="2026-02-07 18:18:06Z" duration="0.000070" asserts="0">
                <properties>
                  <property name="retryIteration" value="0" />
                  <property name="repeatIteration" value="0" />
                </properties>
              </test-case>
              <test-case id="1267" name="TestToIntWhitespace" fullname="DataToScriptableObject.Tests.Editor.TypeConverterTests.TestToIntWhitespace" methodname="TestToIntWhitespace" classname="DataToScriptableObject.Tests.Editor.TypeConverterTests" runstate="Runnable" seed="1422498885" result="Passed" start-time="2026-02-07 18:18:06Z" end-time="2026-02-07 18:18:06Z" duration="0.000083" asserts="0">
                <properties>
                  <property name="retryIteration" value="0" />
                  <property name="repeatIteration" value="0" />
                </properties>
              </test-case>
              <test-case id="1268" name="TestToIntWithDecimal" fullname="DataToScriptableObject.Tests.Editor.TypeConverterTests.TestToIntWithDecimal" methodname="TestToIntWithDecimal" classname="DataToScriptableObject.Tests.Editor.TypeConverterTests" runstate="Runnable" seed="891887005" result="Passed" start-time="2026-02-07 18:18:06Z" end-time="2026-02-07 18:18:06Z" duration="0.000349" asserts="0">
                <properties>
                  <property name="retryIteration" value="0" />
                  <property name="repeatIteration" value="0" />
                </properties>
                <output><![CDATA[Failed to convert '42.5' to int. Using default: 0
]]></output>
              </test-case>
              <test-case id="1294" name="TestToStringCustomNullToken" fullname="DataToScriptableObject.Tests.Editor.TypeConverterTests.TestToStringCustomNullToken" methodname="TestToStringCustomNullToken" classname="DataToScriptableObject.Tests.Editor.TypeConverterTests" runstate="Runnable" seed="1494404875" result="Passed" start-time="2026-02-07 18:18:06Z" end-time="2026-02-07 18:18:06Z" duration="0.000132" asserts="0">
                <properties>
                  <property name="retryIteration" value="0" />
                  <property name="repeatIteration" value="0" />
                </properties>
              </test-case>
              <test-case id="1261" name="TestToStringEmpty" fullname="DataToScriptableObject.Tests.Editor.TypeConverterTests.TestToStringEmpty" methodname="TestToStringEmpty" classname="DataToScriptableObject.Tests.Editor.TypeConverterTests" runstate="Runnable" seed="1029872264" result="Passed" start-time="2026-02-07 18:18:06Z" end-time="2026-02-07 18:18:06Z" duration="0.000048" asserts="0">
                <properties>
                  <property name="retryIteration" value="0" />
                  <property name="repeatIteration" value="0" />
                </properties>
              </test-case>
              <test-case id="1293" name="TestToStringNormal" fullname="DataToScriptableObject.Tests.Editor.TypeConverterTests.TestToStringNormal" methodname="TestToStringNormal" classname="DataToScriptableObject.Tests.Editor.TypeConverterTests" runstate="Runnable" seed="1638631016" result="Passed" start-time="2026-02-07 18:18:06Z" end-time="2026-02-07 18:18:06Z" duration="0.000066" asserts="0">
                <properties>
                  <property name="retryIteration" value="0" />
                  <property name="repeatIteration" value="0" />
                </properties>
              </test-case>
              <test-case id="1260" name="TestToStringNull" fullname="DataToScriptableObject.Tests.Editor.TypeConverterTests.TestToStringNull" methodname="TestToStringNull" classname="DataToScriptableObject.Tests.Editor.TypeConverterTests" runstate="Runnable" seed="1830781369" result="Passed" start-time="2026-02-07 18:18:06Z" end-time="2026-02-07 18:18:06Z" duration="0.000037" asserts="0">
                <properties>
                  <property name="retryIteration" value="0" />
                  <property name="repeatIteration" value="0" />
                </properties>
              </test-case>
              <test-case id="1295" name="TestToStringNullTokenCaseInsensitive" fullname="DataToScriptableObject.Tests.Editor.TypeConverterTests.TestToStringNullTokenCaseInsensitive" methodname="TestToStringNullTokenCaseInsensitive" classname="DataToScriptableObject.Tests.Editor.TypeConverterTests" runstate="Runnable" seed="673863098" result="Failed" start-time="2026-02-07 18:18:06Z" end-time="2026-02-07 18:18:06Z" duration="0.000140" asserts="0">
                <properties>
                  <property name="retryIteration" value="0" />
                  <property name="repeatIteration" value="0" />
                </properties>
                <failure>
                  <message><![CDATA[  Expected: null
  But was:  "NULL"
]]></message>
                  <stack-trace><![CDATA[at DataToScriptableObject.Tests.Editor.TypeConverterTests.TestToStringNullTokenCaseInsensitive () [0x00000] in .\Packages\so-database-converter\Tests\Editor\TypeConverterTests.cs:391
]]></stack-trace>
                </failure>
              </test-case>
              <test-case id="1296" name="TestToStringWhitespace" fullname="DataToScriptableObject.Tests.Editor.TypeConverterTests.TestToStringWhitespace" methodname="TestToStringWhitespace" classname="DataToScriptableObject.Tests.Editor.TypeConverterTests" runstate="Runnable" seed="1611247068" result="Passed" start-time="2026-02-07 18:18:06Z" end-time="2026-02-07 18:18:06Z" duration="0.000067" asserts="0">
                <properties>
                  <property name="retryIteration" value="0" />
                  <property name="repeatIteration" value="0" />
                </properties>
              </test-case>
              <test-case id="1255" name="TestToVector2" fullname="DataToScriptableObject.Tests.Editor.TypeConverterTests.TestToVector2" methodname="TestToVector2" classname="DataToScriptableObject.Tests.Editor.TypeConverterTests" runstate="Runnable" seed="994909458" result="Passed" start-time="2026-02-07 18:18:06Z" end-time="2026-02-07 18:18:06Z" duration="0.000077" asserts="0">
                <properties>
                  <property name="retryIteration" value="0" />
                  <property name="repeatIteration" value="0" />
                </properties>
              </test-case>
              <test-case id="1282" name="TestToVector2Empty" fullname="DataToScriptableObject.Tests.Editor.TypeConverterTests.TestToVector2Empty" methodname="TestToVector2Empty" classname="DataToScriptableObject.Tests.Editor.TypeConverterTests" runstate="Runnable" seed="37352879" result="Passed" start-time="2026-02-07 18:18:06Z" end-time="2026-02-07 18:18:06Z" duration="0.000091" asserts="0">
                <properties>
                  <property name="retryIteration" value="0" />
                  <property name="repeatIteration" value="0" />
                </properties>
              </test-case>
              <test-case id="1280" name="TestToVector2Integers" fullname="DataToScriptableObject.Tests.Editor.TypeConverterTests.TestToVector2Integers" methodname="TestToVector2Integers" classname="DataToScriptableObject.Tests.Editor.TypeConverterTests" runstate="Runnable" seed="569623158" result="Passed" start-time="2026-02-07 18:18:06Z" end-time="2026-02-07 18:18:06Z" duration="0.000070" asserts="0">
                <properties>
                  <property name="retryIteration" value="0" />
                  <property name="repeatIteration" value="0" />
                </properties>
              </test-case>
              <test-case id="1283" name="TestToVector2Invalid" fullname="DataToScriptableObject.Tests.Editor.TypeConverterTests.TestToVector2Invalid" methodname="TestToVector2Invalid" classname="DataToScriptableObject.Tests.Editor.TypeConverterTests" runstate="Runnable" seed="1332514477" result="Passed" start-time="2026-02-07 18:18:06Z" end-time="2026-02-07 18:18:06Z" duration="0.000404" asserts="0">
                <properties>
                  <property name="retryIteration" value="0" />
                  <property name="repeatIteration" value="0" />
                </properties>
                <output><![CDATA[Failed to convert 'not a vector' to Vector2. Using default: Vector2.zero
]]></output>
              </test-case>
              <test-case id="1279" name="TestToVector2Negative" fullname="DataToScriptableObject.Tests.Editor.TypeConverterTests.TestToVector2Negative" methodname="TestToVector2Negative" classname="DataToScriptableObject.Tests.Editor.TypeConverterTests" runstate="Runnable" seed="185883603" result="Passed" start-time="2026-02-07 18:18:06Z" end-time="2026-02-07 18:18:06Z" duration="0.000114" asserts="0">
                <properties>
                  <property name="retryIteration" value="0" />
                  <property name="repeatIteration" value="0" />
                </properties>
              </test-case>
              <test-case id="1256" name="TestToVector2NoParen" fullname="DataToScriptableObject.Tests.Editor.TypeConverterTests.TestToVector2NoParen" methodname="TestToVector2NoParen" classname="DataToScriptableObject.Tests.Editor.TypeConverterTests" runstate="Runnable" seed="1039450711" result="Passed" start-time="2026-02-07 18:18:06Z" end-time="2026-02-07 18:18:06Z" duration="0.000057" asserts="0">
                <properties>
                  <property name="retryIteration" value="0" />
                  <property name="repeatIteration" value="0" />
                </properties>
              </test-case>
              <test-case id="1281" name="TestToVector2WithSpaces" fullname="DataToScriptableObject.Tests.Editor.TypeConverterTests.TestToVector2WithSpaces" methodname="TestToVector2WithSpaces" classname="DataToScriptableObject.Tests.Editor.TypeConverterTests" runstate="Runnable" seed="42274638" result="Passed" start-time="2026-02-07 18:18:06Z" end-time="2026-02-07 18:18:06Z" duration="0.000074" asserts="0">
                <properties>
                  <property name="retryIteration" value="0" />
                  <property name="repeatIteration" value="0" />
                </properties>
              </test-case>
              <test-case id="1257" name="TestToVector3" fullname="DataToScriptableObject.Tests.Editor.TypeConverterTests.TestToVector3" methodname="TestToVector3" classname="DataToScriptableObject.Tests.Editor.TypeConverterTests" runstate="Runnable" seed="721217911" result="Passed" start-time="2026-02-07 18:18:06Z" end-time="2026-02-07 18:18:06Z" duration="0.000070" asserts="0">
                <properties>
                  <property name="retryIteration" value="0" />
                  <property name="repeatIteration" value="0" />
                </properties>
              </test-case>
              <test-case id="1286" name="TestToVector3Empty" fullname="DataToScriptableObject.Tests.Editor.TypeConverterTests.TestToVector3Empty" methodname="TestToVector3Empty" classname="DataToScriptableObject.Tests.Editor.TypeConverterTests" runstate="Runnable" seed="964203235" result="Passed" start-time="2026-02-07 18:18:06Z" end-time="2026-02-07 18:18:06Z" duration="0.000093" asserts="0">
                <properties>
                  <property name="retryIteration" value="0" />
                  <property name="repeatIteration" value="0" />
                </properties>
              </test-case>
              <test-case id="1287" name="TestToVector3Invalid" fullname="DataToScriptableObject.Tests.Editor.TypeConverterTests.TestToVector3Invalid" methodname="TestToVector3Invalid" classname="DataToScriptableObject.Tests.Editor.TypeConverterTests" runstate="Runnable" seed="1292705359" result="Passed" start-time="2026-02-07 18:18:06Z" end-time="2026-02-07 18:18:06Z" duration="0.000406" asserts="0">
                <properties>
                  <property name="retryIteration" value="0" />
                  <property name="repeatIteration" value="0" />
                </properties>
                <output><![CDATA[Failed to convert 'not a vector' to Vector3. Using default: Vector3.zero
]]></output>
              </test-case>
              <test-case id="1285" name="TestToVector3Negative" fullname="DataToScriptableObject.Tests.Editor.TypeConverterTests.TestToVector3Negative" methodname="TestToVector3Negative" classname="DataToScriptableObject.Tests.Editor.TypeConverterTests" runstate="Runnable" seed="644817884" result="Passed" start-time="2026-02-07 18:18:06Z" end-time="2026-02-07 18:18:06Z" duration="0.000106" asserts="0">
                <properties>
                  <property name="retryIteration" value="0" />
                  <property name="repeatIteration" value="0" />
                </properties>
              </test-case>
              <test-case id="1284" name="TestToVector3NoParen" fullname="DataToScriptableObject.Tests.Editor.TypeConverterTests.TestToVector3NoParen" methodname="TestToVector3NoParen" classname="DataToScriptableObject.Tests.Editor.TypeConverterTests" runstate="Runnable" seed="212240111" result="Passed" start-time="2026-02-07 18:18:06Z" end-time="2026-02-07 18:18:06Z" duration="0.000094" asserts="0">
                <properties>
                  <property name="retryIteration" value="0" />
                  <property name="repeatIteration" value="0" />
                </properties>
              </test-case>
            </test-suite>
            <test-suite type="TestFixture" id="1302" name="TypeInferenceTests" fullname="DataToScriptableObject.Tests.Editor.TypeInferenceTests" classname="DataToScriptableObject.Tests.Editor.TypeInferenceTests" runstate="Runnable" testcasecount="36" result="Passed" start-time="2026-02-07 18:18:06Z" end-time="2026-02-07 18:18:06Z" duration="0.006353" total="36" passed="36" failed="0" inconclusive="0" skipped="0" asserts="0">
              <properties />
              <test-case id="1306" name="TestAllBools" fullname="DataToScriptableObject.Tests.Editor.TypeInferenceTests.TestAllBools" methodname="TestAllBools" classname="DataToScriptableObject.Tests.Editor.TypeInferenceTests" runstate="Runnable" seed="1309806080" result="Passed" start-time="2026-02-07 18:18:06Z" end-time="2026-02-07 18:18:06Z" duration="0.000113" asserts="0">
                <properties>
                  <property name="retryIteration" value="0" />
                  <property name="repeatIteration" value="0" />
                </properties>
              </test-case>
              <test-case id="1311" name="TestAllEmpty" fullname="DataToScriptableObject.Tests.Editor.TypeInferenceTests.TestAllEmpty" methodname="TestAllEmpty" classname="DataToScriptableObject.Tests.Editor.TypeInferenceTests" runstate="Runnable" seed="454186674" result="Passed" start-time="2026-02-07 18:18:06Z" end-time="2026-02-07 18:18:06Z" duration="0.000068" asserts="0">
                <properties>
                  <property name="retryIteration" value="0" />
                  <property name="repeatIteration" value="0" />
                </properties>
              </test-case>
              <test-case id="1304" name="TestAllFloats" fullname="DataToScriptableObject.Tests.Editor.TypeInferenceTests.TestAllFloats" methodname="TestAllFloats" classname="DataToScriptableObject.Tests.Editor.TypeInferenceTests" runstate="Runnable" seed="219181687" result="Passed" start-time="2026-02-07 18:18:06Z" end-time="2026-02-07 18:18:06Z" duration="0.000057" asserts="0">
                <properties>
                  <property name="retryIteration" value="0" />
                  <property name="repeatIteration" value="0" />
                </properties>
              </test-case>
              <test-case id="1303" name="TestAllInts" fullname="DataToScriptableObject.Tests.Editor.TypeInferenceTests.TestAllInts" methodname="TestAllInts" classname="DataToScriptableObject.Tests.Editor.TypeInferenceTests" runstate="Runnable" seed="1885223194" result="Passed" start-time="2026-02-07 18:18:06Z" end-time="2026-02-07 18:18:06Z" duration="0.000052" asserts="0">
                <properties>
                  <property name="retryIteration" value="0" />
                  <property name="repeatIteration" value="0" />
                </properties>
              </test-case>
              <test-case id="1329" name="TestAllNullValues" fullname="DataToScriptableObject.Tests.Editor.TypeInferenceTests.TestAllNullValues" methodname="TestAllNullValues" classname="DataToScriptableObject.Tests.Editor.TypeInferenceTests" runstate="Runnable" seed="1047106627" result="Passed" start-time="2026-02-07 18:18:06Z" end-time="2026-02-07 18:18:06Z" duration="0.000071" asserts="0">
                <properties>
                  <property name="retryIteration" value="0" />
                  <property name="repeatIteration" value="0" />
                </properties>
              </test-case>
              <test-case id="1336" name="TestAllSameValue" fullname="DataToScriptableObject.Tests.Editor.TypeInferenceTests.TestAllSameValue" methodname="TestAllSameValue" classname="DataToScriptableObject.Tests.Editor.TypeInferenceTests" runstate="Runnable" seed="1176224392" result="Passed" start-time="2026-02-07 18:18:06Z" end-time="2026-02-07 18:18:06Z" duration="0.000071" asserts="0">
                <properties>
                  <property name="retryIteration" value="0" />
                  <property name="repeatIteration" value="0" />
                </properties>
              </test-case>
              <test-case id="1330" name="TestAllWhitespace" fullname="DataToScriptableObject.Tests.Editor.TypeInferenceTests.TestAllWhitespace" methodname="TestAllWhitespace" classname="DataToScriptableObject.Tests.Editor.TypeInferenceTests" runstate="Runnable" seed="1449520324" result="Passed" start-time="2026-02-07 18:18:06Z" end-time="2026-02-07 18:18:06Z" duration="0.000070" asserts="0">
                <properties>
                  <property name="retryIteration" value="0" />
                  <property name="repeatIteration" value="0" />
                </properties>
              </test-case>
              <test-case id="1337" name="TestBoolNotString" fullname="DataToScriptableObject.Tests.Editor.TypeInferenceTests.TestBoolNotString" methodname="TestBoolNotString" classname="DataToScriptableObject.Tests.Editor.TypeInferenceTests" runstate="Runnable" seed="1540184966" result="Passed" start-time="2026-02-07 18:18:06Z" end-time="2026-02-07 18:18:06Z" duration="0.000067" asserts="0">
                <properties>
                  <property name="retryIteration" value="0" />
                  <property name="repeatIteration" value="0" />
                </properties>
              </test-case>
              <test-case id="1338" name="TestBoolPriorityOverInt" fullname="DataToScriptableObject.Tests.Editor.TypeInferenceTests.TestBoolPriorityOverInt" methodname="TestBoolPriorityOverInt" classname="DataToScriptableObject.Tests.Editor.TypeInferenceTests" runstate="Runnable" seed="899070468" result="Passed" start-time="2026-02-07 18:18:06Z" end-time="2026-02-07 18:18:06Z" duration="0.000063" asserts="0">
                <properties>
                  <property name="retryIteration" value="0" />
                  <property name="repeatIteration" value="0" />
                </properties>
              </test-case>
              <test-case id="1308" name="TestBoolWith01" fullname="DataToScriptableObject.Tests.Editor.TypeInferenceTests.TestBoolWith01" methodname="TestBoolWith01" classname="DataToScriptableObject.Tests.Editor.TypeInferenceTests" runstate="Runnable" seed="2012594372" result="Passed" start-time="2026-02-07 18:18:06Z" end-time="2026-02-07 18:18:06Z" duration="0.000050" asserts="0">
                <properties>
                  <property name="retryIteration" value="0" />
                  <property name="repeatIteration" value="0" />
                </properties>
              </test-case>
              <test-case id="1307" name="TestBoolWithYesNo" fullname="DataToScriptableObject.Tests.Editor.TypeInferenceTests.TestBoolWithYesNo" methodname="TestBoolWithYesNo" classname="DataToScriptableObject.Tests.Editor.TypeInferenceTests" runstate="Runnable" seed="874928183" result="Passed" start-time="2026-02-07 18:18:06Z" end-time="2026-02-07 18:18:06Z" duration="0.000060" asserts="0">
                <properties>
                  <property name="retryIteration" value="0" />
                  <property name="repeatIteration" value="0" />
                </properties>
              </test-case>
              <test-case id="1321" name="TestDecimalWithoutLeadingZero" fullname="DataToScriptableObject.Tests.Editor.TypeInferenceTests.TestDecimalWithoutLeadingZero" methodname="TestDecimalWithoutLeadingZero" classname="DataToScriptableObject.Tests.Editor.TypeInferenceTests" runstate="Runnable" seed="392255117" result="Passed" start-time="2026-02-07 18:18:06Z" end-time="2026-02-07 18:18:06Z" duration="0.000080" asserts="0">
                <properties>
                  <property name="retryIteration" value="0" />
                  <property name="repeatIteration" value="0" />
                </properties>
              </test-case>
              <test-case id="1328" name="TestEmptyArray" fullname="DataToScriptableObject.Tests.Editor.TypeInferenceTests.TestEmptyArray" methodname="TestEmptyArray" classname="DataToScriptableObject.Tests.Editor.TypeInferenceTests" runstate="Runnable" seed="834941520" result="Passed" start-time="2026-02-07 18:18:06Z" end-time="2026-02-07 18:18:06Z" duration="0.000061" asserts="0">
                <properties>
                  <property name="retryIteration" value="0" />
                  <property name="repeatIteration" value="0" />
                </properties>
              </test-case>
              <test-case id="1315" name="TestLargeInts" fullname="DataToScriptableObject.Tests.Editor.TypeInferenceTests.TestLargeInts" methodname="TestLargeInts" classname="DataToScriptableObject.Tests.Editor.TypeInferenceTests" runstate="Runnable" seed="1460532227" result="Passed" start-time="2026-02-07 18:18:06Z" end-time="2026-02-07 18:18:06Z" duration="0.000068" asserts="0">
                <properties>
                  <property name="retryIteration" value="0" />
                  <property name="repeatIteration" value="0" />
                </properties>
              </test-case>
              <test-case id="1320" name="TestLeadingZeros" fullname="DataToScriptableObject.Tests.Editor.TypeInferenceTests.TestLeadingZeros" methodname="TestLeadingZeros" classname="DataToScriptableObject.Tests.Editor.TypeInferenceTests" runstate="Runnable" seed="897147109" result="Passed" start-time="2026-02-07 18:18:06Z" end-time="2026-02-07 18:18:06Z" duration="0.000080" asserts="0">
                <properties>
                  <property name="retryIteration" value="0" />
                  <property name="repeatIteration" value="0" />
                </properties>
              </test-case>
              <test-case id="1326" name="TestMixed10WithOthers" fullname="DataToScriptableObject.Tests.Editor.TypeInferenceTests.TestMixed10WithOthers" methodname="TestMixed10WithOthers" classname="DataToScriptableObject.Tests.Editor.TypeInferenceTests" runstate="Runnable" seed="628196694" result="Passed" start-time="2026-02-07 18:18:06Z" end-time="2026-02-07 18:18:06Z" duration="0.000067" asserts="0">
                <properties>
                  <property name="retryIteration" value="0" />
                  <property name="repeatIteration" value="0" />
                </properties>
              </test-case>
              <test-case id="1322" name="TestMixedCaseBools" fullname="DataToScriptableObject.Tests.Editor.TypeInferenceTests.TestMixedCaseBools" methodname="TestMixedCaseBools" classname="DataToScriptableObject.Tests.Editor.TypeInferenceTests" runstate="Runnable" seed="1832374451" result="Passed" start-time="2026-02-07 18:18:06Z" end-time="2026-02-07 18:18:06Z" duration="0.000067" asserts="0">
                <properties>
                  <property name="retryIteration" value="0" />
                  <property name="repeatIteration" value="0" />
                </properties>
              </test-case>
              <test-case id="1312" name="TestMixedEmptyAndInt" fullname="DataToScriptableObject.Tests.Editor.TypeInferenceTests.TestMixedEmptyAndInt" methodname="TestMixedEmptyAndInt" classname="DataToScriptableObject.Tests.Editor.TypeInferenceTests" runstate="Runnable" seed="1132536914" result="Passed" start-time="2026-02-07 18:18:06Z" end-time="2026-02-07 18:18:06Z" duration="0.000049" asserts="0">
                <properties>
                  <property name="retryIteration" value="0" />
                  <property name="repeatIteration" value="0" />
                </properties>
              </test-case>
              <test-case id="1331" name="TestMixedEmptyAndNumbers" fullname="DataToScriptableObject.Tests.Editor.TypeInferenceTests.TestMixedEmptyAndNumbers" methodname="TestMixedEmptyAndNumbers" classname="DataToScriptableObject.Tests.Editor.TypeInferenceTests" runstate="Runnable" seed="2070956658" result="Passed" start-time="2026-02-07 18:18:06Z" end-time="2026-02-07 18:18:06Z" duration="0.000070" asserts="0">
                <properties>
                  <property name="retryIteration" value="0" />
                  <property name="repeatIteration" value="0" />
                </properties>
              </test-case>
              <test-case id="1305" name="TestMixedIntFloat" fullname="DataToScriptableObject.Tests.Editor.TypeInferenceTests.TestMixedIntFloat" methodname="TestMixedIntFloat" classname="DataToScriptableObject.Tests.Editor.TypeInferenceTests" runstate="Runnable" seed="47893578" result="Passed" start-time="2026-02-07 18:18:06Z" end-time="2026-02-07 18:18:06Z" duration="0.000052" asserts="0">
                <properties>
                  <property name="retryIteration" value="0" />
                  <property name="repeatIteration" value="0" />
                </properties>
              </test-case>
              <test-case id="1324" name="TestMixedTrueFalseYesNo" fullname="DataToScriptableObject.Tests.Editor.TypeInferenceTests.TestMixedTrueFalseYesNo" methodname="TestMixedTrueFalseYesNo" classname="DataToScriptableObject.Tests.Editor.TypeInferenceTests" runstate="Runnable" seed="1447222630" result="Passed" start-time="2026-02-07 18:18:06Z" end-time="2026-02-07 18:18:06Z" duration="0.000066" asserts="0">
                <properties>
                  <property name="retryIteration" value="0" />
                  <property name="repeatIteration" value="0" />
                </properties>
              </test-case>
              <test-case id="1335" name="TestMixedValidInvalid" fullname="DataToScriptableObject.Tests.Editor.TypeInferenceTests.TestMixedValidInvalid" methodname="TestMixedValidInvalid" classname="DataToScriptableObject.Tests.Editor.TypeInferenceTests" runstate="Runnable" seed="1073280815" result="Passed" start-time="2026-02-07 18:18:06Z" end-time="2026-02-07 18:18:06Z" duration="0.000066" asserts="0">
                <properties>
                  <property name="retryIteration" value="0" />
                  <property name="repeatIteration" value="0" />
                </properties>
              </test-case>
              <test-case id="1323" name="TestMixedYesNo" fullname="DataToScriptableObject.Tests.Editor.TypeInferenceTests.TestMixedYesNo" methodname="TestMixedYesNo" classname="DataToScriptableObject.Tests.Editor.TypeInferenceTests" runstate="Runnable" seed="506314400" result="Passed" start-time="2026-02-07 18:18:06Z" end-time="2026-02-07 18:18:06Z" duration="0.000067" asserts="0">
                <properties>
                  <property name="retryIteration" value="0" />
                  <property name="repeatIteration" value="0" />
                </properties>
              </test-case>
              <test-case id="1316" name="TestNegativeFloats" fullname="DataToScriptableObject.Tests.Editor.TypeInferenceTests.TestNegativeFloats" methodname="TestNegativeFloats" classname="DataToScriptableObject.Tests.Editor.TypeInferenceTests" runstate="Runnable" seed="1522843920" result="Passed" start-time="2026-02-07 18:18:06Z" end-time="2026-02-07 18:18:06Z" duration="0.000124" asserts="0">
                <properties>
                  <property name="retryIteration" value="0" />
                  <property name="repeatIteration" value="0" />
                </properties>
              </test-case>
              <test-case id="1314" name="TestNegativeInts" fullname="DataToScriptableObject.Tests.Editor.TypeInferenceTests.TestNegativeInts" methodname="TestNegativeInts" classname="DataToScriptableObject.Tests.Editor.TypeInferenceTests" runstate="Runnable" seed="719385336" result="Passed" start-time="2026-02-07 18:18:06Z" end-time="2026-02-07 18:18:06Z" duration="0.000071" asserts="0">
                <properties>
                  <property name="retryIteration" value="0" />
                  <property name="repeatIteration" value="0" />
                </properties>
              </test-case>
              <test-case id="1327" name="TestNullArray" fullname="DataToScriptableObject.Tests.Editor.TypeInferenceTests.TestNullArray" methodname="TestNullArray" classname="DataToScriptableObject.Tests.Editor.TypeInferenceTests" runstate="Runnable" seed="867657877" result="Passed" start-time="2026-02-07 18:18:06Z" end-time="2026-02-07 18:18:06Z" duration="0.000059" asserts="0">
                <properties>
                  <property name="retryIteration" value="0" />
                  <property name="repeatIteration" value="0" />
                </properties>
              </test-case>
              <test-case id="1325" name="TestNumericBoolsAsInts" fullname="DataToScriptableObject.Tests.Editor.TypeInferenceTests.TestNumericBoolsAsInts" methodname="TestNumericBoolsAsInts" classname="DataToScriptableObject.Tests.Editor.TypeInferenceTests" runstate="Runnable" seed="917504594" result="Passed" start-time="2026-02-07 18:18:06Z" end-time="2026-02-07 18:18:06Z" duration="0.000068" asserts="0">
                <properties>
                  <property name="retryIteration" value="0" />
                  <property name="repeatIteration" value="0" />
                </properties>
              </test-case>
              <test-case id="1333" name="TestNumericStrings" fullname="DataToScriptableObject.Tests.Editor.TypeInferenceTests.TestNumericStrings" methodname="TestNumericStrings" classname="DataToScriptableObject.Tests.Editor.TypeInferenceTests" runstate="Runnable" seed="6615716" result="Passed" start-time="2026-02-07 18:18:06Z" end-time="2026-02-07 18:18:06Z" duration="0.000077" asserts="0">
                <properties>
                  <property name="retryIteration" value="0" />
                  <property name="repeatIteration" value="0" />
                </properties>
              </test-case>
              <test-case id="1310" name="TestOneBadFloatFallsToString" fullname="DataToScriptableObject.Tests.Editor.TypeInferenceTests.TestOneBadFloatFallsToString" methodname="TestOneBadFloatFallsToString" classname="DataToScriptableObject.Tests.Editor.TypeInferenceTests" runstate="Runnable" seed="1602845337" result="Passed" start-time="2026-02-07 18:18:06Z" end-time="2026-02-07 18:18:06Z" duration="0.000048" asserts="0">
                <properties>
                  <property name="retryIteration" value="0" />
                  <property name="repeatIteration" value="0" />
                </properties>
              </test-case>
              <test-case id="1309" name="TestOneBadIntFallsToFloat" fullname="DataToScriptableObject.Tests.Editor.TypeInferenceTests.TestOneBadIntFallsToFloat" methodname="TestOneBadIntFallsToFloat" classname="DataToScriptableObject.Tests.Editor.TypeInferenceTests" runstate="Runnable" seed="1557603363" result="Passed" start-time="2026-02-07 18:18:06Z" end-time="2026-02-07 18:18:06Z" duration="0.000061" asserts="0">
                <properties>
                  <property name="retryIteration" value="0" />
                  <property name="repeatIteration" value="0" />
                </properties>
              </test-case>
              <test-case id="1317" name="TestScientificNotation" fullname="DataToScriptableObject.Tests.Editor.TypeInferenceTests.TestScientificNotation" methodname="TestScientificNotation" classname="DataToScriptableObject.Tests.Editor.TypeInferenceTests" runstate="Runnable" seed="574385136" result="Passed" start-time="2026-02-07 18:18:06Z" end-time="2026-02-07 18:18:06Z" duration="0.000100" asserts="0">
                <properties>
                  <property name="retryIteration" value="0" />
                  <property name="repeatIteration" value="0" />
                </properties>
              </test-case>
              <test-case id="1332" name="TestSingleValue" fullname="DataToScriptableObject.Tests.Editor.TypeInferenceTests.TestSingleValue" methodname="TestSingleValue" classname="DataToScriptableObject.Tests.Editor.TypeInferenceTests" runstate="Runnable" seed="1126181652" result="Passed" start-time="2026-02-07 18:18:06Z" end-time="2026-02-07 18:18:06Z" duration="0.000111" asserts="0">
                <properties>
                  <property name="retryIteration" value="0" />
                  <property name="repeatIteration" value="0" />
                </properties>
              </test-case>
              <test-case id="1334" name="TestSpecialFloatValues" fullname="DataToScriptableObject.Tests.Editor.TypeInferenceTests.TestSpecialFloatValues" methodname="TestSpecialFloatValues" classname="DataToScriptableObject.Tests.Editor.TypeInferenceTests" runstate="Runnable" seed="1985353611" result="Passed" start-time="2026-02-07 18:18:06Z" end-time="2026-02-07 18:18:06Z" duration="0.000069" asserts="0">
                <properties>
                  <property name="retryIteration" value="0" />
                  <property name="repeatIteration" value="0" />
                </properties>
              </test-case>
              <test-case id="1313" name="TestStrings" fullname="DataToScriptableObject.Tests.Editor.TypeInferenceTests.TestStrings" methodname="TestStrings" classname="DataToScriptableObject.Tests.Editor.TypeInferenceTests" runstate="Runnable" seed="1849765278" result="Passed" start-time="2026-02-07 18:18:06Z" end-time="2026-02-07 18:18:06Z" duration="0.000048" asserts="0">
                <properties>
                  <property name="retryIteration" value="0" />
                  <property name="repeatIteration" value="0" />
                </properties>
              </test-case>
              <test-case id="1319" name="TestZeroPointZero" fullname="DataToScriptableObject.Tests.Editor.TypeInferenceTests.TestZeroPointZero" methodname="TestZeroPointZero" classname="DataToScriptableObject.Tests.Editor.TypeInferenceTests" runstate="Runnable" seed="1061987860" result="Passed" start-time="2026-02-07 18:18:06Z" end-time="2026-02-07 18:18:06Z" duration="0.000071" asserts="0">
                <properties>
                  <property name="retryIteration" value="0" />
                  <property name="repeatIteration" value="0" />
                </properties>
              </test-case>
              <test-case id="1318" name="TestZeroValues" fullname="DataToScriptableObject.Tests.Editor.TypeInferenceTests.TestZeroValues" methodname="TestZeroValues" classname="DataToScriptableObject.Tests.Editor.TypeInferenceTests" runstate="Runnable" seed="195213696" result="Passed" start-time="2026-02-07 18:18:06Z" end-time="2026-02-07 18:18:06Z" duration="0.000066" asserts="0">
                <properties>
                  <property name="retryIteration" value="0" />
                  <property name="repeatIteration" value="0" />
                </properties>
                <output><![CDATA[Saving results to: C:/Users/tremo/AppData/LocalLow/DefaultCompany/Package Dev\TestResults.xml
]]></output>
              </test-case>
            </test-suite>
          </test-suite>
        </test-suite>
      </test-suite>
    </test-suite>
  </test-suite>
</test-run>