<?xml version="1.0" encoding="utf-8"?>
<test-run id="2" testcasecount="466" result="Failed(Child)" total="466" passed="452" failed="14" inconclusive="0" skipped="0" asserts="0" engine-version="3.5.0.0" clr-version="4.0.30319.42000" start-time="2026-02-08 00:52:46Z" end-time="2026-02-08 00:52:46Z" duration="0.1246666">
  <test-suite type="TestSuite" id="1496" name="Package Dev" fullname="Package Dev" runstate="Runnable" testcasecount="466" result="Failed" site="Child" start-time="2026-02-08 00:52:46Z" end-time="2026-02-08 00:52:46Z" duration="0.124667" total="466" passed="452" failed="14" inconclusive="0" skipped="0" asserts="0">
    <properties>
      <property name="platform" value="EditMode" />
    </properties>
    <failure>
      <message><![CDATA[One or more child tests had errors]]></message>
    </failure>
    <test-suite type="Assembly" id="1479" name="DataToScriptableObject.Tests.Editor.dll" fullname="C:/Users/tremo/Documents/GitHub/Package Dev/Library/ScriptAssemblies/DataToScriptableObject.Tests.Editor.dll" runstate="Runnable" testcasecount="466" result="Failed" site="Child" start-time="2026-02-08 00:52:46Z" end-time="2026-02-08 00:52:46Z" duration="0.121608" total="466" passed="452" failed="14" inconclusive="0" skipped="0" asserts="0">
      <properties>
        <property name="_PID" value="24444" />
        <property name="_APPDOMAIN" value="Unity Child Domain" />
        <property name="platform" value="EditMode" />
        <property name="EditorOnly" value="True" />
      </properties>
      <failure>
        <message><![CDATA[One or more child tests had errors]]></message>
      </failure>
      <test-suite type="TestSuite" id="1480" name="DataToScriptableObject" fullname="DataToScriptableObject" runstate="Runnable" testcasecount="466" result="Failed" site="Child" start-time="2026-02-08 00:52:46Z" end-time="2026-02-08 00:52:46Z" duration="0.121345" total="466" passed="452" failed="14" inconclusive="0" skipped="0" asserts="0">
        <properties />
        <failure>
          <message><![CDATA[One or more child tests had errors]]></message>
        </failure>
        <test-suite type="TestSuite" id="1481" name="Tests" fullname="DataToScriptableObject.Tests" runstate="Runnable" testcasecount="466" result="Failed" site="Child" start-time="2026-02-08 00:52:46Z" end-time="2026-02-08 00:52:46Z" duration="0.120857" total="466" passed="452" failed="14" inconclusive="0" skipped="0" asserts="0">
          <properties />
          <failure>
            <message><![CDATA[One or more child tests had errors]]></message>
          </failure>
          <test-suite type="TestSuite" id="1482" name="Editor" fullname="DataToScriptableObject.Tests.Editor" runstate="Runnable" testcasecount="466" result="Failed" site="Child" start-time="2026-02-08 00:52:46Z" end-time="2026-02-08 00:52:46Z" duration="0.120552" total="466" passed="452" failed="14" inconclusive="0" skipped="0" asserts="0">
            <properties />
            <failure>
              <message><![CDATA[One or more child tests had errors]]></message>
            </failure>
            <test-suite type="TestFixture" id="1001" name="CodeGeneratorTests" fullname="DataToScriptableObject.Tests.Editor.CodeGeneratorTests" classname="DataToScriptableObject.Tests.Editor.CodeGeneratorTests" runstate="Runnable" testcasecount="39" result="Passed" start-time="2026-02-08 00:52:46Z" end-time="2026-02-08 00:52:46Z" duration="0.003363" total="39" passed="39" failed="0" inconclusive="0" skipped="0" asserts="0">
              <properties />
              <test-case id="1017" name="TestAllBasicTypes" fullname="DataToScriptableObject.Tests.Editor.CodeGeneratorTests.TestAllBasicTypes" methodname="TestAllBasicTypes" classname="DataToScriptableObject.Tests.Editor.CodeGeneratorTests" runstate="Runnable" seed="1288201244" result="Passed" start-time="2026-02-08 00:52:46Z" end-time="2026-02-08 00:52:46Z" duration="0.000076" asserts="0">
                <properties>
                  <property name="retryIteration" value="0" />
                  <property name="repeatIteration" value="0" />
                </properties>
              </test-case>
              <test-case id="1006" name="TestArrayGeneration" fullname="DataToScriptableObject.Tests.Editor.CodeGeneratorTests.TestArrayGeneration" methodname="TestArrayGeneration" classname="DataToScriptableObject.Tests.Editor.CodeGeneratorTests" runstate="Runnable" seed="1431090362" result="Passed" start-time="2026-02-08 00:52:46Z" end-time="2026-02-08 00:52:46Z" duration="0.000035" asserts="0">
                <properties>
                  <property name="retryIteration" value="0" />
                  <property name="repeatIteration" value="0" />
                </properties>
              </test-case>
              <test-case id="1012" name="TestAutoGeneratedHeader" fullname="DataToScriptableObject.Tests.Editor.CodeGeneratorTests.TestAutoGeneratedHeader" methodname="TestAutoGeneratedHeader" classname="DataToScriptableObject.Tests.Editor.CodeGeneratorTests" runstate="Runnable" seed="638463098" result="Passed" start-time="2026-02-08 00:52:46Z" end-time="2026-02-08 00:52:46Z" duration="0.000031" asserts="0">
                <properties>
                  <property name="retryIteration" value="0" />
                  <property name="repeatIteration" value="0" />
                </properties>
              </test-case>
              <test-case id="1035" name="TestAutoGeneratedHeaderDisabled" fullname="DataToScriptableObject.Tests.Editor.CodeGeneratorTests.TestAutoGeneratedHeaderDisabled" methodname="TestAutoGeneratedHeaderDisabled" classname="DataToScriptableObject.Tests.Editor.CodeGeneratorTests" runstate="Runnable" seed="1536502515" result="Passed" start-time="2026-02-08 00:52:46Z" end-time="2026-02-08 00:52:46Z" duration="0.000022" asserts="0">
                <properties>
                  <property name="retryIteration" value="0" />
                  <property name="repeatIteration" value="0" />
                </properties>
              </test-case>
              <test-case id="1002" name="TestBasicGeneration" fullname="DataToScriptableObject.Tests.Editor.CodeGeneratorTests.TestBasicGeneration" methodname="TestBasicGeneration" classname="DataToScriptableObject.Tests.Editor.CodeGeneratorTests" runstate="Runnable" seed="2089680315" result="Passed" start-time="2026-02-08 00:52:46Z" end-time="2026-02-08 00:52:46Z" duration="0.000022" asserts="0">
                <properties>
                  <property name="retryIteration" value="0" />
                  <property name="repeatIteration" value="0" />
                </properties>
              </test-case>
              <test-case id="1023" name="TestBoolArray" fullname="DataToScriptableObject.Tests.Editor.CodeGeneratorTests.TestBoolArray" methodname="TestBoolArray" classname="DataToScriptableObject.Tests.Editor.CodeGeneratorTests" runstate="Runnable" seed="1550898513" result="Passed" start-time="2026-02-08 00:52:46Z" end-time="2026-02-08 00:52:46Z" duration="0.000021" asserts="0">
                <properties>
                  <property name="retryIteration" value="0" />
                  <property name="repeatIteration" value="0" />
                </properties>
              </test-case>
              <test-case id="1032" name="TestClassInheritance" fullname="DataToScriptableObject.Tests.Editor.CodeGeneratorTests.TestClassInheritance" methodname="TestClassInheritance" classname="DataToScriptableObject.Tests.Editor.CodeGeneratorTests" runstate="Runnable" seed="50737296" result="Passed" start-time="2026-02-08 00:52:46Z" end-time="2026-02-08 00:52:46Z" duration="0.000022" asserts="0">
                <properties>
                  <property name="retryIteration" value="0" />
                  <property name="repeatIteration" value="0" />
                </properties>
              </test-case>
              <test-case id="1019" name="TestColorType" fullname="DataToScriptableObject.Tests.Editor.CodeGeneratorTests.TestColorType" methodname="TestColorType" classname="DataToScriptableObject.Tests.Editor.CodeGeneratorTests" runstate="Runnable" seed="499349344" result="Passed" start-time="2026-02-08 00:52:46Z" end-time="2026-02-08 00:52:46Z" duration="0.000021" asserts="0">
                <properties>
                  <property name="retryIteration" value="0" />
                  <property name="repeatIteration" value="0" />
                </properties>
              </test-case>
              <test-case id="1011" name="TestCreateAssetMenu" fullname="DataToScriptableObject.Tests.Editor.CodeGeneratorTests.TestCreateAssetMenu" methodname="TestCreateAssetMenu" classname="DataToScriptableObject.Tests.Editor.CodeGeneratorTests" runstate="Runnable" seed="835729067" result="Passed" start-time="2026-02-08 00:52:46Z" end-time="2026-02-08 00:52:46Z" duration="0.000021" asserts="0">
                <properties>
                  <property name="retryIteration" value="0" />
                  <property name="repeatIteration" value="0" />
                </properties>
              </test-case>
              <test-case id="1034" name="TestCreateAssetMenuDisabled" fullname="DataToScriptableObject.Tests.Editor.CodeGeneratorTests.TestCreateAssetMenuDisabled" methodname="TestCreateAssetMenuDisabled" classname="DataToScriptableObject.Tests.Editor.CodeGeneratorTests" runstate="Runnable" seed="1154087423" result="Passed" start-time="2026-02-08 00:52:46Z" end-time="2026-02-08 00:52:46Z" duration="0.000021" asserts="0">
                <properties>
                  <property name="retryIteration" value="0" />
                  <property name="repeatIteration" value="0" />
                </properties>
              </test-case>
              <test-case id="1013" name="TestDatabaseClassGeneration" fullname="DataToScriptableObject.Tests.Editor.CodeGeneratorTests.TestDatabaseClassGeneration" methodname="TestDatabaseClassGeneration" classname="DataToScriptableObject.Tests.Editor.CodeGeneratorTests" runstate="Runnable" seed="150298325" result="Passed" start-time="2026-02-08 00:52:46Z" end-time="2026-02-08 00:52:46Z" duration="0.000023" asserts="0">
                <properties>
                  <property name="retryIteration" value="0" />
                  <property name="repeatIteration" value="0" />
                </properties>
              </test-case>
              <test-case id="1040" name="TestDatabaseClassName" fullname="DataToScriptableObject.Tests.Editor.CodeGeneratorTests.TestDatabaseClassName" methodname="TestDatabaseClassName" classname="DataToScriptableObject.Tests.Editor.CodeGeneratorTests" runstate="Runnable" seed="980189416" result="Passed" start-time="2026-02-08 00:52:46Z" end-time="2026-02-08 00:52:46Z" duration="0.000021" asserts="0">
                <properties>
                  <property name="retryIteration" value="0" />
                  <property name="repeatIteration" value="0" />
                </properties>
              </test-case>
              <test-case id="1038" name="TestEmptyColumns" fullname="DataToScriptableObject.Tests.Editor.CodeGeneratorTests.TestEmptyColumns" methodname="TestEmptyColumns" classname="DataToScriptableObject.Tests.Editor.CodeGeneratorTests" runstate="Runnable" seed="1824320261" result="Passed" start-time="2026-02-08 00:52:46Z" end-time="2026-02-08 00:52:46Z" duration="0.000022" asserts="0">
                <properties>
                  <property name="retryIteration" value="0" />
                  <property name="repeatIteration" value="0" />
                </properties>
              </test-case>
              <test-case id="1014" name="TestEnumDeclarationGenerated" fullname="DataToScriptableObject.Tests.Editor.CodeGeneratorTests.TestEnumDeclarationGenerated" methodname="TestEnumDeclarationGenerated" classname="DataToScriptableObject.Tests.Editor.CodeGeneratorTests" runstate="Runnable" seed="423312264" result="Passed" start-time="2026-02-08 00:52:46Z" end-time="2026-02-08 00:52:46Z" duration="0.000026" asserts="0">
                <properties>
                  <property name="retryIteration" value="0" />
                  <property name="repeatIteration" value="0" />
                </properties>
              </test-case>
              <test-case id="1007" name="TestEnumGeneration" fullname="DataToScriptableObject.Tests.Editor.CodeGeneratorTests.TestEnumGeneration" methodname="TestEnumGeneration" classname="DataToScriptableObject.Tests.Editor.CodeGeneratorTests" runstate="Runnable" seed="1627590562" result="Passed" start-time="2026-02-08 00:52:46Z" end-time="2026-02-08 00:52:46Z" duration="0.000024" asserts="0">
                <properties>
                  <property name="retryIteration" value="0" />
                  <property name="repeatIteration" value="0" />
                </properties>
              </test-case>
              <test-case id="1015" name="TestEnumWithManyValues" fullname="DataToScriptableObject.Tests.Editor.CodeGeneratorTests.TestEnumWithManyValues" methodname="TestEnumWithManyValues" classname="DataToScriptableObject.Tests.Editor.CodeGeneratorTests" runstate="Runnable" seed="741264026" result="Passed" start-time="2026-02-08 00:52:46Z" end-time="2026-02-08 00:52:46Z" duration="0.000035" asserts="0">
                <properties>
                  <property name="retryIteration" value="0" />
                  <property name="repeatIteration" value="0" />
                </properties>
              </test-case>
              <test-case id="1021" name="TestFloatArray" fullname="DataToScriptableObject.Tests.Editor.CodeGeneratorTests.TestFloatArray" methodname="TestFloatArray" classname="DataToScriptableObject.Tests.Editor.CodeGeneratorTests" runstate="Runnable" seed="2032826166" result="Passed" start-time="2026-02-08 00:52:46Z" end-time="2026-02-08 00:52:46Z" duration="0.000021" asserts="0">
                <properties>
                  <property name="retryIteration" value="0" />
                  <property name="repeatIteration" value="0" />
                </properties>
              </test-case>
              <test-case id="1027" name="TestHeaderAttribute" fullname="DataToScriptableObject.Tests.Editor.CodeGeneratorTests.TestHeaderAttribute" methodname="TestHeaderAttribute" classname="DataToScriptableObject.Tests.Editor.CodeGeneratorTests" runstate="Runnable" seed="1493646920" result="Passed" start-time="2026-02-08 00:52:46Z" end-time="2026-02-08 00:52:46Z" duration="0.000027" asserts="0">
                <properties>
                  <property name="retryIteration" value="0" />
                  <property name="repeatIteration" value="0" />
                </properties>
              </test-case>
              <test-case id="1026" name="TestHideInInspector" fullname="DataToScriptableObject.Tests.Editor.CodeGeneratorTests.TestHideInInspector" methodname="TestHideInInspector" classname="DataToScriptableObject.Tests.Editor.CodeGeneratorTests" runstate="Runnable" seed="1551759894" result="Passed" start-time="2026-02-08 00:52:46Z" end-time="2026-02-08 00:52:46Z" duration="0.000022" asserts="0">
                <properties>
                  <property name="retryIteration" value="0" />
                  <property name="repeatIteration" value="0" />
                </properties>
              </test-case>
              <test-case id="1005" name="TestListGeneration" fullname="DataToScriptableObject.Tests.Editor.CodeGeneratorTests.TestListGeneration" methodname="TestListGeneration" classname="DataToScriptableObject.Tests.Editor.CodeGeneratorTests" runstate="Runnable" seed="1733287375" result="Passed" start-time="2026-02-08 00:52:46Z" end-time="2026-02-08 00:52:46Z" duration="0.000022" asserts="0">
                <properties>
                  <property name="retryIteration" value="0" />
                  <property name="repeatIteration" value="0" />
                </properties>
              </test-case>
              <test-case id="1024" name="TestListVsArray" fullname="DataToScriptableObject.Tests.Editor.CodeGeneratorTests.TestListVsArray" methodname="TestListVsArray" classname="DataToScriptableObject.Tests.Editor.CodeGeneratorTests" runstate="Runnable" seed="788662959" result="Passed" start-time="2026-02-08 00:52:46Z" end-time="2026-02-08 00:52:46Z" duration="0.000026" asserts="0">
                <properties>
                  <property name="retryIteration" value="0" />
                  <property name="repeatIteration" value="0" />
                </properties>
              </test-case>
              <test-case id="1028" name="TestMultipleAttributes" fullname="DataToScriptableObject.Tests.Editor.CodeGeneratorTests.TestMultipleAttributes" methodname="TestMultipleAttributes" classname="DataToScriptableObject.Tests.Editor.CodeGeneratorTests" runstate="Runnable" seed="1978860618" result="Passed" start-time="2026-02-08 00:52:46Z" end-time="2026-02-08 00:52:46Z" duration="0.000028" asserts="0">
                <properties>
                  <property name="retryIteration" value="0" />
                  <property name="repeatIteration" value="0" />
                </properties>
              </test-case>
              <test-case id="1016" name="TestMultipleEnumColumns" fullname="DataToScriptableObject.Tests.Editor.CodeGeneratorTests.TestMultipleEnumColumns" methodname="TestMultipleEnumColumns" classname="DataToScriptableObject.Tests.Editor.CodeGeneratorTests" runstate="Runnable" seed="1457989523" result="Passed" start-time="2026-02-08 00:52:46Z" end-time="2026-02-08 00:52:46Z" duration="0.000031" asserts="0">
                <properties>
                  <property name="retryIteration" value="0" />
                  <property name="repeatIteration" value="0" />
                </properties>
              </test-case>
              <test-case id="1003" name="TestNamespaceWrapping" fullname="DataToScriptableObject.Tests.Editor.CodeGeneratorTests.TestNamespaceWrapping" methodname="TestNamespaceWrapping" classname="DataToScriptableObject.Tests.Editor.CodeGeneratorTests" runstate="Runnable" seed="1026876038" result="Passed" start-time="2026-02-08 00:52:46Z" end-time="2026-02-08 00:52:46Z" duration="0.000026" asserts="0">
                <properties>
                  <property name="retryIteration" value="0" />
                  <property name="repeatIteration" value="0" />
                </properties>
              </test-case>
              <test-case id="1030" name="TestNestedNamespace" fullname="DataToScriptableObject.Tests.Editor.CodeGeneratorTests.TestNestedNamespace" methodname="TestNestedNamespace" classname="DataToScriptableObject.Tests.Editor.CodeGeneratorTests" runstate="Runnable" seed="371560330" result="Passed" start-time="2026-02-08 00:52:46Z" end-time="2026-02-08 00:52:46Z" duration="0.000024" asserts="0">
                <properties>
                  <property name="retryIteration" value="0" />
                  <property name="repeatIteration" value="0" />
                </properties>
              </test-case>
              <test-case id="1031" name="TestNoNamespace" fullname="DataToScriptableObject.Tests.Editor.CodeGeneratorTests.TestNoNamespace" methodname="TestNoNamespace" classname="DataToScriptableObject.Tests.Editor.CodeGeneratorTests" runstate="Runnable" seed="1064080901" result="Passed" start-time="2026-02-08 00:52:46Z" end-time="2026-02-08 00:52:46Z" duration="0.000022" asserts="0">
                <properties>
                  <property name="retryIteration" value="0" />
                  <property name="repeatIteration" value="0" />
                </properties>
              </test-case>
              <test-case id="1008" name="TestRangeAttribute" fullname="DataToScriptableObject.Tests.Editor.CodeGeneratorTests.TestRangeAttribute" methodname="TestRangeAttribute" classname="DataToScriptableObject.Tests.Editor.CodeGeneratorTests" runstate="Runnable" seed="1128126554" result="Passed" start-time="2026-02-08 00:52:46Z" end-time="2026-02-08 00:52:46Z" duration="0.000020" asserts="0">
                <properties>
                  <property name="retryIteration" value="0" />
                  <property name="repeatIteration" value="0" />
                </properties>
              </test-case>
              <test-case id="1033" name="TestSerializableAttribute" fullname="DataToScriptableObject.Tests.Editor.CodeGeneratorTests.TestSerializableAttribute" methodname="TestSerializableAttribute" classname="DataToScriptableObject.Tests.Editor.CodeGeneratorTests" runstate="Runnable" seed="654597416" result="Passed" start-time="2026-02-08 00:52:46Z" end-time="2026-02-08 00:52:46Z" duration="0.000020" asserts="0">
                <properties>
                  <property name="retryIteration" value="0" />
                  <property name="repeatIteration" value="0" />
                </properties>
              </test-case>
              <test-case id="1004" name="TestSerializableClassMode" fullname="DataToScriptableObject.Tests.Editor.CodeGeneratorTests.TestSerializableClassMode" methodname="TestSerializableClassMode" classname="DataToScriptableObject.Tests.Editor.CodeGeneratorTests" runstate="Runnable" seed="1330095208" result="Passed" start-time="2026-02-08 00:52:46Z" end-time="2026-02-08 00:52:46Z" duration="0.000019" asserts="0">
                <properties>
                  <property name="retryIteration" value="0" />
                  <property name="repeatIteration" value="0" />
                </properties>
              </test-case>
              <test-case id="1010" name="TestSerializeFieldMode" fullname="DataToScriptableObject.Tests.Editor.CodeGeneratorTests.TestSerializeFieldMode" methodname="TestSerializeFieldMode" classname="DataToScriptableObject.Tests.Editor.CodeGeneratorTests" runstate="Runnable" seed="540121677" result="Passed" start-time="2026-02-08 00:52:46Z" end-time="2026-02-08 00:52:46Z" duration="0.000020" asserts="0">
                <properties>
                  <property name="retryIteration" value="0" />
                  <property name="repeatIteration" value="0" />
                </properties>
              </test-case>
              <test-case id="1037" name="TestSerializeFieldWithoutPropertyAccessor" fullname="DataToScriptableObject.Tests.Editor.CodeGeneratorTests.TestSerializeFieldWithoutPropertyAccessor" methodname="TestSerializeFieldWithoutPropertyAccessor" classname="DataToScriptableObject.Tests.Editor.CodeGeneratorTests" runstate="Runnable" seed="2022619794" result="Passed" start-time="2026-02-08 00:52:46Z" end-time="2026-02-08 00:52:46Z" duration="0.000022" asserts="0">
                <properties>
                  <property name="retryIteration" value="0" />
                  <property name="repeatIteration" value="0" />
                </properties>
              </test-case>
              <test-case id="1036" name="TestSerializeFieldWithPropertyAccessor" fullname="DataToScriptableObject.Tests.Editor.CodeGeneratorTests.TestSerializeFieldWithPropertyAccessor" methodname="TestSerializeFieldWithPropertyAccessor" classname="DataToScriptableObject.Tests.Editor.CodeGeneratorTests" runstate="Runnable" seed="1601412843" result="Passed" start-time="2026-02-08 00:52:46Z" end-time="2026-02-08 00:52:46Z" duration="0.000026" asserts="0">
                <properties>
                  <property name="retryIteration" value="0" />
                  <property name="repeatIteration" value="0" />
                </properties>
              </test-case>
              <test-case id="1039" name="TestSingleColumn" fullname="DataToScriptableObject.Tests.Editor.CodeGeneratorTests.TestSingleColumn" methodname="TestSingleColumn" classname="DataToScriptableObject.Tests.Editor.CodeGeneratorTests" runstate="Runnable" seed="267914950" result="Passed" start-time="2026-02-08 00:52:46Z" end-time="2026-02-08 00:52:46Z" duration="0.000021" asserts="0">
                <properties>
                  <property name="retryIteration" value="0" />
                  <property name="repeatIteration" value="0" />
                </properties>
              </test-case>
              <test-case id="1020" name="TestSkippedColumns" fullname="DataToScriptableObject.Tests.Editor.CodeGeneratorTests.TestSkippedColumns" methodname="TestSkippedColumns" classname="DataToScriptableObject.Tests.Editor.CodeGeneratorTests" runstate="Runnable" seed="1716586813" result="Passed" start-time="2026-02-08 00:52:46Z" end-time="2026-02-08 00:52:46Z" duration="0.000021" asserts="0">
                <properties>
                  <property name="retryIteration" value="0" />
                  <property name="repeatIteration" value="0" />
                </properties>
              </test-case>
              <test-case id="1022" name="TestStringArray" fullname="DataToScriptableObject.Tests.Editor.CodeGeneratorTests.TestStringArray" methodname="TestStringArray" classname="DataToScriptableObject.Tests.Editor.CodeGeneratorTests" runstate="Runnable" seed="1420982077" result="Passed" start-time="2026-02-08 00:52:46Z" end-time="2026-02-08 00:52:46Z" duration="0.000028" asserts="0">
                <properties>
                  <property name="retryIteration" value="0" />
                  <property name="repeatIteration" value="0" />
                </properties>
              </test-case>
              <test-case id="1009" name="TestTooltipAttribute" fullname="DataToScriptableObject.Tests.Editor.CodeGeneratorTests.TestTooltipAttribute" methodname="TestTooltipAttribute" classname="DataToScriptableObject.Tests.Editor.CodeGeneratorTests" runstate="Runnable" seed="2067061298" result="Passed" start-time="2026-02-08 00:52:46Z" end-time="2026-02-08 00:52:46Z" duration="0.000023" asserts="0">
                <properties>
                  <property name="retryIteration" value="0" />
                  <property name="repeatIteration" value="0" />
                </properties>
              </test-case>
              <test-case id="1029" name="TestTooltipDisabled" fullname="DataToScriptableObject.Tests.Editor.CodeGeneratorTests.TestTooltipDisabled" methodname="TestTooltipDisabled" classname="DataToScriptableObject.Tests.Editor.CodeGeneratorTests" runstate="Runnable" seed="1964901584" result="Passed" start-time="2026-02-08 00:52:46Z" end-time="2026-02-08 00:52:46Z" duration="0.000020" asserts="0">
                <properties>
                  <property name="retryIteration" value="0" />
                  <property name="repeatIteration" value="0" />
                </properties>
              </test-case>
              <test-case id="1025" name="TestUseListInsteadOfArraySetting" fullname="DataToScriptableObject.Tests.Editor.CodeGeneratorTests.TestUseListInsteadOfArraySetting" methodname="TestUseListInsteadOfArraySetting" classname="DataToScriptableObject.Tests.Editor.CodeGeneratorTests" runstate="Runnable" seed="1900378150" result="Passed" start-time="2026-02-08 00:52:46Z" end-time="2026-02-08 00:52:46Z" duration="0.000020" asserts="0">
                <properties>
                  <property name="retryIteration" value="0" />
                  <property name="repeatIteration" value="0" />
                </properties>
              </test-case>
              <test-case id="1018" name="TestVectorTypes" fullname="DataToScriptableObject.Tests.Editor.CodeGeneratorTests.TestVectorTypes" methodname="TestVectorTypes" classname="DataToScriptableObject.Tests.Editor.CodeGeneratorTests" runstate="Runnable" seed="1215838225" result="Passed" start-time="2026-02-08 00:52:46Z" end-time="2026-02-08 00:52:46Z" duration="0.000024" asserts="0">
                <properties>
                  <property name="retryIteration" value="0" />
                  <property name="repeatIteration" value="0" />
                </properties>
              </test-case>
            </test-suite>
            <test-suite type="TestFixture" id="1041" name="CSVReaderEdgeCaseTests" fullname="DataToScriptableObject.Tests.Editor.CSVReaderEdgeCaseTests" classname="DataToScriptableObject.Tests.Editor.CSVReaderEdgeCaseTests" runstate="Runnable" testcasecount="50" result="Passed" start-time="2026-02-08 00:52:46Z" end-time="2026-02-08 00:52:46Z" duration="0.007256" total="50" passed="50" failed="0" inconclusive="0" skipped="0" asserts="0">
              <properties />
              <test-case id="1074" name="TestAllEmptyHeaders" fullname="DataToScriptableObject.Tests.Editor.CSVReaderEdgeCaseTests.TestAllEmptyHeaders" methodname="TestAllEmptyHeaders" classname="DataToScriptableObject.Tests.Editor.CSVReaderEdgeCaseTests" runstate="Runnable" seed="2049342064" result="Passed" start-time="2026-02-08 00:52:46Z" end-time="2026-02-08 00:52:46Z" duration="0.000057" asserts="0">
                <properties>
                  <property name="retryIteration" value="0" />
                  <property name="repeatIteration" value="0" />
                </properties>
              </test-case>
              <test-case id="1051" name="TestBase64EncodedData" fullname="DataToScriptableObject.Tests.Editor.CSVReaderEdgeCaseTests.TestBase64EncodedData" methodname="TestBase64EncodedData" classname="DataToScriptableObject.Tests.Editor.CSVReaderEdgeCaseTests" runstate="Runnable" seed="186501789" result="Passed" start-time="2026-02-08 00:52:46Z" end-time="2026-02-08 00:52:46Z" duration="0.000029" asserts="0">
                <properties>
                  <property name="retryIteration" value="0" />
                  <property name="repeatIteration" value="0" />
                </properties>
              </test-case>
              <test-case id="1053" name="TestColorHexCodes" fullname="DataToScriptableObject.Tests.Editor.CSVReaderEdgeCaseTests.TestColorHexCodes" methodname="TestColorHexCodes" classname="DataToScriptableObject.Tests.Editor.CSVReaderEdgeCaseTests" runstate="Runnable" seed="1448990775" result="Passed" start-time="2026-02-08 00:52:46Z" end-time="2026-02-08 00:52:46Z" duration="0.000027" asserts="0">
                <properties>
                  <property name="retryIteration" value="0" />
                  <property name="repeatIteration" value="0" />
                </properties>
              </test-case>
              <test-case id="1057" name="TestConsecutiveDelimiters" fullname="DataToScriptableObject.Tests.Editor.CSVReaderEdgeCaseTests.TestConsecutiveDelimiters" methodname="TestConsecutiveDelimiters" classname="DataToScriptableObject.Tests.Editor.CSVReaderEdgeCaseTests" runstate="Runnable" seed="1182813840" result="Passed" start-time="2026-02-08 00:52:46Z" end-time="2026-02-08 00:52:46Z" duration="0.000025" asserts="0">
                <properties>
                  <property name="retryIteration" value="0" />
                  <property name="repeatIteration" value="0" />
                </properties>
              </test-case>
              <test-case id="1052" name="TestCurrencyValues" fullname="DataToScriptableObject.Tests.Editor.CSVReaderEdgeCaseTests.TestCurrencyValues" methodname="TestCurrencyValues" classname="DataToScriptableObject.Tests.Editor.CSVReaderEdgeCaseTests" runstate="Runnable" seed="267713016" result="Passed" start-time="2026-02-08 00:52:46Z" end-time="2026-02-08 00:52:46Z" duration="0.000024" asserts="0">
                <properties>
                  <property name="retryIteration" value="0" />
                  <property name="repeatIteration" value="0" />
                </properties>
              </test-case>
              <test-case id="1083" name="TestDeeplyNestedQuotes" fullname="DataToScriptableObject.Tests.Editor.CSVReaderEdgeCaseTests.TestDeeplyNestedQuotes" methodname="TestDeeplyNestedQuotes" classname="DataToScriptableObject.Tests.Editor.CSVReaderEdgeCaseTests" runstate="Runnable" seed="115821536" result="Passed" start-time="2026-02-08 00:52:46Z" end-time="2026-02-08 00:52:46Z" duration="0.000019" asserts="0">
                <properties>
                  <property name="retryIteration" value="0" />
                  <property name="repeatIteration" value="0" />
                </properties>
              </test-case>
              <test-case id="1078" name="TestDirectiveAfterComment" fullname="DataToScriptableObject.Tests.Editor.CSVReaderEdgeCaseTests.TestDirectiveAfterComment" methodname="TestDirectiveAfterComment" classname="DataToScriptableObject.Tests.Editor.CSVReaderEdgeCaseTests" runstate="Runnable" seed="1156595468" result="Passed" start-time="2026-02-08 00:52:46Z" end-time="2026-02-08 00:52:46Z" duration="0.000021" asserts="0">
                <properties>
                  <property name="retryIteration" value="0" />
                  <property name="repeatIteration" value="0" />
                </properties>
              </test-case>
              <test-case id="1080" name="TestDirectivesCaseSensitive" fullname="DataToScriptableObject.Tests.Editor.CSVReaderEdgeCaseTests.TestDirectivesCaseSensitive" methodname="TestDirectivesCaseSensitive" classname="DataToScriptableObject.Tests.Editor.CSVReaderEdgeCaseTests" runstate="Runnable" seed="198892766" result="Passed" start-time="2026-02-08 00:52:46Z" end-time="2026-02-08 00:52:46Z" duration="0.000025" asserts="0">
                <properties>
                  <property name="retryIteration" value="0" />
                  <property name="repeatIteration" value="0" />
                </properties>
              </test-case>
              <test-case id="1077" name="TestDirectivesWithEmptyLines" fullname="DataToScriptableObject.Tests.Editor.CSVReaderEdgeCaseTests.TestDirectivesWithEmptyLines" methodname="TestDirectivesWithEmptyLines" classname="DataToScriptableObject.Tests.Editor.CSVReaderEdgeCaseTests" runstate="Runnable" seed="1418156857" result="Passed" start-time="2026-02-08 00:52:46Z" end-time="2026-02-08 00:52:46Z" duration="0.000020" asserts="0">
                <properties>
                  <property name="retryIteration" value="0" />
                  <property name="repeatIteration" value="0" />
                </properties>
              </test-case>
              <test-case id="1076" name="TestDirectiveWithSpecialCharacters" fullname="DataToScriptableObject.Tests.Editor.CSVReaderEdgeCaseTests.TestDirectiveWithSpecialCharacters" methodname="TestDirectiveWithSpecialCharacters" classname="DataToScriptableObject.Tests.Editor.CSVReaderEdgeCaseTests" runstate="Runnable" seed="678543715" result="Passed" start-time="2026-02-08 00:52:46Z" end-time="2026-02-08 00:52:46Z" duration="0.000020" asserts="0">
                <properties>
                  <property name="retryIteration" value="0" />
                  <property name="repeatIteration" value="0" />
                </properties>
              </test-case>
              <test-case id="1075" name="TestDirectiveWithWhitespaceVariations" fullname="DataToScriptableObject.Tests.Editor.CSVReaderEdgeCaseTests.TestDirectiveWithWhitespaceVariations" methodname="TestDirectiveWithWhitespaceVariations" classname="DataToScriptableObject.Tests.Editor.CSVReaderEdgeCaseTests" runstate="Runnable" seed="1436401679" result="Passed" start-time="2026-02-08 00:52:46Z" end-time="2026-02-08 00:52:46Z" duration="0.000021" asserts="0">
                <properties>
                  <property name="retryIteration" value="0" />
                  <property name="repeatIteration" value="0" />
                </properties>
              </test-case>
              <test-case id="1047" name="TestEmailAddresses" fullname="DataToScriptableObject.Tests.Editor.CSVReaderEdgeCaseTests.TestEmailAddresses" methodname="TestEmailAddresses" classname="DataToScriptableObject.Tests.Editor.CSVReaderEdgeCaseTests" runstate="Runnable" seed="1283890627" result="Passed" start-time="2026-02-08 00:52:46Z" end-time="2026-02-08 00:52:46Z" duration="0.000022" asserts="0">
                <properties>
                  <property name="retryIteration" value="0" />
                  <property name="repeatIteration" value="0" />
                </properties>
              </test-case>
              <test-case id="1063" name="TestEmptyLinesAtEnd" fullname="DataToScriptableObject.Tests.Editor.CSVReaderEdgeCaseTests.TestEmptyLinesAtEnd" methodname="TestEmptyLinesAtEnd" classname="DataToScriptableObject.Tests.Editor.CSVReaderEdgeCaseTests" runstate="Runnable" seed="1191892775" result="Passed" start-time="2026-02-08 00:52:46Z" end-time="2026-02-08 00:52:46Z" duration="0.000019" asserts="0">
                <properties>
                  <property name="retryIteration" value="0" />
                  <property name="repeatIteration" value="0" />
                </properties>
              </test-case>
              <test-case id="1062" name="TestEmptyLinesAtStart" fullname="DataToScriptableObject.Tests.Editor.CSVReaderEdgeCaseTests.TestEmptyLinesAtStart" methodname="TestEmptyLinesAtStart" classname="DataToScriptableObject.Tests.Editor.CSVReaderEdgeCaseTests" runstate="Runnable" seed="1096564215" result="Passed" start-time="2026-02-08 00:52:46Z" end-time="2026-02-08 00:52:46Z" duration="0.000021" asserts="0">
                <properties>
                  <property name="retryIteration" value="0" />
                  <property name="repeatIteration" value="0" />
                </properties>
              </test-case>
              <test-case id="1045" name="TestFilePathsUnix" fullname="DataToScriptableObject.Tests.Editor.CSVReaderEdgeCaseTests.TestFilePathsUnix" methodname="TestFilePathsUnix" classname="DataToScriptableObject.Tests.Editor.CSVReaderEdgeCaseTests" runstate="Runnable" seed="967181544" result="Passed" start-time="2026-02-08 00:52:46Z" end-time="2026-02-08 00:52:46Z" duration="0.000020" asserts="0">
                <properties>
                  <property name="retryIteration" value="0" />
                  <property name="repeatIteration" value="0" />
                </properties>
              </test-case>
              <test-case id="1044" name="TestFilePathsWindows" fullname="DataToScriptableObject.Tests.Editor.CSVReaderEdgeCaseTests.TestFilePathsWindows" methodname="TestFilePathsWindows" classname="DataToScriptableObject.Tests.Editor.CSVReaderEdgeCaseTests" runstate="Runnable" seed="1797594080" result="Passed" start-time="2026-02-08 00:52:46Z" end-time="2026-02-08 00:52:46Z" duration="0.000021" asserts="0">
                <properties>
                  <property name="retryIteration" value="0" />
                  <property name="repeatIteration" value="0" />
                </properties>
              </test-case>
              <test-case id="1056" name="TestFormulasAndExpressions" fullname="DataToScriptableObject.Tests.Editor.CSVReaderEdgeCaseTests.TestFormulasAndExpressions" methodname="TestFormulasAndExpressions" classname="DataToScriptableObject.Tests.Editor.CSVReaderEdgeCaseTests" runstate="Runnable" seed="456754472" result="Passed" start-time="2026-02-08 00:52:46Z" end-time="2026-02-08 00:52:46Z" duration="0.000020" asserts="0">
                <properties>
                  <property name="retryIteration" value="0" />
                  <property name="repeatIteration" value="0" />
                </properties>
              </test-case>
              <test-case id="1071" name="TestHeadersWithLeadingTrailingSpaces" fullname="DataToScriptableObject.Tests.Editor.CSVReaderEdgeCaseTests.TestHeadersWithLeadingTrailingSpaces" methodname="TestHeadersWithLeadingTrailingSpaces" classname="DataToScriptableObject.Tests.Editor.CSVReaderEdgeCaseTests" runstate="Runnable" seed="749371709" result="Passed" start-time="2026-02-08 00:52:46Z" end-time="2026-02-08 00:52:46Z" duration="0.000019" asserts="0">
                <properties>
                  <property name="retryIteration" value="0" />
                  <property name="repeatIteration" value="0" />
                </properties>
              </test-case>
              <test-case id="1070" name="TestHeadersWithQuotedCommas" fullname="DataToScriptableObject.Tests.Editor.CSVReaderEdgeCaseTests.TestHeadersWithQuotedCommas" methodname="TestHeadersWithQuotedCommas" classname="DataToScriptableObject.Tests.Editor.CSVReaderEdgeCaseTests" runstate="Runnable" seed="1697704626" result="Passed" start-time="2026-02-08 00:52:46Z" end-time="2026-02-08 00:52:46Z" duration="0.000017" asserts="0">
                <properties>
                  <property name="retryIteration" value="0" />
                  <property name="repeatIteration" value="0" />
                </properties>
              </test-case>
              <test-case id="1049" name="TestHTMLContent" fullname="DataToScriptableObject.Tests.Editor.CSVReaderEdgeCaseTests.TestHTMLContent" methodname="TestHTMLContent" classname="DataToScriptableObject.Tests.Editor.CSVReaderEdgeCaseTests" runstate="Runnable" seed="15352463" result="Passed" start-time="2026-02-08 00:52:46Z" end-time="2026-02-08 00:52:46Z" duration="0.000021" asserts="0">
                <properties>
                  <property name="retryIteration" value="0" />
                  <property name="repeatIteration" value="0" />
                </properties>
              </test-case>
              <test-case id="1072" name="TestInconsistentColumnCount" fullname="DataToScriptableObject.Tests.Editor.CSVReaderEdgeCaseTests.TestInconsistentColumnCount" methodname="TestInconsistentColumnCount" classname="DataToScriptableObject.Tests.Editor.CSVReaderEdgeCaseTests" runstate="Runnable" seed="382484195" result="Passed" start-time="2026-02-08 00:52:46Z" end-time="2026-02-08 00:52:46Z" duration="0.000021" asserts="0">
                <properties>
                  <property name="retryIteration" value="0" />
                  <property name="repeatIteration" value="0" />
                </properties>
              </test-case>
              <test-case id="1043" name="TestJSONLikeDataInQuotes" fullname="DataToScriptableObject.Tests.Editor.CSVReaderEdgeCaseTests.TestJSONLikeDataInQuotes" methodname="TestJSONLikeDataInQuotes" classname="DataToScriptableObject.Tests.Editor.CSVReaderEdgeCaseTests" runstate="Runnable" seed="1654988692" result="Passed" start-time="2026-02-08 00:52:46Z" end-time="2026-02-08 00:52:46Z" duration="0.000030" asserts="0">
                <properties>
                  <property name="retryIteration" value="0" />
                  <property name="repeatIteration" value="0" />
                </properties>
              </test-case>
              <test-case id="1084" name="TestLargeQuotedField" fullname="DataToScriptableObject.Tests.Editor.CSVReaderEdgeCaseTests.TestLargeQuotedField" methodname="TestLargeQuotedField" classname="DataToScriptableObject.Tests.Editor.CSVReaderEdgeCaseTests" runstate="Runnable" seed="1518298655" result="Passed" start-time="2026-02-08 00:52:46Z" end-time="2026-02-08 00:52:46Z" duration="0.000056" asserts="0">
                <properties>
                  <property name="retryIteration" value="0" />
                  <property name="repeatIteration" value="0" />
                </properties>
              </test-case>
              <test-case id="1059" name="TestLeadingDelimiters" fullname="DataToScriptableObject.Tests.Editor.CSVReaderEdgeCaseTests.TestLeadingDelimiters" methodname="TestLeadingDelimiters" classname="DataToScriptableObject.Tests.Editor.CSVReaderEdgeCaseTests" runstate="Runnable" seed="738002318" result="Passed" start-time="2026-02-08 00:52:46Z" end-time="2026-02-08 00:52:46Z" duration="0.000022" asserts="0">
                <properties>
                  <property name="retryIteration" value="0" />
                  <property name="repeatIteration" value="0" />
                </properties>
              </test-case>
              <test-case id="1081" name="TestManyColumns" fullname="DataToScriptableObject.Tests.Editor.CSVReaderEdgeCaseTests.TestManyColumns" methodname="TestManyColumns" classname="DataToScriptableObject.Tests.Editor.CSVReaderEdgeCaseTests" runstate="Runnable" seed="149474702" result="Passed" start-time="2026-02-08 00:52:46Z" end-time="2026-02-08 00:52:46Z" duration="0.000086" asserts="0">
                <properties>
                  <property name="retryIteration" value="0" />
                  <property name="repeatIteration" value="0" />
                </properties>
              </test-case>
              <test-case id="1085" name="TestManyMultilineFields" fullname="DataToScriptableObject.Tests.Editor.CSVReaderEdgeCaseTests.TestManyMultilineFields" methodname="TestManyMultilineFields" classname="DataToScriptableObject.Tests.Editor.CSVReaderEdgeCaseTests" runstate="Runnable" seed="1511990228" result="Passed" start-time="2026-02-08 00:52:46Z" end-time="2026-02-08 00:52:46Z" duration="0.000021" asserts="0">
                <properties>
                  <property name="retryIteration" value="0" />
                  <property name="repeatIteration" value="0" />
                </properties>
              </test-case>
              <test-case id="1082" name="TestManyRows" fullname="DataToScriptableObject.Tests.Editor.CSVReaderEdgeCaseTests.TestManyRows" methodname="TestManyRows" classname="DataToScriptableObject.Tests.Editor.CSVReaderEdgeCaseTests" runstate="Runnable" seed="2113759064" result="Passed" start-time="2026-02-08 00:52:46Z" end-time="2026-02-08 00:52:46Z" duration="0.001381" asserts="0">
                <properties>
                  <property name="retryIteration" value="0" />
                  <property name="repeatIteration" value="0" />
                </properties>
              </test-case>
              <test-case id="1048" name="TestMarkdownContent" fullname="DataToScriptableObject.Tests.Editor.CSVReaderEdgeCaseTests.TestMarkdownContent" methodname="TestMarkdownContent" classname="DataToScriptableObject.Tests.Editor.CSVReaderEdgeCaseTests" runstate="Runnable" seed="271128836" result="Passed" start-time="2026-02-08 00:52:46Z" end-time="2026-02-08 00:52:46Z" duration="0.000027" asserts="0">
                <properties>
                  <property name="retryIteration" value="0" />
                  <property name="repeatIteration" value="0" />
                </properties>
              </test-case>
              <test-case id="1064" name="TestMixedLineEndingsSingleFile" fullname="DataToScriptableObject.Tests.Editor.CSVReaderEdgeCaseTests.TestMixedLineEndingsSingleFile" methodname="TestMixedLineEndingsSingleFile" classname="DataToScriptableObject.Tests.Editor.CSVReaderEdgeCaseTests" runstate="Runnable" seed="435205182" result="Passed" start-time="2026-02-08 00:52:46Z" end-time="2026-02-08 00:52:46Z" duration="0.000024" asserts="0">
                <properties>
                  <property name="retryIteration" value="0" />
                  <property name="repeatIteration" value="0" />
                </properties>
              </test-case>
              <test-case id="1065" name="TestOnlyWhitespaceFields" fullname="DataToScriptableObject.Tests.Editor.CSVReaderEdgeCaseTests.TestOnlyWhitespaceFields" methodname="TestOnlyWhitespaceFields" classname="DataToScriptableObject.Tests.Editor.CSVReaderEdgeCaseTests" runstate="Runnable" seed="1148586453" result="Passed" start-time="2026-02-08 00:52:46Z" end-time="2026-02-08 00:52:46Z" duration="0.000021" asserts="0">
                <properties>
                  <property name="retryIteration" value="0" />
                  <property name="repeatIteration" value="0" />
                </properties>
              </test-case>
              <test-case id="1089" name="TestPipeDelimiterWithQuotes" fullname="DataToScriptableObject.Tests.Editor.CSVReaderEdgeCaseTests.TestPipeDelimiterWithQuotes" methodname="TestPipeDelimiterWithQuotes" classname="DataToScriptableObject.Tests.Editor.CSVReaderEdgeCaseTests" runstate="Runnable" seed="1242704047" result="Passed" start-time="2026-02-08 00:52:46Z" end-time="2026-02-08 00:52:46Z" duration="0.000030" asserts="0">
                <properties>
                  <property name="retryIteration" value="0" />
                  <property name="repeatIteration" value="0" />
                </properties>
              </test-case>
              <test-case id="1061" name="TestQuotesInMiddleOfUnquotedField" fullname="DataToScriptableObject.Tests.Editor.CSVReaderEdgeCaseTests.TestQuotesInMiddleOfUnquotedField" methodname="TestQuotesInMiddleOfUnquotedField" classname="DataToScriptableObject.Tests.Editor.CSVReaderEdgeCaseTests" runstate="Runnable" seed="1005883149" result="Passed" start-time="2026-02-08 00:52:46Z" end-time="2026-02-08 00:52:46Z" duration="0.000020" asserts="0">
                <properties>
                  <property name="retryIteration" value="0" />
                  <property name="repeatIteration" value="0" />
                </properties>
              </test-case>
              <test-case id="1050" name="TestRegexPatterns" fullname="DataToScriptableObject.Tests.Editor.CSVReaderEdgeCaseTests.TestRegexPatterns" methodname="TestRegexPatterns" classname="DataToScriptableObject.Tests.Editor.CSVReaderEdgeCaseTests" runstate="Runnable" seed="1007492698" result="Passed" start-time="2026-02-08 00:52:46Z" end-time="2026-02-08 00:52:46Z" duration="0.000025" asserts="0">
                <properties>
                  <property name="retryIteration" value="0" />
                  <property name="repeatIteration" value="0" />
                </properties>
              </test-case>
              <test-case id="1088" name="TestRightToLeftCharacters" fullname="DataToScriptableObject.Tests.Editor.CSVReaderEdgeCaseTests.TestRightToLeftCharacters" methodname="TestRightToLeftCharacters" classname="DataToScriptableObject.Tests.Editor.CSVReaderEdgeCaseTests" runstate="Runnable" seed="88906204" result="Passed" start-time="2026-02-08 00:52:46Z" end-time="2026-02-08 00:52:46Z" duration="0.000023" asserts="0">
                <properties>
                  <property name="retryIteration" value="0" />
                  <property name="repeatIteration" value="0" />
                </properties>
              </test-case>
              <test-case id="1090" name="TestSemicolonWithCommasInData" fullname="DataToScriptableObject.Tests.Editor.CSVReaderEdgeCaseTests.TestSemicolonWithCommasInData" methodname="TestSemicolonWithCommasInData" classname="DataToScriptableObject.Tests.Editor.CSVReaderEdgeCaseTests" runstate="Runnable" seed="1730486462" result="Passed" start-time="2026-02-08 00:52:46Z" end-time="2026-02-08 00:52:46Z" duration="0.000021" asserts="0">
                <properties>
                  <property name="retryIteration" value="0" />
                  <property name="repeatIteration" value="0" />
                </properties>
              </test-case>
              <test-case id="1079" name="TestSlashSlashCommentWithDirective" fullname="DataToScriptableObject.Tests.Editor.CSVReaderEdgeCaseTests.TestSlashSlashCommentWithDirective" methodname="TestSlashSlashCommentWithDirective" classname="DataToScriptableObject.Tests.Editor.CSVReaderEdgeCaseTests" runstate="Runnable" seed="835677269" result="Passed" start-time="2026-02-08 00:52:46Z" end-time="2026-02-08 00:52:46Z" duration="0.000020" asserts="0">
                <properties>
                  <property name="retryIteration" value="0" />
                  <property name="repeatIteration" value="0" />
                </properties>
              </test-case>
              <test-case id="1046" name="TestSQLStringsInQuotes" fullname="DataToScriptableObject.Tests.Editor.CSVReaderEdgeCaseTests.TestSQLStringsInQuotes" methodname="TestSQLStringsInQuotes" classname="DataToScriptableObject.Tests.Editor.CSVReaderEdgeCaseTests" runstate="Runnable" seed="461966061" result="Passed" start-time="2026-02-08 00:52:46Z" end-time="2026-02-08 00:52:46Z" duration="0.000022" asserts="0">
                <properties>
                  <property name="retryIteration" value="0" />
                  <property name="repeatIteration" value="0" />
                </properties>
              </test-case>
              <test-case id="1091" name="TestTabWithSpacesInData" fullname="DataToScriptableObject.Tests.Editor.CSVReaderEdgeCaseTests.TestTabWithSpacesInData" methodname="TestTabWithSpacesInData" classname="DataToScriptableObject.Tests.Editor.CSVReaderEdgeCaseTests" runstate="Runnable" seed="7516371" result="Passed" start-time="2026-02-08 00:52:46Z" end-time="2026-02-08 00:52:46Z" duration="0.000022" asserts="0">
                <properties>
                  <property name="retryIteration" value="0" />
                  <property name="repeatIteration" value="0" />
                </properties>
              </test-case>
              <test-case id="1068" name="TestThreeRowHeaderWithEnumFlags" fullname="DataToScriptableObject.Tests.Editor.CSVReaderEdgeCaseTests.TestThreeRowHeaderWithEnumFlags" methodname="TestThreeRowHeaderWithEnumFlags" classname="DataToScriptableObject.Tests.Editor.CSVReaderEdgeCaseTests" runstate="Runnable" seed="779332294" result="Passed" start-time="2026-02-08 00:52:46Z" end-time="2026-02-08 00:52:46Z" duration="0.000029" asserts="0">
                <properties>
                  <property name="retryIteration" value="0" />
                  <property name="repeatIteration" value="0" />
                </properties>
              </test-case>
              <test-case id="1067" name="TestThreeRowHeaderWithSpecialChars" fullname="DataToScriptableObject.Tests.Editor.CSVReaderEdgeCaseTests.TestThreeRowHeaderWithSpecialChars" methodname="TestThreeRowHeaderWithSpecialChars" classname="DataToScriptableObject.Tests.Editor.CSVReaderEdgeCaseTests" runstate="Runnable" seed="1697555191" result="Passed" start-time="2026-02-08 00:52:46Z" end-time="2026-02-08 00:52:46Z" duration="0.000022" asserts="0">
                <properties>
                  <property name="retryIteration" value="0" />
                  <property name="repeatIteration" value="0" />
                </properties>
              </test-case>
              <test-case id="1055" name="TestTimestampsAndDates" fullname="DataToScriptableObject.Tests.Editor.CSVReaderEdgeCaseTests.TestTimestampsAndDates" methodname="TestTimestampsAndDates" classname="DataToScriptableObject.Tests.Editor.CSVReaderEdgeCaseTests" runstate="Runnable" seed="1207168944" result="Passed" start-time="2026-02-08 00:52:46Z" end-time="2026-02-08 00:52:46Z" duration="0.000026" asserts="0">
                <properties>
                  <property name="retryIteration" value="0" />
                  <property name="repeatIteration" value="0" />
                </properties>
              </test-case>
              <test-case id="1058" name="TestTrailingDelimiters" fullname="DataToScriptableObject.Tests.Editor.CSVReaderEdgeCaseTests.TestTrailingDelimiters" methodname="TestTrailingDelimiters" classname="DataToScriptableObject.Tests.Editor.CSVReaderEdgeCaseTests" runstate="Runnable" seed="1194126255" result="Passed" start-time="2026-02-08 00:52:46Z" end-time="2026-02-08 00:52:46Z" duration="0.000019" asserts="0">
                <properties>
                  <property name="retryIteration" value="0" />
                  <property name="repeatIteration" value="0" />
                </properties>
              </test-case>
              <test-case id="1069" name="TestTwoRowHeaderWithEmptyTypeHints" fullname="DataToScriptableObject.Tests.Editor.CSVReaderEdgeCaseTests.TestTwoRowHeaderWithEmptyTypeHints" methodname="TestTwoRowHeaderWithEmptyTypeHints" classname="DataToScriptableObject.Tests.Editor.CSVReaderEdgeCaseTests" runstate="Runnable" seed="1859990741" result="Passed" start-time="2026-02-08 00:52:46Z" end-time="2026-02-08 00:52:46Z" duration="0.000033" asserts="0">
                <properties>
                  <property name="retryIteration" value="0" />
                  <property name="repeatIteration" value="0" />
                </properties>
              </test-case>
              <test-case id="1060" name="TestUnbalancedQuotes" fullname="DataToScriptableObject.Tests.Editor.CSVReaderEdgeCaseTests.TestUnbalancedQuotes" methodname="TestUnbalancedQuotes" classname="DataToScriptableObject.Tests.Editor.CSVReaderEdgeCaseTests" runstate="Runnable" seed="1214887028" result="Passed" start-time="2026-02-08 00:52:46Z" end-time="2026-02-08 00:52:46Z" duration="0.000029" asserts="0">
                <properties>
                  <property name="retryIteration" value="0" />
                  <property name="repeatIteration" value="0" />
                </properties>
              </test-case>
              <test-case id="1042" name="TestURLsInData" fullname="DataToScriptableObject.Tests.Editor.CSVReaderEdgeCaseTests.TestURLsInData" methodname="TestURLsInData" classname="DataToScriptableObject.Tests.Editor.CSVReaderEdgeCaseTests" runstate="Runnable" seed="1826207278" result="Passed" start-time="2026-02-08 00:52:46Z" end-time="2026-02-08 00:52:46Z" duration="0.000025" asserts="0">
                <properties>
                  <property name="retryIteration" value="0" />
                  <property name="repeatIteration" value="0" />
                </properties>
              </test-case>
              <test-case id="1086" name="TestUTF8BOM" fullname="DataToScriptableObject.Tests.Editor.CSVReaderEdgeCaseTests.TestUTF8BOM" methodname="TestUTF8BOM" classname="DataToScriptableObject.Tests.Editor.CSVReaderEdgeCaseTests" runstate="Runnable" seed="177677348" result="Passed" start-time="2026-02-08 00:52:46Z" end-time="2026-02-08 00:52:46Z" duration="0.000022" asserts="0">
                <properties>
                  <property name="retryIteration" value="0" />
                  <property name="repeatIteration" value="0" />
                </properties>
              </test-case>
              <test-case id="1054" name="TestVersionNumbers" fullname="DataToScriptableObject.Tests.Editor.CSVReaderEdgeCaseTests.TestVersionNumbers" methodname="TestVersionNumbers" classname="DataToScriptableObject.Tests.Editor.CSVReaderEdgeCaseTests" runstate="Runnable" seed="773541790" result="Passed" start-time="2026-02-08 00:52:46Z" end-time="2026-02-08 00:52:46Z" duration="0.000022" asserts="0">
                <properties>
                  <property name="retryIteration" value="0" />
                  <property name="repeatIteration" value="0" />
                </properties>
              </test-case>
              <test-case id="1066" name="TestVeryLongFields" fullname="DataToScriptableObject.Tests.Editor.CSVReaderEdgeCaseTests.TestVeryLongFields" methodname="TestVeryLongFields" classname="DataToScriptableObject.Tests.Editor.CSVReaderEdgeCaseTests" runstate="Runnable" seed="620893298" result="Passed" start-time="2026-02-08 00:52:46Z" end-time="2026-02-08 00:52:46Z" duration="0.000032" asserts="0">
                <properties>
                  <property name="retryIteration" value="0" />
                  <property name="repeatIteration" value="0" />
                </properties>
              </test-case>
              <test-case id="1087" name="TestZeroWidthCharacters" fullname="DataToScriptableObject.Tests.Editor.CSVReaderEdgeCaseTests.TestZeroWidthCharacters" methodname="TestZeroWidthCharacters" classname="DataToScriptableObject.Tests.Editor.CSVReaderEdgeCaseTests" runstate="Runnable" seed="500827919" result="Passed" start-time="2026-02-08 00:52:46Z" end-time="2026-02-08 00:52:46Z" duration="0.000020" asserts="0">
                <properties>
                  <property name="retryIteration" value="0" />
                  <property name="repeatIteration" value="0" />
                </properties>
              </test-case>
              <test-case id="1073" name="TestZeroWidthColumns" fullname="DataToScriptableObject.Tests.Editor.CSVReaderEdgeCaseTests.TestZeroWidthColumns" methodname="TestZeroWidthColumns" classname="DataToScriptableObject.Tests.Editor.CSVReaderEdgeCaseTests" runstate="Runnable" seed="798008840" result="Passed" start-time="2026-02-08 00:52:46Z" end-time="2026-02-08 00:52:46Z" duration="0.000020" asserts="0">
                <properties>
                  <property name="retryIteration" value="0" />
                  <property name="repeatIteration" value="0" />
                </properties>
              </test-case>
            </test-suite>
            <test-suite type="TestFixture" id="1092" name="CSVReaderIntegrationTests" fullname="DataToScriptableObject.Tests.Editor.CSVReaderIntegrationTests" classname="DataToScriptableObject.Tests.Editor.CSVReaderIntegrationTests" runstate="Runnable" testcasecount="25" result="Passed" start-time="2026-02-08 00:52:46Z" end-time="2026-02-08 00:52:46Z" duration="0.006102" total="25" passed="25" failed="0" inconclusive="0" skipped="0" asserts="0">
              <properties />
              <test-case id="1110" name="TestAIBehaviorDatabase" fullname="DataToScriptableObject.Tests.Editor.CSVReaderIntegrationTests.TestAIBehaviorDatabase" methodname="TestAIBehaviorDatabase" classname="DataToScriptableObject.Tests.Editor.CSVReaderIntegrationTests" runstate="Runnable" seed="202706899" result="Passed" start-time="2026-02-08 00:52:46Z" end-time="2026-02-08 00:52:46Z" duration="0.000061" asserts="0">
                <properties>
                  <property name="retryIteration" value="0" />
                  <property name="repeatIteration" value="0" />
                </properties>
              </test-case>
              <test-case id="1102" name="TestAssetReferenceDatabase" fullname="DataToScriptableObject.Tests.Editor.CSVReaderIntegrationTests.TestAssetReferenceDatabase" methodname="TestAssetReferenceDatabase" classname="DataToScriptableObject.Tests.Editor.CSVReaderIntegrationTests" runstate="Runnable" seed="1885449006" result="Passed" start-time="2026-02-08 00:52:46Z" end-time="2026-02-08 00:52:46Z" duration="0.000028" asserts="0">
                <properties>
                  <property name="retryIteration" value="0" />
                  <property name="repeatIteration" value="0" />
                </properties>
              </test-case>
              <test-case id="1106" name="TestBiomeGenerationDatabase" fullname="DataToScriptableObject.Tests.Editor.CSVReaderIntegrationTests.TestBiomeGenerationDatabase" methodname="TestBiomeGenerationDatabase" classname="DataToScriptableObject.Tests.Editor.CSVReaderIntegrationTests" runstate="Runnable" seed="1969724365" result="Passed" start-time="2026-02-08 00:52:46Z" end-time="2026-02-08 00:52:46Z" duration="0.000029" asserts="0">
                <properties>
                  <property name="retryIteration" value="0" />
                  <property name="repeatIteration" value="0" />
                </properties>
              </test-case>
              <test-case id="1094" name="TestCharacterDatabaseWithEnums" fullname="DataToScriptableObject.Tests.Editor.CSVReaderIntegrationTests.TestCharacterDatabaseWithEnums" methodname="TestCharacterDatabaseWithEnums" classname="DataToScriptableObject.Tests.Editor.CSVReaderIntegrationTests" runstate="Runnable" seed="441752537" result="Passed" start-time="2026-02-08 00:52:46Z" end-time="2026-02-08 00:52:46Z" duration="0.000038" asserts="0">
                <properties>
                  <property name="retryIteration" value="0" />
                  <property name="repeatIteration" value="0" />
                </properties>
              </test-case>
              <test-case id="1116" name="TestCommentsInDataSection" fullname="DataToScriptableObject.Tests.Editor.CSVReaderIntegrationTests.TestCommentsInDataSection" methodname="TestCommentsInDataSection" classname="DataToScriptableObject.Tests.Editor.CSVReaderIntegrationTests" runstate="Runnable" seed="1729047978" result="Passed" start-time="2026-02-08 00:52:46Z" end-time="2026-02-08 00:52:46Z" duration="0.000028" asserts="0">
                <properties>
                  <property name="retryIteration" value="0" />
                  <property name="repeatIteration" value="0" />
                </properties>
              </test-case>
              <test-case id="1108" name="TestCraftingRecipeDatabase" fullname="DataToScriptableObject.Tests.Editor.CSVReaderIntegrationTests.TestCraftingRecipeDatabase" methodname="TestCraftingRecipeDatabase" classname="DataToScriptableObject.Tests.Editor.CSVReaderIntegrationTests" runstate="Runnable" seed="317009608" result="Passed" start-time="2026-02-08 00:52:46Z" end-time="2026-02-08 00:52:46Z" duration="0.000028" asserts="0">
                <properties>
                  <property name="retryIteration" value="0" />
                  <property name="repeatIteration" value="0" />
                </properties>
              </test-case>
              <test-case id="1099" name="TestDialogueDatabase" fullname="DataToScriptableObject.Tests.Editor.CSVReaderIntegrationTests.TestDialogueDatabase" methodname="TestDialogueDatabase" classname="DataToScriptableObject.Tests.Editor.CSVReaderIntegrationTests" runstate="Runnable" seed="1811262692" result="Passed" start-time="2026-02-08 00:52:46Z" end-time="2026-02-08 00:52:46Z" duration="0.000024" asserts="0">
                <properties>
                  <property name="retryIteration" value="0" />
                  <property name="repeatIteration" value="0" />
                </properties>
              </test-case>
              <test-case id="1111" name="TestDialogueTreeDatabase" fullname="DataToScriptableObject.Tests.Editor.CSVReaderIntegrationTests.TestDialogueTreeDatabase" methodname="TestDialogueTreeDatabase" classname="DataToScriptableObject.Tests.Editor.CSVReaderIntegrationTests" runstate="Runnable" seed="41032332" result="Passed" start-time="2026-02-08 00:52:46Z" end-time="2026-02-08 00:52:46Z" duration="0.000031" asserts="0">
                <properties>
                  <property name="retryIteration" value="0" />
                  <property name="repeatIteration" value="0" />
                </properties>
              </test-case>
              <test-case id="1101" name="TestDifficultySettingsDatabase" fullname="DataToScriptableObject.Tests.Editor.CSVReaderIntegrationTests.TestDifficultySettingsDatabase" methodname="TestDifficultySettingsDatabase" classname="DataToScriptableObject.Tests.Editor.CSVReaderIntegrationTests" runstate="Runnable" seed="1368413581" result="Passed" start-time="2026-02-08 00:52:46Z" end-time="2026-02-08 00:52:46Z" duration="0.000028" asserts="0">
                <properties>
                  <property name="retryIteration" value="0" />
                  <property name="repeatIteration" value="0" />
                </properties>
              </test-case>
              <test-case id="1114" name="TestEmptyDataWithHeaders" fullname="DataToScriptableObject.Tests.Editor.CSVReaderIntegrationTests.TestEmptyDataWithHeaders" methodname="TestEmptyDataWithHeaders" classname="DataToScriptableObject.Tests.Editor.CSVReaderIntegrationTests" runstate="Runnable" seed="2113044726" result="Passed" start-time="2026-02-08 00:52:46Z" end-time="2026-02-08 00:52:46Z" duration="0.000019" asserts="0">
                <properties>
                  <property name="retryIteration" value="0" />
                  <property name="repeatIteration" value="0" />
                </properties>
              </test-case>
              <test-case id="1100" name="TestGameConfigDatabase" fullname="DataToScriptableObject.Tests.Editor.CSVReaderIntegrationTests.TestGameConfigDatabase" methodname="TestGameConfigDatabase" classname="DataToScriptableObject.Tests.Editor.CSVReaderIntegrationTests" runstate="Runnable" seed="492773999" result="Passed" start-time="2026-02-08 00:52:46Z" end-time="2026-02-08 00:52:46Z" duration="0.000027" asserts="0">
                <properties>
                  <property name="retryIteration" value="0" />
                  <property name="repeatIteration" value="0" />
                </properties>
              </test-case>
              <test-case id="1117" name="TestHashInQuotedFieldNotComment" fullname="DataToScriptableObject.Tests.Editor.CSVReaderIntegrationTests.TestHashInQuotedFieldNotComment" methodname="TestHashInQuotedFieldNotComment" classname="DataToScriptableObject.Tests.Editor.CSVReaderIntegrationTests" runstate="Runnable" seed="1613404010" result="Passed" start-time="2026-02-08 00:52:46Z" end-time="2026-02-08 00:52:46Z" duration="0.000021" asserts="0">
                <properties>
                  <property name="retryIteration" value="0" />
                  <property name="repeatIteration" value="0" />
                </properties>
              </test-case>
              <test-case id="1096" name="TestInventoryDatabaseWithPrices" fullname="DataToScriptableObject.Tests.Editor.CSVReaderIntegrationTests.TestInventoryDatabaseWithPrices" methodname="TestInventoryDatabaseWithPrices" classname="DataToScriptableObject.Tests.Editor.CSVReaderIntegrationTests" runstate="Runnable" seed="1154516456" result="Passed" start-time="2026-02-08 00:52:46Z" end-time="2026-02-08 00:52:46Z" duration="0.000025" asserts="0">
                <properties>
                  <property name="retryIteration" value="0" />
                  <property name="repeatIteration" value="0" />
                </properties>
              </test-case>
              <test-case id="1112" name="TestLargeCompleteDatabase" fullname="DataToScriptableObject.Tests.Editor.CSVReaderIntegrationTests.TestLargeCompleteDatabase" methodname="TestLargeCompleteDatabase" classname="DataToScriptableObject.Tests.Editor.CSVReaderIntegrationTests" runstate="Runnable" seed="372867373" result="Passed" start-time="2026-02-08 00:52:46Z" end-time="2026-02-08 00:52:46Z" duration="0.000045" asserts="0">
                <properties>
                  <property name="retryIteration" value="0" />
                  <property name="repeatIteration" value="0" />
                </properties>
              </test-case>
              <test-case id="1105" name="TestLeaderboardDatabase" fullname="DataToScriptableObject.Tests.Editor.CSVReaderIntegrationTests.TestLeaderboardDatabase" methodname="TestLeaderboardDatabase" classname="DataToScriptableObject.Tests.Editor.CSVReaderIntegrationTests" runstate="Runnable" seed="880761137" result="Passed" start-time="2026-02-08 00:52:46Z" end-time="2026-02-08 00:52:46Z" duration="0.000024" asserts="0">
                <properties>
                  <property name="retryIteration" value="0" />
                  <property name="repeatIteration" value="0" />
                </properties>
              </test-case>
              <test-case id="1098" name="TestLocalizationDatabase" fullname="DataToScriptableObject.Tests.Editor.CSVReaderIntegrationTests.TestLocalizationDatabase" methodname="TestLocalizationDatabase" classname="DataToScriptableObject.Tests.Editor.CSVReaderIntegrationTests" runstate="Runnable" seed="1687354077" result="Passed" start-time="2026-02-08 00:52:46Z" end-time="2026-02-08 00:52:46Z" duration="0.000026" asserts="0">
                <properties>
                  <property name="retryIteration" value="0" />
                  <property name="repeatIteration" value="0" />
                </properties>
              </test-case>
              <test-case id="1107" name="TestLootTableDatabase" fullname="DataToScriptableObject.Tests.Editor.CSVReaderIntegrationTests.TestLootTableDatabase" methodname="TestLootTableDatabase" classname="DataToScriptableObject.Tests.Editor.CSVReaderIntegrationTests" runstate="Runnable" seed="177393822" result="Passed" start-time="2026-02-08 00:52:46Z" end-time="2026-02-08 00:52:46Z" duration="0.000028" asserts="0">
                <properties>
                  <property name="retryIteration" value="0" />
                  <property name="repeatIteration" value="0" />
                </properties>
              </test-case>
              <test-case id="1113" name="TestMinimalValidDatabase" fullname="DataToScriptableObject.Tests.Editor.CSVReaderIntegrationTests.TestMinimalValidDatabase" methodname="TestMinimalValidDatabase" classname="DataToScriptableObject.Tests.Editor.CSVReaderIntegrationTests" runstate="Runnable" seed="4895768" result="Passed" start-time="2026-02-08 00:52:46Z" end-time="2026-02-08 00:52:46Z" duration="0.000020" asserts="0">
                <properties>
                  <property name="retryIteration" value="0" />
                  <property name="repeatIteration" value="0" />
                </properties>
              </test-case>
              <test-case id="1115" name="TestOnlyDirectives" fullname="DataToScriptableObject.Tests.Editor.CSVReaderIntegrationTests.TestOnlyDirectives" methodname="TestOnlyDirectives" classname="DataToScriptableObject.Tests.Editor.CSVReaderIntegrationTests" runstate="Runnable" seed="1818738825" result="Passed" start-time="2026-02-08 00:52:46Z" end-time="2026-02-08 00:52:46Z" duration="0.000018" asserts="0">
                <properties>
                  <property name="retryIteration" value="0" />
                  <property name="repeatIteration" value="0" />
                </properties>
              </test-case>
              <test-case id="1104" name="TestPlayerStatsDatabase" fullname="DataToScriptableObject.Tests.Editor.CSVReaderIntegrationTests.TestPlayerStatsDatabase" methodname="TestPlayerStatsDatabase" classname="DataToScriptableObject.Tests.Editor.CSVReaderIntegrationTests" runstate="Runnable" seed="950025959" result="Passed" start-time="2026-02-08 00:52:46Z" end-time="2026-02-08 00:52:46Z" duration="0.000024" asserts="0">
                <properties>
                  <property name="retryIteration" value="0" />
                  <property name="repeatIteration" value="0" />
                </properties>
              </test-case>
              <test-case id="1095" name="TestQuestDatabaseWithMultilineText" fullname="DataToScriptableObject.Tests.Editor.CSVReaderIntegrationTests.TestQuestDatabaseWithMultilineText" methodname="TestQuestDatabaseWithMultilineText" classname="DataToScriptableObject.Tests.Editor.CSVReaderIntegrationTests" runstate="Runnable" seed="1200544918" result="Passed" start-time="2026-02-08 00:52:46Z" end-time="2026-02-08 00:52:46Z" duration="0.000027" asserts="0">
                <properties>
                  <property name="retryIteration" value="0" />
                  <property name="repeatIteration" value="0" />
                </properties>
              </test-case>
              <test-case id="1097" name="TestSkillTreeDatabase" fullname="DataToScriptableObject.Tests.Editor.CSVReaderIntegrationTests.TestSkillTreeDatabase" methodname="TestSkillTreeDatabase" classname="DataToScriptableObject.Tests.Editor.CSVReaderIntegrationTests" runstate="Runnable" seed="1374218265" result="Passed" start-time="2026-02-08 00:52:46Z" end-time="2026-02-08 00:52:46Z" duration="0.000036" asserts="0">
                <properties>
                  <property name="retryIteration" value="0" />
                  <property name="repeatIteration" value="0" />
                </properties>
              </test-case>
              <test-case id="1103" name="TestSpriteAtlasDatabase" fullname="DataToScriptableObject.Tests.Editor.CSVReaderIntegrationTests.TestSpriteAtlasDatabase" methodname="TestSpriteAtlasDatabase" classname="DataToScriptableObject.Tests.Editor.CSVReaderIntegrationTests" runstate="Runnable" seed="1428784941" result="Passed" start-time="2026-02-08 00:52:46Z" end-time="2026-02-08 00:52:46Z" duration="0.000026" asserts="0">
                <properties>
                  <property name="retryIteration" value="0" />
                  <property name="repeatIteration" value="0" />
                </properties>
              </test-case>
              <test-case id="1109" name="TestUpgradePathDatabase" fullname="DataToScriptableObject.Tests.Editor.CSVReaderIntegrationTests.TestUpgradePathDatabase" methodname="TestUpgradePathDatabase" classname="DataToScriptableObject.Tests.Editor.CSVReaderIntegrationTests" runstate="Runnable" seed="416047664" result="Passed" start-time="2026-02-08 00:52:46Z" end-time="2026-02-08 00:52:46Z" duration="0.000028" asserts="0">
                <properties>
                  <property name="retryIteration" value="0" />
                  <property name="repeatIteration" value="0" />
                </properties>
              </test-case>
              <test-case id="1093" name="TestWeaponDatabaseWithComplexStats" fullname="DataToScriptableObject.Tests.Editor.CSVReaderIntegrationTests.TestWeaponDatabaseWithComplexStats" methodname="TestWeaponDatabaseWithComplexStats" classname="DataToScriptableObject.Tests.Editor.CSVReaderIntegrationTests" runstate="Runnable" seed="1836891402" result="Passed" start-time="2026-02-08 00:52:46Z" end-time="2026-02-08 00:52:46Z" duration="0.000039" asserts="0">
                <properties>
                  <property name="retryIteration" value="0" />
                  <property name="repeatIteration" value="0" />
                </properties>
              </test-case>
            </test-suite>
            <test-suite type="TestFixture" id="1118" name="CSVReaderTests" fullname="DataToScriptableObject.Tests.Editor.CSVReaderTests" classname="DataToScriptableObject.Tests.Editor.CSVReaderTests" runstate="Runnable" testcasecount="52" result="Passed" start-time="2026-02-08 00:52:46Z" end-time="2026-02-08 00:52:46Z" duration="0.008122" total="52" passed="52" failed="0" inconclusive="0" skipped="0" asserts="0">
              <properties />
              <test-case id="1122" name="TestAutoDetectComma" fullname="DataToScriptableObject.Tests.Editor.CSVReaderTests.TestAutoDetectComma" methodname="TestAutoDetectComma" classname="DataToScriptableObject.Tests.Editor.CSVReaderTests" runstate="Runnable" seed="1476553041" result="Passed" start-time="2026-02-08 00:52:46Z" end-time="2026-02-08 00:52:46Z" duration="0.000063" asserts="0">
                <properties>
                  <property name="retryIteration" value="0" />
                  <property name="repeatIteration" value="0" />
                </properties>
              </test-case>
              <test-case id="1123" name="TestAutoDetectSemicolon" fullname="DataToScriptableObject.Tests.Editor.CSVReaderTests.TestAutoDetectSemicolon" methodname="TestAutoDetectSemicolon" classname="DataToScriptableObject.Tests.Editor.CSVReaderTests" runstate="Runnable" seed="512413379" result="Passed" start-time="2026-02-08 00:52:46Z" end-time="2026-02-08 00:52:46Z" duration="0.000029" asserts="0">
                <properties>
                  <property name="retryIteration" value="0" />
                  <property name="repeatIteration" value="0" />
                </properties>
              </test-case>
              <test-case id="1153" name="TestAutoDetectTab" fullname="DataToScriptableObject.Tests.Editor.CSVReaderTests.TestAutoDetectTab" methodname="TestAutoDetectTab" classname="DataToScriptableObject.Tests.Editor.CSVReaderTests" runstate="Runnable" seed="1301799591" result="Passed" start-time="2026-02-08 00:52:46Z" end-time="2026-02-08 00:52:46Z" duration="0.000026" asserts="0">
                <properties>
                  <property name="retryIteration" value="0" />
                  <property name="repeatIteration" value="0" />
                </properties>
              </test-case>
              <test-case id="1127" name="TestBOMStripped" fullname="DataToScriptableObject.Tests.Editor.CSVReaderTests.TestBOMStripped" methodname="TestBOMStripped" classname="DataToScriptableObject.Tests.Editor.CSVReaderTests" runstate="Runnable" seed="82770386" result="Passed" start-time="2026-02-08 00:52:46Z" end-time="2026-02-08 00:52:46Z" duration="0.000021" asserts="0">
                <properties>
                  <property name="retryIteration" value="0" />
                  <property name="repeatIteration" value="0" />
                </properties>
              </test-case>
              <test-case id="1128" name="TestCommentLinesSkipped" fullname="DataToScriptableObject.Tests.Editor.CSVReaderTests.TestCommentLinesSkipped" methodname="TestCommentLinesSkipped" classname="DataToScriptableObject.Tests.Editor.CSVReaderTests" runstate="Runnable" seed="1369702189" result="Passed" start-time="2026-02-08 00:52:46Z" end-time="2026-02-08 00:52:46Z" duration="0.000025" asserts="0">
                <properties>
                  <property name="retryIteration" value="0" />
[...]
                  <property name="repeatIteration" value="0" />
                </properties>
              </test-case>
              <test-case id="1469" name="TestAllNullValues" fullname="DataToScriptableObject.Tests.Editor.TypeInferenceTests.TestAllNullValues" methodname="TestAllNullValues" classname="DataToScriptableObject.Tests.Editor.TypeInferenceTests" runstate="Runnable" seed="1159433215" result="Passed" start-time="2026-02-08 00:52:46Z" end-time="2026-02-08 00:52:46Z" duration="0.000013" asserts="0">
                <properties>
                  <property name="retryIteration" value="0" />
                  <property name="repeatIteration" value="0" />
                </properties>
              </test-case>
              <test-case id="1476" name="TestAllSameValue" fullname="DataToScriptableObject.Tests.Editor.TypeInferenceTests.TestAllSameValue" methodname="TestAllSameValue" classname="DataToScriptableObject.Tests.Editor.TypeInferenceTests" runstate="Runnable" seed="2115694612" result="Passed" start-time="2026-02-08 00:52:46Z" end-time="2026-02-08 00:52:46Z" duration="0.000014" asserts="0">
                <properties>
                  <property name="retryIteration" value="0" />
                  <property name="repeatIteration" value="0" />
                </properties>
              </test-case>
              <test-case id="1470" name="TestAllWhitespace" fullname="DataToScriptableObject.Tests.Editor.TypeInferenceTests.TestAllWhitespace" methodname="TestAllWhitespace" classname="DataToScriptableObject.Tests.Editor.TypeInferenceTests" runstate="Runnable" seed="527532873" result="Passed" start-time="2026-02-08 00:52:46Z" end-time="2026-02-08 00:52:46Z" duration="0.000015" asserts="0">
                <properties>
                  <property name="retryIteration" value="0" />
                  <property name="repeatIteration" value="0" />
                </properties>
              </test-case>
              <test-case id="1477" name="TestBoolNotString" fullname="DataToScriptableObject.Tests.Editor.TypeInferenceTests.TestBoolNotString" methodname="TestBoolNotString" classname="DataToScriptableObject.Tests.Editor.TypeInferenceTests" runstate="Runnable" seed="22630119" result="Passed" start-time="2026-02-08 00:52:46Z" end-time="2026-02-08 00:52:46Z" duration="0.000014" asserts="0">
                <properties>
                  <property name="retryIteration" value="0" />
                  <property name="repeatIteration" value="0" />
                </properties>
              </test-case>
              <test-case id="1478" name="TestBoolPriorityOverInt" fullname="DataToScriptableObject.Tests.Editor.TypeInferenceTests.TestBoolPriorityOverInt" methodname="TestBoolPriorityOverInt" classname="DataToScriptableObject.Tests.Editor.TypeInferenceTests" runstate="Runnable" seed="604623870" result="Passed" start-time="2026-02-08 00:52:46Z" end-time="2026-02-08 00:52:46Z" duration="0.000014" asserts="0">
                <properties>
                  <property name="retryIteration" value="0" />
                  <property name="repeatIteration" value="0" />
                </properties>
              </test-case>
              <test-case id="1448" name="TestBoolWith01" fullname="DataToScriptableObject.Tests.Editor.TypeInferenceTests.TestBoolWith01" methodname="TestBoolWith01" classname="DataToScriptableObject.Tests.Editor.TypeInferenceTests" runstate="Runnable" seed="2024191574" result="Passed" start-time="2026-02-08 00:52:46Z" end-time="2026-02-08 00:52:46Z" duration="0.000015" asserts="0">
                <properties>
                  <property name="retryIteration" value="0" />
                  <property name="repeatIteration" value="0" />
                </properties>
              </test-case>
              <test-case id="1447" name="TestBoolWithYesNo" fullname="DataToScriptableObject.Tests.Editor.TypeInferenceTests.TestBoolWithYesNo" methodname="TestBoolWithYesNo" classname="DataToScriptableObject.Tests.Editor.TypeInferenceTests" runstate="Runnable" seed="16544205" result="Passed" start-time="2026-02-08 00:52:46Z" end-time="2026-02-08 00:52:46Z" duration="0.000014" asserts="0">
                <properties>
                  <property name="retryIteration" value="0" />
                  <property name="repeatIteration" value="0" />
                </properties>
              </test-case>
              <test-case id="1461" name="TestDecimalWithoutLeadingZero" fullname="DataToScriptableObject.Tests.Editor.TypeInferenceTests.TestDecimalWithoutLeadingZero" methodname="TestDecimalWithoutLeadingZero" classname="DataToScriptableObject.Tests.Editor.TypeInferenceTests" runstate="Runnable" seed="590363795" result="Passed" start-time="2026-02-08 00:52:46Z" end-time="2026-02-08 00:52:46Z" duration="0.000017" asserts="0">
                <properties>
                  <property name="retryIteration" value="0" />
                  <property name="repeatIteration" value="0" />
                </properties>
              </test-case>
              <test-case id="1468" name="TestEmptyArray" fullname="DataToScriptableObject.Tests.Editor.TypeInferenceTests.TestEmptyArray" methodname="TestEmptyArray" classname="DataToScriptableObject.Tests.Editor.TypeInferenceTests" runstate="Runnable" seed="1821160318" result="Passed" start-time="2026-02-08 00:52:46Z" end-time="2026-02-08 00:52:46Z" duration="0.000014" asserts="0">
                <properties>
                  <property name="retryIteration" value="0" />
                  <property name="repeatIteration" value="0" />
                </properties>
              </test-case>
              <test-case id="1455" name="TestLargeInts" fullname="DataToScriptableObject.Tests.Editor.TypeInferenceTests.TestLargeInts" methodname="TestLargeInts" classname="DataToScriptableObject.Tests.Editor.TypeInferenceTests" runstate="Runnable" seed="544629848" result="Passed" start-time="2026-02-08 00:52:46Z" end-time="2026-02-08 00:52:46Z" duration="0.000017" asserts="0">
                <properties>
                  <property name="retryIteration" value="0" />
                  <property name="repeatIteration" value="0" />
                </properties>
              </test-case>
              <test-case id="1460" name="TestLeadingZeros" fullname="DataToScriptableObject.Tests.Editor.TypeInferenceTests.TestLeadingZeros" methodname="TestLeadingZeros" classname="DataToScriptableObject.Tests.Editor.TypeInferenceTests" runstate="Runnable" seed="1114023414" result="Passed" start-time="2026-02-08 00:52:46Z" end-time="2026-02-08 00:52:46Z" duration="0.000016" asserts="0">
                <properties>
                  <property name="retryIteration" value="0" />
                  <property name="repeatIteration" value="0" />
                </properties>
              </test-case>
              <test-case id="1466" name="TestMixed10WithOthers" fullname="DataToScriptableObject.Tests.Editor.TypeInferenceTests.TestMixed10WithOthers" methodname="TestMixed10WithOthers" classname="DataToScriptableObject.Tests.Editor.TypeInferenceTests" runstate="Runnable" seed="1278284437" result="Passed" start-time="2026-02-08 00:52:46Z" end-time="2026-02-08 00:52:46Z" duration="0.000016" asserts="0">
                <properties>
                  <property name="retryIteration" value="0" />
                  <property name="repeatIteration" value="0" />
                </properties>
              </test-case>
              <test-case id="1462" name="TestMixedCaseBools" fullname="DataToScriptableObject.Tests.Editor.TypeInferenceTests.TestMixedCaseBools" methodname="TestMixedCaseBools" classname="DataToScriptableObject.Tests.Editor.TypeInferenceTests" runstate="Runnable" seed="885648836" result="Passed" start-time="2026-02-08 00:52:46Z" end-time="2026-02-08 00:52:46Z" duration="0.000015" asserts="0">
                <properties>
                  <property name="retryIteration" value="0" />
                  <property name="repeatIteration" value="0" />
                </properties>
              </test-case>
              <test-case id="1452" name="TestMixedEmptyAndInt" fullname="DataToScriptableObject.Tests.Editor.TypeInferenceTests.TestMixedEmptyAndInt" methodname="TestMixedEmptyAndInt" classname="DataToScriptableObject.Tests.Editor.TypeInferenceTests" runstate="Runnable" seed="789019189" result="Passed" start-time="2026-02-08 00:52:46Z" end-time="2026-02-08 00:52:46Z" duration="0.000016" asserts="0">
                <properties>
                  <property name="retryIteration" value="0" />
                  <property name="repeatIteration" value="0" />
                </properties>
              </test-case>
              <test-case id="1471" name="TestMixedEmptyAndNumbers" fullname="DataToScriptableObject.Tests.Editor.TypeInferenceTests.TestMixedEmptyAndNumbers" methodname="TestMixedEmptyAndNumbers" classname="DataToScriptableObject.Tests.Editor.TypeInferenceTests" runstate="Runnable" seed="1859836589" result="Passed" start-time="2026-02-08 00:52:46Z" end-time="2026-02-08 00:52:46Z" duration="0.000015" asserts="0">
                <properties>
                  <property name="retryIteration" value="0" />
                  <property name="repeatIteration" value="0" />
                </properties>
              </test-case>
              <test-case id="1445" name="TestMixedIntFloat" fullname="DataToScriptableObject.Tests.Editor.TypeInferenceTests.TestMixedIntFloat" methodname="TestMixedIntFloat" classname="DataToScriptableObject.Tests.Editor.TypeInferenceTests" runstate="Runnable" seed="783559642" result="Passed" start-time="2026-02-08 00:52:46Z" end-time="2026-02-08 00:52:46Z" duration="0.000017" asserts="0">
                <properties>
                  <property name="retryIteration" value="0" />
                  <property name="repeatIteration" value="0" />
                </properties>
              </test-case>
              <test-case id="1464" name="TestMixedTrueFalseYesNo" fullname="DataToScriptableObject.Tests.Editor.TypeInferenceTests.TestMixedTrueFalseYesNo" methodname="TestMixedTrueFalseYesNo" classname="DataToScriptableObject.Tests.Editor.TypeInferenceTests" runstate="Runnable" seed="516170910" result="Passed" start-time="2026-02-08 00:52:46Z" end-time="2026-02-08 00:52:46Z" duration="0.000015" asserts="0">
                <properties>
                  <property name="retryIteration" value="0" />
                  <property name="repeatIteration" value="0" />
                </properties>
              </test-case>
              <test-case id="1475" name="TestMixedValidInvalid" fullname="DataToScriptableObject.Tests.Editor.TypeInferenceTests.TestMixedValidInvalid" methodname="TestMixedValidInvalid" classname="DataToScriptableObject.Tests.Editor.TypeInferenceTests" runstate="Runnable" seed="536333044" result="Passed" start-time="2026-02-08 00:52:46Z" end-time="2026-02-08 00:52:46Z" duration="0.000016" asserts="0">
                <properties>
                  <property name="retryIteration" value="0" />
                  <property name="repeatIteration" value="0" />
                </properties>
              </test-case>
              <test-case id="1463" name="TestMixedYesNo" fullname="DataToScriptableObject.Tests.Editor.TypeInferenceTests.TestMixedYesNo" methodname="TestMixedYesNo" classname="DataToScriptableObject.Tests.Editor.TypeInferenceTests" runstate="Runnable" seed="749764892" result="Passed" start-time="2026-02-08 00:52:46Z" end-time="2026-02-08 00:52:46Z" duration="0.000016" asserts="0">
                <properties>
                  <property name="retryIteration" value="0" />
                  <property name="repeatIteration" value="0" />
                </properties>
              </test-case>
              <test-case id="1456" name="TestNegativeFloats" fullname="DataToScriptableObject.Tests.Editor.TypeInferenceTests.TestNegativeFloats" methodname="TestNegativeFloats" classname="DataToScriptableObject.Tests.Editor.TypeInferenceTests" runstate="Runnable" seed="1673801066" result="Passed" start-time="2026-02-08 00:52:46Z" end-time="2026-02-08 00:52:46Z" duration="0.000016" asserts="0">
                <properties>
                  <property name="retryIteration" value="0" />
                  <property name="repeatIteration" value="0" />
                </properties>
              </test-case>
              <test-case id="1454" name="TestNegativeInts" fullname="DataToScriptableObject.Tests.Editor.TypeInferenceTests.TestNegativeInts" methodname="TestNegativeInts" classname="DataToScriptableObject.Tests.Editor.TypeInferenceTests" runstate="Runnable" seed="1213026816" result="Passed" start-time="2026-02-08 00:52:46Z" end-time="2026-02-08 00:52:46Z" duration="0.000015" asserts="0">
                <properties>
                  <property name="retryIteration" value="0" />
                  <property name="repeatIteration" value="0" />
                </properties>
              </test-case>
              <test-case id="1467" name="TestNullArray" fullname="DataToScriptableObject.Tests.Editor.TypeInferenceTests.TestNullArray" methodname="TestNullArray" classname="DataToScriptableObject.Tests.Editor.TypeInferenceTests" runstate="Runnable" seed="1762543979" result="Passed" start-time="2026-02-08 00:52:46Z" end-time="2026-02-08 00:52:46Z" duration="0.000028" asserts="0">
                <properties>
                  <property name="retryIteration" value="0" />
                  <property name="repeatIteration" value="0" />
                </properties>
              </test-case>
              <test-case id="1465" name="TestNumericBoolsAsInts" fullname="DataToScriptableObject.Tests.Editor.TypeInferenceTests.TestNumericBoolsAsInts" methodname="TestNumericBoolsAsInts" classname="DataToScriptableObject.Tests.Editor.TypeInferenceTests" runstate="Runnable" seed="1010279614" result="Passed" start-time="2026-02-08 00:52:46Z" end-time="2026-02-08 00:52:46Z" duration="0.000020" asserts="0">
                <properties>
                  <property name="retryIteration" value="0" />
                  <property name="repeatIteration" value="0" />
                </properties>
              </test-case>
              <test-case id="1473" name="TestNumericStrings" fullname="DataToScriptableObject.Tests.Editor.TypeInferenceTests.TestNumericStrings" methodname="TestNumericStrings" classname="DataToScriptableObject.Tests.Editor.TypeInferenceTests" runstate="Runnable" seed="316786368" result="Passed" start-time="2026-02-08 00:52:46Z" end-time="2026-02-08 00:52:46Z" duration="0.000016" asserts="0">
                <properties>
                  <property name="retryIteration" value="0" />
                  <property name="repeatIteration" value="0" />
                </properties>
              </test-case>
              <test-case id="1450" name="TestOneBadFloatFallsToString" fullname="DataToScriptableObject.Tests.Editor.TypeInferenceTests.TestOneBadFloatFallsToString" methodname="TestOneBadFloatFallsToString" classname="DataToScriptableObject.Tests.Editor.TypeInferenceTests" runstate="Runnable" seed="544998712" result="Passed" start-time="2026-02-08 00:52:46Z" end-time="2026-02-08 00:52:46Z" duration="0.000016" asserts="0">
                <properties>
                  <property name="retryIteration" value="0" />
                  <property name="repeatIteration" value="0" />
                </properties>
              </test-case>
              <test-case id="1449" name="TestOneBadIntFallsToFloat" fullname="DataToScriptableObject.Tests.Editor.TypeInferenceTests.TestOneBadIntFallsToFloat" methodname="TestOneBadIntFallsToFloat" classname="DataToScriptableObject.Tests.Editor.TypeInferenceTests" runstate="Runnable" seed="1504801420" result="Passed" start-time="2026-02-08 00:52:46Z" end-time="2026-02-08 00:52:46Z" duration="0.000015" asserts="0">
                <properties>
                  <property name="retryIteration" value="0" />
                  <property name="repeatIteration" value="0" />
                </properties>
              </test-case>
              <test-case id="1457" name="TestScientificNotation" fullname="DataToScriptableObject.Tests.Editor.TypeInferenceTests.TestScientificNotation" methodname="TestScientificNotation" classname="DataToScriptableObject.Tests.Editor.TypeInferenceTests" runstate="Runnable" seed="249290611" result="Passed" start-time="2026-02-08 00:52:46Z" end-time="2026-02-08 00:52:46Z" duration="0.000017" asserts="0">
                <properties>
                  <property name="retryIteration" value="0" />
                  <property name="repeatIteration" value="0" />
                </properties>
              </test-case>
              <test-case id="1472" name="TestSingleValue" fullname="DataToScriptableObject.Tests.Editor.TypeInferenceTests.TestSingleValue" methodname="TestSingleValue" classname="DataToScriptableObject.Tests.Editor.TypeInferenceTests" runstate="Runnable" seed="807234607" result="Passed" start-time="2026-02-08 00:52:46Z" end-time="2026-02-08 00:52:46Z" duration="0.000023" asserts="0">
                <properties>
                  <property name="retryIteration" value="0" />
                  <property name="repeatIteration" value="0" />
                </properties>
              </test-case>
              <test-case id="1474" name="TestSpecialFloatValues" fullname="DataToScriptableObject.Tests.Editor.TypeInferenceTests.TestSpecialFloatValues" methodname="TestSpecialFloatValues" classname="DataToScriptableObject.Tests.Editor.TypeInferenceTests" runstate="Runnable" seed="202160210" result="Passed" start-time="2026-02-08 00:52:46Z" end-time="2026-02-08 00:52:46Z" duration="0.000017" asserts="0">
                <properties>
                  <property name="retryIteration" value="0" />
                  <property name="repeatIteration" value="0" />
                </properties>
              </test-case>
              <test-case id="1453" name="TestStrings" fullname="DataToScriptableObject.Tests.Editor.TypeInferenceTests.TestStrings" methodname="TestStrings" classname="DataToScriptableObject.Tests.Editor.TypeInferenceTests" runstate="Runnable" seed="1411275529" result="Passed" start-time="2026-02-08 00:52:46Z" end-time="2026-02-08 00:52:46Z" duration="0.000017" asserts="0">
                <properties>
                  <property name="retryIteration" value="0" />
                  <property name="repeatIteration" value="0" />
                </properties>
              </test-case>
              <test-case id="1459" name="TestZeroPointZero" fullname="DataToScriptableObject.Tests.Editor.TypeInferenceTests.TestZeroPointZero" methodname="TestZeroPointZero" classname="DataToScriptableObject.Tests.Editor.TypeInferenceTests" runstate="Runnable" seed="1334099953" result="Passed" start-time="2026-02-08 00:52:46Z" end-time="2026-02-08 00:52:46Z" duration="0.000015" asserts="0">
                <properties>
                  <property name="retryIteration" value="0" />
                  <property name="repeatIteration" value="0" />
                </properties>
              </test-case>
              <test-case id="1458" name="TestZeroValues" fullname="DataToScriptableObject.Tests.Editor.TypeInferenceTests.TestZeroValues" methodname="TestZeroValues" classname="DataToScriptableObject.Tests.Editor.TypeInferenceTests" runstate="Runnable" seed="145218023" result="Passed" start-time="2026-02-08 00:52:46Z" end-time="2026-02-08 00:52:46Z" duration="0.000015" asserts="0">
                <properties>
                  <property name="retryIteration" value="0" />
                  <property name="repeatIteration" value="0" />
                </properties>
                <output><![CDATA[Saving results to: C:/Users/tremo/AppData/LocalLow/DefaultCompany/Package Dev\TestResults.xml
]]></output>
              </test-case>
            </test-suite>
          </test-suite>
        </test-suite>
      </test-suite>
    </test-suite>
  </test-suite>
</test-run>