<?xml version="1.0" encoding="utf-8"?>
<test-run id="2" testcasecount="466" result="Failed(Child)" total="466" passed="390" failed="76" inconclusive="0" skipped="0" asserts="0" engine-version="3.5.0.0" clr-version="4.0.30319.42000" start-time="2026-02-07 23:26:11Z" end-time="2026-02-07 23:26:11Z" duration="0.3190431">
  <test-suite type="TestSuite" id="1490" name="Package Dev" fullname="Package Dev" runstate="Runnable" testcasecount="466" result="Failed" site="Child" start-time="2026-02-07 23:26:11Z" end-time="2026-02-07 23:26:11Z" duration="0.319043" total="466" passed="390" failed="76" inconclusive="0" skipped="0" asserts="0">
    <properties>
      <property name="platform" value="EditMode" />
    </properties>
    <failure>
      <message><![CDATA[One or more child tests had errors]]></message>
    </failure>
    <test-suite type="Assembly" id="1479" name="DataToScriptableObject.Tests.Editor.dll" fullname="C:/Users/tremo/Documents/GitHub/Package Dev/Library/ScriptAssemblies/DataToScriptableObject.Tests.Editor.dll" runstate="Runnable" testcasecount="466" result="Failed" site="Child" start-time="2026-02-07 23:26:11Z" end-time="2026-02-07 23:26:11Z" duration="0.311707" total="466" passed="390" failed="76" inconclusive="0" skipped="0" asserts="0">
      <properties>
        <property name="_PID" value="34072" />
        <property name="_APPDOMAIN" value="Unity Child Domain" />
        <property name="platform" value="EditMode" />
        <property name="EditorOnly" value="True" />
      </properties>
      <failure>
        <message><![CDATA[One or more child tests had errors]]></message>
      </failure>
      <test-suite type="TestSuite" id="1480" name="DataToScriptableObject" fullname="DataToScriptableObject" runstate="Runnable" testcasecount="466" result="Failed" site="Child" start-time="2026-02-07 23:26:11Z" end-time="2026-02-07 23:26:11Z" duration="0.311274" total="466" passed="390" failed="76" inconclusive="0" skipped="0" asserts="0">
        <properties />
        <failure>
          <message><![CDATA[One or more child tests had errors]]></message>
        </failure>
        <test-suite type="TestSuite" id="1481" name="Tests" fullname="DataToScriptableObject.Tests" runstate="Runnable" testcasecount="466" result="Failed" site="Child" start-time="2026-02-07 23:26:11Z" end-time="2026-02-07 23:26:11Z" duration="0.311018" total="466" passed="390" failed="76" inconclusive="0" skipped="0" asserts="0">
          <properties />
          <failure>
            <message><![CDATA[One or more child tests had errors]]></message>
          </failure>
          <test-suite type="TestSuite" id="1482" name="Editor" fullname="DataToScriptableObject.Tests.Editor" runstate="Runnable" testcasecount="466" result="Failed" site="Child" start-time="2026-02-07 23:26:11Z" end-time="2026-02-07 23:26:11Z" duration="0.310736" total="466" passed="390" failed="76" inconclusive="0" skipped="0" asserts="0">
            <properties />
            <failure>
              <message><![CDATA[One or more child tests had errors]]></message>
            </failure>
            <test-suite type="TestFixture" id="1001" name="CodeGeneratorTests" fullname="DataToScriptableObject.Tests.Editor.CodeGeneratorTests" classname="DataToScriptableObject.Tests.Editor.CodeGeneratorTests" runstate="Runnable" testcasecount="39" result="Passed" start-time="2026-02-07 23:26:11Z" end-time="2026-02-07 23:26:11Z" duration="0.026902" total="39" passed="39" failed="0" inconclusive="0" skipped="0" asserts="0">
              <properties />
              <test-case id="1017" name="TestAllBasicTypes" fullname="DataToScriptableObject.Tests.Editor.CodeGeneratorTests.TestAllBasicTypes" methodname="TestAllBasicTypes" classname="DataToScriptableObject.Tests.Editor.CodeGeneratorTests" runstate="Runnable" seed="1299077159" result="Passed" start-time="2026-02-07 23:26:11Z" end-time="2026-02-07 23:26:11Z" duration="0.008857" asserts="0">
                <properties>
                  <property name="retryIteration" value="0" />
                  <property name="repeatIteration" value="0" />
                </properties>
              </test-case>
              <test-case id="1006" name="TestArrayGeneration" fullname="DataToScriptableObject.Tests.Editor.CodeGeneratorTests.TestArrayGeneration" methodname="TestArrayGeneration" classname="DataToScriptableObject.Tests.Editor.CodeGeneratorTests" runstate="Runnable" seed="123500961" result="Passed" start-time="2026-02-07 23:26:11Z" end-time="2026-02-07 23:26:11Z" duration="0.000219" asserts="0">
                <properties>
                  <property name="retryIteration" value="0" />
                  <property name="repeatIteration" value="0" />
                </properties>
              </test-case>
              <test-case id="1012" name="TestAutoGeneratedHeader" fullname="DataToScriptableObject.Tests.Editor.CodeGeneratorTests.TestAutoGeneratedHeader" methodname="TestAutoGeneratedHeader" classname="DataToScriptableObject.Tests.Editor.CodeGeneratorTests" runstate="Runnable" seed="1598413714" result="Passed" start-time="2026-02-07 23:26:11Z" end-time="2026-02-07 23:26:11Z" duration="0.000103" asserts="0">
                <properties>
                  <property name="retryIteration" value="0" />
                  <property name="repeatIteration" value="0" />
                </properties>
              </test-case>
              <test-case id="1035" name="TestAutoGeneratedHeaderDisabled" fullname="DataToScriptableObject.Tests.Editor.CodeGeneratorTests.TestAutoGeneratedHeaderDisabled" methodname="TestAutoGeneratedHeaderDisabled" classname="DataToScriptableObject.Tests.Editor.CodeGeneratorTests" runstate="Runnable" seed="1855419980" result="Passed" start-time="2026-02-07 23:26:11Z" end-time="2026-02-07 23:26:11Z" duration="0.000259" asserts="0">
                <properties>
                  <property name="retryIteration" value="0" />
                  <property name="repeatIteration" value="0" />
                </properties>
              </test-case>
              <test-case id="1002" name="TestBasicGeneration" fullname="DataToScriptableObject.Tests.Editor.CodeGeneratorTests.TestBasicGeneration" methodname="TestBasicGeneration" classname="DataToScriptableObject.Tests.Editor.CodeGeneratorTests" runstate="Runnable" seed="835024015" result="Passed" start-time="2026-02-07 23:26:11Z" end-time="2026-02-07 23:26:11Z" duration="0.000152" asserts="0">
                <properties>
                  <property name="retryIteration" value="0" />
                  <property name="repeatIteration" value="0" />
                </properties>
              </test-case>
              <test-case id="1023" name="TestBoolArray" fullname="DataToScriptableObject.Tests.Editor.CodeGeneratorTests.TestBoolArray" methodname="TestBoolArray" classname="DataToScriptableObject.Tests.Editor.CodeGeneratorTests" runstate="Runnable" seed="1731863708" result="Passed" start-time="2026-02-07 23:26:11Z" end-time="2026-02-07 23:26:11Z" duration="0.000146" asserts="0">
                <properties>
                  <property name="retryIteration" value="0" />
                  <property name="repeatIteration" value="0" />
                </properties>
              </test-case>
              <test-case id="1032" name="TestClassInheritance" fullname="DataToScriptableObject.Tests.Editor.CodeGeneratorTests.TestClassInheritance" methodname="TestClassInheritance" classname="DataToScriptableObject.Tests.Editor.CodeGeneratorTests" runstate="Runnable" seed="1680916369" result="Passed" start-time="2026-02-07 23:26:11Z" end-time="2026-02-07 23:26:11Z" duration="0.000093" asserts="0">
                <properties>
                  <property name="retryIteration" value="0" />
                  <property name="repeatIteration" value="0" />
                </properties>
              </test-case>
              <test-case id="1019" name="TestColorType" fullname="DataToScriptableObject.Tests.Editor.CodeGeneratorTests.TestColorType" methodname="TestColorType" classname="DataToScriptableObject.Tests.Editor.CodeGeneratorTests" runstate="Runnable" seed="1037045304" result="Passed" start-time="2026-02-07 23:26:11Z" end-time="2026-02-07 23:26:11Z" duration="0.000126" asserts="0">
                <properties>
                  <property name="retryIteration" value="0" />
                  <property name="repeatIteration" value="0" />
                </properties>
              </test-case>
              <test-case id="1011" name="TestCreateAssetMenu" fullname="DataToScriptableObject.Tests.Editor.CodeGeneratorTests.TestCreateAssetMenu" methodname="TestCreateAssetMenu" classname="DataToScriptableObject.Tests.Editor.CodeGeneratorTests" runstate="Runnable" seed="1579228354" result="Passed" start-time="2026-02-07 23:26:11Z" end-time="2026-02-07 23:26:11Z" duration="0.000078" asserts="0">
                <properties>
                  <property name="retryIteration" value="0" />
                  <property name="repeatIteration" value="0" />
                </properties>
              </test-case>
              <test-case id="1034" name="TestCreateAssetMenuDisabled" fullname="DataToScriptableObject.Tests.Editor.CodeGeneratorTests.TestCreateAssetMenuDisabled" methodname="TestCreateAssetMenuDisabled" classname="DataToScriptableObject.Tests.Editor.CodeGeneratorTests" runstate="Runnable" seed="1948322653" result="Passed" start-time="2026-02-07 23:26:11Z" end-time="2026-02-07 23:26:11Z" duration="0.000071" asserts="0">
                <properties>
                  <property name="retryIteration" value="0" />
                  <property name="repeatIteration" value="0" />
                </properties>
              </test-case>
              <test-case id="1013" name="TestDatabaseClassGeneration" fullname="DataToScriptableObject.Tests.Editor.CodeGeneratorTests.TestDatabaseClassGeneration" methodname="TestDatabaseClassGeneration" classname="DataToScriptableObject.Tests.Editor.CodeGeneratorTests" runstate="Runnable" seed="885127387" result="Passed" start-time="2026-02-07 23:26:11Z" end-time="2026-02-07 23:26:11Z" duration="0.000152" asserts="0">
                <properties>
                  <property name="retryIteration" value="0" />
                  <property name="repeatIteration" value="0" />
                </properties>
              </test-case>
              <test-case id="1040" name="TestDatabaseClassName" fullname="DataToScriptableObject.Tests.Editor.CodeGeneratorTests.TestDatabaseClassName" methodname="TestDatabaseClassName" classname="DataToScriptableObject.Tests.Editor.CodeGeneratorTests" runstate="Runnable" seed="389005226" result="Passed" start-time="2026-02-07 23:26:11Z" end-time="2026-02-07 23:26:11Z" duration="0.000109" asserts="0">
                <properties>
                  <property name="retryIteration" value="0" />
                  <property name="repeatIteration" value="0" />
                </properties>
              </test-case>
              <test-case id="1038" name="TestEmptyColumns" fullname="DataToScriptableObject.Tests.Editor.CodeGeneratorTests.TestEmptyColumns" methodname="TestEmptyColumns" classname="DataToScriptableObject.Tests.Editor.CodeGeneratorTests" runstate="Runnable" seed="38467973" result="Passed" start-time="2026-02-07 23:26:11Z" end-time="2026-02-07 23:26:11Z" duration="0.000206" asserts="0">
                <properties>
                  <property name="retryIteration" value="0" />
                  <property name="repeatIteration" value="0" />
                </properties>
              </test-case>
              <test-case id="1014" name="TestEnumDeclarationGenerated" fullname="DataToScriptableObject.Tests.Editor.CodeGeneratorTests.TestEnumDeclarationGenerated" methodname="TestEnumDeclarationGenerated" classname="DataToScriptableObject.Tests.Editor.CodeGeneratorTests" runstate="Runnable" seed="527892305" result="Passed" start-time="2026-02-07 23:26:11Z" end-time="2026-02-07 23:26:11Z" duration="0.000327" asserts="0">
                <properties>
                  <property name="retryIteration" value="0" />
                  <property name="repeatIteration" value="0" />
                </properties>
              </test-case>
              <test-case id="1007" name="TestEnumGeneration" fullname="DataToScriptableObject.Tests.Editor.CodeGeneratorTests.TestEnumGeneration" methodname="TestEnumGeneration" classname="DataToScriptableObject.Tests.Editor.CodeGeneratorTests" runstate="Runnable" seed="597792025" result="Passed" start-time="2026-02-07 23:26:11Z" end-time="2026-02-07 23:26:11Z" duration="0.000189" asserts="0">
                <properties>
                  <property name="retryIteration" value="0" />
                  <property name="repeatIteration" value="0" />
                </properties>
              </test-case>
              <test-case id="1015" name="TestEnumWithManyValues" fullname="DataToScriptableObject.Tests.Editor.CodeGeneratorTests.TestEnumWithManyValues" methodname="TestEnumWithManyValues" classname="DataToScriptableObject.Tests.Editor.CodeGeneratorTests" runstate="Runnable" seed="1165478875" result="Passed" start-time="2026-02-07 23:26:11Z" end-time="2026-02-07 23:26:11Z" duration="0.000214" asserts="0">
                <properties>
                  <property name="retryIteration" value="0" />
                  <property name="repeatIteration" value="0" />
                </properties>
              </test-case>
              <test-case id="1021" name="TestFloatArray" fullname="DataToScriptableObject.Tests.Editor.CodeGeneratorTests.TestFloatArray" methodname="TestFloatArray" classname="DataToScriptableObject.Tests.Editor.CodeGeneratorTests" runstate="Runnable" seed="1804970797" result="Passed" start-time="2026-02-07 23:26:11Z" end-time="2026-02-07 23:26:11Z" duration="0.000130" asserts="0">
                <properties>
                  <property name="retryIteration" value="0" />
                  <property name="repeatIteration" value="0" />
                </properties>
              </test-case>
              <test-case id="1027" name="TestHeaderAttribute" fullname="DataToScriptableObject.Tests.Editor.CodeGeneratorTests.TestHeaderAttribute" methodname="TestHeaderAttribute" classname="DataToScriptableObject.Tests.Editor.CodeGeneratorTests" runstate="Runnable" seed="1297523537" result="Passed" start-time="2026-02-07 23:26:11Z" end-time="2026-02-07 23:26:11Z" duration="0.000122" asserts="0">
                <properties>
                  <property name="retryIteration" value="0" />
                  <property name="repeatIteration" value="0" />
                </properties>
              </test-case>
              <test-case id="1026" name="TestHideInInspector" fullname="DataToScriptableObject.Tests.Editor.CodeGeneratorTests.TestHideInInspector" methodname="TestHideInInspector" classname="DataToScriptableObject.Tests.Editor.CodeGeneratorTests" runstate="Runnable" seed="1659604754" result="Passed" start-time="2026-02-07 23:26:11Z" end-time="2026-02-07 23:26:11Z" duration="0.000119" asserts="0">
                <properties>
                  <property name="retryIteration" value="0" />
                  <property name="repeatIteration" value="0" />
                </properties>
              </test-case>
              <test-case id="1005" name="TestListGeneration" fullname="DataToScriptableObject.Tests.Editor.CodeGeneratorTests.TestListGeneration" methodname="TestListGeneration" classname="DataToScriptableObject.Tests.Editor.CodeGeneratorTests" runstate="Runnable" seed="38208811" result="Passed" start-time="2026-02-07 23:26:11Z" end-time="2026-02-07 23:26:11Z" duration="0.000133" asserts="0">
                <properties>
                  <property name="retryIteration" value="0" />
                  <property name="repeatIteration" value="0" />
                </properties>
              </test-case>
              <test-case id="1024" name="TestListVsArray" fullname="DataToScriptableObject.Tests.Editor.CodeGeneratorTests.TestListVsArray" methodname="TestListVsArray" classname="DataToScriptableObject.Tests.Editor.CodeGeneratorTests" runstate="Runnable" seed="1380883541" result="Passed" start-time="2026-02-07 23:26:11Z" end-time="2026-02-07 23:26:11Z" duration="0.000143" asserts="0">
                <properties>
                  <property name="retryIteration" value="0" />
                  <property name="repeatIteration" value="0" />
                </properties>
              </test-case>
              <test-case id="1028" name="TestMultipleAttributes" fullname="DataToScriptableObject.Tests.Editor.CodeGeneratorTests.TestMultipleAttributes" methodname="TestMultipleAttributes" classname="DataToScriptableObject.Tests.Editor.CodeGeneratorTests" runstate="Runnable" seed="647845767" result="Passed" start-time="2026-02-07 23:26:11Z" end-time="2026-02-07 23:26:11Z" duration="0.000124" asserts="0">
                <properties>
                  <property name="retryIteration" value="0" />
                  <property name="repeatIteration" value="0" />
                </properties>
              </test-case>
              <test-case id="1016" name="TestMultipleEnumColumns" fullname="DataToScriptableObject.Tests.Editor.CodeGeneratorTests.TestMultipleEnumColumns" methodname="TestMultipleEnumColumns" classname="DataToScriptableObject.Tests.Editor.CodeGeneratorTests" runstate="Runnable" seed="1786599773" result="Passed" start-time="2026-02-07 23:26:11Z" end-time="2026-02-07 23:26:11Z" duration="0.000179" asserts="0">
                <properties>
                  <property name="retryIteration" value="0" />
                  <property name="repeatIteration" value="0" />
                </properties>
              </test-case>
              <test-case id="1003" name="TestNamespaceWrapping" fullname="DataToScriptableObject.Tests.Editor.CodeGeneratorTests.TestNamespaceWrapping" methodname="TestNamespaceWrapping" classname="DataToScriptableObject.Tests.Editor.CodeGeneratorTests" runstate="Runnable" seed="1320416148" result="Passed" start-time="2026-02-07 23:26:11Z" end-time="2026-02-07 23:26:11Z" duration="0.000146" asserts="0">
                <properties>
                  <property name="retryIteration" value="0" />
                  <property name="repeatIteration" value="0" />
                </properties>
              </test-case>
              <test-case id="1030" name="TestNestedNamespace" fullname="DataToScriptableObject.Tests.Editor.CodeGeneratorTests.TestNestedNamespace" methodname="TestNestedNamespace" classname="DataToScriptableObject.Tests.Editor.CodeGeneratorTests" runstate="Runnable" seed="642094347" result="Passed" start-time="2026-02-07 23:26:11Z" end-time="2026-02-07 23:26:11Z" duration="0.000091" asserts="0">
                <properties>
                  <property name="retryIteration" value="0" />
                  <property name="repeatIteration" value="0" />
                </properties>
              </test-case>
              <test-case id="1031" name="TestNoNamespace" fullname="DataToScriptableObject.Tests.Editor.CodeGeneratorTests.TestNoNamespace" methodname="TestNoNamespace" classname="DataToScriptableObject.Tests.Editor.CodeGeneratorTests" runstate="Runnable" seed="295864407" result="Passed" start-time="2026-02-07 23:26:11Z" end-time="2026-02-07 23:26:11Z" duration="0.000080" asserts="0">
                <properties>
                  <property name="retryIteration" value="0" />
                  <property name="repeatIteration" value="0" />
                </properties>
              </test-case>
              <test-case id="1008" name="TestRangeAttribute" fullname="DataToScriptableObject.Tests.Editor.CodeGeneratorTests.TestRangeAttribute" methodname="TestRangeAttribute" classname="DataToScriptableObject.Tests.Editor.CodeGeneratorTests" runstate="Runnable" seed="430047092" result="Passed" start-time="2026-02-07 23:26:11Z" end-time="2026-02-07 23:26:11Z" duration="0.000100" asserts="0">
                <properties>
                  <property name="retryIteration" value="0" />
                  <property name="repeatIteration" value="0" />
                </properties>
              </test-case>
              <test-case id="1033" name="TestSerializableAttribute" fullname="DataToScriptableObject.Tests.Editor.CodeGeneratorTests.TestSerializableAttribute" methodname="TestSerializableAttribute" classname="DataToScriptableObject.Tests.Editor.CodeGeneratorTests" runstate="Runnable" seed="2007561908" result="Passed" start-time="2026-02-07 23:26:11Z" end-time="2026-02-07 23:26:11Z" duration="0.000146" asserts="0">
                <properties>
                  <property name="retryIteration" value="0" />
                  <property name="repeatIteration" value="0" />
                </properties>
              </test-case>
              <test-case id="1004" name="TestSerializableClassMode" fullname="DataToScriptableObject.Tests.Editor.CodeGeneratorTests.TestSerializableClassMode" methodname="TestSerializableClassMode" classname="DataToScriptableObject.Tests.Editor.CodeGeneratorTests" runstate="Runnable" seed="106380027" result="Passed" start-time="2026-02-07 23:26:11Z" end-time="2026-02-07 23:26:11Z" duration="0.000090" asserts="0">
                <properties>
                  <property name="retryIteration" value="0" />
                  <property name="repeatIteration" value="0" />
                </properties>
              </test-case>
              <test-case id="1010" name="TestSerializeFieldMode" fullname="DataToScriptableObject.Tests.Editor.CodeGeneratorTests.TestSerializeFieldMode" methodname="TestSerializeFieldMode" classname="DataToScriptableObject.Tests.Editor.CodeGeneratorTests" runstate="Runnable" seed="418455913" result="Passed" start-time="2026-02-07 23:26:11Z" end-time="2026-02-07 23:26:11Z" duration="0.000079" asserts="0">
                <properties>
                  <property name="retryIteration" value="0" />
                  <property name="repeatIteration" value="0" />
                </properties>
              </test-case>
              <test-case id="1037" name="TestSerializeFieldWithoutPropertyAccessor" fullname="DataToScriptableObject.Tests.Editor.CodeGeneratorTests.TestSerializeFieldWithoutPropertyAccessor" methodname="TestSerializeFieldWithoutPropertyAccessor" classname="DataToScriptableObject.Tests.Editor.CodeGeneratorTests" runstate="Runnable" seed="393258940" result="Passed" start-time="2026-02-07 23:26:11Z" end-time="2026-02-07 23:26:11Z" duration="0.000115" asserts="0">
                <properties>
                  <property name="retryIteration" value="0" />
                  <property name="repeatIteration" value="0" />
                </properties>
              </test-case>
              <test-case id="1036" name="TestSerializeFieldWithPropertyAccessor" fullname="DataToScriptableObject.Tests.Editor.CodeGeneratorTests.TestSerializeFieldWithPropertyAccessor" methodname="TestSerializeFieldWithPropertyAccessor" classname="DataToScriptableObject.Tests.Editor.CodeGeneratorTests" runstate="Runnable" seed="923818778" result="Passed" start-time="2026-02-07 23:26:11Z" end-time="2026-02-07 23:26:11Z" duration="0.000090" asserts="0">
                <properties>
                  <property name="retryIteration" value="0" />
                  <property name="repeatIteration" value="0" />
                </properties>
              </test-case>
              <test-case id="1039" name="TestSingleColumn" fullname="DataToScriptableObject.Tests.Editor.CodeGeneratorTests.TestSingleColumn" methodname="TestSingleColumn" classname="DataToScriptableObject.Tests.Editor.CodeGeneratorTests" runstate="Runnable" seed="1148906818" result="Passed" start-time="2026-02-07 23:26:11Z" end-time="2026-02-07 23:26:11Z" duration="0.000126" asserts="0">
                <properties>
                  <property name="retryIteration" value="0" />
                  <property name="repeatIteration" value="0" />
                </properties>
              </test-case>
              <test-case id="1020" name="TestSkippedColumns" fullname="DataToScriptableObject.Tests.Editor.CodeGeneratorTests.TestSkippedColumns" methodname="TestSkippedColumns" classname="DataToScriptableObject.Tests.Editor.CodeGeneratorTests" runstate="Runnable" seed="929732847" result="Passed" start-time="2026-02-07 23:26:11Z" end-time="2026-02-07 23:26:11Z" duration="0.000187" asserts="0">
                <properties>
                  <property name="retryIteration" value="0" />
                  <property name="repeatIteration" value="0" />
                </properties>
              </test-case>
              <test-case id="1022" name="TestStringArray" fullname="DataToScriptableObject.Tests.Editor.CodeGeneratorTests.TestStringArray" methodname="TestStringArray" classname="DataToScriptableObject.Tests.Editor.CodeGeneratorTests" runstate="Runnable" seed="1728891235" result="Passed" start-time="2026-02-07 23:26:11Z" end-time="2026-02-07 23:26:11Z" duration="0.000116" asserts="0">
                <properties>
                  <property name="retryIteration" value="0" />
                  <property name="repeatIteration" value="0" />
                </properties>
              </test-case>
              <test-case id="1009" name="TestTooltipAttribute" fullname="DataToScriptableObject.Tests.Editor.CodeGeneratorTests.TestTooltipAttribute" methodname="TestTooltipAttribute" classname="DataToScriptableObject.Tests.Editor.CodeGeneratorTests" runstate="Runnable" seed="274548682" result="Passed" start-time="2026-02-07 23:26:11Z" end-time="2026-02-07 23:26:11Z" duration="0.000111" asserts="0">
                <properties>
                  <property name="retryIteration" value="0" />
                  <property name="repeatIteration" value="0" />
                </properties>
              </test-case>
              <test-case id="1029" name="TestTooltipDisabled" fullname="DataToScriptableObject.Tests.Editor.CodeGeneratorTests.TestTooltipDisabled" methodname="TestTooltipDisabled" classname="DataToScriptableObject.Tests.Editor.CodeGeneratorTests" runstate="Runnable" seed="421912826" result="Passed" start-time="2026-02-07 23:26:11Z" end-time="2026-02-07 23:26:11Z" duration="0.000122" asserts="0">
                <properties>
                  <property name="retryIteration" value="0" />
                  <property name="repeatIteration" value="0" />
                </properties>
              </test-case>
              <test-case id="1025" name="TestUseListInsteadOfArraySetting" fullname="DataToScriptableObject.Tests.Editor.CodeGeneratorTests.TestUseListInsteadOfArraySetting" methodname="TestUseListInsteadOfArraySetting" classname="DataToScriptableObject.Tests.Editor.CodeGeneratorTests" runstate="Runnable" seed="474368293" result="Passed" start-time="2026-02-07 23:26:11Z" end-time="2026-02-07 23:26:11Z" duration="0.000123" asserts="0">
                <properties>
                  <property name="retryIteration" value="0" />
                  <property name="repeatIteration" value="0" />
                </properties>
              </test-case>
              <test-case id="1018" name="TestVectorTypes" fullname="DataToScriptableObject.Tests.Editor.CodeGeneratorTests.TestVectorTypes" methodname="TestVectorTypes" classname="DataToScriptableObject.Tests.Editor.CodeGeneratorTests" runstate="Runnable" seed="2084651857" result="Passed" start-time="2026-02-07 23:26:11Z" end-time="2026-02-07 23:26:11Z" duration="0.000140" asserts="0">
                <properties>
                  <property name="retryIteration" value="0" />
                  <property name="repeatIteration" value="0" />
                </properties>
              </test-case>
            </test-suite>
            <test-suite type="TestFixture" id="1041" name="CSVReaderEdgeCaseTests" fullname="DataToScriptableObject.Tests.Editor.CSVReaderEdgeCaseTests" classname="DataToScriptableObject.Tests.Editor.CSVReaderEdgeCaseTests" runstate="Runnable" testcasecount="50" result="Failed" site="Child" start-time="2026-02-07 23:26:11Z" end-time="2026-02-07 23:26:11Z" duration="0.050539" total="50" passed="39" failed="11" inconclusive="0" skipped="0" asserts="0">
              <properties />
              <failure>
                <message><![CDATA[One or more child tests had errors]]></message>
              </failure>
              <test-case id="1074" name="TestAllEmptyHeaders" fullname="DataToScriptableObject.Tests.Editor.CSVReaderEdgeCaseTests.TestAllEmptyHeaders" methodname="TestAllEmptyHeaders" classname="DataToScriptableObject.Tests.Editor.CSVReaderEdgeCaseTests" runstate="Runnable" seed="276349918" result="Failed" start-time="2026-02-07 23:26:11Z" end-time="2026-02-07 23:26:11Z" duration="0.010597" asserts="0">
                <properties>
                  <property name="retryIteration" value="0" />
                  <property name="repeatIteration" value="0" />
                </properties>
                <failure>
                  <message><![CDATA[  Expected: 3
  But was:  2
]]></message>
                  <stack-trace><![CDATA[at DataToScriptableObject.Tests.Editor.CSVReaderEdgeCaseTests.TestAllEmptyHeaders () [0x00016] in .\Packages\so-database-converter\Tests\Editor\CSVReaderEdgeCaseTests.cs:421
]]></stack-trace>
                </failure>
              </test-case>
              <test-case id="1051" name="TestBase64EncodedData" fullname="DataToScriptableObject.Tests.Editor.CSVReaderEdgeCaseTests.TestBase64EncodedData" methodname="TestBase64EncodedData" classname="DataToScriptableObject.Tests.Editor.CSVReaderEdgeCaseTests" runstate="Runnable" seed="1451112191" result="Passed" start-time="2026-02-07 23:26:11Z" end-time="2026-02-07 23:26:11Z" duration="0.000324" asserts="0">
                <properties>
                  <property name="retryIteration" value="0" />
                  <property name="repeatIteration" value="0" />
                </properties>
              </test-case>
              <test-case id="1053" name="TestColorHexCodes" fullname="DataToScriptableObject.Tests.Editor.CSVReaderEdgeCaseTests.TestColorHexCodes" methodname="TestColorHexCodes" classname="DataToScriptableObject.Tests.Editor.CSVReaderEdgeCaseTests" runstate="Runnable" seed="1937764911" result="Passed" start-time="2026-02-07 23:26:11Z" end-time="2026-02-07 23:26:11Z" duration="0.000373" asserts="0">
                <properties>
                  <property name="retryIteration" value="0" />
                  <property name="repeatIteration" value="0" />
                </properties>
              </test-case>
              <test-case id="1057" name="TestConsecutiveDelimiters" fullname="DataToScriptableObject.Tests.Editor.CSVReaderEdgeCaseTests.TestConsecutiveDelimiters" methodname="TestConsecutiveDelimiters" classname="DataToScriptableObject.Tests.Editor.CSVReaderEdgeCaseTests" runstate="Runnable" seed="1338652471" result="Passed" start-time="2026-02-07 23:26:11Z" end-time="2026-02-07 23:26:11Z" duration="0.000285" asserts="0">
                <properties>
                  <property name="retryIteration" value="0" />
                  <property name="repeatIteration" value="0" />
                </properties>
              </test-case>
              <test-case id="1052" name="TestCurrencyValues" fullname="DataToScriptableObject.Tests.Editor.CSVReaderEdgeCaseTests.TestCurrencyValues" methodname="TestCurrencyValues" classname="DataToScriptableObject.Tests.Editor.CSVReaderEdgeCaseTests" runstate="Runnable" seed="1146071543" result="Passed" start-time="2026-02-07 23:26:11Z" end-time="2026-02-07 23:26:11Z" duration="0.000222" asserts="0">
                <properties>
                  <property name="retryIteration" value="0" />
                  <property name="repeatIteration" value="0" />
                </properties>
              </test-case>
              <test-case id="1083" name="TestDeeplyNestedQuotes" fullname="DataToScriptableObject.Tests.Editor.CSVReaderEdgeCaseTests.TestDeeplyNestedQuotes" methodname="TestDeeplyNestedQuotes" classname="DataToScriptableObject.Tests.Editor.CSVReaderEdgeCaseTests" runstate="Runnable" seed="2104163552" result="Failed" start-time="2026-02-07 23:26:11Z" end-time="2026-02-07 23:26:11Z" duration="0.000310" asserts="0">
                <properties>
                  <property name="retryIteration" value="0" />
                  <property name="repeatIteration" value="0" />
                </properties>
                <failure>
                  <message><![CDATA[  Expected: 1
  But was:  0
]]></message>
                  <stack-trace><![CDATA[at DataToScriptableObject.Tests.Editor.CSVReaderEdgeCaseTests.TestDeeplyNestedQuotes () [0x00016] in .\Packages\so-database-converter\Tests\Editor\CSVReaderEdgeCaseTests.cs:542
]]></stack-trace>
                </failure>
              </test-case>
              <test-case id="1078" name="TestDirectiveAfterComment" fullname="DataToScriptableObject.Tests.Editor.CSVReaderEdgeCaseTests.TestDirectiveAfterComment" methodname="TestDirectiveAfterComment" classname="DataToScriptableObject.Tests.Editor.CSVReaderEdgeCaseTests" runstate="Runnable" seed="1278667115" result="Failed" start-time="2026-02-07 23:26:11Z" end-time="2026-02-07 23:26:11Z" duration="0.000277" asserts="0">
                <properties>
                  <property name="retryIteration" value="0" />
                  <property name="repeatIteration" value="0" />
                </properties>
                <failure>
                  <message><![CDATA[  Expected: 1
  But was:  0
]]></message>
                  <stack-trace><![CDATA[at DataToScriptableObject.Tests.Editor.CSVReaderEdgeCaseTests.TestDirectiveAfterComment () [0x00016] in .\Packages\so-database-converter\Tests\Editor\CSVReaderEdgeCaseTests.cs:470
]]></stack-trace>
                </failure>
              </test-case>
              <test-case id="1080" name="TestDirectivesCaseSensitive" fullname="DataToScriptableObject.Tests.Editor.CSVReaderEdgeCaseTests.TestDirectivesCaseSensitive" methodname="TestDirectivesCaseSensitive" classname="DataToScriptableObject.Tests.Editor.CSVReaderEdgeCaseTests" runstate="Runnable" seed="2074055299" result="Passed" start-time="2026-02-07 23:26:11Z" end-time="2026-02-07 23:26:11Z" duration="0.000159" asserts="0">
                <properties>
                  <property name="retryIteration" value="0" />
                  <property name="repeatIteration" value="0" />
                </properties>
              </test-case>
              <test-case id="1077" name="TestDirectivesWithEmptyLines" fullname="DataToScriptableObject.Tests.Editor.CSVReaderEdgeCaseTests.TestDirectivesWithEmptyLines" methodname="TestDirectivesWithEmptyLines" classname="DataToScriptableObject.Tests.Editor.CSVReaderEdgeCaseTests" runstate="Runnable" seed="39527021" result="Failed" start-time="2026-02-07 23:26:11Z" end-time="2026-02-07 23:26:11Z" duration="0.000215" asserts="0">
                <properties>
                  <property name="retryIteration" value="0" />
                  <property name="repeatIteration" value="0" />
                </properties>
                <failure>
                  <message><![CDATA[  Expected: 2
  But was:  0
]]></message>
                  <stack-trace><![CDATA[at DataToScriptableObject.Tests.Editor.CSVReaderEdgeCaseTests.TestDirectivesWithEmptyLines () [0x00016] in .\Packages\so-database-converter\Tests\Editor\CSVReaderEdgeCaseTests.cs:459
]]></stack-trace>
                </failure>
              </test-case>
              <test-case id="1076" name="TestDirectiveWithSpecialCharacters" fullname="DataToScriptableObject.Tests.Editor.CSVReaderEdgeCaseTests.TestDirectiveWithSpecialCharacters" methodname="TestDirectiveWithSpecialCharacters" classname="DataToScriptableObject.Tests.Editor.CSVReaderEdgeCaseTests" runstate="Runnable" seed="1713111471" result="Failed" start-time="2026-02-07 23:26:11Z" end-time="2026-02-07 23:26:11Z" duration="0.000268" asserts="0">
                <properties>
                  <property name="retryIteration" value="0" />
                  <property name="repeatIteration" value="0" />
                </properties>
                <failure>
                  <message><![CDATA[  Expected: 2
  But was:  0
]]></message>
                  <stack-trace><![CDATA[at DataToScriptableObject.Tests.Editor.CSVReaderEdgeCaseTests.TestDirectiveWithSpecialCharacters () [0x00016] in .\Packages\so-database-converter\Tests\Editor\CSVReaderEdgeCaseTests.cs:447
]]></stack-trace>
                </failure>
              </test-case>
              <test-case id="1075" name="TestDirectiveWithWhitespaceVariations" fullname="DataToScriptableObject.Tests.Editor.CSVReaderEdgeCaseTests.TestDirectiveWithWhitespaceVariations" methodname="TestDirectiveWithWhitespaceVariations" classname="DataToScriptableObject.Tests.Editor.CSVReaderEdgeCaseTests" runstate="Runnable" seed="2000586889" result="Failed" start-time="2026-02-07 23:26:11Z" end-time="2026-02-07 23:26:11Z" duration="0.000236" asserts="0">
                <properties>
                  <property name="retryIteration" value="0" />
                  <property name="repeatIteration" value="0" />
                </properties>
                <failure>
                  <message><![CDATA[  Expected: 2
  But was:  0
]]></message>
                  <stack-trace><![CDATA[at DataToScriptableObject.Tests.Editor.CSVReaderEdgeCaseTests.TestDirectiveWithWhitespaceVariations () [0x00016] in .\Packages\so-database-converter\Tests\Editor\CSVReaderEdgeCaseTests.cs:436
]]></stack-trace>
                </failure>
              </test-case>
              <test-case id="1047" name="TestEmailAddresses" fullname="DataToScriptableObject.Tests.Editor.CSVReaderEdgeCaseTests.TestEmailAddresses" methodname="TestEmailAddresses" classname="DataToScriptableObject.Tests.Editor.CSVReaderEdgeCaseTests" runstate="Runnable" seed="1603524724" result="Passed" start-time="2026-02-07 23:26:11Z" end-time="2026-02-07 23:26:11Z" duration="0.000206" asserts="0">
                <properties>
                  <property name="retryIteration" value="0" />
                  <property name="repeatIteration" value="0" />
                </properties>
              </test-case>
              <test-case id="1063" name="TestEmptyLinesAtEnd" fullname="DataToScriptableObject.Tests.Editor.CSVReaderEdgeCaseTests.TestEmptyLinesAtEnd" methodname="TestEmptyLinesAtEnd" classname="DataToScriptableObject.Tests.Editor.CSVReaderEdgeCaseTests" runstate="Runnable" seed="1806609279" result="Passed" start-time="2026-02-07 23:26:11Z" end-time="2026-02-07 23:26:11Z" duration="0.000154" asserts="0">
                <properties>
                  <property name="retryIteration" value="0" />
                  <property name="repeatIteration" value="0" />
                </properties>
              </test-case>
              <test-case id="1062" name="TestEmptyLinesAtStart" fullname="DataToScriptableObject.Tests.Editor.CSVReaderEdgeCaseTests.TestEmptyLinesAtStart" methodname="TestEmptyLinesAtStart" classname="DataToScriptableObject.Tests.Editor.CSVReaderEdgeCaseTests" runstate="Runnable" seed="1358807419" result="Passed" start-time="2026-02-07 23:26:11Z" end-time="2026-02-07 23:26:11Z" duration="0.000150" asserts="0">
                <properties>
                  <property name="retryIteration" value="0" />
                  <property name="repeatIteration" value="0" />
                </properties>
              </test-case>
              <test-case id="1045" name="TestFilePathsUnix" fullname="DataToScriptableObject.Tests.Editor.CSVReaderEdgeCaseTests.TestFilePathsUnix" methodname="TestFilePathsUnix" classname="DataToScriptableObject.Tests.Editor.CSVReaderEdgeCaseTests" runstate="Runnable" seed="949500088" result="Passed" start-time="2026-02-07 23:26:11Z" end-time="2026-02-07 23:26:11Z" duration="0.000167" asserts="0">
                <properties>
                  <property name="retryIteration" value="0" />
                  <property name="repeatIteration" value="0" />
                </properties>
              </test-case>
              <test-case id="1044" name="TestFilePathsWindows" fullname="DataToScriptableObject.Tests.Editor.CSVReaderEdgeCaseTests.TestFilePathsWindows" methodname="TestFilePathsWindows" classname="DataToScriptableObject.Tests.Editor.CSVReaderEdgeCaseTests" runstate="Runnable" seed="617365067" result="Passed" start-time="2026-02-07 23:26:11Z" end-time="2026-02-07 23:26:11Z" duration="0.000188" asserts="0">
                <properties>
                  <property name="retryIteration" value="0" />
                  <property name="repeatIteration" value="0" />
                </properties>
              </test-case>
              <test-case id="1056" name="TestFormulasAndExpressions" fullname="DataToScriptableObject.Tests.Editor.CSVReaderEdgeCaseTests.TestFormulasAndExpressions" methodname="TestFormulasAndExpressions" classname="DataToScriptableObject.Tests.Editor.CSVReaderEdgeCaseTests" runstate="Runnable" seed="1905309939" result="Passed" start-time="2026-02-07 23:26:11Z" end-time="2026-02-07 23:26:11Z" duration="0.000206" asserts="0">
                <properties>
                  <property name="retryIteration" value="0" />
                  <property name="repeatIteration" value="0" />
                </properties>
              </test-case>
              <test-case id="1071" name="TestHeadersWithLeadingTrailingSpaces" fullname="DataToScriptableObject.Tests.Editor.CSVReaderEdgeCaseTests.TestHeadersWithLeadingTrailingSpaces" methodname="TestHeadersWithLeadingTrailingSpaces" classname="DataToScriptableObject.Tests.Editor.CSVReaderEdgeCaseTests" runstate="Runnable" seed="194383602" result="Failed" start-time="2026-02-07 23:26:11Z" end-time="2026-02-07 23:26:11Z" duration="0.000852" asserts="0">
                <properties>
                  <property name="retryIteration" value="0" />
                  <property name="repeatIteration" value="0" />
                </properties>
                <failure>
                  <message><![CDATA[  Expected string length 6 but was 5. Strings differ at index 0.
  Expected: " name "
  But was:  "name "
  -----------^
]]></message>
                  <stack-trace><![CDATA[at DataToScriptableObject.Tests.Editor.CSVReaderEdgeCaseTests.TestHeadersWithLeadingTrailingSpaces () [0x0002e] in .\Packages\so-database-converter\Tests\Editor\CSVReaderEdgeCaseTests.cs:383
]]></stack-trace>
                </failure>
              </test-case>
              <test-case id="1070" name="TestHeadersWithQuotedCommas" fullname="DataToScriptableObject.Tests.Editor.CSVReaderEdgeCaseTests.TestHeadersWithQuotedCommas" methodname="TestHeadersWithQuotedCommas" classname="DataToScriptableObject.Tests.Editor.CSVReaderEdgeCaseTests" runstate="Runnable" seed="1344024800" result="Failed" start-time="2026-02-07 23:26:11Z" end-time="2026-02-07 23:26:11Z" duration="0.000334" asserts="0">
                <properties>
                  <property name="retryIteration" value="0" />
                  <property name="repeatIteration" value="0" />
                </properties>
                <failure>
                  <message><![CDATA[  Expected: 2
  But was:  3
]]></message>
                  <stack-trace><![CDATA[at DataToScriptableObject.Tests.Editor.CSVReaderEdgeCaseTests.TestHeadersWithQuotedCommas () [0x00016] in .\Packages\so-database-converter\Tests\Editor\CSVReaderEdgeCaseTests.cs:370
]]></stack-trace>
                </failure>
              </test-case>
              <test-case id="1049" name="TestHTMLContent" fullname="DataToScriptableObject.Tests.Editor.CSVReaderEdgeCaseTests.TestHTMLContent" methodname="TestHTMLContent" classname="DataToScriptableObject.Tests.Editor.CSVReaderEdgeCaseTests" runstate="Runnable" seed="918983178" result="Passed" start-time="2026-02-07 23:26:11Z" end-time="2026-02-07 23:26:11Z" duration="0.000273" asserts="0">
                <properties>
                  <property name="retryIteration" value="0" />
                  <property name="repeatIteration" value="0" />
                </properties>
              </test-case>
              <test-case id="1072" name="TestInconsistentColumnCount" fullname="DataToScriptableObject.Tests.Editor.CSVReaderEdgeCaseTests.TestInconsistentColumnCount" methodname="TestInconsistentColumnCount" classname="DataToScriptableObject.Tests.Editor.CSVReaderEdgeCaseTests" runstate="Runnable" seed="758485712" result="Passed" start-time="2026-02-07 23:26:11Z" end-time="2026-02-07 23:26:11Z" duration="0.000209" asserts="0">
                <properties>
                  <property name="retryIteration" value="0" />
                  <property name="repeatIteration" value="0" />
                </properties>
              </test-case>
              <test-case id="1043" name="TestJSONLikeDataInQuotes" fullname="DataToScriptableObject.Tests.Editor.CSVReaderEdgeCaseTests.TestJSONLikeDataInQuotes" methodname="TestJSONLikeDataInQuotes" classname="DataToScriptableObject.Tests.Editor.CSVReaderEdgeCaseTests" runstate="Runnable" seed="115034470" result="Passed" start-time="2026-02-07 23:26:11Z" end-time="2026-02-07 23:26:11Z" duration="0.000204" asserts="0">
                <properties>
                  <property name="retryIteration" value="0" />
                  <property name="repeatIteration" value="0" />
                </properties>
              </test-case>
              <test-case id="1084" name="TestLargeQuotedField" fullname="DataToScriptableObject.Tests.Editor.CSVReaderEdgeCaseTests.TestLargeQuotedField" methodname="TestLargeQuotedField" classname="DataToScriptableObject.Tests.Editor.CSVReaderEdgeCaseTests" runstate="Runnable" seed="1270969617" result="Failed" start-time="2026-02-07 23:26:11Z" end-time="2026-02-07 23:26:11Z" duration="0.001340" asserts="0">
                <properties>
                  <property name="retryIteration" value="0" />
                  <property name="repeatIteration" value="0" />
                </properties>
                <failure>
                  <message><![CDATA[  Expected: 1
  But was:  0
]]></message>
                  <stack-trace><![CDATA[at DataToScriptableObject.Tests.Editor.CSVReaderEdgeCaseTests.TestLargeQuotedField () [0x0002e] in .\Packages\so-database-converter\Tests\Editor\CSVReaderEdgeCaseTests.cs:555
]]></stack-trace>
                </failure>
              </test-case>
              <test-case id="1059" name="TestLeadingDelimiters" fullname="DataToScriptableObject.Tests.Editor.CSVReaderEdgeCaseTests.TestLeadingDelimiters" methodname="TestLeadingDelimiters" classname="DataToScriptableObject.Tests.Editor.CSVReaderEdgeCaseTests" runstate="Runnable" seed="1948389286" result="Passed" start-time="2026-02-07 23:26:11Z" end-time="2026-02-07 23:26:11Z" duration="0.000208" asserts="0">
                <properties>
                  <property name="retryIteration" value="0" />
                  <property name="repeatIteration" value="0" />
                </properties>
              </test-case>
              <test-case id="1081" name="TestManyColumns" fullname="DataToScriptableObject.Tests.Editor.CSVReaderEdgeCaseTests.TestManyColumns" methodname="TestManyColumns" classname="DataToScriptableObject.Tests.Editor.CSVReaderEdgeCaseTests" runstate="Runnable" seed="864414969" result="Passed" start-time="2026-02-07 23:26:11Z" end-time="2026-02-07 23:26:11Z" duration="0.000672" asserts="0">
                <properties>
                  <property name="retryIteration" value="0" />
                  <property name="repeatIteration" value="0" />
                </properties>
              </test-case>
              <test-case id="1085" name="TestManyMultilineFields" fullname="DataToScriptableObject.Tests.Editor.CSVReaderEdgeCaseTests.TestManyMultilineFields" methodname="TestManyMultilineFields" classname="DataToScriptableObject.Tests.Editor.CSVReaderEdgeCaseTests" runstate="Runnable" seed="1213046722" result="Passed" start-time="2026-02-07 23:26:11Z" end-time="2026-02-07 23:26:11Z" duration="0.000195" asserts="0">
                <properties>
                  <property name="retryIteration" value="0" />
                  <property name="repeatIteration" value="0" />
                </properties>
              </test-case>
              <test-case id="1082" name="TestManyRows" fullname="DataToScriptableObject.Tests.Editor.CSVReaderEdgeCaseTests.TestManyRows" methodname="TestManyRows" classname="DataToScriptableObject.Tests.Editor.CSVReaderEdgeCaseTests" runstate="Runnable" seed="2117286209" result="Passed" start-time="2026-02-07 23:26:11Z" end-time="2026-02-07 23:26:11Z" duration="0.008667" asserts="0">
                <properties>
                  <property name="retryIteration" value="0" />
                  <property name="repeatIteration" value="0" />
                </properties>
              </test-case>
              <test-case id="1048" name="TestMarkdownContent" fullname="DataToScriptableObject.Tests.Editor.CSVReaderEdgeCaseTests.TestMarkdownContent" methodname="TestMarkdownContent" classname="DataToScriptableObject.Tests.Editor.CSVReaderEdgeCaseTests" runstate="Runnable" seed="2138073582" result="Passed" start-time="2026-02-07 23:26:11Z" end-time="2026-02-07 23:26:11Z" duration="0.000324" asserts="0">
                <properties>
                  <property name="retryIteration" value="0" />
                  <property name="repeatIteration" value="0" />
                </properties>
              </test-case>
              <test-case id="1064" name="TestMixedLineEndingsSingleFile" fullname="DataToScriptableObject.Tests.Editor.CSVReaderEdgeCaseTests.TestMixedLineEndingsSingleFile" methodname="TestMixedLineEndingsSingleFile" classname="DataToScriptableObject.Tests.Editor.CSVReaderEdgeCaseTests" runstate="Runnable" seed="556392557" result="Passed" start-time="2026-02-07 23:26:11Z" end-time="2026-02-07 23:26:11Z" duration="0.000213" asserts="0">
                <properties>
                  <property name="retryIteration" value="0" />
                  <property name="repeatIteration" value="0" />
                </properties>
              </test-case>
              <test-case id="1065" name="TestOnlyWhitespaceFields" fullname="DataToScriptableObject.Tests.Editor.CSVReaderEdgeCaseTests.TestOnlyWhitespaceFields" methodname="TestOnlyWhitespaceFields" classname="DataToScriptableObject.Tests.Editor.CSVReaderEdgeCaseTests" runstate="Runnable" seed="1701037775" result="Passed" start-time="2026-02-07 23:26:11Z" end-time="2026-02-07 23:26:11Z" duration="0.000182" asserts="0">
                <properties>
                  <property name="retryIteration" value="0" />
                  <property name="repeatIteration" value="0" />
                </properties>
              </test-case>
              <test-case id="1089" name="TestPipeDelimiterWithQuotes" fullname="DataToScriptableObject.Tests.Editor.CSVReaderEdgeCaseTests.TestPipeDelimiterWithQuotes" methodname="TestPipeDelimiterWithQuotes" classname="DataToScriptableObject.Tests.Editor.CSVReaderEdgeCaseTests" runstate="Runnable" seed="471983069" result="Passed" start-time="2026-02-07 23:26:11Z" end-time="2026-02-07 23:26:11Z" duration="0.000183" asserts="0">
                <properties>
                  <property name="retryIteration" value="0" />
                  <property name="repeatIteration" value="0" />
                </properties>
              </test-case>
              <test-case id="1061" name="TestQuotesInMiddleOfUnquotedField" fullname="DataToScriptableObject.Tests.Editor.CSVReaderEdgeCaseTests.TestQuotesInMiddleOfUnquotedField" methodname="TestQuotesInMiddleOfUnquotedField" classname="DataToScriptableObject.Tests.Editor.CSVReaderEdgeCaseTests" runstate="Runnable" seed="916070312" result="Passed" start-time="2026-02-07 23:26:11Z" end-time="2026-02-07 23:26:11Z" duration="0.000166" asserts="0">
                <properties>
                  <property name="retryIteration" value="0" />
                  <property name="repeatIteration" value="0" />
                </properties>
              </test-case>
              <test-case id="1050" name="TestRegexPatterns" fullname="DataToScriptableObject.Tests.Editor.CSVReaderEdgeCaseTests.TestRegexPatterns" methodname="TestRegexPatterns" classname="DataToScriptableObject.Tests.Editor.CSVReaderEdgeCaseTests" runstate="Runnable" seed="159729690" result="Passed" start-time="2026-02-07 23:26:11Z" end-time="2026-02-07 23:26:11Z" duration="0.000225" asserts="0">
                <properties>
                  <property name="retryIteration" value="0" />
                  <property name="repeatIteration" value="0" />
                </properties>
              </test-case>
              <test-case id="1088" name="TestRightToLeftCharacters" fullname="DataToScriptableObject.Tests.Editor.CSVReaderEdgeCaseTests.TestRightToLeftCharacters" methodname="TestRightToLeftCharacters" classname="DataToScriptableObject.Tests.Editor.CSVReaderEdgeCaseTests" runstate="Runnable" seed="1704312123" result="Passed" start-time="2026-02-07 23:26:11Z" end-time="2026-02-07 23:26:11Z" duration="0.000177" asserts="0">
                <properties>
                  <property name="retryIteration" value="0" />
                  <property name="repeatIteration" value="0" />
                </properties>
              </test-case>
              <test-case id="1090" name="TestSemicolonWithCommasInData" fullname="DataToScriptableObject.Tests.Editor.CSVReaderEdgeCaseTests.TestSemicolonWithCommasInData" methodname="TestSemicolonWithCommasInData" classname="DataToScriptableObject.Tests.Editor.CSVReaderEdgeCaseTests" runstate="Runnable" seed="2106890986" result="Passed" start-time="2026-02-07 23:26:11Z" end-time="2026-02-07 23:26:11Z" duration="0.000169" asserts="0">
                <properties>
                  <property name="retryIteration" value="0" />
                  <property name="repeatIteration" value="0" />
                </properties>
              </test-case>
              <test-case id="1079" name="TestSlashSlashCommentWithDirective" fullname="DataToScriptableObject.Tests.Editor.CSVReaderEdgeCaseTests.TestSlashSlashCommentWithDirective" methodname="TestSlashSlashCommentWithDirective" classname="DataToScriptableObject.Tests.Editor.CSVReaderEdgeCaseTests" runstate="Runnable" seed="1276176275" result="Failed" start-time="2026-02-07 23:26:11Z" end-time="2026-02-07 23:26:11Z" duration="0.000245" asserts="0">
                <properties>
                  <property name="retryIteration" value="0" />
                  <property name="repeatIteration" value="0" />
                </properties>
                <failure>
                  <message><![CDATA[  Expected: 1
  But was:  0
]]></message>
                  <stack-trace><![CDATA[at DataToScriptableObject.Tests.Editor.CSVReaderEdgeCaseTests.TestSlashSlashCommentWithDirective () [0x00016] in .\Packages\so-database-converter\Tests\Editor\CSVReaderEdgeCaseTests.cs:481
]]></stack-trace>
                </failure>
              </test-case>
              <test-case id="1046" name="TestSQLStringsInQuotes" fullname="DataToScriptableObject.Tests.Editor.CSVReaderEdgeCaseTests.TestSQLStringsInQuotes" methodname="TestSQLStringsInQuotes" classname="DataToScriptableObject.Tests.Editor.CSVReaderEdgeCaseTests" runstate="Runnable" seed="834405876" result="Passed" start-time="2026-02-07 23:26:11Z" end-time="2026-02-07 23:26:11Z" duration="0.000240" asserts="0">
                <properties>
                  <property name="retryIteration" value="0" />
                  <property name="repeatIteration" value="0" />
                </properties>
              </test-case>
              <test-case id="1091" name="TestTabWithSpacesInData" fullname="DataToScriptableObject.Tests.Editor.CSVReaderEdgeCaseTests.TestTabWithSpacesInData" methodname="TestTabWithSpacesInData" classname="DataToScriptableObject.Tests.Editor.CSVReaderEdgeCaseTests" runstate="Runnable" seed="1532177661" result="Passed" start-time="2026-02-07 23:26:11Z" end-time="2026-02-07 23:26:11Z" duration="0.000188" asserts="0">
                <properties>
                  <property name="retryIteration" value="0" />
                  <property name="repeatIteration" value="0" />
                </properties>
              </test-case>
              <test-case id="1068" name="TestThreeRowHeaderWithEnumFlags" fullname="DataToScriptableObject.Tests.Editor.CSVReaderEdgeCaseTests.TestThreeRowHeaderWithEnumFlags" methodname="TestThreeRowHeaderWithEnumFlags" classname="DataToScriptableObject.Tests.Editor.CSVReaderEdgeCaseTests" runstate="Runnable" seed="1693437904" result="Passed" start-time="2026-02-07 23:26:11Z" end-time="2026-02-07 23:26:11Z" duration="0.001247" asserts="0">
                <properties>
                  <property name="retryIteration" value="0" />
                  <property name="repeatIteration" value="0" />
                </properties>
              </test-case>
              <test-case id="1067" name="TestThreeRowHeaderWithSpecialChars" fullname="DataToScriptableObject.Tests.Editor.CSVReaderEdgeCaseTests.TestThreeRowHeaderWithSpecialChars" methodname="TestThreeRowHeaderWithSpecialChars" classname="DataToScriptableObject.Tests.Editor.CSVReaderEdgeCaseTests" runstate="Runnable" seed="180696968" result="Passed" start-time="2026-02-07 23:26:11Z" end-time="2026-02-07 23:26:11Z" duration="0.000245" asserts="0">
                <properties>
                  <property name="retryIteration" value="0" />
                  <property name="repeatIteration" value="0" />
                </properties>
              </test-case>
              <test-case id="1055" name="TestTimestampsAndDates" fullname="DataToScriptableObject.Tests.Editor.CSVReaderEdgeCaseTests.TestTimestampsAndDates" methodname="TestTimestampsAndDates" classname="DataToScriptableObject.Tests.Editor.CSVReaderEdgeCaseTests" runstate="Runnable" seed="2127760904" result="Passed" start-time="2026-02-07 23:26:11Z" end-time="2026-02-07 23:26:11Z" duration="0.000209" asserts="0">
                <properties>
                  <property name="retryIteration" value="0" />
                  <property name="repeatIteration" value="0" />
                </properties>
              </test-case>
              <test-case id="1058" name="TestTrailingDelimiters" fullname="DataToScriptableObject.Tests.Editor.CSVReaderEdgeCaseTests.TestTrailingDelimiters" methodname="TestTrailingDelimiters" classname="DataToScriptableObject.Tests.Editor.CSVReaderEdgeCaseTests" runstate="Runnable" seed="1635041503" result="Passed" start-time="2026-02-07 23:26:11Z" end-time="2026-02-07 23:26:11Z" duration="0.000182" asserts="0">
                <properties>
                  <property name="retryIteration" value="0" />
                  <property name="repeatIteration" value="0" />
                </properties>
              </test-case>
              <test-case id="1069" name="TestTwoRowHeaderWithEmptyTypeHints" fullname="DataToScriptableObject.Tests.Editor.CSVReaderEdgeCaseTests.TestTwoRowHeaderWithEmptyTypeHints" methodname="TestTwoRowHeaderWithEmptyTypeHints" classname="DataToScriptableObject.Tests.Editor.CSVReaderEdgeCaseTests" runstate="Runnable" seed="1331552629" result="Passed" start-time="2026-02-07 23:26:11Z" end-time="2026-02-07 23:26:11Z" duration="0.000196" asserts="0">
                <properties>
                  <property name="retryIteration" value="0" />
                  <property name="repeatIteration" value="0" />
                </properties>
              </test-case>
              <test-case id="1060" name="TestUnbalancedQuotes" fullname="DataToScriptableObject.Tests.Editor.CSVReaderEdgeCaseTests.TestUnbalancedQuotes" methodname="TestUnbalancedQuotes" classname="DataToScriptableObject.Tests.Editor.CSVReaderEdgeCaseTests" runstate="Runnable" seed="1908379774" result="Passed" start-time="2026-02-07 23:26:11Z" end-time="2026-02-07 23:26:11Z" duration="0.009783" asserts="0">
                <properties>
                  <property name="retryIteration" value="0" />
                  <property name="repeatIteration" value="0" />
                </properties>
              </test-case>
              <test-case id="1042" name="TestURLsInData" fullname="DataToScriptableObject.Tests.Editor.CSVReaderEdgeCaseTests.TestURLsInData" methodname="TestURLsInData" classname="DataToScriptableObject.Tests.Editor.CSVReaderEdgeCaseTests" runstate="Runnable" seed="1049075667" result="Passed" start-time="2026-02-07 23:26:11Z" end-time="2026-02-07 23:26:11Z" duration="0.000273" asserts="0">
                <properties>
                  <property name="retryIteration" value="0" />
                  <property name="repeatIteration" value="0" />
                </properties>
              </test-case>
              <test-case id="1086" name="TestUTF8BOM" fullname="DataToScriptableObject.Tests.Editor.CSVReaderEdgeCaseTests.TestUTF8BOM" methodname="TestUTF8BOM" classname="DataToScriptableObject.Tests.Editor.CSVReaderEdgeCaseTests" runstate="Runnable" seed="1904028646" result="Passed" start-time="2026-02-07 23:26:11Z" end-time="2026-02-07 23:26:11Z" duration="0.000178" asserts="0">
                <properties>
                  <property name="retryIteration" value="0" />
                  <property name="repeatIteration" value="0" />
                </properties>
              </test-case>
              <test-case id="1054" name="TestVersionNumbers" fullname="DataToScriptableObject.Tests.Editor.CSVReaderEdgeCaseTests.TestVersionNumbers" methodname="TestVersionNumbers" classname="DataToScriptableObject.Tests.Editor.CSVReaderEdgeCaseTests" runstate="Runnable" seed="459871916" result="Passed" start-time="2026-02-07 23:26:11Z" end-time="2026-02-07 23:26:11Z" duration="0.000187" asserts="0">
                <properties>
                  <property name="retryIteration" value="0" />
                  <property name="repeatIteration" value="0" />
                </properties>
              </test-case>
              <test-case id="1066" name="TestVeryLongFields" fullname="DataToScriptableObject.Tests.Editor.CSVReaderEdgeCaseTests.TestVeryLongFields" methodname="TestVeryLongFields" classname="DataToScriptableObject.Tests.Editor.CSVReaderEdgeCaseTests" runstate="Runnable" seed="656725902" result="Passed" start-time="2026-02-07 23:26:11Z" end-time="2026-02-07 23:26:11Z" duration="0.000407" asserts="0">
                <properties>
                  <property name="retryIteration" value="0" />
                  <property name="repeatIteration" value="0" />
                </properties>
              </test-case>
              <test-case id="1087" name="TestZeroWidthCharacters" fullname="DataToScriptableObject.Tests.Editor.CSVReaderEdgeCaseTests.TestZeroWidthCharacters" methodname="TestZeroWidthCharacters" classname="DataToScriptableObject.Tests.Editor.CSVReaderEdgeCaseTests" runstate="Runnable" seed="2067970617" result="Passed" start-time="2026-02-07 23:26:11Z" end-time="2026-02-07 23:26:11Z" duration="0.000178" asserts="0">
                <properties>
                  <property name="retryIteration" value="0" />
                  <property name="repeatIteration" value="0" />
                </properties>
              </test-case>
              <test-case id="1073" name="TestZeroWidthColumns" fullname="DataToScriptableObject.Tests.Editor.CSVReaderEdgeCaseTests.TestZeroWidthColumns" methodname="TestZeroWidthColumns" classname="DataToScriptableObject.Tests.Editor.CSVReaderEdgeCaseTests" runstate="Runnable" seed="1759773296" result="Failed" start-time="2026-02-07 23:26:11Z" end-time="2026-02-07 23:26:11Z" duration="0.000250" asserts="0">
                <properties>
                  <property name="retryIteration" value="0" />
                  <property name="repeatIteration" value="0" />
                </properties>
                <failure>
                  <message><![CDATA[  Expected: 5
  But was:  4
]]></message>
                  <stack-trace><![CDATA[at DataToScriptableObject.Tests.Editor.CSVReaderEdgeCaseTests.TestZeroWidthColumns () [0x00016] in .\Packages\so-database-converter\Tests\Editor\CSVReaderEdgeCaseTests.cs:408
]]></stack-trace>
                </failure>
              </test-case>
            </test-suite>
            <test-suite type="TestFixture" id="1092" name="CSVReaderIntegrationTests" fullname="DataToScriptableObject.Tests.Editor.CSVReaderIntegrationTests" classname="DataToScriptableObject.Tests.Editor.CSVReaderIntegrationTests" runstate="Runnable" testcasecount="25" result="Failed" site="Child" start-time="2026-02-07 23:26:11Z" end-time="2026-02-07 23:26:11Z" duration="0.028898" total="25" passed="21" failed="4" inconclusive="0" skipped="0" asserts="0">
              <properties />
              <failure>
                <message><![CDATA[One or more child tests had errors]]></message>
              </failure>
              <test-case id="1110" name="TestAIBehaviorDatabase" fullname="DataToScriptableObject.Tests.Editor.CSVReaderIntegrationTests.TestAIBehaviorDatabase" methodname="TestAIBehaviorDatabase" classname="DataToScriptableObject.Tests.Editor.CSVReaderIntegrationTests" runstate="Runnable" seed="1088941645" result="Passed" start-time="2026-02-07 23:26:11Z" end-time="2026-02-07 23:26:11Z" duration="0.000623" asserts="0">
                <properties>
                  <property name="retryIteration" value="0" />
                  <property name="repeatIteration" value="0" />
                </properties>
              </test-case>
              <test-case id="1102" name="TestAssetReferenceDatabase" fullname="DataToScriptableObject.Tests.Editor.CSVReaderIntegrationTests.TestAssetReferenceDatabase" methodname="TestAssetReferenceDatabase" classname="DataToScriptableObject.Tests.Editor.CSVReaderIntegrationTests" runstate="Runnable" seed="1070283680" result="Passed" start-time="2026-02-07 23:26:11Z" end-time="2026-02-07 23:26:11Z" duration="0.000358" asserts="0">
                <properties>
                  <property name="retryIteration" value="0" />
                  <property name="repeatIteration" value="0" />
                </properties>
              </test-case>
              <test-case id="1106" name="TestBiomeGenerationDatabase" fullname="DataToScriptableObject.Tests.Editor.CSVReaderIntegrationTests.TestBiomeGenerationDatabase" methodname="TestBiomeGenerationDatabase" classname="DataToScriptableObject.Tests.Editor.CSVReaderIntegrationTests" runstate="Runnable" seed="579062809" result="Passed" start-time="2026-02-07 23:26:11Z" end-time="2026-02-07 23:26:11Z" duration="0.000313" asserts="0">
                <properties>
                  <property name="retryIteration" value="0" />
                  <property name="repeatIteration" value="0" />
                </properties>
              </test-case>
              <test-case id="1094" name="TestCharacterDatabaseWithEnums" fullname="DataToScriptableObject.Tests.Editor.CSVReaderIntegrationTests.TestCharacterDatabaseWithEnums" methodname="TestCharacterDatabaseWithEnums" classname="DataToScriptableObject.Tests.Editor.CSVReaderIntegrationTests" runstate="Runnable" seed="1195269350" result="Failed" start-time="2026-02-07 23:26:11Z" end-time="2026-02-07 23:26:11Z" duration="0.000393" asserts="0">
                <properties>
                  <property name="retryIteration" value="0" />
                  <property name="repeatIteration" value="0" />
                </properties>
                <failure>
                  <message><![CDATA[  Expected: 1
  But was:  0
]]></message>
                  <stack-trace><![CDATA[at DataToScriptableObject.Tests.Editor.CSVReaderIntegrationTests.TestCharacterDatabaseWithEnums () [0x00016] in .\Packages\so-database-converter\Tests\Editor\CSVReaderIntegrationTests.cs:57
]]></stack-trace>
                </failure>
              </test-case>
              <test-case id="1116" name="TestCommentsInDataSection" fullname="DataToScriptableObject.Tests.Editor.CSVReaderIntegrationTests.TestCommentsInDataSection" methodname="TestCommentsInDataSection" classname="DataToScriptableObject.Tests.Editor.CSVReaderIntegrationTests" runstate="Runnable" seed="1680103969" result="Passed" start-time="2026-02-07 23:26:11Z" end-time="2026-02-07 23:26:11Z" duration="0.000246" asserts="0">
                <properties>
                  <property name="retryIteration" value="0" />
                  <property name="repeatIteration" value="0" />
                </properties>
              </test-case>
              <test-case id="1108" name="TestCraftingRecipeDatabase" fullname="DataToScriptableObject.Tests.Editor.CSVReaderIntegrationTests.TestCraftingRecipeDatabase" methodname="TestCraftingRecipeDatabase" classname="DataToScriptableObject.Tests.Editor.CSVReaderIntegrationTests" runstate="Runnable" seed="1058881508" result="Passed" start-time="2026-02-07 23:26:11Z" end-time="2026-02-07 23:26:11Z" duration="0.000350" asserts="0">
                <properties>
                  <property name="retryIteration" value="0" />
                  <property name="repeatIteration" value="0" />
                </properties>
              </test-case>
              <test-case id="1099" name="TestDialogueDatabase" fullname="DataToScriptableObject.Tests.Editor.CSVReaderIntegrationTests.TestDialogueDatabase" methodname="TestDialogueDatabase" classname="DataToScriptableObject.Tests.Editor.CSVReaderIntegrationTests" runstate="Runnable" seed="531028813" result="Passed" start-time="2026-02-07 23:26:11Z" end-time="2026-02-07 23:26:11Z" duration="0.000299" asserts="0">
                <properties>
                  <property name="retryIteration" value="0" />
                  <property name="repeatIteration" value="0" />
                </properties>
              </test-case>
              <test-case id="1111" name="TestDialogueTreeDatabase" fullname="DataToScriptableObject.Tests.Editor.CSVReaderIntegrationTests.TestDialogueTreeDatabase" methodname="TestDialogueTreeDatabase" classname="DataToScriptableObject.Tests.Editor.CSVReaderIntegrationTests" runstate="Runnable" seed="2083607805" result="Passed" start-time="2026-02-07 23:26:11Z" end-time="2026-02-07 23:26:11Z" duration="0.000294" asserts="0">
                <properties>
                  <property name="retryIteration" value="0" />
                  <property name="repeatIteration" value="0" />
                </properties>
              </test-case>
              <test-case id="1101" name="TestDifficultySettingsDatabase" fullname="DataToScriptableObject.Tests.Editor.CSVReaderIntegrationTests.TestDifficultySettingsDatabase" methodname="TestDifficultySettingsDatabase" classname="DataToScriptableObject.Tests.Editor.CSVReaderIntegrationTests" runstate="Runnable" seed="511866759" result="Passed" start-time="2026-02-07 23:26:11Z" end-time="2026-02-07 23:26:11Z" duration="0.000251" asserts="0">
                <properties>
                  <property name="retryIteration" value="0" />
                  <property name="repeatIteration" value="0" />
                </properties>
              </test-case>
              <test-case id="1114" name="TestEmptyDataWithHeaders" fullname="DataToScriptableObject.Tests.Editor.CSVReaderIntegrationTests.TestEmptyDataWithHeaders" methodname="TestEmptyDataWithHeaders" classname="DataToScriptableObject.Tests.Editor.CSVReaderIntegrationTests" runstate="Runnable" seed="2135179580" result="Passed" start-time="2026-02-07 23:26:11Z" end-time="2026-02-07 23:26:11Z" duration="0.000154" asserts="0">
                <properties>
                  <property name="retryIteration" value="0" />
                  <property name="repeatIteration" value="0" />
                </properties>
              </test-case>
              <test-case id="1100" name="TestGameConfigDatabase" fullname="DataToScriptableObject.Tests.Editor.CSVReaderIntegrationTests.TestGameConfigDatabase" methodname="TestGameConfigDatabase" classname="DataToScriptableObject.Tests.Editor.CSVReaderIntegrationTests" runstate="Runnable" seed="603249232" result="Passed" start-time="2026-02-07 23:26:11Z" end-time="2026-02-07 23:26:11Z" duration="0.000252" asserts="0">
                <properties>
                  <property name="retryIteration" value="0" />
                  <property name="repeatIteration" value="0" />
                </properties>
              </test-case>
              <test-case id="1117" name="TestHashInQuotedFieldNotComment" fullname="DataToScriptableObject.Tests.Editor.CSVReaderIntegrationTests.TestHashInQuotedFieldNotComment" methodname="TestHashInQuotedFieldNotComment" classname="DataToScriptableObject.Tests.Editor.CSVReaderIntegrationTests" runstate="Runnable" seed="682815303" result="Passed" start-time="2026-02-07 23:26:11Z" end-time="2026-02-07 23:26:11Z" duration="0.000209" asserts="0">
                <properties>
                  <property name="retryIteration" value="0" />
                  <property name="repeatIteration" value="0" />
                </properties>
              </test-case>
              <test-case id="1096" name="TestInventoryDatabaseWithPrices" fullname="DataToScriptableObject.Tests.Editor.CSVReaderIntegrationTests.TestInventoryDatabaseWithPrices" methodname="TestInventoryDatabaseWithPrices" classname="DataToScriptableObject.Tests.Editor.CSVReaderIntegrationTests" runstate="Runnable" seed="1822883877" result="Passed" start-time="2026-02-07 23:26:11Z" end-time="2026-02-07 23:26:11Z" duration="0.000236" asserts="0">
                <properties>
                  <property name="retryIteration" value="0" />
                  <property name="repeatIteration" value="0" />
                </properties>
              </test-case>
              <test-case id="1112" name="TestLargeCompleteDatabase" fullname="DataToScriptableObject.Tests.Editor.CSVReaderIntegrationTests.TestLargeCompleteDatabase" methodname="TestLargeCompleteDatabase" classname="DataToScriptableObject.Tests.Editor.CSVReaderIntegrationTests" runstate="Runnable" seed="1975165969" result="Failed" start-time="2026-02-07 23:26:11Z" end-time="2026-02-07 23:26:11Z" duration="0.000565" asserts="0">
                <properties>
                  <property name="retryIteration" value="0" />
                  <property name="repeatIteration" value="0" />
                </properties>
                <failure>
                  <message><![CDATA[  Expected: 3
  But was:  0
]]></message>
                  <stack-trace><![CDATA[at DataToScriptableObject.Tests.Editor.CSVReaderIntegrationTests.TestLargeCompleteDatabase () [0x00016] in .\Packages\so-database-converter\Tests\Editor\CSVReaderIntegrationTests.cs:339
]]></stack-trace>
                </failure>
              </test-case>
              <test-case id="1105" name="TestLeaderboardDatabase" fullname="DataToScriptableObject.Tests.Editor.CSVReaderIntegrationTests.TestLeaderboardDatabase" methodname="TestLeaderboardDatabase" classname="DataToScriptableObject.Tests.Editor.CSVReaderIntegrationTests" runstate="Runnable" seed="1615934634" result="Passed" start-time="2026-02-07 23:26:11Z" end-time="2026-02-07 23:26:11Z" duration="0.000261" asserts="0">
                <properties>
                  <property name="retryIteration" value="0" />
                  <property name="repeatIteration" value="0" />
                </properties>
              </test-case>
              <test-case id="1098" name="TestLocalizationDatabase" fullname="DataToScriptableObject.Tests.Editor.CSVReaderIntegrationTests.TestLocalizationDatabase" methodname="TestLocalizationDatabase" classname="DataToScriptableObject.Tests.Editor.CSVReaderIntegrationTests" runstate="Runnable" seed="110115082" result="Passed" start-time="2026-02-07 23:26:11Z" end-time="2026-02-07 23:26:11Z" duration="0.000236" asserts="0">
                <properties>
                  <property name="retryIteration" value="0" />
                  <property name="repeatIteration" value="0" />
                </properties>
              </test-case>
              <test-case id="1107" name="TestLootTableDatabase" fullname="DataToScriptableObject.Tests.Editor.CSVReaderIntegrationTests.TestLootTableDatabase" methodname="TestLootTableDatabase" classname="DataToScriptableObject.Tests.Editor.CSVReaderIntegrationTests" runstate="Runnable" seed="939280055" result="Passed" start-time="2026-02-07 23:26:11Z" end-time="2026-02-07 23:26:11Z" duration="0.000266" asserts="0">
                <properties>
                  <property name="retryIteration" value="0" />
                  <property name="repeatIteration" value="0" />
                </properties>
              </test-case>
              <test-case id="1113" name="TestMinimalValidDatabase" fullname="DataToScriptableObject.Tests.Editor.CSVReaderIntegrationTests.TestMinimalValidDatabase" methodname="TestMinimalValidDatabase" classname="DataToScriptableObject.Tests.Editor.CSVReaderIntegrationTests" runstate="Runnable" seed="1532093864" result="Passed" start-time="2026-02-07 23:26:11Z" end-time="2026-02-07 23:26:11Z" duration="0.000168" asserts="0">
                <properties>
                  <property name="retryIteration" value="0" />
                  <property name="repeatIteration" value="0" />
                </properties>
              </test-case>
              <test-case id="1115" name="TestOnlyDirectives" fullname="DataToScriptableObject.Tests.Editor.CSVReaderIntegrationTests.TestOnlyDirectives" methodname="TestOnlyDirectives" classname="DataToScriptableObject.Tests.Editor.CSVReaderIntegrationTests" runstate="Runnable" seed="1806165976" result="Failed" start-time="2026-02-07 23:26:11Z" end-time="2026-02-07 23:26:11Z" duration="0.000252" asserts="0">
                <properties>
                  <property name="retryIteration" value="0" />
                  <property name="repeatIteration" value="0" />
                </properties>
                <failure>
                  <message><![CDATA[  Expected: 2
  But was:  0
]]></message>
                  <stack-trace><![CDATA[at DataToScriptableObject.Tests.Editor.CSVReaderIntegrationTests.TestOnlyDirectives () [0x00016] in .\Packages\so-database-converter\Tests\Editor\CSVReaderIntegrationTests.cs:382
]]></stack-trace>
                </failure>
              </test-case>
              <test-case id="1104" name="TestPlayerStatsDatabase" fullname="DataToScriptableObject.Tests.Editor.CSVReaderIntegrationTests.TestPlayerStatsDatabase" methodname="TestPlayerStatsDatabase" classname="DataToScriptableObject.Tests.Editor.CSVReaderIntegrationTests" runstate="Runnable" seed="2128126070" result="Passed" start-time="2026-02-07 23:26:11Z" end-time="2026-02-07 23:26:11Z" duration="0.000268" asserts="0">
                <properties>
                  <property name="retryIteration" value="0" />
                  <property name="repeatIteration" value="0" />
                </properties>
              </test-case>
              <test-case id="1095" name="TestQuestDatabaseWithMultilineText" fullname="DataToScriptableObject.Tests.Editor.CSVReaderIntegrationTests.TestQuestDatabaseWithMultilineText" methodname="TestQuestDatabaseWithMultilineText" classname="DataToScriptableObject.Tests.Editor.CSVReaderIntegrationTests" runstate="Runnable" seed="642730161" result="Passed" start-time="2026-02-07 23:26:11Z" end-time="2026-02-07 23:26:11Z" duration="0.000365" asserts="0">
                <properties>
                  <property name="retryIteration" value="0" />
                  <property name="repeatIteration" value="0" />
                </properties>
              </test-case>
[...]
                  <property name="repeatIteration" value="0" />
                </properties>
              </test-case>
              <test-case id="1469" name="TestAllNullValues" fullname="DataToScriptableObject.Tests.Editor.TypeInferenceTests.TestAllNullValues" methodname="TestAllNullValues" classname="DataToScriptableObject.Tests.Editor.TypeInferenceTests" runstate="Runnable" seed="1060226574" result="Passed" start-time="2026-02-07 23:26:11Z" end-time="2026-02-07 23:26:11Z" duration="0.000068" asserts="0">
                <properties>
                  <property name="retryIteration" value="0" />
                  <property name="repeatIteration" value="0" />
                </properties>
              </test-case>
              <test-case id="1476" name="TestAllSameValue" fullname="DataToScriptableObject.Tests.Editor.TypeInferenceTests.TestAllSameValue" methodname="TestAllSameValue" classname="DataToScriptableObject.Tests.Editor.TypeInferenceTests" runstate="Runnable" seed="63309066" result="Passed" start-time="2026-02-07 23:26:11Z" end-time="2026-02-07 23:26:11Z" duration="0.000091" asserts="0">
                <properties>
                  <property name="retryIteration" value="0" />
                  <property name="repeatIteration" value="0" />
                </properties>
              </test-case>
              <test-case id="1470" name="TestAllWhitespace" fullname="DataToScriptableObject.Tests.Editor.TypeInferenceTests.TestAllWhitespace" methodname="TestAllWhitespace" classname="DataToScriptableObject.Tests.Editor.TypeInferenceTests" runstate="Runnable" seed="107520343" result="Passed" start-time="2026-02-07 23:26:11Z" end-time="2026-02-07 23:26:11Z" duration="0.000072" asserts="0">
                <properties>
                  <property name="retryIteration" value="0" />
                  <property name="repeatIteration" value="0" />
                </properties>
              </test-case>
              <test-case id="1477" name="TestBoolNotString" fullname="DataToScriptableObject.Tests.Editor.TypeInferenceTests.TestBoolNotString" methodname="TestBoolNotString" classname="DataToScriptableObject.Tests.Editor.TypeInferenceTests" runstate="Runnable" seed="1597716550" result="Passed" start-time="2026-02-07 23:26:11Z" end-time="2026-02-07 23:26:11Z" duration="0.000068" asserts="0">
                <properties>
                  <property name="retryIteration" value="0" />
                  <property name="repeatIteration" value="0" />
                </properties>
              </test-case>
              <test-case id="1478" name="TestBoolPriorityOverInt" fullname="DataToScriptableObject.Tests.Editor.TypeInferenceTests.TestBoolPriorityOverInt" methodname="TestBoolPriorityOverInt" classname="DataToScriptableObject.Tests.Editor.TypeInferenceTests" runstate="Runnable" seed="1303205159" result="Passed" start-time="2026-02-07 23:26:11Z" end-time="2026-02-07 23:26:11Z" duration="0.000084" asserts="0">
                <properties>
                  <property name="retryIteration" value="0" />
                  <property name="repeatIteration" value="0" />
                </properties>
              </test-case>
              <test-case id="1448" name="TestBoolWith01" fullname="DataToScriptableObject.Tests.Editor.TypeInferenceTests.TestBoolWith01" methodname="TestBoolWith01" classname="DataToScriptableObject.Tests.Editor.TypeInferenceTests" runstate="Runnable" seed="609509358" result="Passed" start-time="2026-02-07 23:26:11Z" end-time="2026-02-07 23:26:11Z" duration="0.000090" asserts="0">
                <properties>
                  <property name="retryIteration" value="0" />
                  <property name="repeatIteration" value="0" />
                </properties>
              </test-case>
              <test-case id="1447" name="TestBoolWithYesNo" fullname="DataToScriptableObject.Tests.Editor.TypeInferenceTests.TestBoolWithYesNo" methodname="TestBoolWithYesNo" classname="DataToScriptableObject.Tests.Editor.TypeInferenceTests" runstate="Runnable" seed="1595087898" result="Passed" start-time="2026-02-07 23:26:11Z" end-time="2026-02-07 23:26:11Z" duration="0.000084" asserts="0">
                <properties>
                  <property name="retryIteration" value="0" />
                  <property name="repeatIteration" value="0" />
                </properties>
              </test-case>
              <test-case id="1461" name="TestDecimalWithoutLeadingZero" fullname="DataToScriptableObject.Tests.Editor.TypeInferenceTests.TestDecimalWithoutLeadingZero" methodname="TestDecimalWithoutLeadingZero" classname="DataToScriptableObject.Tests.Editor.TypeInferenceTests" runstate="Runnable" seed="1734801508" result="Passed" start-time="2026-02-07 23:26:11Z" end-time="2026-02-07 23:26:11Z" duration="0.000077" asserts="0">
                <properties>
                  <property name="retryIteration" value="0" />
                  <property name="repeatIteration" value="0" />
                </properties>
              </test-case>
              <test-case id="1468" name="TestEmptyArray" fullname="DataToScriptableObject.Tests.Editor.TypeInferenceTests.TestEmptyArray" methodname="TestEmptyArray" classname="DataToScriptableObject.Tests.Editor.TypeInferenceTests" runstate="Runnable" seed="477810169" result="Passed" start-time="2026-02-07 23:26:11Z" end-time="2026-02-07 23:26:11Z" duration="0.000066" asserts="0">
                <properties>
                  <property name="retryIteration" value="0" />
                  <property name="repeatIteration" value="0" />
                </properties>
              </test-case>
              <test-case id="1455" name="TestLargeInts" fullname="DataToScriptableObject.Tests.Editor.TypeInferenceTests.TestLargeInts" methodname="TestLargeInts" classname="DataToScriptableObject.Tests.Editor.TypeInferenceTests" runstate="Runnable" seed="333031052" result="Passed" start-time="2026-02-07 23:26:11Z" end-time="2026-02-07 23:26:11Z" duration="0.000101" asserts="0">
                <properties>
                  <property name="retryIteration" value="0" />
                  <property name="repeatIteration" value="0" />
                </properties>
              </test-case>
              <test-case id="1460" name="TestLeadingZeros" fullname="DataToScriptableObject.Tests.Editor.TypeInferenceTests.TestLeadingZeros" methodname="TestLeadingZeros" classname="DataToScriptableObject.Tests.Editor.TypeInferenceTests" runstate="Runnable" seed="167086877" result="Passed" start-time="2026-02-07 23:26:11Z" end-time="2026-02-07 23:26:11Z" duration="0.000077" asserts="0">
                <properties>
                  <property name="retryIteration" value="0" />
                  <property name="repeatIteration" value="0" />
                </properties>
              </test-case>
              <test-case id="1466" name="TestMixed10WithOthers" fullname="DataToScriptableObject.Tests.Editor.TypeInferenceTests.TestMixed10WithOthers" methodname="TestMixed10WithOthers" classname="DataToScriptableObject.Tests.Editor.TypeInferenceTests" runstate="Runnable" seed="474152719" result="Passed" start-time="2026-02-07 23:26:11Z" end-time="2026-02-07 23:26:11Z" duration="0.000071" asserts="0">
                <properties>
                  <property name="retryIteration" value="0" />
                  <property name="repeatIteration" value="0" />
                </properties>
              </test-case>
              <test-case id="1462" name="TestMixedCaseBools" fullname="DataToScriptableObject.Tests.Editor.TypeInferenceTests.TestMixedCaseBools" methodname="TestMixedCaseBools" classname="DataToScriptableObject.Tests.Editor.TypeInferenceTests" runstate="Runnable" seed="1512712484" result="Passed" start-time="2026-02-07 23:26:11Z" end-time="2026-02-07 23:26:11Z" duration="0.000072" asserts="0">
                <properties>
                  <property name="retryIteration" value="0" />
                  <property name="repeatIteration" value="0" />
                </properties>
              </test-case>
              <test-case id="1452" name="TestMixedEmptyAndInt" fullname="DataToScriptableObject.Tests.Editor.TypeInferenceTests.TestMixedEmptyAndInt" methodname="TestMixedEmptyAndInt" classname="DataToScriptableObject.Tests.Editor.TypeInferenceTests" runstate="Runnable" seed="1184385101" result="Passed" start-time="2026-02-07 23:26:11Z" end-time="2026-02-07 23:26:11Z" duration="0.000094" asserts="0">
                <properties>
                  <property name="retryIteration" value="0" />
                  <property name="repeatIteration" value="0" />
                </properties>
              </test-case>
              <test-case id="1471" name="TestMixedEmptyAndNumbers" fullname="DataToScriptableObject.Tests.Editor.TypeInferenceTests.TestMixedEmptyAndNumbers" methodname="TestMixedEmptyAndNumbers" classname="DataToScriptableObject.Tests.Editor.TypeInferenceTests" runstate="Runnable" seed="1892774632" result="Passed" start-time="2026-02-07 23:26:11Z" end-time="2026-02-07 23:26:11Z" duration="0.000094" asserts="0">
                <properties>
                  <property name="retryIteration" value="0" />
                  <property name="repeatIteration" value="0" />
                </properties>
              </test-case>
              <test-case id="1445" name="TestMixedIntFloat" fullname="DataToScriptableObject.Tests.Editor.TypeInferenceTests.TestMixedIntFloat" methodname="TestMixedIntFloat" classname="DataToScriptableObject.Tests.Editor.TypeInferenceTests" runstate="Runnable" seed="2090271163" result="Passed" start-time="2026-02-07 23:26:11Z" end-time="2026-02-07 23:26:11Z" duration="0.000088" asserts="0">
                <properties>
                  <property name="retryIteration" value="0" />
                  <property name="repeatIteration" value="0" />
                </properties>
              </test-case>
              <test-case id="1464" name="TestMixedTrueFalseYesNo" fullname="DataToScriptableObject.Tests.Editor.TypeInferenceTests.TestMixedTrueFalseYesNo" methodname="TestMixedTrueFalseYesNo" classname="DataToScriptableObject.Tests.Editor.TypeInferenceTests" runstate="Runnable" seed="1994088750" result="Passed" start-time="2026-02-07 23:26:11Z" end-time="2026-02-07 23:26:11Z" duration="0.000079" asserts="0">
                <properties>
                  <property name="retryIteration" value="0" />
                  <property name="repeatIteration" value="0" />
                </properties>
              </test-case>
              <test-case id="1475" name="TestMixedValidInvalid" fullname="DataToScriptableObject.Tests.Editor.TypeInferenceTests.TestMixedValidInvalid" methodname="TestMixedValidInvalid" classname="DataToScriptableObject.Tests.Editor.TypeInferenceTests" runstate="Runnable" seed="537559270" result="Passed" start-time="2026-02-07 23:26:11Z" end-time="2026-02-07 23:26:11Z" duration="0.000167" asserts="0">
                <properties>
                  <property name="retryIteration" value="0" />
                  <property name="repeatIteration" value="0" />
                </properties>
              </test-case>
              <test-case id="1463" name="TestMixedYesNo" fullname="DataToScriptableObject.Tests.Editor.TypeInferenceTests.TestMixedYesNo" methodname="TestMixedYesNo" classname="DataToScriptableObject.Tests.Editor.TypeInferenceTests" runstate="Runnable" seed="787784482" result="Passed" start-time="2026-02-07 23:26:11Z" end-time="2026-02-07 23:26:11Z" duration="0.000089" asserts="0">
                <properties>
                  <property name="retryIteration" value="0" />
                  <property name="repeatIteration" value="0" />
                </properties>
              </test-case>
              <test-case id="1456" name="TestNegativeFloats" fullname="DataToScriptableObject.Tests.Editor.TypeInferenceTests.TestNegativeFloats" methodname="TestNegativeFloats" classname="DataToScriptableObject.Tests.Editor.TypeInferenceTests" runstate="Runnable" seed="1936453059" result="Passed" start-time="2026-02-07 23:26:11Z" end-time="2026-02-07 23:26:11Z" duration="0.000078" asserts="0">
                <properties>
                  <property name="retryIteration" value="0" />
                  <property name="repeatIteration" value="0" />
                </properties>
              </test-case>
              <test-case id="1454" name="TestNegativeInts" fullname="DataToScriptableObject.Tests.Editor.TypeInferenceTests.TestNegativeInts" methodname="TestNegativeInts" classname="DataToScriptableObject.Tests.Editor.TypeInferenceTests" runstate="Runnable" seed="1358075500" result="Passed" start-time="2026-02-07 23:26:11Z" end-time="2026-02-07 23:26:11Z" duration="0.000081" asserts="0">
                <properties>
                  <property name="retryIteration" value="0" />
                  <property name="repeatIteration" value="0" />
                </properties>
              </test-case>
              <test-case id="1467" name="TestNullArray" fullname="DataToScriptableObject.Tests.Editor.TypeInferenceTests.TestNullArray" methodname="TestNullArray" classname="DataToScriptableObject.Tests.Editor.TypeInferenceTests" runstate="Runnable" seed="318512140" result="Passed" start-time="2026-02-07 23:26:11Z" end-time="2026-02-07 23:26:11Z" duration="0.000078" asserts="0">
                <properties>
                  <property name="retryIteration" value="0" />
                  <property name="repeatIteration" value="0" />
                </properties>
              </test-case>
              <test-case id="1465" name="TestNumericBoolsAsInts" fullname="DataToScriptableObject.Tests.Editor.TypeInferenceTests.TestNumericBoolsAsInts" methodname="TestNumericBoolsAsInts" classname="DataToScriptableObject.Tests.Editor.TypeInferenceTests" runstate="Runnable" seed="1400298570" result="Passed" start-time="2026-02-07 23:26:11Z" end-time="2026-02-07 23:26:11Z" duration="0.000074" asserts="0">
                <properties>
                  <property name="retryIteration" value="0" />
                  <property name="repeatIteration" value="0" />
                </properties>
              </test-case>
              <test-case id="1473" name="TestNumericStrings" fullname="DataToScriptableObject.Tests.Editor.TypeInferenceTests.TestNumericStrings" methodname="TestNumericStrings" classname="DataToScriptableObject.Tests.Editor.TypeInferenceTests" runstate="Runnable" seed="1098149449" result="Passed" start-time="2026-02-07 23:26:11Z" end-time="2026-02-07 23:26:11Z" duration="0.000078" asserts="0">
                <properties>
                  <property name="retryIteration" value="0" />
                  <property name="repeatIteration" value="0" />
                </properties>
              </test-case>
              <test-case id="1450" name="TestOneBadFloatFallsToString" fullname="DataToScriptableObject.Tests.Editor.TypeInferenceTests.TestOneBadFloatFallsToString" methodname="TestOneBadFloatFallsToString" classname="DataToScriptableObject.Tests.Editor.TypeInferenceTests" runstate="Runnable" seed="1068206183" result="Passed" start-time="2026-02-07 23:26:11Z" end-time="2026-02-07 23:26:11Z" duration="0.000072" asserts="0">
                <properties>
                  <property name="retryIteration" value="0" />
                  <property name="repeatIteration" value="0" />
                </properties>
              </test-case>
              <test-case id="1449" name="TestOneBadIntFallsToFloat" fullname="DataToScriptableObject.Tests.Editor.TypeInferenceTests.TestOneBadIntFallsToFloat" methodname="TestOneBadIntFallsToFloat" classname="DataToScriptableObject.Tests.Editor.TypeInferenceTests" runstate="Runnable" seed="2144320607" result="Passed" start-time="2026-02-07 23:26:11Z" end-time="2026-02-07 23:26:11Z" duration="0.000072" asserts="0">
                <properties>
                  <property name="retryIteration" value="0" />
                  <property name="repeatIteration" value="0" />
                </properties>
              </test-case>
              <test-case id="1457" name="TestScientificNotation" fullname="DataToScriptableObject.Tests.Editor.TypeInferenceTests.TestScientificNotation" methodname="TestScientificNotation" classname="DataToScriptableObject.Tests.Editor.TypeInferenceTests" runstate="Runnable" seed="1471639789" result="Passed" start-time="2026-02-07 23:26:11Z" end-time="2026-02-07 23:26:11Z" duration="0.000072" asserts="0">
                <properties>
                  <property name="retryIteration" value="0" />
                  <property name="repeatIteration" value="0" />
                </properties>
              </test-case>
              <test-case id="1472" name="TestSingleValue" fullname="DataToScriptableObject.Tests.Editor.TypeInferenceTests.TestSingleValue" methodname="TestSingleValue" classname="DataToScriptableObject.Tests.Editor.TypeInferenceTests" runstate="Runnable" seed="1724144440" result="Passed" start-time="2026-02-07 23:26:11Z" end-time="2026-02-07 23:26:11Z" duration="0.000112" asserts="0">
                <properties>
                  <property name="retryIteration" value="0" />
                  <property name="repeatIteration" value="0" />
                </properties>
              </test-case>
              <test-case id="1474" name="TestSpecialFloatValues" fullname="DataToScriptableObject.Tests.Editor.TypeInferenceTests.TestSpecialFloatValues" methodname="TestSpecialFloatValues" classname="DataToScriptableObject.Tests.Editor.TypeInferenceTests" runstate="Runnable" seed="1786129319" result="Passed" start-time="2026-02-07 23:26:11Z" end-time="2026-02-07 23:26:11Z" duration="0.000081" asserts="0">
                <properties>
                  <property name="retryIteration" value="0" />
                  <property name="repeatIteration" value="0" />
                </properties>
              </test-case>
              <test-case id="1453" name="TestStrings" fullname="DataToScriptableObject.Tests.Editor.TypeInferenceTests.TestStrings" methodname="TestStrings" classname="DataToScriptableObject.Tests.Editor.TypeInferenceTests" runstate="Runnable" seed="70511182" result="Passed" start-time="2026-02-07 23:26:11Z" end-time="2026-02-07 23:26:11Z" duration="0.000091" asserts="0">
                <properties>
                  <property name="retryIteration" value="0" />
                  <property name="repeatIteration" value="0" />
                </properties>
              </test-case>
              <test-case id="1459" name="TestZeroPointZero" fullname="DataToScriptableObject.Tests.Editor.TypeInferenceTests.TestZeroPointZero" methodname="TestZeroPointZero" classname="DataToScriptableObject.Tests.Editor.TypeInferenceTests" runstate="Runnable" seed="995245927" result="Passed" start-time="2026-02-07 23:26:11Z" end-time="2026-02-07 23:26:11Z" duration="0.000076" asserts="0">
                <properties>
                  <property name="retryIteration" value="0" />
                  <property name="repeatIteration" value="0" />
                </properties>
              </test-case>
              <test-case id="1458" name="TestZeroValues" fullname="DataToScriptableObject.Tests.Editor.TypeInferenceTests.TestZeroValues" methodname="TestZeroValues" classname="DataToScriptableObject.Tests.Editor.TypeInferenceTests" runstate="Runnable" seed="1928858800" result="Passed" start-time="2026-02-07 23:26:11Z" end-time="2026-02-07 23:26:11Z" duration="0.000070" asserts="0">
                <properties>
                  <property name="retryIteration" value="0" />
                  <property name="repeatIteration" value="0" />
                </properties>
                <output><![CDATA[Saving results to: C:/Users/tremo/AppData/LocalLow/DefaultCompany/Package Dev\TestResults.xml
]]></output>
              </test-case>
            </test-suite>
          </test-suite>
        </test-suite>
      </test-suite>
    </test-suite>
  </test-suite>
</test-run>