<?xml version="1.0" encoding="utf-8"?>
<test-run id="2" testcasecount="91" result="Failed(Child)" total="91" passed="84" failed="7" inconclusive="0" skipped="0" asserts="0" engine-version="3.5.0.0" clr-version="4.0.30319.42000" start-time="2026-02-07 18:02:00Z" end-time="2026-02-07 18:02:00Z" duration="0.1525189">
  <test-suite type="TestSuite" id="1110" name="Package Dev" fullname="Package Dev" runstate="Runnable" testcasecount="91" result="Failed" site="Child" start-time="2026-02-07 18:02:00Z" end-time="2026-02-07 18:02:00Z" duration="0.152519" total="91" passed="84" failed="7" inconclusive="0" skipped="0" asserts="0">
    <properties>
      <property name="platform" value="EditMode" />
    </properties>
    <failure>
      <message><![CDATA[One or more child tests had errors]]></message>
    </failure>
    <test-suite type="Assembly" id="1099" name="DataToScriptableObject.Tests.Editor.dll" fullname="C:/Users/tremo/Documents/GitHub/Package Dev/Library/ScriptAssemblies/DataToScriptableObject.Tests.Editor.dll" runstate="Runnable" testcasecount="91" result="Failed" site="Child" start-time="2026-02-07 18:02:00Z" end-time="2026-02-07 18:02:00Z" duration="0.145180" total="91" passed="84" failed="7" inconclusive="0" skipped="0" asserts="0">
      <properties>
        <property name="_PID" value="24876" />
        <property name="_APPDOMAIN" value="Unity Child Domain" />
        <property name="platform" value="EditMode" />
        <property name="EditorOnly" value="True" />
      </properties>
      <failure>
        <message><![CDATA[One or more child tests had errors]]></message>
      </failure>
      <test-suite type="TestSuite" id="1100" name="DataToScriptableObject" fullname="DataToScriptableObject" runstate="Runnable" testcasecount="91" result="Failed" site="Child" start-time="2026-02-07 18:02:00Z" end-time="2026-02-07 18:02:00Z" duration="0.144655" total="91" passed="84" failed="7" inconclusive="0" skipped="0" asserts="0">
        <properties />
        <failure>
          <message><![CDATA[One or more child tests had errors]]></message>
        </failure>
        <test-suite type="TestSuite" id="1101" name="Tests" fullname="DataToScriptableObject.Tests" runstate="Runnable" testcasecount="91" result="Failed" site="Child" start-time="2026-02-07 18:02:00Z" end-time="2026-02-07 18:02:00Z" duration="0.144337" total="91" passed="84" failed="7" inconclusive="0" skipped="0" asserts="0">
          <properties />
          <failure>
            <message><![CDATA[One or more child tests had errors]]></message>
          </failure>
          <test-suite type="TestSuite" id="1102" name="Editor" fullname="DataToScriptableObject.Tests.Editor" runstate="Runnable" testcasecount="91" result="Failed" site="Child" start-time="2026-02-07 18:02:00Z" end-time="2026-02-07 18:02:00Z" duration="0.143982" total="91" passed="84" failed="7" inconclusive="0" skipped="0" asserts="0">
            <properties />
            <failure>
              <message><![CDATA[One or more child tests had errors]]></message>
            </failure>
            <test-suite type="TestFixture" id="1001" name="CodeGeneratorTests" fullname="DataToScriptableObject.Tests.Editor.CodeGeneratorTests" classname="DataToScriptableObject.Tests.Editor.CodeGeneratorTests" runstate="Runnable" testcasecount="12" result="Passed" start-time="2026-02-07 18:02:00Z" end-time="2026-02-07 18:02:00Z" duration="0.021274" total="12" passed="12" failed="0" inconclusive="0" skipped="0" asserts="0">
              <properties />
              <test-case id="1006" name="TestArrayGeneration" fullname="DataToScriptableObject.Tests.Editor.CodeGeneratorTests.TestArrayGeneration" methodname="TestArrayGeneration" classname="DataToScriptableObject.Tests.Editor.CodeGeneratorTests" runstate="Runnable" seed="1680622644" result="Passed" start-time="2026-02-07 18:02:00Z" end-time="2026-02-07 18:02:00Z" duration="0.009171" asserts="0">
                <properties>
                  <property name="retryIteration" value="0" />
                  <property name="repeatIteration" value="0" />
                </properties>
              </test-case>
              <test-case id="1012" name="TestAutoGeneratedHeader" fullname="DataToScriptableObject.Tests.Editor.CodeGeneratorTests.TestAutoGeneratedHeader" methodname="TestAutoGeneratedHeader" classname="DataToScriptableObject.Tests.Editor.CodeGeneratorTests" runstate="Runnable" seed="623514414" result="Passed" start-time="2026-02-07 18:02:00Z" end-time="2026-02-07 18:02:00Z" duration="0.000147" asserts="0">
                <properties>
                  <property name="retryIteration" value="0" />
                  <property name="repeatIteration" value="0" />
                </properties>
              </test-case>
              <test-case id="1002" name="TestBasicGeneration" fullname="DataToScriptableObject.Tests.Editor.CodeGeneratorTests.TestBasicGeneration" methodname="TestBasicGeneration" classname="DataToScriptableObject.Tests.Editor.CodeGeneratorTests" runstate="Runnable" seed="1129250962" result="Passed" start-time="2026-02-07 18:02:00Z" end-time="2026-02-07 18:02:00Z" duration="0.000132" asserts="0">
                <properties>
                  <property name="retryIteration" value="0" />
                  <property name="repeatIteration" value="0" />
                </properties>
              </test-case>
              <test-case id="1011" name="TestCreateAssetMenu" fullname="DataToScriptableObject.Tests.Editor.CodeGeneratorTests.TestCreateAssetMenu" methodname="TestCreateAssetMenu" classname="DataToScriptableObject.Tests.Editor.CodeGeneratorTests" runstate="Runnable" seed="1244397473" result="Passed" start-time="2026-02-07 18:02:00Z" end-time="2026-02-07 18:02:00Z" duration="0.000090" asserts="0">
                <properties>
                  <property name="retryIteration" value="0" />
                  <property name="repeatIteration" value="0" />
                </properties>
              </test-case>
              <test-case id="1013" name="TestDatabaseClassGeneration" fullname="DataToScriptableObject.Tests.Editor.CodeGeneratorTests.TestDatabaseClassGeneration" methodname="TestDatabaseClassGeneration" classname="DataToScriptableObject.Tests.Editor.CodeGeneratorTests" runstate="Runnable" seed="1212497699" result="Passed" start-time="2026-02-07 18:02:00Z" end-time="2026-02-07 18:02:00Z" duration="0.000179" asserts="0">
                <properties>
                  <property name="retryIteration" value="0" />
                  <property name="repeatIteration" value="0" />
                </properties>
              </test-case>
              <test-case id="1007" name="TestEnumGeneration" fullname="DataToScriptableObject.Tests.Editor.CodeGeneratorTests.TestEnumGeneration" methodname="TestEnumGeneration" classname="DataToScriptableObject.Tests.Editor.CodeGeneratorTests" runstate="Runnable" seed="201223993" result="Passed" start-time="2026-02-07 18:02:00Z" end-time="2026-02-07 18:02:00Z" duration="0.000305" asserts="0">
                <properties>
                  <property name="retryIteration" value="0" />
                  <property name="repeatIteration" value="0" />
                </properties>
              </test-case>
              <test-case id="1005" name="TestListGeneration" fullname="DataToScriptableObject.Tests.Editor.CodeGeneratorTests.TestListGeneration" methodname="TestListGeneration" classname="DataToScriptableObject.Tests.Editor.CodeGeneratorTests" runstate="Runnable" seed="690879016" result="Passed" start-time="2026-02-07 18:02:00Z" end-time="2026-02-07 18:02:00Z" duration="0.000139" asserts="0">
                <properties>
                  <property name="retryIteration" value="0" />
                  <property name="repeatIteration" value="0" />
                </properties>
              </test-case>
              <test-case id="1003" name="TestNamespaceWrapping" fullname="DataToScriptableObject.Tests.Editor.CodeGeneratorTests.TestNamespaceWrapping" methodname="TestNamespaceWrapping" classname="DataToScriptableObject.Tests.Editor.CodeGeneratorTests" runstate="Runnable" seed="288476832" result="Passed" start-time="2026-02-07 18:02:00Z" end-time="2026-02-07 18:02:00Z" duration="0.000114" asserts="0">
                <properties>
                  <property name="retryIteration" value="0" />
                  <property name="repeatIteration" value="0" />
                </properties>
              </test-case>
              <test-case id="1008" name="TestRangeAttribute" fullname="DataToScriptableObject.Tests.Editor.CodeGeneratorTests.TestRangeAttribute" methodname="TestRangeAttribute" classname="DataToScriptableObject.Tests.Editor.CodeGeneratorTests" runstate="Runnable" seed="1283206818" result="Passed" start-time="2026-02-07 18:02:00Z" end-time="2026-02-07 18:02:00Z" duration="0.000121" asserts="0">
                <properties>
                  <property name="retryIteration" value="0" />
                  <property name="repeatIteration" value="0" />
                </properties>
              </test-case>
              <test-case id="1004" name="TestSerializableClassMode" fullname="DataToScriptableObject.Tests.Editor.CodeGeneratorTests.TestSerializableClassMode" methodname="TestSerializableClassMode" classname="DataToScriptableObject.Tests.Editor.CodeGeneratorTests" runstate="Runnable" seed="395966237" result="Passed" start-time="2026-02-07 18:02:00Z" end-time="2026-02-07 18:02:00Z" duration="0.000260" asserts="0">
                <properties>
                  <property name="retryIteration" value="0" />
                  <property name="repeatIteration" value="0" />
                </properties>
              </test-case>
              <test-case id="1010" name="TestSerializeFieldMode" fullname="DataToScriptableObject.Tests.Editor.CodeGeneratorTests.TestSerializeFieldMode" methodname="TestSerializeFieldMode" classname="DataToScriptableObject.Tests.Editor.CodeGeneratorTests" runstate="Runnable" seed="1961394882" result="Passed" start-time="2026-02-07 18:02:00Z" end-time="2026-02-07 18:02:00Z" duration="0.000095" asserts="0">
                <properties>
                  <property name="retryIteration" value="0" />
                  <property name="repeatIteration" value="0" />
                </properties>
              </test-case>
              <test-case id="1009" name="TestTooltipAttribute" fullname="DataToScriptableObject.Tests.Editor.CodeGeneratorTests.TestTooltipAttribute" methodname="TestTooltipAttribute" classname="DataToScriptableObject.Tests.Editor.CodeGeneratorTests" runstate="Runnable" seed="1414065606" result="Passed" start-time="2026-02-07 18:02:00Z" end-time="2026-02-07 18:02:00Z" duration="0.000103" asserts="0">
                <properties>
                  <property name="retryIteration" value="0" />
                  <property name="repeatIteration" value="0" />
                </properties>
              </test-case>
            </test-suite>
            <test-suite type="TestFixture" id="1014" name="CSVReaderTests" fullname="DataToScriptableObject.Tests.Editor.CSVReaderTests" classname="DataToScriptableObject.Tests.Editor.CSVReaderTests" runstate="Runnable" testcasecount="16" result="Failed" site="Child" start-time="2026-02-07 18:02:00Z" end-time="2026-02-07 18:02:00Z" duration="0.036370" total="16" passed="13" failed="3" inconclusive="0" skipped="0" asserts="0">
              <properties />
              <failure>
                <message><![CDATA[One or more child tests had errors]]></message>
              </failure>
              <test-case id="1018" name="TestAutoDetectComma" fullname="DataToScriptableObject.Tests.Editor.CSVReaderTests.TestAutoDetectComma" methodname="TestAutoDetectComma" classname="DataToScriptableObject.Tests.Editor.CSVReaderTests" runstate="Runnable" seed="1646706237" result="Passed" start-time="2026-02-07 18:02:00Z" end-time="2026-02-07 18:02:00Z" duration="0.006433" asserts="0">
                <properties>
                  <property name="retryIteration" value="0" />
                  <property name="repeatIteration" value="0" />
                </properties>
              </test-case>
              <test-case id="1019" name="TestAutoDetectSemicolon" fullname="DataToScriptableObject.Tests.Editor.CSVReaderTests.TestAutoDetectSemicolon" methodname="TestAutoDetectSemicolon" classname="DataToScriptableObject.Tests.Editor.CSVReaderTests" runstate="Runnable" seed="2028173809" result="Passed" start-time="2026-02-07 18:02:00Z" end-time="2026-02-07 18:02:00Z" duration="0.003358" asserts="0">
                <properties>
                  <property name="retryIteration" value="0" />
                  <property name="repeatIteration" value="0" />
                </properties>
              </test-case>
              <test-case id="1023" name="TestBOMStripped" fullname="DataToScriptableObject.Tests.Editor.CSVReaderTests.TestBOMStripped" methodname="TestBOMStripped" classname="DataToScriptableObject.Tests.Editor.CSVReaderTests" runstate="Runnable" seed="605423932" result="Passed" start-time="2026-02-07 18:02:00Z" end-time="2026-02-07 18:02:00Z" duration="0.000185" asserts="0">
                <properties>
                  <property name="retryIteration" value="0" />
                  <property name="repeatIteration" value="0" />
                </properties>
              </test-case>
              <test-case id="1024" name="TestCommentLinesSkipped" fullname="DataToScriptableObject.Tests.Editor.CSVReaderTests.TestCommentLinesSkipped" methodname="TestCommentLinesSkipped" classname="DataToScriptableObject.Tests.Editor.CSVReaderTests" runstate="Runnable" seed="1726282890" result="Passed" start-time="2026-02-07 18:02:00Z" end-time="2026-02-07 18:02:00Z" duration="0.000122" asserts="0">
                <properties>
                  <property name="retryIteration" value="0" />
                  <property name="repeatIteration" value="0" />
                </properties>
              </test-case>
              <test-case id="1025" name="TestDirectivesParsed" fullname="DataToScriptableObject.Tests.Editor.CSVReaderTests.TestDirectivesParsed" methodname="TestDirectivesParsed" classname="DataToScriptableObject.Tests.Editor.CSVReaderTests" runstate="Runnable" seed="1928903385" result="Failed" start-time="2026-02-07 18:02:00Z" end-time="2026-02-07 18:02:00Z" duration="0.003661" asserts="0">
                <properties>
                  <property name="retryIteration" value="0" />
                  <property name="repeatIteration" value="0" />
                </properties>
                <failure>
                  <message><![CDATA[  Expected: 2
  But was:  0
]]></message>
                  <stack-trace><![CDATA[at DataToScriptableObject.Tests.Editor.CSVReaderTests.TestDirectivesParsed () [0x00016] in .\Packages\so-database-converter\Tests\Editor\CSVReaderTests.cs:122
]]></stack-trace>
                </failure>
              </test-case>
              <test-case id="1026" name="TestEmptyFile" fullname="DataToScriptableObject.Tests.Editor.CSVReaderTests.TestEmptyFile" methodname="TestEmptyFile" classname="DataToScriptableObject.Tests.Editor.CSVReaderTests" runstate="Runnable" seed="2139755394" result="Passed" start-time="2026-02-07 18:02:00Z" end-time="2026-02-07 18:02:00Z" duration="0.000244" asserts="0">
                <properties>
                  <property name="retryIteration" value="0" />
                  <property name="repeatIteration" value="0" />
                </properties>
              </test-case>
              <test-case id="1030" name="TestEmptyRowsSkipped" fullname="DataToScriptableObject.Tests.Editor.CSVReaderTests.TestEmptyRowsSkipped" methodname="TestEmptyRowsSkipped" classname="DataToScriptableObject.Tests.Editor.CSVReaderTests" runstate="Runnable" seed="1132116727" result="Passed" start-time="2026-02-07 18:02:00Z" end-time="2026-02-07 18:02:00Z" duration="0.000138" asserts="0">
                <properties>
                  <property name="retryIteration" value="0" />
                  <property name="repeatIteration" value="0" />
                </properties>
              </test-case>
              <test-case id="1022" name="TestEscapedDoubleQuotes" fullname="DataToScriptableObject.Tests.Editor.CSVReaderTests.TestEscapedDoubleQuotes" methodname="TestEscapedDoubleQuotes" classname="DataToScriptableObject.Tests.Editor.CSVReaderTests" runstate="Runnable" seed="806246218" result="Failed" start-time="2026-02-07 18:02:00Z" end-time="2026-02-07 18:02:00Z" duration="0.000200" asserts="0">
                <properties>
                  <property name="retryIteration" value="0" />
                  <property name="repeatIteration" value="0" />
                </properties>
                <failure>
                  <message><![CDATA[  Expected: 1
  But was:  0
]]></message>
                  <stack-trace><![CDATA[at DataToScriptableObject.Tests.Editor.CSVReaderTests.TestEscapedDoubleQuotes () [0x00016] in .\Packages\so-database-converter\Tests\Editor\CSVReaderTests.cs:92
]]></stack-trace>
                </failure>
              </test-case>
              <test-case id="1029" name="TestMacLineEndings" fullname="DataToScriptableObject.Tests.Editor.CSVReaderTests.TestMacLineEndings" methodname="TestMacLineEndings" classname="DataToScriptableObject.Tests.Editor.CSVReaderTests" runstate="Runnable" seed="1745910398" result="Passed" start-time="2026-02-07 18:02:00Z" end-time="2026-02-07 18:02:00Z" duration="0.000106" asserts="0">
                <properties>
                  <property name="retryIteration" value="0" />
                  <property name="repeatIteration" value="0" />
                </properties>
              </test-case>
              <test-case id="1027" name="TestMismatchedColumns" fullname="DataToScriptableObject.Tests.Editor.CSVReaderTests.TestMismatchedColumns" methodname="TestMismatchedColumns" classname="DataToScriptableObject.Tests.Editor.CSVReaderTests" runstate="Runnable" seed="1811779305" result="Passed" start-time="2026-02-07 18:02:00Z" end-time="2026-02-07 18:02:00Z" duration="0.000095" asserts="0">
                <properties>
                  <property name="retryIteration" value="0" />
                  <property name="repeatIteration" value="0" />
                </properties>
              </test-case>
              <test-case id="1015" name="TestParseBasicCSV" fullname="DataToScriptableObject.Tests.Editor.CSVReaderTests.TestParseBasicCSV" methodname="TestParseBasicCSV" classname="DataToScriptableObject.Tests.Editor.CSVReaderTests" runstate="Runnable" seed="2031451523" result="Failed" start-time="2026-02-07 18:02:00Z" end-time="2026-02-07 18:02:00Z" duration="0.000839" asserts="0">
                <properties>
                  <property name="retryIteration" value="0" />
                  <property name="repeatIteration" value="0" />
                </properties>
                <failure>
                  <message><![CDATA[  Expected string length 1 but was 0. Strings differ at index 0.
  Expected: "a"
  But was:  <string.Empty>
  -----------^
]]></message>
                  <stack-trace><![CDATA[at DataToScriptableObject.Tests.Editor.CSVReaderTests.TestParseBasicCSV () [0x0002e] in .\Packages\so-database-converter\Tests\Editor\CSVReaderTests.cs:16
]]></stack-trace>
                </failure>
              </test-case>
              <test-case id="1016" name="TestParseSemicolonDelimiter" fullname="DataToScriptableObject.Tests.Editor.CSVReaderTests.TestParseSemicolonDelimiter" methodname="TestParseSemicolonDelimiter" classname="DataToScriptableObject.Tests.Editor.CSVReaderTests" runstate="Runnable" seed="993435482" result="Passed" start-time="2026-02-07 18:02:00Z" end-time="2026-02-07 18:02:00Z" duration="0.000131" asserts="0">
                <properties>
                  <property name="retryIteration" value="0" />
                  <property name="repeatIteration" value="0" />
                </properties>
              </test-case>
              <test-case id="1017" name="TestParseTabDelimiter" fullname="DataToScriptableObject.Tests.Editor.CSVReaderTests.TestParseTabDelimiter" methodname="TestParseTabDelimiter" classname="DataToScriptableObject.Tests.Editor.CSVReaderTests" runstate="Runnable" seed="235073996" result="Passed" start-time="2026-02-07 18:02:00Z" end-time="2026-02-07 18:02:00Z" duration="0.000091" asserts="0">
                <properties>
                  <property name="retryIteration" value="0" />
                  <property name="repeatIteration" value="0" />
                </properties>
              </test-case>
              <test-case id="1020" name="TestQuotedFieldWithComma" fullname="DataToScriptableObject.Tests.Editor.CSVReaderTests.TestQuotedFieldWithComma" methodname="TestQuotedFieldWithComma" classname="DataToScriptableObject.Tests.Editor.CSVReaderTests" runstate="Runnable" seed="1879215788" result="Passed" start-time="2026-02-07 18:02:00Z" end-time="2026-02-07 18:02:00Z" duration="0.000092" asserts="0">
                <properties>
                  <property name="retryIteration" value="0" />
                  <property name="repeatIteration" value="0" />
                </properties>
              </test-case>
              <test-case id="1021" name="TestQuotedFieldWithNewline" fullname="DataToScriptableObject.Tests.Editor.CSVReaderTests.TestQuotedFieldWithNewline" methodname="TestQuotedFieldWithNewline" classname="DataToScriptableObject.Tests.Editor.CSVReaderTests" runstate="Runnable" seed="483928029" result="Passed" start-time="2026-02-07 18:02:00Z" end-time="2026-02-07 18:02:00Z" duration="0.000087" asserts="0">
                <properties>
                  <property name="retryIteration" value="0" />
                  <property name="repeatIteration" value="0" />
                </properties>
              </test-case>
              <test-case id="1028" name="TestWindowsLineEndings" fullname="DataToScriptableObject.Tests.Editor.CSVReaderTests.TestWindowsLineEndings" methodname="TestWindowsLineEndings" classname="DataToScriptableObject.Tests.Editor.CSVReaderTests" runstate="Runnable" seed="591893567" result="Passed" start-time="2026-02-07 18:02:00Z" end-time="2026-02-07 18:02:00Z" duration="0.000071" asserts="0">
                <properties>
                  <property name="retryIteration" value="0" />
                  <property name="repeatIteration" value="0" />
                </properties>
              </test-case>
            </test-suite>
            <test-suite type="TestFixture" id="1031" name="GoogleSheetsURLParserTests" fullname="DataToScriptableObject.Tests.Editor.GoogleSheetsURLParserTests" classname="DataToScriptableObject.Tests.Editor.GoogleSheetsURLParserTests" runstate="Runnable" testcasecount="11" result="Passed" start-time="2026-02-07 18:02:00Z" end-time="2026-02-07 18:02:00Z" duration="0.009665" total="11" passed="11" failed="0" inconclusive="0" skipped="0" asserts="0">
              <properties />
              <test-case id="1042" name="TestBuildExportURL" fullname="DataToScriptableObject.Tests.Editor.GoogleSheetsURLParserTests.TestBuildExportURL" methodname="TestBuildExportURL" classname="DataToScriptableObject.Tests.Editor.GoogleSheetsURLParserTests" runstate="Runnable" seed="1257249762" result="Passed" start-time="2026-02-07 18:02:00Z" end-time="2026-02-07 18:02:00Z" duration="0.000490" asserts="0">
                <properties>
                  <property name="retryIteration" value="0" />
                  <property name="repeatIteration" value="0" />
                </properties>
              </test-case>
              <test-case id="1040" name="TestEmptyString" fullname="DataToScriptableObject.Tests.Editor.GoogleSheetsURLParserTests.TestEmptyString" methodname="TestEmptyString" classname="DataToScriptableObject.Tests.Editor.GoogleSheetsURLParserTests" runstate="Runnable" seed="871592669" result="Passed" start-time="2026-02-07 18:02:00Z" end-time="2026-02-07 18:02:00Z" duration="0.000301" asserts="0">
                <properties>
                  <property name="retryIteration" value="0" />
                  <property name="repeatIteration" value="0" />
                </properties>
              </test-case>
              <test-case id="1039" name="TestInvalidURL" fullname="DataToScriptableObject.Tests.Editor.GoogleSheetsURLParserTests.TestInvalidURL" methodname="TestInvalidURL" classname="DataToScriptableObject.Tests.Editor.GoogleSheetsURLParserTests" runstate="Runnable" seed="108117259" result="Passed" start-time="2026-02-07 18:02:00Z" end-time="2026-02-07 18:02:00Z" duration="0.001177" asserts="0">
                <properties>
                  <property name="retryIteration" value="0" />
                  <property name="repeatIteration" value="0" />
                </properties>
              </test-case>
              <test-case id="1041" name="TestNullString" fullname="DataToScriptableObject.Tests.Editor.GoogleSheetsURLParserTests.TestNullString" methodname="TestNullString" classname="DataToScriptableObject.Tests.Editor.GoogleSheetsURLParserTests" runstate="Runnable" seed="1120904108" result="Passed" start-time="2026-02-07 18:02:00Z" end-time="2026-02-07 18:02:00Z" duration="0.000206" asserts="0">
                <properties>
                  <property name="retryIteration" value="0" />
                  <property name="repeatIteration" value="0" />
                </properties>
              </test-case>
              <test-case id="1032" name="TestParseEditURL" fullname="DataToScriptableObject.Tests.Editor.GoogleSheetsURLParserTests.TestParseEditURL" methodname="TestParseEditURL" classname="DataToScriptableObject.Tests.Editor.GoogleSheetsURLParserTests" runstate="Runnable" seed="74345055" result="Passed" start-time="2026-02-07 18:02:00Z" end-time="2026-02-07 18:02:00Z" duration="0.000133" asserts="0">
                <properties>
                  <property name="retryIteration" value="0" />
                  <property name="repeatIteration" value="0" />
                </properties>
              </test-case>
              <test-case id="1035" name="TestParseExportURL" fullname="DataToScriptableObject.Tests.Editor.GoogleSheetsURLParserTests.TestParseExportURL" methodname="TestParseExportURL" classname="DataToScriptableObject.Tests.Editor.GoogleSheetsURLParserTests" runstate="Runnable" seed="1413709756" result="Passed" start-time="2026-02-07 18:02:00Z" end-time="2026-02-07 18:02:00Z" duration="0.000101" asserts="0">
                <properties>
                  <property name="retryIteration" value="0" />
                  <property name="repeatIteration" value="0" />
                </properties>
              </test-case>
              <test-case id="1037" name="TestParseGIDFromFragment" fullname="DataToScriptableObject.Tests.Editor.GoogleSheetsURLParserTests.TestParseGIDFromFragment" methodname="TestParseGIDFromFragment" classname="DataToScriptableObject.Tests.Editor.GoogleSheetsURLParserTests" runstate="Runnable" seed="2070217676" result="Passed" start-time="2026-02-07 18:02:00Z" end-time="2026-02-07 18:02:00Z" duration="0.000090" asserts="0">
                <properties>
                  <property name="retryIteration" value="0" />
                  <property name="repeatIteration" value="0" />
                </properties>
              </test-case>
              <test-case id="1038" name="TestParseGIDFromQuery" fullname="DataToScriptableObject.Tests.Editor.GoogleSheetsURLParserTests.TestParseGIDFromQuery" methodname="TestParseGIDFromQuery" classname="DataToScriptableObject.Tests.Editor.GoogleSheetsURLParserTests" runstate="Runnable" seed="1851571497" result="Passed" start-time="2026-02-07 18:02:00Z" end-time="2026-02-07 18:02:00Z" duration="0.000106" asserts="0">
                <properties>
                  <property name="retryIteration" value="0" />
                  <property name="repeatIteration" value="0" />
                </properties>
              </test-case>
              <test-case id="1036" name="TestParseRawID" fullname="DataToScriptableObject.Tests.Editor.GoogleSheetsURLParserTests.TestParseRawID" methodname="TestParseRawID" classname="DataToScriptableObject.Tests.Editor.GoogleSheetsURLParserTests" runstate="Runnable" seed="1340368802" result="Passed" start-time="2026-02-07 18:02:00Z" end-time="2026-02-07 18:02:00Z" duration="0.000100" asserts="0">
                <properties>
                  <property name="retryIteration" value="0" />
                  <property name="repeatIteration" value="0" />
                </properties>
              </test-case>
              <test-case id="1033" name="TestParseShareURL" fullname="DataToScriptableObject.Tests.Editor.GoogleSheetsURLParserTests.TestParseShareURL" methodname="TestParseShareURL" classname="DataToScriptableObject.Tests.Editor.GoogleSheetsURLParserTests" runstate="Runnable" seed="1013848474" result="Passed" start-time="2026-02-07 18:02:00Z" end-time="2026-02-07 18:02:00Z" duration="0.000099" asserts="0">
                <properties>
                  <property name="retryIteration" value="0" />
                  <property name="repeatIteration" value="0" />
                </properties>
              </test-case>
              <test-case id="1034" name="TestParseShortURL" fullname="DataToScriptableObject.Tests.Editor.GoogleSheetsURLParserTests.TestParseShortURL" methodname="TestParseShortURL" classname="DataToScriptableObject.Tests.Editor.GoogleSheetsURLParserTests" runstate="Runnable" seed="1019098799" result="Passed" start-time="2026-02-07 18:02:00Z" end-time="2026-02-07 18:02:00Z" duration="0.000091" asserts="0">
                <properties>
                  <property name="retryIteration" value="0" />
                  <property name="repeatIteration" value="0" />
                </properties>
              </test-case>
            </test-suite>
            <test-suite type="TestFixture" id="1043" name="NameSanitizerTests" fullname="DataToScriptableObject.Tests.Editor.NameSanitizerTests" classname="DataToScriptableObject.Tests.Editor.NameSanitizerTests" runstate="Runnable" testcasecount="12" result="Passed" start-time="2026-02-07 18:02:00Z" end-time="2026-02-07 18:02:00Z" duration="0.016039" total="12" passed="12" failed="0" inconclusive="0" skipped="0" asserts="0">
              <properties />
              <test-case id="1046" name="TestAllCapsToLower" fullname="DataToScriptableObject.Tests.Editor.NameSanitizerTests.TestAllCapsToLower" methodname="TestAllCapsToLower" classname="DataToScriptableObject.Tests.Editor.NameSanitizerTests" runstate="Runnable" seed="206982398" result="Passed" start-time="2026-02-07 18:02:00Z" end-time="2026-02-07 18:02:00Z" duration="0.000672" asserts="0">
                <properties>
                  <property name="retryIteration" value="0" />
                  <property name="repeatIteration" value="0" />
                </properties>
              </test-case>
              <test-case id="1052" name="TestAlreadyCamel" fullname="DataToScriptableObject.Tests.Editor.NameSanitizerTests.TestAlreadyCamel" methodname="TestAlreadyCamel" classname="DataToScriptableObject.Tests.Editor.NameSanitizerTests" runstate="Runnable" seed="422089946" result="Passed" start-time="2026-02-07 18:02:00Z" end-time="2026-02-07 18:02:00Z" duration="0.000326" asserts="0">
                <properties>
                  <property name="retryIteration" value="0" />
                  <property name="repeatIteration" value="0" />
                </properties>
              </test-case>
              <test-case id="1051" name="TestEmpty" fullname="DataToScriptableObject.Tests.Editor.NameSanitizerTests.TestEmpty" methodname="TestEmpty" classname="DataToScriptableObject.Tests.Editor.NameSanitizerTests" runstate="Runnable" seed="1268308983" result="Passed" start-time="2026-02-07 18:02:00Z" end-time="2026-02-07 18:02:00Z" duration="0.000278" asserts="0">
                <properties>
                  <property name="retryIteration" value="0" />
                  <property name="repeatIteration" value="0" />
                </properties>
              </test-case>
              <test-case id="1055" name="TestFileNameLength" fullname="DataToScriptableObject.Tests.Editor.NameSanitizerTests.TestFileNameLength" methodname="TestFileNameLength" classname="DataToScriptableObject.Tests.Editor.NameSanitizerTests" runstate="Runnable" seed="174178420" result="Passed" start-time="2026-02-07 18:02:00Z" end-time="2026-02-07 18:02:00Z" duration="0.001078" asserts="0">
                <properties>
                  <property name="retryIteration" value="0" />
                  <property name="repeatIteration" value="0" />
                </properties>
              </test-case>
              <test-case id="1053" name="TestFileNameSpaces" fullname="DataToScriptableObject.Tests.Editor.NameSanitizerTests.TestFileNameSpaces" methodname="TestFileNameSpaces" classname="DataToScriptableObject.Tests.Editor.NameSanitizerTests" runstate="Runnable" seed="1089270629" result="Passed" start-time="2026-02-07 18:02:00Z" end-time="2026-02-07 18:02:00Z" duration="0.000179" asserts="0">
                <properties>
                  <property name="retryIteration" value="0" />
                  <property name="repeatIteration" value="0" />
                </properties>
              </test-case>
              <test-case id="1054" name="TestFileNameSpecialChars" fullname="DataToScriptableObject.Tests.Editor.NameSanitizerTests.TestFileNameSpecialChars" methodname="TestFileNameSpecialChars" classname="DataToScriptableObject.Tests.Editor.NameSanitizerTests" runstate="Runnable" seed="192429454" result="Passed" start-time="2026-02-07 18:02:00Z" end-time="2026-02-07 18:02:00Z" duration="0.000136" asserts="0">
                <properties>
                  <property name="retryIteration" value="0" />
                  <property name="repeatIteration" value="0" />
                </properties>
              </test-case>
              <test-case id="1050" name="TestHyphen" fullname="DataToScriptableObject.Tests.Editor.NameSanitizerTests.TestHyphen" methodname="TestHyphen" classname="DataToScriptableObject.Tests.Editor.NameSanitizerTests" runstate="Runnable" seed="1653259271" result="Passed" start-time="2026-02-07 18:02:00Z" end-time="2026-02-07 18:02:00Z" duration="0.000268" asserts="0">
                <properties>
                  <property name="retryIteration" value="0" />
                  <property name="repeatIteration" value="0" />
                </properties>
              </test-case>
              <test-case id="1047" name="TestLeadingDigit" fullname="DataToScriptableObject.Tests.Editor.NameSanitizerTests.TestLeadingDigit" methodname="TestLeadingDigit" classname="DataToScriptableObject.Tests.Editor.NameSanitizerTests" runstate="Runnable" seed="1833026433" result="Passed" start-time="2026-02-07 18:02:00Z" end-time="2026-02-07 18:02:00Z" duration="0.000175" asserts="0">
                <properties>
                  <property name="retryIteration" value="0" />
                  <property name="repeatIteration" value="0" />
                </properties>
              </test-case>
              <test-case id="1048" name="TestReservedWord" fullname="DataToScriptableObject.Tests.Editor.NameSanitizerTests.TestReservedWord" methodname="TestReservedWord" classname="DataToScriptableObject.Tests.Editor.NameSanitizerTests" runstate="Runnable" seed="1575920924" result="Passed" start-time="2026-02-07 18:02:00Z" end-time="2026-02-07 18:02:00Z" duration="0.000227" asserts="0">
                <properties>
                  <property name="retryIteration" value="0" />
                  <property name="repeatIteration" value="0" />
                </properties>
              </test-case>
              <test-case id="1045" name="TestSnakeToCamel" fullname="DataToScriptableObject.Tests.Editor.NameSanitizerTests.TestSnakeToCamel" methodname="TestSnakeToCamel" classname="DataToScriptableObject.Tests.Editor.NameSanitizerTests" runstate="Runnable" seed="1450778314" result="Passed" start-time="2026-02-07 18:02:00Z" end-time="2026-02-07 18:02:00Z" duration="0.000287" asserts="0">
                <properties>
                  <property name="retryIteration" value="0" />
                  <property name="repeatIteration" value="0" />
                </properties>
              </test-case>
              <test-case id="1044" name="TestSpaceToCamel" fullname="DataToScriptableObject.Tests.Editor.NameSanitizerTests.TestSpaceToCamel" methodname="TestSpaceToCamel" classname="DataToScriptableObject.Tests.Editor.NameSanitizerTests" runstate="Runnable" seed="1036948334" result="Passed" start-time="2026-02-07 18:02:00Z" end-time="2026-02-07 18:02:00Z" duration="0.000211" asserts="0">
                <properties>
                  <property name="retryIteration" value="0" />
                  <property name="repeatIteration" value="0" />
                </properties>
              </test-case>
              <test-case id="1049" name="TestSpecialChars" fullname="DataToScriptableObject.Tests.Editor.NameSanitizerTests.TestSpecialChars" methodname="TestSpecialChars" classname="DataToScriptableObject.Tests.Editor.NameSanitizerTests" runstate="Runnable" seed="425146034" result="Passed" start-time="2026-02-07 18:02:00Z" end-time="2026-02-07 18:02:00Z" duration="0.000117" asserts="0">
                <properties>
                  <property name="retryIteration" value="0" />
                  <property name="repeatIteration" value="0" />
                </properties>
              </test-case>
            </test-suite>
            <test-suite type="TestFixture" id="1056" name="SchemaBuilderTests" fullname="DataToScriptableObject.Tests.Editor.SchemaBuilderTests" classname="DataToScriptableObject.Tests.Editor.SchemaBuilderTests" runstate="Runnable" testcasecount="12" result="Failed" site="Child" start-time="2026-02-07 18:02:00Z" end-time="2026-02-07 18:02:00Z" duration="0.027458" total="12" passed="8" failed="4" inconclusive="0" skipped="0" asserts="0">
              <properties />
              <failure>
                <message><![CDATA[One or more child tests had errors]]></message>
              </failure>
              <test-case id="1057" name="TestBasicThreeRowHeader" fullname="DataToScriptableObject.Tests.Editor.SchemaBuilderTests.TestBasicThreeRowHeader" methodname="TestBasicThreeRowHeader" classname="DataToScriptableObject.Tests.Editor.SchemaBuilderTests" runstate="Runnable" seed="1106535134" result="Passed" start-time="2026-02-07 18:02:00Z" end-time="2026-02-07 18:02:00Z" duration="0.004285" asserts="0">
                <properties>
                  <property name="retryIteration" value="0" />
                  <property name="repeatIteration" value="0" />
                </properties>
              </test-case>
              <test-case id="1065" name="TestDirectivesOverride" fullname="DataToScriptableObject.Tests.Editor.SchemaBuilderTests.TestDirectivesOverride" methodname="TestDirectivesOverride" classname="DataToScriptableObject.Tests.Editor.SchemaBuilderTests" runstate="Runnable" seed="874547005" result="Failed" start-time="2026-02-07 18:02:00Z" end-time="2026-02-07 18:02:00Z" duration="0.001185" asserts="0">
                <properties>
                  <property name="retryIteration" value="0" />
                  <property name="repeatIteration" value="0" />
                </properties>
                <failure>
                  <message><![CDATA[  Expected string length 6 but was 11. Strings differ at index 0.
  Expected: "MyName"
  But was:  "DefaultName"
  -----------^
]]></message>
                  <stack-trace><![CDATA[at DataToScriptableObject.Tests.Editor.SchemaBuilderTests.TestDirectivesOverride () [0x0002e] in .\Packages\so-database-converter\Tests\Editor\SchemaBuilderTests.cs:132
]]></stack-trace>
                </failure>
              </test-case>
              <test-case id="1066" name="TestDuplicateHeaders" fullname="DataToScriptableObject.Tests.Editor.SchemaBuilderTests.TestDuplicateHeaders" methodname="TestDuplicateHeaders" classname="DataToScriptableObject.Tests.Editor.SchemaBuilderTests" runstate="Runnable" seed="1186308508" result="Failed" start-time="2026-02-07 18:02:00Z" end-time="2026-02-07 18:02:00Z" duration="0.000742" asserts="0">
                <properties>
                  <property name="retryIteration" value="0" />
                  <property name="repeatIteration" value="0" />
                </properties>
                <failure>
                  <message><![CDATA[  Expected string length 1 but was 8. Strings differ at index 0.
  Expected: "a"
  But was:  "column_0"
  -----------^
]]></message>
                  <stack-trace><![CDATA[at DataToScriptableObject.Tests.Editor.SchemaBuilderTests.TestDuplicateHeaders () [0x00039] in .\Packages\so-database-converter\Tests\Editor\SchemaBuilderTests.cs:143
]]></stack-trace>
                </failure>
              </test-case>
              <test-case id="1067" name="TestEmptyHeader" fullname="DataToScriptableObject.Tests.Editor.SchemaBuilderTests.TestEmptyHeader" methodname="TestEmptyHeader" classname="DataToScriptableObject.Tests.Editor.SchemaBuilderTests" runstate="Runnable" seed="1165110882" result="Failed" start-time="2026-02-07 18:02:00Z" end-time="2026-02-07 18:02:00Z" duration="0.000417" asserts="0">
                <properties>
                  <property name="retryIteration" value="0" />
                  <property name="repeatIteration" value="0" />
                </properties>
                <failure>
                  <message><![CDATA[  Expected string length 8 but was 4. Strings differ at index 0.
  Expected: "column_0"
  But was:  "name"
  -----------^
]]></message>
                  <stack-trace><![CDATA[at DataToScriptableObject.Tests.Editor.SchemaBuilderTests.TestEmptyHeader () [0x00021] in .\Packages\so-database-converter\Tests\Editor\SchemaBuilderTests.cs:155
]]></stack-trace>
                </failure>
              </test-case>
              <test-case id="1060" name="TestEnumParsing" fullname="DataToScriptableObject.Tests.Editor.SchemaBuilderTests.TestEnumParsing" methodname="TestEnumParsing" classname="DataToScriptableObject.Tests.Editor.SchemaBuilderTests" runstate="Runnable" seed="1496365827" result="Failed" start-time="2026-02-07 18:02:00Z" end-time="2026-02-07 18:02:00Z" duration="0.000923" asserts="0">
                <properties>
                  <property name="retryIteration" value="0" />
                  <property name="repeatIteration" value="0" />
                </properties>
                <failure>
                  <message><![CDATA[  Expected: 3
  But was:  1
]]></message>
                  <stack-trace><![CDATA[at DataToScriptableObject.Tests.Editor.SchemaBuilderTests.TestEnumParsing () [0x00050] in .\Packages\so-database-converter\Tests\Editor\SchemaBuilderTests.cs:74
]]></stack-trace>
                </failure>
              </test-case>
              <test-case id="1064" name="TestKeyAndName" fullname="DataToScriptableObject.Tests.Editor.SchemaBuilderTests.TestKeyAndName" methodname="TestKeyAndName" classname="DataToScriptableObject.Tests.Editor.SchemaBuilderTests" runstate="Runnable" seed="551204899" result="Passed" start-time="2026-02-07 18:02:00Z" end-time="2026-02-07 18:02:00Z" duration="0.000212" asserts="0">
                <properties>
                  <property name="retryIteration" value="0" />
                  <property name="repeatIteration" value="0" />
                </properties>
              </test-case>
              <test-case id="1061" name="TestRangeParsing" fullname="DataToScriptableObject.Tests.Editor.SchemaBuilderTests.TestRangeParsing" methodname="TestRangeParsing" classname="DataToScriptableObject.Tests.Editor.SchemaBuilderTests" runstate="Runnable" seed="1223785715" result="Passed" start-time="2026-02-07 18:02:00Z" end-time="2026-02-07 18:02:00Z" duration="0.000305" asserts="0">
                <properties>
                  <property name="retryIteration" value="0" />
                  <property name="repeatIteration" value="0" />
                </properties>
              </test-case>
              <test-case id="1058" name="TestSingleRowHeader" fullname="DataToScriptableObject.Tests.Editor.SchemaBuilderTests.TestSingleRowHeader" methodname="TestSingleRowHeader" classname="DataToScriptableObject.Tests.Editor.SchemaBuilderTests" runstate="Runnable" seed="387433785" result="Passed" start-time="2026-02-07 18:02:00Z" end-time="2026-02-07 18:02:00Z" duration="0.000264" asserts="0">
                <properties>
                  <property name="retryIteration" value="0" />
                  <property name="repeatIteration" value="0" />
                </properties>
              </test-case>
              <test-case id="1063" name="TestSkipColumn" fullname="DataToScriptableObject.Tests.Editor.SchemaBuilderTests.TestSkipColumn" methodname="TestSkipColumn" classname="DataToScriptableObject.Tests.Editor.SchemaBuilderTests" runstate="Runnable" seed="1078906196" result="Passed" start-time="2026-02-07 18:02:00Z" end-time="2026-02-07 18:02:00Z" duration="0.000201" asserts="0">
                <properties>
                  <property name="retryIteration" value="0" />
                  <property name="repeatIteration" value="0" />
                </properties>
              </test-case>
              <test-case id="1062" name="TestTooltipParsing" fullname="DataToScriptableObject.Tests.Editor.SchemaBuilderTests.TestTooltipParsing" methodname="TestTooltipParsing" classname="DataToScriptableObject.Tests.Editor.SchemaBuilderTests" runstate="Runnable" seed="543077378" result="Passed" start-time="2026-02-07 18:02:00Z" end-time="2026-02-07 18:02:00Z" duration="0.000258" asserts="0">
                <properties>
                  <property name="retryIteration" value="0" />
                  <property name="repeatIteration" value="0" />
                </properties>
              </test-case>
              <test-case id="1059" name="TestTwoRowHeader" fullname="DataToScriptableObject.Tests.Editor.SchemaBuilderTests.TestTwoRowHeader" methodname="TestTwoRowHeader" classname="DataToScriptableObject.Tests.Editor.SchemaBuilderTests" runstate="Runnable" seed="1443082518" result="Passed" start-time="2026-02-07 18:02:00Z" end-time="2026-02-07 18:02:00Z" duration="0.000292" asserts="0">
                <properties>
                  <property name="retryIteration" value="0" />
                  <property name="repeatIteration" value="0" />
                </properties>
              </test-case>
              <test-case id="1068" name="TestUnrecognizedType" fullname="DataToScriptableObject.Tests.Editor.SchemaBuilderTests.TestUnrecognizedType" methodname="TestUnrecognizedType" classname="DataToScriptableObject.Tests.Editor.SchemaBuilderTests" runstate="Runnable" seed="193900492" result="Passed" start-time="2026-02-07 18:02:00Z" end-time="2026-02-07 18:02:00Z" duration="0.000410" asserts="0">
                <properties>
                  <property name="retryIteration" value="0" />
                  <property name="repeatIteration" value="0" />
                </properties>
              </test-case>
            </test-suite>
            <test-suite type="TestFixture" id="1069" name="TypeConverterTests" fullname="DataToScriptableObject.Tests.Editor.TypeConverterTests" classname="DataToScriptableObject.Tests.Editor.TypeConverterTests" runstate="Runnable" testcasecount="17" result="Passed" start-time="2026-02-07 18:02:00Z" end-time="2026-02-07 18:02:00Z" duration="0.025173" total="17" passed="17" failed="0" inconclusive="0" skipped="0" asserts="0">
              <properties />
              <test-case id="1086" name="TestNullHandling" fullname="DataToScriptableObject.Tests.Editor.TypeConverterTests.TestNullHandling" methodname="TestNullHandling" classname="DataToScriptableObject.Tests.Editor.TypeConverterTests" runstate="Runnable" seed="1068907607" result="Passed" start-time="2026-02-07 18:02:00Z" end-time="2026-02-07 18:02:00Z" duration="0.001941" asserts="0">
                <properties>
                  <property name="retryIteration" value="0" />
                  <property name="repeatIteration" value="0" />
                </properties>
              </test-case>
              <test-case id="1084" name="TestToArrayInt" fullname="DataToScriptableObject.Tests.Editor.TypeConverterTests.TestToArrayInt" methodname="TestToArrayInt" classname="DataToScriptableObject.Tests.Editor.TypeConverterTests" runstate="Runnable" seed="134005582" result="Passed" start-time="2026-02-07 18:02:00Z" end-time="2026-02-07 18:02:00Z" duration="0.000306" asserts="0">
                <properties>
                  <property name="retryIteration" value="0" />
                  <property name="repeatIteration" value="0" />
                </properties>
              </test-case>
              <test-case id="1085" name="TestToArrayString" fullname="DataToScriptableObject.Tests.Editor.TypeConverterTests.TestToArrayString" methodname="TestToArrayString" classname="DataToScriptableObject.Tests.Editor.TypeConverterTests" runstate="Runnable" seed="1391512030" result="Passed" start-time="2026-02-07 18:02:00Z" end-time="2026-02-07 18:02:00Z" duration="0.000402" asserts="0">
                <properties>
                  <property name="retryIteration" value="0" />
                  <property name="repeatIteration" value="0" />
                </properties>
              </test-case>
              <test-case id="1076" name="TestToBoolFalse" fullname="DataToScriptableObject.Tests.Editor.TypeConverterTests.TestToBoolFalse" methodname="TestToBoolFalse" classname="DataToScriptableObject.Tests.Editor.TypeConverterTests" runstate="Runnable" seed="1594707535" result="Passed" start-time="2026-02-07 18:02:00Z" end-time="2026-02-07 18:02:00Z" duration="0.000109" asserts="0">
                <properties>
                  <property name="retryIteration" value="0" />
                  <property name="repeatIteration" value="0" />
                </properties>
              </test-case>
              <test-case id="1075" name="TestToBoolTrue" fullname="DataToScriptableObject.Tests.Editor.TypeConverterTests.TestToBoolTrue" methodname="TestToBoolTrue" classname="DataToScriptableObject.Tests.Editor.TypeConverterTests" runstate="Runnable" seed="672245683" result="Passed" start-time="2026-02-07 18:02:00Z" end-time="2026-02-07 18:02:00Z" duration="0.000110" asserts="0">
                <properties>
                  <property name="retryIteration" value="0" />
                  <property name="repeatIteration" value="0" />
                </properties>
              </test-case>
              <test-case id="1080" name="TestToColorHex" fullname="DataToScriptableObject.Tests.Editor.TypeConverterTests.TestToColorHex" methodname="TestToColorHex" classname="DataToScriptableObject.Tests.Editor.TypeConverterTests" runstate="Runnable" seed="728304657" result="Passed" start-time="2026-02-07 18:02:00Z" end-time="2026-02-07 18:02:00Z" duration="0.000669" asserts="0">
                <properties>
                  <property name="retryIteration" value="0" />
                  <property name="repeatIteration" value="0" />
                </properties>
              </test-case>
              <test-case id="1081" name="TestToColorRGBA" fullname="DataToScriptableObject.Tests.Editor.TypeConverterTests.TestToColorRGBA" methodname="TestToColorRGBA" classname="DataToScriptableObject.Tests.Editor.TypeConverterTests" runstate="Runnable" seed="1163067886" result="Passed" start-time="2026-02-07 18:02:00Z" end-time="2026-02-07 18:02:00Z" duration="0.000125" asserts="0">
                <properties>
                  <property name="retryIteration" value="0" />
                  <property name="repeatIteration" value="0" />
                </properties>
              </test-case>
              <test-case id="1073" name="TestToFloat" fullname="DataToScriptableObject.Tests.Editor.TypeConverterTests.TestToFloat" methodname="TestToFloat" classname="DataToScriptableObject.Tests.Editor.TypeConverterTests" runstate="Runnable" seed="859379247" result="Passed" start-time="2026-02-07 18:02:00Z" end-time="2026-02-07 18:02:00Z" duration="0.000068" asserts="0">
                <properties>
                  <property name="retryIteration" value="0" />
                  <property name="repeatIteration" value="0" />
                </properties>
              </test-case>
              <test-case id="1074" name="TestToFloatInvariantCulture" fullname="DataToScriptableObject.Tests.Editor.TypeConverterTests.TestToFloatInvariantCulture" methodname="TestToFloatInvariantCulture" classname="DataToScriptableObject.Tests.Editor.TypeConverterTests" runstate="Runnable" seed="1481021948" result="Passed" start-time="2026-02-07 18:02:00Z" end-time="2026-02-07 18:02:00Z" duration="0.000059" asserts="0">
                <properties>
                  <property name="retryIteration" value="0" />
                  <property name="repeatIteration" value="0" />
                </properties>
              </test-case>
              <test-case id="1070" name="TestToInt" fullname="DataToScriptableObject.Tests.Editor.TypeConverterTests.TestToInt" methodname="TestToInt" classname="DataToScriptableObject.Tests.Editor.TypeConverterTests" runstate="Runnable" seed="1487000457" result="Passed" start-time="2026-02-07 18:02:00Z" end-time="2026-02-07 18:02:00Z" duration="0.000090" asserts="0">
                <properties>
                  <property name="retryIteration" value="0" />
                  <property name="repeatIteration" value="0" />
                </properties>
              </test-case>
              <test-case id="1071" name="TestToIntEmpty" fullname="DataToScriptableObject.Tests.Editor.TypeConverterTests.TestToIntEmpty" methodname="TestToIntEmpty" classname="DataToScriptableObject.Tests.Editor.TypeConverterTests" runstate="Runnable" seed="1155917690" result="Passed" start-time="2026-02-07 18:02:00Z" end-time="2026-02-07 18:02:00Z" duration="0.000066" asserts="0">
                <properties>
                  <property name="retryIteration" value="0" />
                  <property name="repeatIteration" value="0" />
                </properties>
              </test-case>
              <test-case id="1072" name="TestToIntInvalid" fullname="DataToScriptableObject.Tests.Editor.TypeConverterTests.TestToIntInvalid" methodname="TestToIntInvalid" classname="DataToScriptableObject.Tests.Editor.TypeConverterTests" runstate="Runnable" seed="2011738658" result="Passed" start-time="2026-02-07 18:02:00Z" end-time="2026-02-07 18:02:00Z" duration="0.001083" asserts="0">
                <properties>
                  <property name="retryIteration" value="0" />
                  <property name="repeatIteration" value="0" />
                </properties>
                <output><![CDATA[Failed to convert 'abc' to int. Using default: 0
]]></output>
              </test-case>
              <test-case id="1083" name="TestToStringEmpty" fullname="DataToScriptableObject.Tests.Editor.TypeConverterTests.TestToStringEmpty" methodname="TestToStringEmpty" classname="DataToScriptableObject.Tests.Editor.TypeConverterTests" runstate="Runnable" seed="518023849" result="Passed" start-time="2026-02-07 18:02:00Z" end-time="2026-02-07 18:02:00Z" duration="0.000111" asserts="0">
                <properties>
                  <property name="retryIteration" value="0" />
                  <property name="repeatIteration" value="0" />
                </properties>
              </test-case>
              <test-case id="1082" name="TestToStringNull" fullname="DataToScriptableObject.Tests.Editor.TypeConverterTests.TestToStringNull" methodname="TestToStringNull" classname="DataToScriptableObject.Tests.Editor.TypeConverterTests" runstate="Runnable" seed="2031844634" result="Passed" start-time="2026-02-07 18:02:00Z" end-time="2026-02-07 18:02:00Z" duration="0.000123" asserts="0">
                <properties>
                  <property name="retryIteration" value="0" />
                  <property name="repeatIteration" value="0" />
                </properties>
              </test-case>
              <test-case id="1077" name="TestToVector2" fullname="DataToScriptableObject.Tests.Editor.TypeConverterTests.TestToVector2" methodname="TestToVector2" classname="DataToScriptableObject.Tests.Editor.TypeConverterTests" runstate="Runnable" seed="933779254" result="Passed" start-time="2026-02-07 18:02:00Z" end-time="2026-02-07 18:02:00Z" duration="0.000103" asserts="0">
                <properties>
                  <property name="retryIteration" value="0" />
                  <property name="repeatIteration" value="0" />
                </properties>
              </test-case>
              <test-case id="1078" name="TestToVector2NoParen" fullname="DataToScriptableObject.Tests.Editor.TypeConverterTests.TestToVector2NoParen" methodname="TestToVector2NoParen" classname="DataToScriptableObject.Tests.Editor.TypeConverterTests" runstate="Runnable" seed="1703868016" result="Passed" start-time="2026-02-07 18:02:00Z" end-time="2026-02-07 18:02:00Z" duration="0.000072" asserts="0">
                <properties>
                  <property name="retryIteration" value="0" />
                  <property name="repeatIteration" value="0" />
                </properties>
              </test-case>
              <test-case id="1079" name="TestToVector3" fullname="DataToScriptableObject.Tests.Editor.TypeConverterTests.TestToVector3" methodname="TestToVector3" classname="DataToScriptableObject.Tests.Editor.TypeConverterTests" runstate="Runnable" seed="2114469771" result="Passed" start-time="2026-02-07 18:02:00Z" end-time="2026-02-07 18:02:00Z" duration="0.000089" asserts="0">
                <properties>
                  <property name="retryIteration" value="0" />
                  <property name="repeatIteration" value="0" />
                </properties>
              </test-case>
            </test-suite>
            <test-suite type="TestFixture" id="1087" name="TypeInferenceTests" fullname="DataToScriptableObject.Tests.Editor.TypeInferenceTests" classname="DataToScriptableObject.Tests.Editor.TypeInferenceTests" runstate="Runnable" testcasecount="11" result="Passed" start-time="2026-02-07 18:02:00Z" end-time="2026-02-07 18:02:00Z" duration="0.005564" total="11" passed="11" failed="0" inconclusive="0" skipped="0" asserts="0">
              <properties />
              <test-case id="1091" name="TestAllBools" fullname="DataToScriptableObject.Tests.Editor.TypeInferenceTests.TestAllBools" methodname="TestAllBools" classname="DataToScriptableObject.Tests.Editor.TypeInferenceTests" runstate="Runnable" seed="296133655" result="Passed" start-time="2026-02-07 18:02:00Z" end-time="2026-02-07 18:02:00Z" duration="0.000171" asserts="0">
                <properties>
                  <property name="retryIteration" value="0" />
                  <property name="repeatIteration" value="0" />
                </properties>
              </test-case>
              <test-case id="1096" name="TestAllEmpty" fullname="DataToScriptableObject.Tests.Editor.TypeInferenceTests.TestAllEmpty" methodname="TestAllEmpty" classname="DataToScriptableObject.Tests.Editor.TypeInferenceTests" runstate="Runnable" seed="668188438" result="Passed" start-time="2026-02-07 18:02:00Z" end-time="2026-02-07 18:02:00Z" duration="0.000106" asserts="0">
                <properties>
                  <property name="retryIteration" value="0" />
                  <property name="repeatIteration" value="0" />
                </properties>
              </test-case>
              <test-case id="1089" name="TestAllFloats" fullname="DataToScriptableObject.Tests.Editor.TypeInferenceTests.TestAllFloats" methodname="TestAllFloats" classname="DataToScriptableObject.Tests.Editor.TypeInferenceTests" runstate="Runnable" seed="1701405386" result="Passed" start-time="2026-02-07 18:02:00Z" end-time="2026-02-07 18:02:00Z" duration="0.000149" asserts="0">
                <properties>
                  <property name="retryIteration" value="0" />
                  <property name="repeatIteration" value="0" />
                </properties>
              </test-case>
              <test-case id="1088" name="TestAllInts" fullname="DataToScriptableObject.Tests.Editor.TypeInferenceTests.TestAllInts" methodname="TestAllInts" classname="DataToScriptableObject.Tests.Editor.TypeInferenceTests" runstate="Runnable" seed="980820706" result="Passed" start-time="2026-02-07 18:02:00Z" end-time="2026-02-07 18:02:00Z" duration="0.000088" asserts="0">
                <properties>
                  <property name="retryIteration" value="0" />
                  <property name="repeatIteration" value="0" />
                </properties>
              </test-case>
              <test-case id="1093" name="TestBoolWith01" fullname="DataToScriptableObject.Tests.Editor.TypeInferenceTests.TestBoolWith01" methodname="TestBoolWith01" classname="DataToScriptableObject.Tests.Editor.TypeInferenceTests" runstate="Runnable" seed="871156559" result="Passed" start-time="2026-02-07 18:02:00Z" end-time="2026-02-07 18:02:00Z" duration="0.000078" asserts="0">
                <properties>
                  <property name="retryIteration" value="0" />
                  <property name="repeatIteration" value="0" />
                </properties>
              </test-case>
              <test-case id="1092" name="TestBoolWithYesNo" fullname="DataToScriptableObject.Tests.Editor.TypeInferenceTests.TestBoolWithYesNo" methodname="TestBoolWithYesNo" classname="DataToScriptableObject.Tests.Editor.TypeInferenceTests" runstate="Runnable" seed="1975934425" result="Passed" start-time="2026-02-07 18:02:00Z" end-time="2026-02-07 18:02:00Z" duration="0.000089" asserts="0">
                <properties>
                  <property name="retryIteration" value="0" />
                  <property name="repeatIteration" value="0" />
                </properties>
              </test-case>
              <test-case id="1097" name="TestMixedEmptyAndInt" fullname="DataToScriptableObject.Tests.Editor.TypeInferenceTests.TestMixedEmptyAndInt" methodname="TestMixedEmptyAndInt" classname="DataToScriptableObject.Tests.Editor.TypeInferenceTests" runstate="Runnable" seed="1615698243" result="Passed" start-time="2026-02-07 18:02:00Z" end-time="2026-02-07 18:02:00Z" duration="0.000075" asserts="0">
                <properties>
                  <property name="retryIteration" value="0" />
                  <property name="repeatIteration" value="0" />
                </properties>
              </test-case>
              <test-case id="1090" name="TestMixedIntFloat" fullname="DataToScriptableObject.Tests.Editor.TypeInferenceTests.TestMixedIntFloat" methodname="TestMixedIntFloat" classname="DataToScriptableObject.Tests.Editor.TypeInferenceTests" runstate="Runnable" seed="1524390473" result="Passed" start-time="2026-02-07 18:02:00Z" end-time="2026-02-07 18:02:00Z" duration="0.000071" asserts="0">
                <properties>
                  <property name="retryIteration" value="0" />
                  <property name="repeatIteration" value="0" />
                </properties>
              </test-case>
              <test-case id="1095" name="TestOneBadFloatFallsToString" fullname="DataToScriptableObject.Tests.Editor.TypeInferenceTests.TestOneBadFloatFallsToString" methodname="TestOneBadFloatFallsToString" classname="DataToScriptableObject.Tests.Editor.TypeInferenceTests" runstate="Runnable" seed="2017490894" result="Passed" start-time="2026-02-07 18:02:00Z" end-time="2026-02-07 18:02:00Z" duration="0.000073" asserts="0">
                <properties>
                  <property name="retryIteration" value="0" />
                  <property name="repeatIteration" value="0" />
                </properties>
              </test-case>
              <test-case id="1094" name="TestOneBadIntFallsToFloat" fullname="DataToScriptableObject.Tests.Editor.TypeInferenceTests.TestOneBadIntFallsToFloat" methodname="TestOneBadIntFallsToFloat" classname="DataToScriptableObject.Tests.Editor.TypeInferenceTests" runstate="Runnable" seed="1755313058" result="Passed" start-time="2026-02-07 18:02:00Z" end-time="2026-02-07 18:02:00Z" duration="0.000084" asserts="0">
                <properties>
                  <property name="retryIteration" value="0" />
                  <property name="repeatIteration" value="0" />
                </properties>
              </test-case>
              <test-case id="1098" name="TestStrings" fullname="DataToScriptableObject.Tests.Editor.TypeInferenceTests.TestStrings" methodname="TestStrings" classname="DataToScriptableObject.Tests.Editor.TypeInferenceTests" runstate="Runnable" seed="1862456172" result="Passed" start-time="2026-02-07 18:02:00Z" end-time="2026-02-07 18:02:00Z" duration="0.000077" asserts="0">
                <properties>
                  <property name="retryIteration" value="0" />
                  <property name="repeatIteration" value="0" />
                </properties>
                <output><![CDATA[Saving results to: C:/Users/tremo/AppData/LocalLow/DefaultCompany/Package Dev\TestResults.xml
]]></output>
              </test-case>
            </test-suite>
          </test-suite>
        </test-suite>
      </test-suite>
    </test-suite>
  </test-suite>
</test-run>