<?xml version="1.0" encoding="utf-8"?>
<test-run id="2" testcasecount="91" result="Failed(Child)" total="91" passed="80" failed="11" inconclusive="0" skipped="0" asserts="0" engine-version="3.5.0.0" clr-version="4.0.30319.42000" start-time="2026-02-07 17:36:20Z" end-time="2026-02-07 17:36:20Z" duration="0.103396">
  <test-suite type="TestSuite" id="1110" name="Package Dev" fullname="Package Dev" runstate="Runnable" testcasecount="91" result="Failed" site="Child" start-time="2026-02-07 17:36:20Z" end-time="2026-02-07 17:36:20Z" duration="0.103396" total="91" passed="80" failed="11" inconclusive="0" skipped="0" asserts="0">
    <properties>
      <property name="platform" value="EditMode" />
    </properties>
    <failure>
      <message><![CDATA[One or more child tests had errors]]></message>
    </failure>
    <test-suite type="Assembly" id="1099" name="DataToScriptableObject.Tests.Editor.dll" fullname="C:/Users/tremo/Documents/GitHub/Package Dev/Library/ScriptAssemblies/DataToScriptableObject.Tests.Editor.dll" runstate="Runnable" testcasecount="91" result="Failed" site="Child" start-time="2026-02-07 17:36:20Z" end-time="2026-02-07 17:36:20Z" duration="0.096629" total="91" passed="80" failed="11" inconclusive="0" skipped="0" asserts="0">
      <properties>
        <property name="_PID" value="42148" />
        <property name="_APPDOMAIN" value="Unity Child Domain" />
        <property name="platform" value="EditMode" />
        <property name="EditorOnly" value="True" />
      </properties>
      <failure>
        <message><![CDATA[One or more child tests had errors]]></message>
      </failure>
      <test-suite type="TestSuite" id="1100" name="DataToScriptableObject" fullname="DataToScriptableObject" runstate="Runnable" testcasecount="91" result="Failed" site="Child" start-time="2026-02-07 17:36:20Z" end-time="2026-02-07 17:36:20Z" duration="0.096196" total="91" passed="80" failed="11" inconclusive="0" skipped="0" asserts="0">
        <properties />
        <failure>
          <message><![CDATA[One or more child tests had errors]]></message>
        </failure>
        <test-suite type="TestSuite" id="1101" name="Tests" fullname="DataToScriptableObject.Tests" runstate="Runnable" testcasecount="91" result="Failed" site="Child" start-time="2026-02-07 17:36:20Z" end-time="2026-02-07 17:36:20Z" duration="0.095991" total="91" passed="80" failed="11" inconclusive="0" skipped="0" asserts="0">
          <properties />
          <failure>
            <message><![CDATA[One or more child tests had errors]]></message>
          </failure>
          <test-suite type="TestSuite" id="1102" name="Editor" fullname="DataToScriptableObject.Tests.Editor" runstate="Runnable" testcasecount="91" result="Failed" site="Child" start-time="2026-02-07 17:36:20Z" end-time="2026-02-07 17:36:20Z" duration="0.095727" total="91" passed="80" failed="11" inconclusive="0" skipped="0" asserts="0">
            <properties />
            <failure>
              <message><![CDATA[One or more child tests had errors]]></message>
            </failure>
            <test-suite type="TestFixture" id="1001" name="CodeGeneratorTests" fullname="DataToScriptableObject.Tests.Editor.CodeGeneratorTests" classname="DataToScriptableObject.Tests.Editor.CodeGeneratorTests" runstate="Runnable" testcasecount="12" result="Failed" site="Child" start-time="2026-02-07 17:36:20Z" end-time="2026-02-07 17:36:20Z" duration="0.023847" total="12" passed="11" failed="1" inconclusive="0" skipped="0" asserts="0">
              <properties />
              <failure>
                <message><![CDATA[One or more child tests had errors]]></message>
              </failure>
              <test-case id="1006" name="TestArrayGeneration" fullname="DataToScriptableObject.Tests.Editor.CodeGeneratorTests.TestArrayGeneration" methodname="TestArrayGeneration" classname="DataToScriptableObject.Tests.Editor.CodeGeneratorTests" runstate="Runnable" seed="47238076" result="Passed" start-time="2026-02-07 17:36:20Z" end-time="2026-02-07 17:36:20Z" duration="0.008786" asserts="0">
                <properties>
                  <property name="retryIteration" value="0" />
                  <property name="repeatIteration" value="0" />
                </properties>
              </test-case>
              <test-case id="1012" name="TestAutoGeneratedHeader" fullname="DataToScriptableObject.Tests.Editor.CodeGeneratorTests.TestAutoGeneratedHeader" methodname="TestAutoGeneratedHeader" classname="DataToScriptableObject.Tests.Editor.CodeGeneratorTests" runstate="Runnable" seed="1122033336" result="Passed" start-time="2026-02-07 17:36:20Z" end-time="2026-02-07 17:36:20Z" duration="0.000145" asserts="0">
                <properties>
                  <property name="retryIteration" value="0" />
                  <property name="repeatIteration" value="0" />
                </properties>
              </test-case>
              <test-case id="1002" name="TestBasicGeneration" fullname="DataToScriptableObject.Tests.Editor.CodeGeneratorTests.TestBasicGeneration" methodname="TestBasicGeneration" classname="DataToScriptableObject.Tests.Editor.CodeGeneratorTests" runstate="Runnable" seed="247886681" result="Passed" start-time="2026-02-07 17:36:20Z" end-time="2026-02-07 17:36:20Z" duration="0.000140" asserts="0">
                <properties>
                  <property name="retryIteration" value="0" />
                  <property name="repeatIteration" value="0" />
                </properties>
              </test-case>
              <test-case id="1011" name="TestCreateAssetMenu" fullname="DataToScriptableObject.Tests.Editor.CodeGeneratorTests.TestCreateAssetMenu" methodname="TestCreateAssetMenu" classname="DataToScriptableObject.Tests.Editor.CodeGeneratorTests" runstate="Runnable" seed="1225971828" result="Passed" start-time="2026-02-07 17:36:20Z" end-time="2026-02-07 17:36:20Z" duration="0.000088" asserts="0">
                <properties>
                  <property name="retryIteration" value="0" />
                  <property name="repeatIteration" value="0" />
                </properties>
              </test-case>
              <test-case id="1013" name="TestDatabaseClassGeneration" fullname="DataToScriptableObject.Tests.Editor.CodeGeneratorTests.TestDatabaseClassGeneration" methodname="TestDatabaseClassGeneration" classname="DataToScriptableObject.Tests.Editor.CodeGeneratorTests" runstate="Runnable" seed="1156374738" result="Passed" start-time="2026-02-07 17:36:20Z" end-time="2026-02-07 17:36:20Z" duration="0.000144" asserts="0">
                <properties>
                  <property name="retryIteration" value="0" />
                  <property name="repeatIteration" value="0" />
                </properties>
              </test-case>
              <test-case id="1007" name="TestEnumGeneration" fullname="DataToScriptableObject.Tests.Editor.CodeGeneratorTests.TestEnumGeneration" methodname="TestEnumGeneration" classname="DataToScriptableObject.Tests.Editor.CodeGeneratorTests" runstate="Runnable" seed="1247784903" result="Failed" start-time="2026-02-07 17:36:20Z" end-time="2026-02-07 17:36:20Z" duration="0.003376" asserts="0">
                <properties>
                  <property name="retryIteration" value="0" />
                  <property name="repeatIteration" value="0" />
                </properties>
                <failure>
                  <message><![CDATA[  Expected: True
  But was:  False
]]></message>
                  <stack-trace><![CDATA[at DataToScriptableObject.Tests.Editor.CodeGeneratorTests.TestEnumGeneration () [0x00077] in .\Packages\so-database-converter\Tests\Editor\CodeGeneratorTests.cs:157
]]></stack-trace>
                </failure>
              </test-case>
              <test-case id="1005" name="TestListGeneration" fullname="DataToScriptableObject.Tests.Editor.CodeGeneratorTests.TestListGeneration" methodname="TestListGeneration" classname="DataToScriptableObject.Tests.Editor.CodeGeneratorTests" runstate="Runnable" seed="1035134483" result="Passed" start-time="2026-02-07 17:36:20Z" end-time="2026-02-07 17:36:20Z" duration="0.000179" asserts="0">
                <properties>
                  <property name="retryIteration" value="0" />
                  <property name="repeatIteration" value="0" />
                </properties>
              </test-case>
              <test-case id="1003" name="TestNamespaceWrapping" fullname="DataToScriptableObject.Tests.Editor.CodeGeneratorTests.TestNamespaceWrapping" methodname="TestNamespaceWrapping" classname="DataToScriptableObject.Tests.Editor.CodeGeneratorTests" runstate="Runnable" seed="635588264" result="Passed" start-time="2026-02-07 17:36:20Z" end-time="2026-02-07 17:36:20Z" duration="0.000146" asserts="0">
                <properties>
                  <property name="retryIteration" value="0" />
                  <property name="repeatIteration" value="0" />
                </properties>
              </test-case>
              <test-case id="1008" name="TestRangeAttribute" fullname="DataToScriptableObject.Tests.Editor.CodeGeneratorTests.TestRangeAttribute" methodname="TestRangeAttribute" classname="DataToScriptableObject.Tests.Editor.CodeGeneratorTests" runstate="Runnable" seed="641658291" result="Passed" start-time="2026-02-07 17:36:20Z" end-time="2026-02-07 17:36:20Z" duration="0.000127" asserts="0">
                <properties>
                  <property name="retryIteration" value="0" />
                  <property name="repeatIteration" value="0" />
                </properties>
              </test-case>
              <test-case id="1004" name="TestSerializableClassMode" fullname="DataToScriptableObject.Tests.Editor.CodeGeneratorTests.TestSerializableClassMode" methodname="TestSerializableClassMode" classname="DataToScriptableObject.Tests.Editor.CodeGeneratorTests" runstate="Runnable" seed="1263895072" result="Passed" start-time="2026-02-07 17:36:20Z" end-time="2026-02-07 17:36:20Z" duration="0.000251" asserts="0">
                <properties>
                  <property name="retryIteration" value="0" />
                  <property name="repeatIteration" value="0" />
                </properties>
              </test-case>
              <test-case id="1010" name="TestSerializeFieldMode" fullname="DataToScriptableObject.Tests.Editor.CodeGeneratorTests.TestSerializeFieldMode" methodname="TestSerializeFieldMode" classname="DataToScriptableObject.Tests.Editor.CodeGeneratorTests" runstate="Runnable" seed="1029317486" result="Passed" start-time="2026-02-07 17:36:20Z" end-time="2026-02-07 17:36:20Z" duration="0.000103" asserts="0">
                <properties>
                  <property name="retryIteration" value="0" />
                  <property name="repeatIteration" value="0" />
                </properties>
              </test-case>
              <test-case id="1009" name="TestTooltipAttribute" fullname="DataToScriptableObject.Tests.Editor.CodeGeneratorTests.TestTooltipAttribute" methodname="TestTooltipAttribute" classname="DataToScriptableObject.Tests.Editor.CodeGeneratorTests" runstate="Runnable" seed="2093125067" result="Passed" start-time="2026-02-07 17:36:20Z" end-time="2026-02-07 17:36:20Z" duration="0.000111" asserts="0">
                <properties>
                  <property name="retryIteration" value="0" />
                  <property name="repeatIteration" value="0" />
                </properties>
              </test-case>
            </test-suite>
            <test-suite type="TestFixture" id="1014" name="CSVReaderTests" fullname="DataToScriptableObject.Tests.Editor.CSVReaderTests" classname="DataToScriptableObject.Tests.Editor.CSVReaderTests" runstate="Runnable" testcasecount="16" result="Failed" site="Child" start-time="2026-02-07 17:36:20Z" end-time="2026-02-07 17:36:20Z" duration="0.028558" total="16" passed="13" failed="3" inconclusive="0" skipped="0" asserts="0">
              <properties />
              <failure>
                <message><![CDATA[One or more child tests had errors]]></message>
              </failure>
              <test-case id="1018" name="TestAutoDetectComma" fullname="DataToScriptableObject.Tests.Editor.CSVReaderTests.TestAutoDetectComma" methodname="TestAutoDetectComma" classname="DataToScriptableObject.Tests.Editor.CSVReaderTests" runstate="Runnable" seed="1976074997" result="Passed" start-time="2026-02-07 17:36:20Z" end-time="2026-02-07 17:36:20Z" duration="0.006063" asserts="0">
                <properties>
                  <property name="retryIteration" value="0" />
                  <property name="repeatIteration" value="0" />
                </properties>
              </test-case>
              <test-case id="1019" name="TestAutoDetectSemicolon" fullname="DataToScriptableObject.Tests.Editor.CSVReaderTests.TestAutoDetectSemicolon" methodname="TestAutoDetectSemicolon" classname="DataToScriptableObject.Tests.Editor.CSVReaderTests" runstate="Runnable" seed="301374163" result="Passed" start-time="2026-02-07 17:36:20Z" end-time="2026-02-07 17:36:20Z" duration="0.000157" asserts="0">
                <properties>
                  <property name="retryIteration" value="0" />
                  <property name="repeatIteration" value="0" />
                </properties>
              </test-case>
              <test-case id="1023" name="TestBOMStripped" fullname="DataToScriptableObject.Tests.Editor.CSVReaderTests.TestBOMStripped" methodname="TestBOMStripped" classname="DataToScriptableObject.Tests.Editor.CSVReaderTests" runstate="Runnable" seed="1409236083" result="Passed" start-time="2026-02-07 17:36:20Z" end-time="2026-02-07 17:36:20Z" duration="0.000155" asserts="0">
                <properties>
                  <property name="retryIteration" value="0" />
                  <property name="repeatIteration" value="0" />
                </properties>
              </test-case>
              <test-case id="1024" name="TestCommentLinesSkipped" fullname="DataToScriptableObject.Tests.Editor.CSVReaderTests.TestCommentLinesSkipped" methodname="TestCommentLinesSkipped" classname="DataToScriptableObject.Tests.Editor.CSVReaderTests" runstate="Runnable" seed="2062422516" result="Passed" start-time="2026-02-07 17:36:20Z" end-time="2026-02-07 17:36:20Z" duration="0.000118" asserts="0">
                <properties>
                  <property name="retryIteration" value="0" />
                  <property name="repeatIteration" value="0" />
                </properties>
              </test-case>
              <test-case id="1025" name="TestDirectivesParsed" fullname="DataToScriptableObject.Tests.Editor.CSVReaderTests.TestDirectivesParsed" methodname="TestDirectivesParsed" classname="DataToScriptableObject.Tests.Editor.CSVReaderTests" runstate="Runnable" seed="1794551499" result="Failed" start-time="2026-02-07 17:36:20Z" end-time="2026-02-07 17:36:20Z" duration="0.000543" asserts="0">
                <properties>
                  <property name="retryIteration" value="0" />
                  <property name="repeatIteration" value="0" />
                </properties>
                <failure>
                  <message><![CDATA[  Expected: 2
  But was:  0
]]></message>
                  <stack-trace><![CDATA[at DataToScriptableObject.Tests.Editor.CSVReaderTests.TestDirectivesParsed () [0x00016] in .\Packages\so-database-converter\Tests\Editor\CSVReaderTests.cs:122
]]></stack-trace>
                </failure>
              </test-case>
              <test-case id="1026" name="TestEmptyFile" fullname="DataToScriptableObject.Tests.Editor.CSVReaderTests.TestEmptyFile" methodname="TestEmptyFile" classname="DataToScriptableObject.Tests.Editor.CSVReaderTests" runstate="Runnable" seed="1161577065" result="Passed" start-time="2026-02-07 17:36:20Z" end-time="2026-02-07 17:36:20Z" duration="0.000227" asserts="0">
                <properties>
                  <property name="retryIteration" value="0" />
                  <property name="repeatIteration" value="0" />
                </properties>
              </test-case>
              <test-case id="1030" name="TestEmptyRowsSkipped" fullname="DataToScriptableObject.Tests.Editor.CSVReaderTests.TestEmptyRowsSkipped" methodname="TestEmptyRowsSkipped" classname="DataToScriptableObject.Tests.Editor.CSVReaderTests" runstate="Runnable" seed="829622233" result="Passed" start-time="2026-02-07 17:36:20Z" end-time="2026-02-07 17:36:20Z" duration="0.000138" asserts="0">
                <properties>
                  <property name="retryIteration" value="0" />
                  <property name="repeatIteration" value="0" />
                </properties>
              </test-case>
              <test-case id="1022" name="TestEscapedDoubleQuotes" fullname="DataToScriptableObject.Tests.Editor.CSVReaderTests.TestEscapedDoubleQuotes" methodname="TestEscapedDoubleQuotes" classname="DataToScriptableObject.Tests.Editor.CSVReaderTests" runstate="Runnable" seed="2122178824" result="Failed" start-time="2026-02-07 17:36:20Z" end-time="2026-02-07 17:36:20Z" duration="0.000182" asserts="0">
                <properties>
                  <property name="retryIteration" value="0" />
                  <property name="repeatIteration" value="0" />
                </properties>
                <failure>
                  <message><![CDATA[  Expected: 1
  But was:  0
]]></message>
                  <stack-trace><![CDATA[at DataToScriptableObject.Tests.Editor.CSVReaderTests.TestEscapedDoubleQuotes () [0x00016] in .\Packages\so-database-converter\Tests\Editor\CSVReaderTests.cs:92
]]></stack-trace>
                </failure>
              </test-case>
              <test-case id="1029" name="TestMacLineEndings" fullname="DataToScriptableObject.Tests.Editor.CSVReaderTests.TestMacLineEndings" methodname="TestMacLineEndings" classname="DataToScriptableObject.Tests.Editor.CSVReaderTests" runstate="Runnable" seed="2101539199" result="Passed" start-time="2026-02-07 17:36:20Z" end-time="2026-02-07 17:36:20Z" duration="0.000096" asserts="0">
                <properties>
                  <property name="retryIteration" value="0" />
                  <property name="repeatIteration" value="0" />
                </properties>
              </test-case>
              <test-case id="1027" name="TestMismatchedColumns" fullname="DataToScriptableObject.Tests.Editor.CSVReaderTests.TestMismatchedColumns" methodname="TestMismatchedColumns" classname="DataToScriptableObject.Tests.Editor.CSVReaderTests" runstate="Runnable" seed="1520398610" result="Passed" start-time="2026-02-07 17:36:20Z" end-time="2026-02-07 17:36:20Z" duration="0.000092" asserts="0">
                <properties>
                  <property name="retryIteration" value="0" />
                  <property name="repeatIteration" value="0" />
                </properties>
              </test-case>
              <test-case id="1015" name="TestParseBasicCSV" fullname="DataToScriptableObject.Tests.Editor.CSVReaderTests.TestParseBasicCSV" methodname="TestParseBasicCSV" classname="DataToScriptableObject.Tests.Editor.CSVReaderTests" runstate="Runnable" seed="194222914" result="Failed" start-time="2026-02-07 17:36:20Z" end-time="2026-02-07 17:36:20Z" duration="0.000756" asserts="0">
                <properties>
                  <property name="retryIteration" value="0" />
                  <property name="repeatIteration" value="0" />
                </properties>
                <failure>
                  <message><![CDATA[  Expected string length 1 but was 0. Strings differ at index 0.
  Expected: "a"
  But was:  <string.Empty>
  -----------^
]]></message>
                  <stack-trace><![CDATA[at DataToScriptableObject.Tests.Editor.CSVReaderTests.TestParseBasicCSV () [0x0002e] in .\Packages\so-database-converter\Tests\Editor\CSVReaderTests.cs:16
]]></stack-trace>
                </failure>
              </test-case>
              <test-case id="1016" name="TestParseSemicolonDelimiter" fullname="DataToScriptableObject.Tests.Editor.CSVReaderTests.TestParseSemicolonDelimiter" methodname="TestParseSemicolonDelimiter" classname="DataToScriptableObject.Tests.Editor.CSVReaderTests" runstate="Runnable" seed="1241631919" result="Passed" start-time="2026-02-07 17:36:20Z" end-time="2026-02-07 17:36:20Z" duration="0.000134" asserts="0">
                <properties>
                  <property name="retryIteration" value="0" />
                  <property name="repeatIteration" value="0" />
                </properties>
              </test-case>
              <test-case id="1017" name="TestParseTabDelimiter" fullname="DataToScriptableObject.Tests.Editor.CSVReaderTests.TestParseTabDelimiter" methodname="TestParseTabDelimiter" classname="DataToScriptableObject.Tests.Editor.CSVReaderTests" runstate="Runnable" seed="954542080" result="Passed" start-time="2026-02-07 17:36:20Z" end-time="2026-02-07 17:36:20Z" duration="0.000093" asserts="0">
                <properties>
                  <property name="retryIteration" value="0" />
                  <property name="repeatIteration" value="0" />
                </properties>
              </test-case>
              <test-case id="1020" name="TestQuotedFieldWithComma" fullname="DataToScriptableObject.Tests.Editor.CSVReaderTests.TestQuotedFieldWithComma" methodname="TestQuotedFieldWithComma" classname="DataToScriptableObject.Tests.Editor.CSVReaderTests" runstate="Runnable" seed="838487844" result="Passed" start-time="2026-02-07 17:36:20Z" end-time="2026-02-07 17:36:20Z" duration="0.000088" asserts="0">
                <properties>
                  <property name="retryIteration" value="0" />
                  <property name="repeatIteration" value="0" />
                </properties>
              </test-case>
              <test-case id="1021" name="TestQuotedFieldWithNewline" fullname="DataToScriptableObject.Tests.Editor.CSVReaderTests.TestQuotedFieldWithNewline" methodname="TestQuotedFieldWithNewline" classname="DataToScriptableObject.Tests.Editor.CSVReaderTests" runstate="Runnable" seed="1435878387" result="Passed" start-time="2026-02-07 17:36:20Z" end-time="2026-02-07 17:36:20Z" duration="0.000086" asserts="0">
                <properties>
                  <property name="retryIteration" value="0" />
                  <property name="repeatIteration" value="0" />
                </properties>
              </test-case>
              <test-case id="1028" name="TestWindowsLineEndings" fullname="DataToScriptableObject.Tests.Editor.CSVReaderTests.TestWindowsLineEndings" methodname="TestWindowsLineEndings" classname="DataToScriptableObject.Tests.Editor.CSVReaderTests" runstate="Runnable" seed="265544056" result="Passed" start-time="2026-02-07 17:36:20Z" end-time="2026-02-07 17:36:20Z" duration="0.000073" asserts="0">
                <properties>
                  <property name="retryIteration" value="0" />
                  <property name="repeatIteration" value="0" />
                </properties>
              </test-case>
            </test-suite>
            <test-suite type="TestFixture" id="1031" name="GoogleSheetsURLParserTests" fullname="DataToScriptableObject.Tests.Editor.GoogleSheetsURLParserTests" classname="DataToScriptableObject.Tests.Editor.GoogleSheetsURLParserTests" runstate="Runnable" testcasecount="11" result="Passed" start-time="2026-02-07 17:36:20Z" end-time="2026-02-07 17:36:20Z" duration="0.009504" total="11" passed="11" failed="0" inconclusive="0" skipped="0" asserts="0">
              <properties />
              <test-case id="1042" name="TestBuildExportURL" fullname="DataToScriptableObject.Tests.Editor.GoogleSheetsURLParserTests.TestBuildExportURL" methodname="TestBuildExportURL" classname="DataToScriptableObject.Tests.Editor.GoogleSheetsURLParserTests" runstate="Runnable" seed="1990261006" result="Passed" start-time="2026-02-07 17:36:20Z" end-time="2026-02-07 17:36:20Z" duration="0.000509" asserts="0">
                <properties>
                  <property name="retryIteration" value="0" />
                  <property name="repeatIteration" value="0" />
                </properties>
              </test-case>
              <test-case id="1040" name="TestEmptyString" fullname="DataToScriptableObject.Tests.Editor.GoogleSheetsURLParserTests.TestEmptyString" methodname="TestEmptyString" classname="DataToScriptableObject.Tests.Editor.GoogleSheetsURLParserTests" runstate="Runnable" seed="568591507" result="Passed" start-time="2026-02-07 17:36:20Z" end-time="2026-02-07 17:36:20Z" duration="0.000296" asserts="0">
                <properties>
                  <property name="retryIteration" value="0" />
                  <property name="repeatIteration" value="0" />
                </properties>
              </test-case>
              <test-case id="1039" name="TestInvalidURL" fullname="DataToScriptableObject.Tests.Editor.GoogleSheetsURLParserTests.TestInvalidURL" methodname="TestInvalidURL" classname="DataToScriptableObject.Tests.Editor.GoogleSheetsURLParserTests" runstate="Runnable" seed="297823167" result="Passed" start-time="2026-02-07 17:36:20Z" end-time="2026-02-07 17:36:20Z" duration="0.001226" asserts="0">
                <properties>
                  <property name="retryIteration" value="0" />
                  <property name="repeatIteration" value="0" />
                </properties>
              </test-case>
              <test-case id="1041" name="TestNullString" fullname="DataToScriptableObject.Tests.Editor.GoogleSheetsURLParserTests.TestNullString" methodname="TestNullString" classname="DataToScriptableObject.Tests.Editor.GoogleSheetsURLParserTests" runstate="Runnable" seed="1028316519" result="Passed" start-time="2026-02-07 17:36:20Z" end-time="2026-02-07 17:36:20Z" duration="0.000106" asserts="0">
                <properties>
                  <property name="retryIteration" value="0" />
                  <property name="repeatIteration" value="0" />
                </properties>
              </test-case>
              <test-case id="1032" name="TestParseEditURL" fullname="DataToScriptableObject.Tests.Editor.GoogleSheetsURLParserTests.TestParseEditURL" methodname="TestParseEditURL" classname="DataToScriptableObject.Tests.Editor.GoogleSheetsURLParserTests" runstate="Runnable" seed="1573285359" result="Passed" start-time="2026-02-07 17:36:20Z" end-time="2026-02-07 17:36:20Z" duration="0.000110" asserts="0">
                <properties>
                  <property name="retryIteration" value="0" />
                  <property name="repeatIteration" value="0" />
                </properties>
              </test-case>
              <test-case id="1035" name="TestParseExportURL" fullname="DataToScriptableObject.Tests.Editor.GoogleSheetsURLParserTests.TestParseExportURL" methodname="TestParseExportURL" classname="DataToScriptableObject.Tests.Editor.GoogleSheetsURLParserTests" runstate="Runnable" seed="1574028752" result="Passed" start-time="2026-02-07 17:36:20Z" end-time="2026-02-07 17:36:20Z" duration="0.000098" asserts="0">
                <properties>
                  <property name="retryIteration" value="0" />
                  <property name="repeatIteration" value="0" />
                </properties>
              </test-case>
              <test-case id="1037" name="TestParseGIDFromFragment" fullname="DataToScriptableObject.Tests.Editor.GoogleSheetsURLParserTests.TestParseGIDFromFragment" methodname="TestParseGIDFromFragment" classname="DataToScriptableObject.Tests.Editor.GoogleSheetsURLParserTests" runstate="Runnable" seed="73276622" result="Passed" start-time="2026-02-07 17:36:20Z" end-time="2026-02-07 17:36:20Z" duration="0.000092" asserts="0">
                <properties>
                  <property name="retryIteration" value="0" />
                  <property name="repeatIteration" value="0" />
                </properties>
              </test-case>
              <test-case id="1038" name="TestParseGIDFromQuery" fullname="DataToScriptableObject.Tests.Editor.GoogleSheetsURLParserTests.TestParseGIDFromQuery" methodname="TestParseGIDFromQuery" classname="DataToScriptableObject.Tests.Editor.GoogleSheetsURLParserTests" runstate="Runnable" seed="777513736" result="Passed" start-time="2026-02-07 17:36:20Z" end-time="2026-02-07 17:36:20Z" duration="0.000086" asserts="0">
                <properties>
                  <property name="retryIteration" value="0" />
                  <property name="repeatIteration" value="0" />
                </properties>
              </test-case>
              <test-case id="1036" name="TestParseRawID" fullname="DataToScriptableObject.Tests.Editor.GoogleSheetsURLParserTests.TestParseRawID" methodname="TestParseRawID" classname="DataToScriptableObject.Tests.Editor.GoogleSheetsURLParserTests" runstate="Runnable" seed="750205479" result="Passed" start-time="2026-02-07 17:36:20Z" end-time="2026-02-07 17:36:20Z" duration="0.000076" asserts="0">
                <properties>
                  <property name="retryIteration" value="0" />
                  <property name="repeatIteration" value="0" />
                </properties>
              </test-case>
              <test-case id="1033" name="TestParseShareURL" fullname="DataToScriptableObject.Tests.Editor.GoogleSheetsURLParserTests.TestParseShareURL" methodname="TestParseShareURL" classname="DataToScriptableObject.Tests.Editor.GoogleSheetsURLParserTests" runstate="Runnable" seed="141785146" result="Passed" start-time="2026-02-07 17:36:20Z" end-time="2026-02-07 17:36:20Z" duration="0.000081" asserts="0">
                <properties>
                  <property name="retryIteration" value="0" />
                  <property name="repeatIteration" value="0" />
                </properties>
              </test-case>
              <test-case id="1034" name="TestParseShortURL" fullname="DataToScriptableObject.Tests.Editor.GoogleSheetsURLParserTests.TestParseShortURL" methodname="TestParseShortURL" classname="DataToScriptableObject.Tests.Editor.GoogleSheetsURLParserTests" runstate="Runnable" seed="337398246" result="Passed" start-time="2026-02-07 17:36:20Z" end-time="2026-02-07 17:36:20Z" duration="0.000081" asserts="0">
                <properties>
                  <property name="retryIteration" value="0" />
                  <property name="repeatIteration" value="0" />
                </properties>
              </test-case>
            </test-suite>
            <test-suite type="TestFixture" id="1043" name="NameSanitizerTests" fullname="DataToScriptableObject.Tests.Editor.NameSanitizerTests" classname="DataToScriptableObject.Tests.Editor.NameSanitizerTests" runstate="Runnable" testcasecount="12" result="Failed" site="Child" start-time="2026-02-07 17:36:20Z" end-time="2026-02-07 17:36:20Z" duration="0.007469" total="12" passed="11" failed="1" inconclusive="0" skipped="0" asserts="0">
              <properties />
              <failure>
                <message><![CDATA[One or more child tests had errors]]></message>
              </failure>
              <test-case id="1046" name="TestAllCapsToLower" fullname="DataToScriptableObject.Tests.Editor.NameSanitizerTests.TestAllCapsToLower" methodname="TestAllCapsToLower" classname="DataToScriptableObject.Tests.Editor.NameSanitizerTests" runstate="Runnable" seed="1068177748" result="Failed" start-time="2026-02-07 17:36:20Z" end-time="2026-02-07 17:36:20Z" duration="0.000318" asserts="0">
                <properties>
                  <property name="retryIteration" value="0" />
                  <property name="repeatIteration" value="0" />
                </properties>
                <failure>
                  <message><![CDATA[  String lengths are both 2. Strings differ at index 1.
  Expected: "id"
  But was:  "iD"
  ------------^
]]></message>
                  <stack-trace><![CDATA[at DataToScriptableObject.Tests.Editor.NameSanitizerTests.TestAllCapsToLower () [0x00000] in .\Packages\so-database-converter\Tests\Editor\NameSanitizerTests.cs:23
]]></stack-trace>
                </failure>
              </test-case>
              <test-case id="1052" name="TestAlreadyCamel" fullname="DataToScriptableObject.Tests.Editor.NameSanitizerTests.TestAlreadyCamel" methodname="TestAlreadyCamel" classname="DataToScriptableObject.Tests.Editor.NameSanitizerTests" runstate="Runnable" seed="1889733315" result="Passed" start-time="2026-02-07 17:36:20Z" end-time="2026-02-07 17:36:20Z" duration="0.000126" asserts="0">
                <properties>
                  <property name="retryIteration" value="0" />
                  <property name="repeatIteration" value="0" />
                </properties>
              </test-case>
              <test-case id="1051" name="TestEmpty" fullname="DataToScriptableObject.Tests.Editor.NameSanitizerTests.TestEmpty" methodname="TestEmpty" classname="DataToScriptableObject.Tests.Editor.NameSanitizerTests" runstate="Runnable" seed="535220420" result="Passed" start-time="2026-02-07 17:36:20Z" end-time="2026-02-07 17:36:20Z" duration="0.000076" asserts="0">
                <properties>
                  <property name="retryIteration" value="0" />
                  <property name="repeatIteration" value="0" />
                </properties>
              </test-case>
              <test-case id="1055" name="TestFileNameLength" fullname="DataToScriptableObject.Tests.Editor.NameSanitizerTests.TestFileNameLength" methodname="TestFileNameLength" classname="DataToScriptableObject.Tests.Editor.NameSanitizerTests" runstate="Runnable" seed="1274794428" result="Passed" start-time="2026-02-07 17:36:20Z" end-time="2026-02-07 17:36:20Z" duration="0.000920" asserts="0">
                <properties>
                  <property name="retryIteration" value="0" />
                  <property name="repeatIteration" value="0" />
                </properties>
              </test-case>
              <test-case id="1053" name="TestFileNameSpaces" fullname="DataToScriptableObject.Tests.Editor.NameSanitizerTests.TestFileNameSpaces" methodname="TestFileNameSpaces" classname="DataToScriptableObject.Tests.Editor.NameSanitizerTests" runstate="Runnable" seed="659121851" result="Passed" start-time="2026-02-07 17:36:20Z" end-time="2026-02-07 17:36:20Z" duration="0.000099" asserts="0">
                <properties>
                  <property name="retryIteration" value="0" />
                  <property name="repeatIteration" value="0" />
                </properties>
              </test-case>
              <test-case id="1054" name="TestFileNameSpecialChars" fullname="DataToScriptableObject.Tests.Editor.NameSanitizerTests.TestFileNameSpecialChars" methodname="TestFileNameSpecialChars" classname="DataToScriptableObject.Tests.Editor.NameSanitizerTests" runstate="Runnable" seed="541083863" result="Passed" start-time="2026-02-07 17:36:20Z" end-time="2026-02-07 17:36:20Z" duration="0.000069" asserts="0">
                <properties>
                  <property name="retryIteration" value="0" />
                  <property name="repeatIteration" value="0" />
                </properties>
              </test-case>
              <test-case id="1050" name="TestHyphen" fullname="DataToScriptableObject.Tests.Editor.NameSanitizerTests.TestHyphen" methodname="TestHyphen" classname="DataToScriptableObject.Tests.Editor.NameSanitizerTests" runstate="Runnable" seed="221479023" result="Passed" start-time="2026-02-07 17:36:20Z" end-time="2026-02-07 17:36:20Z" duration="0.000066" asserts="0">
                <properties>
                  <property name="retryIteration" value="0" />
                  <property name="repeatIteration" value="0" />
                </properties>
              </test-case>
              <test-case id="1047" name="TestLeadingDigit" fullname="DataToScriptableObject.Tests.Editor.NameSanitizerTests.TestLeadingDigit" methodname="TestLeadingDigit" classname="DataToScriptableObject.Tests.Editor.NameSanitizerTests" runstate="Runnable" seed="424027405" result="Passed" start-time="2026-02-07 17:36:20Z" end-time="2026-02-07 17:36:20Z" duration="0.000068" asserts="0">
                <properties>
                  <property name="retryIteration" value="0" />
                  <property name="repeatIteration" value="0" />
                </properties>
              </test-case>
              <test-case id="1048" name="TestReservedWord" fullname="DataToScriptableObject.Tests.Editor.NameSanitizerTests.TestReservedWord" methodname="TestReservedWord" classname="DataToScriptableObject.Tests.Editor.NameSanitizerTests" runstate="Runnable" seed="885423890" result="Passed" start-time="2026-02-07 17:36:20Z" end-time="2026-02-07 17:36:20Z" duration="0.000081" asserts="0">
                <properties>
                  <property name="retryIteration" value="0" />
                  <property name="repeatIteration" value="0" />
                </properties>
              </test-case>
              <test-case id="1045" name="TestSnakeToCamel" fullname="DataToScriptableObject.Tests.Editor.NameSanitizerTests.TestSnakeToCamel" methodname="TestSnakeToCamel" classname="DataToScriptableObject.Tests.Editor.NameSanitizerTests" runstate="Runnable" seed="978876108" result="Passed" start-time="2026-02-07 17:36:20Z" end-time="2026-02-07 17:36:20Z" duration="0.000071" asserts="0">
                <properties>
                  <property name="retryIteration" value="0" />
                  <property name="repeatIteration" value="0" />
                </properties>
              </test-case>
              <test-case id="1044" name="TestSpaceToCamel" fullname="DataToScriptableObject.Tests.Editor.NameSanitizerTests.TestSpaceToCamel" methodname="TestSpaceToCamel" classname="DataToScriptableObject.Tests.Editor.NameSanitizerTests" runstate="Runnable" seed="1329653479" result="Passed" start-time="2026-02-07 17:36:20Z" end-time="2026-02-07 17:36:20Z" duration="0.000063" asserts="0">
                <properties>
                  <property name="retryIteration" value="0" />
                  <property name="repeatIteration" value="0" />
                </properties>
              </test-case>
              <test-case id="1049" name="TestSpecialChars" fullname="DataToScriptableObject.Tests.Editor.NameSanitizerTests.TestSpecialChars" methodname="TestSpecialChars" classname="DataToScriptableObject.Tests.Editor.NameSanitizerTests" runstate="Runnable" seed="1655690785" result="Passed" start-time="2026-02-07 17:36:20Z" end-time="2026-02-07 17:36:20Z" duration="0.000068" asserts="0">
                <properties>
                  <property name="retryIteration" value="0" />
                  <property name="repeatIteration" value="0" />
                </properties>
              </test-case>
            </test-suite>
            <test-suite type="TestFixture" id="1056" name="SchemaBuilderTests" fullname="DataToScriptableObject.Tests.Editor.SchemaBuilderTests" classname="DataToScriptableObject.Tests.Editor.SchemaBuilderTests" runstate="Runnable" testcasecount="12" result="Failed" site="Child" start-time="2026-02-07 17:36:20Z" end-time="2026-02-07 17:36:20Z" duration="0.009779" total="12" passed="7" failed="5" inconclusive="0" skipped="0" asserts="0">
              <properties />
              <failure>
                <message><![CDATA[One or more child tests had errors]]></message>
              </failure>
              <test-case id="1057" name="TestBasicThreeRowHeader" fullname="DataToScriptableObject.Tests.Editor.SchemaBuilderTests.TestBasicThreeRowHeader" methodname="TestBasicThreeRowHeader" classname="DataToScriptableObject.Tests.Editor.SchemaBuilderTests" runstate="Runnable" seed="2011836789" result="Passed" start-time="2026-02-07 17:36:20Z" end-time="2026-02-07 17:36:20Z" duration="0.004066" asserts="0">
                <properties>
                  <property name="retryIteration" value="0" />
                  <property name="repeatIteration" value="0" />
                </properties>
              </test-case>
              <test-case id="1065" name="TestDirectivesOverride" fullname="DataToScriptableObject.Tests.Editor.SchemaBuilderTests.TestDirectivesOverride" methodname="TestDirectivesOverride" classname="DataToScriptableObject.Tests.Editor.SchemaBuilderTests" runstate="Runnable" seed="662227208" result="Failed" start-time="2026-02-07 17:36:20Z" end-time="2026-02-07 17:36:20Z" duration="0.000747" asserts="0">
                <properties>
                  <property name="retryIteration" value="0" />
                  <property name="repeatIteration" value="0" />
                </properties>
                <failure>
                  <message><![CDATA[  Expected string length 6 but was 11. Strings differ at index 0.
  Expected: "MyName"
  But was:  "DefaultName"
  -----------^
]]></message>
                  <stack-trace><![CDATA[at DataToScriptableObject.Tests.Editor.SchemaBuilderTests.TestDirectivesOverride () [0x0002e] in .\Packages\so-database-converter\Tests\Editor\SchemaBuilderTests.cs:132
]]></stack-trace>
                </failure>
              </test-case>
              <test-case id="1066" name="TestDuplicateHeaders" fullname="DataToScriptableObject.Tests.Editor.SchemaBuilderTests.TestDuplicateHeaders" methodname="TestDuplicateHeaders" classname="DataToScriptableObject.Tests.Editor.SchemaBuilderTests" runstate="Runnable" seed="1661769329" result="Failed" start-time="2026-02-07 17:36:20Z" end-time="2026-02-07 17:36:20Z" duration="0.000478" asserts="0">
                <properties>
                  <property name="retryIteration" value="0" />
                  <property name="repeatIteration" value="0" />
                </properties>
                <failure>
                  <message><![CDATA[  Expected string length 1 but was 0. Strings differ at index 0.
  Expected: "a"
  But was:  <string.Empty>
  -----------^
]]></message>
                  <stack-trace><![CDATA[at DataToScriptableObject.Tests.Editor.SchemaBuilderTests.TestDuplicateHeaders () [0x00039] in .\Packages\so-database-converter\Tests\Editor\SchemaBuilderTests.cs:143
]]></stack-trace>
                </failure>
              </test-case>
              <test-case id="1067" name="TestEmptyHeader" fullname="DataToScriptableObject.Tests.Editor.SchemaBuilderTests.TestEmptyHeader" methodname="TestEmptyHeader" classname="DataToScriptableObject.Tests.Editor.SchemaBuilderTests" runstate="Runnable" seed="297577101" result="Failed" start-time="2026-02-07 17:36:20Z" end-time="2026-02-07 17:36:20Z" duration="0.000251" asserts="0">
                <properties>
                  <property name="retryIteration" value="0" />
                  <property name="repeatIteration" value="0" />
                </properties>
                <failure>
                  <message><![CDATA[  Expected string length 8 but was 4. Strings differ at index 0.
  Expected: "column_0"
  But was:  "name"
  -----------^
]]></message>
                  <stack-trace><![CDATA[at DataToScriptableObject.Tests.Editor.SchemaBuilderTests.TestEmptyHeader () [0x00021] in .\Packages\so-database-converter\Tests\Editor\SchemaBuilderTests.cs:155
]]></stack-trace>
                </failure>
              </test-case>
              <test-case id="1060" name="TestEnumParsing" fullname="DataToScriptableObject.Tests.Editor.SchemaBuilderTests.TestEnumParsing" methodname="TestEnumParsing" classname="DataToScriptableObject.Tests.Editor.SchemaBuilderTests" runstate="Runnable" seed="845421932" result="Failed" start-time="2026-02-07 17:36:20Z" end-time="2026-02-07 17:36:20Z" duration="0.000431" asserts="0">
                <properties>
                  <property name="retryIteration" value="0" />
                  <property name="repeatIteration" value="0" />
                </properties>
                <failure>
                  <message><![CDATA[  Expected: 3
  But was:  1
]]></message>
                  <stack-trace><![CDATA[at DataToScriptableObject.Tests.Editor.SchemaBuilderTests.TestEnumParsing () [0x00050] in .\Packages\so-database-converter\Tests\Editor\SchemaBuilderTests.cs:74
]]></stack-trace>
                </failure>
              </test-case>
              <test-case id="1064" name="TestKeyAndName" fullname="DataToScriptableObject.Tests.Editor.SchemaBuilderTests.TestKeyAndName" methodname="TestKeyAndName" classname="DataToScriptableObject.Tests.Editor.SchemaBuilderTests" runstate="Runnable" seed="1299155658" result="Passed" start-time="2026-02-07 17:36:20Z" end-time="2026-02-07 17:36:20Z" duration="0.000140" asserts="0">
                <properties>
                  <property name="retryIteration" value="0" />
                  <property name="repeatIteration" value="0" />
                </properties>
              </test-case>
              <test-case id="1061" name="TestRangeParsing" fullname="DataToScriptableObject.Tests.Editor.SchemaBuilderTests.TestRangeParsing" methodname="TestRangeParsing" classname="DataToScriptableObject.Tests.Editor.SchemaBuilderTests" runstate="Runnable" seed="503541166" result="Passed" start-time="2026-02-07 17:36:20Z" end-time="2026-02-07 17:36:20Z" duration="0.000228" asserts="0">
                <properties>
                  <property name="retryIteration" value="0" />
                  <property name="repeatIteration" value="0" />
                </properties>
              </test-case>
              <test-case id="1058" name="TestSingleRowHeader" fullname="DataToScriptableObject.Tests.Editor.SchemaBuilderTests.TestSingleRowHeader" methodname="TestSingleRowHeader" classname="DataToScriptableObject.Tests.Editor.SchemaBuilderTests" runstate="Runnable" seed="1240387925" result="Failed" start-time="2026-02-07 17:36:20Z" end-time="2026-02-07 17:36:20Z" duration="0.000254" asserts="0">
                <properties>
                  <property name="retryIteration" value="0" />
                  <property name="repeatIteration" value="0" />
                </properties>
                <failure>
                  <message><![CDATA[  Expected: Int
  But was:  Bool
]]></message>
                  <stack-trace><![CDATA[at DataToScriptableObject.Tests.Editor.SchemaBuilderTests.TestSingleRowHeader () [0x00039] in .\Packages\so-database-converter\Tests\Editor\SchemaBuilderTests.cs:47
]]></stack-trace>
                </failure>
              </test-case>
              <test-case id="1063" name="TestSkipColumn" fullname="DataToScriptableObject.Tests.Editor.SchemaBuilderTests.TestSkipColumn" methodname="TestSkipColumn" classname="DataToScriptableObject.Tests.Editor.SchemaBuilderTests" runstate="Runnable" seed="636650444" result="Passed" start-time="2026-02-07 17:36:20Z" end-time="2026-02-07 17:36:20Z" duration="0.000129" asserts="0">
                <properties>
                  <property name="retryIteration" value="0" />
                  <property name="repeatIteration" value="0" />
                </properties>
              </test-case>
              <test-case id="1062" name="TestTooltipParsing" fullname="DataToScriptableObject.Tests.Editor.SchemaBuilderTests.TestTooltipParsing" methodname="TestTooltipParsing" classname="DataToScriptableObject.Tests.Editor.SchemaBuilderTests" runstate="Runnable" seed="542186029" result="Passed" start-time="2026-02-07 17:36:20Z" end-time="2026-02-07 17:36:20Z" duration="0.000155" asserts="0">
                <properties>
                  <property name="retryIteration" value="0" />
                  <property name="repeatIteration" value="0" />
                </properties>
              </test-case>
              <test-case id="1059" name="TestTwoRowHeader" fullname="DataToScriptableObject.Tests.Editor.SchemaBuilderTests.TestTwoRowHeader" methodname="TestTwoRowHeader" classname="DataToScriptableObject.Tests.Editor.SchemaBuilderTests" runstate="Runnable" seed="1402555411" result="Passed" start-time="2026-02-07 17:36:20Z" end-time="2026-02-07 17:36:20Z" duration="0.000153" asserts="0">
                <properties>
                  <property name="retryIteration" value="0" />
                  <property name="repeatIteration" value="0" />
                </properties>
              </test-case>
              <test-case id="1068" name="TestUnrecognizedType" fullname="DataToScriptableObject.Tests.Editor.SchemaBuilderTests.TestUnrecognizedType" methodname="TestUnrecognizedType" classname="DataToScriptableObject.Tests.Editor.SchemaBuilderTests" runstate="Runnable" seed="1530394890" result="Passed" start-time="2026-02-07 17:36:20Z" end-time="2026-02-07 17:36:20Z" duration="0.000260" asserts="0">
                <properties>
                  <property name="retryIteration" value="0" />
                  <property name="repeatIteration" value="0" />
                </properties>
              </test-case>
            </test-suite>
            <test-suite type="TestFixture" id="1069" name="TypeConverterTests" fullname="DataToScriptableObject.Tests.Editor.TypeConverterTests" classname="DataToScriptableObject.Tests.Editor.TypeConverterTests" runstate="Runnable" testcasecount="17" result="Passed" start-time="2026-02-07 17:36:20Z" end-time="2026-02-07 17:36:20Z" duration="0.009200" total="17" passed="17" failed="0" inconclusive="0" skipped="0" asserts="0">
              <properties />
              <test-case id="1086" name="TestNullHandling" fullname="DataToScriptableObject.Tests.Editor.TypeConverterTests.TestNullHandling" methodname="TestNullHandling" classname="DataToScriptableObject.Tests.Editor.TypeConverterTests" runstate="Runnable" seed="1201833151" result="Passed" start-time="2026-02-07 17:36:20Z" end-time="2026-02-07 17:36:20Z" duration="0.001934" asserts="0">
                <properties>
                  <property name="retryIteration" value="0" />
                  <property name="repeatIteration" value="0" />
                </properties>
              </test-case>
              <test-case id="1084" name="TestToArrayInt" fullname="DataToScriptableObject.Tests.Editor.TypeConverterTests.TestToArrayInt" methodname="TestToArrayInt" classname="DataToScriptableObject.Tests.Editor.TypeConverterTests" runstate="Runnable" seed="343774619" result="Passed" start-time="2026-02-07 17:36:20Z" end-time="2026-02-07 17:36:20Z" duration="0.000309" asserts="0">
                <properties>
                  <property name="retryIteration" value="0" />
                  <property name="repeatIteration" value="0" />
                </properties>
              </test-case>
              <test-case id="1085" name="TestToArrayString" fullname="DataToScriptableObject.Tests.Editor.TypeConverterTests.TestToArrayString" methodname="TestToArrayString" classname="DataToScriptableObject.Tests.Editor.TypeConverterTests" runstate="Runnable" seed="936233853" result="Passed" start-time="2026-02-07 17:36:20Z" end-time="2026-02-07 17:36:20Z" duration="0.000424" asserts="0">
                <properties>
                  <property name="retryIteration" value="0" />
                  <property name="repeatIteration" value="0" />
                </properties>
              </test-case>
              <test-case id="1076" name="TestToBoolFalse" fullname="DataToScriptableObject.Tests.Editor.TypeConverterTests.TestToBoolFalse" methodname="TestToBoolFalse" classname="DataToScriptableObject.Tests.Editor.TypeConverterTests" runstate="Runnable" seed="1080723972" result="Passed" start-time="2026-02-07 17:36:20Z" end-time="2026-02-07 17:36:20Z" duration="0.000105" asserts="0">
                <properties>
                  <property name="retryIteration" value="0" />
                  <property name="repeatIteration" value="0" />
                </properties>
              </test-case>
              <test-case id="1075" name="TestToBoolTrue" fullname="DataToScriptableObject.Tests.Editor.TypeConverterTests.TestToBoolTrue" methodname="TestToBoolTrue" classname="DataToScriptableObject.Tests.Editor.TypeConverterTests" runstate="Runnable" seed="1870789189" result="Passed" start-time="2026-02-07 17:36:20Z" end-time="2026-02-07 17:36:20Z" duration="0.000081" asserts="0">
                <properties>
                  <property name="retryIteration" value="0" />
                  <property name="repeatIteration" value="0" />
                </properties>
              </test-case>
              <test-case id="1080" name="TestToColorHex" fullname="DataToScriptableObject.Tests.Editor.TypeConverterTests.TestToColorHex" methodname="TestToColorHex" classname="DataToScriptableObject.Tests.Editor.TypeConverterTests" runstate="Runnable" seed="1756117528" result="Passed" start-time="2026-02-07 17:36:20Z" end-time="2026-02-07 17:36:20Z" duration="0.000605" asserts="0">
                <properties>
                  <property name="retryIteration" value="0" />
                  <property name="repeatIteration" value="0" />
                </properties>
              </test-case>
              <test-case id="1081" name="TestToColorRGBA" fullname="DataToScriptableObject.Tests.Editor.TypeConverterTests.TestToColorRGBA" methodname="TestToColorRGBA" classname="DataToScriptableObject.Tests.Editor.TypeConverterTests" runstate="Runnable" seed="1281829865" result="Passed" start-time="2026-02-07 17:36:20Z" end-time="2026-02-07 17:36:20Z" duration="0.000113" asserts="0">
                <properties>
                  <property name="retryIteration" value="0" />
                  <property name="repeatIteration" value="0" />
                </properties>
              </test-case>
              <test-case id="1073" name="TestToFloat" fullname="DataToScriptableObject.Tests.Editor.TypeConverterTests.TestToFloat" methodname="TestToFloat" classname="DataToScriptableObject.Tests.Editor.TypeConverterTests" runstate="Runnable" seed="522563345" result="Passed" start-time="2026-02-07 17:36:20Z" end-time="2026-02-07 17:36:20Z" duration="0.000065" asserts="0">
                <properties>
                  <property name="retryIteration" value="0" />
                  <property name="repeatIteration" value="0" />
                </properties>
              </test-case>
              <test-case id="1074" name="TestToFloatInvariantCulture" fullname="DataToScriptableObject.Tests.Editor.TypeConverterTests.TestToFloatInvariantCulture" methodname="TestToFloatInvariantCulture" classname="DataToScriptableObject.Tests.Editor.TypeConverterTests" runstate="Runnable" seed="1053206778" result="Passed" start-time="2026-02-07 17:36:20Z" end-time="2026-02-07 17:36:20Z" duration="0.000061" asserts="0">
                <properties>
                  <property name="retryIteration" value="0" />
                  <property name="repeatIteration" value="0" />
                </properties>
              </test-case>
              <test-case id="1070" name="TestToInt" fullname="DataToScriptableObject.Tests.Editor.TypeConverterTests.TestToInt" methodname="TestToInt" classname="DataToScriptableObject.Tests.Editor.TypeConverterTests" runstate="Runnable" seed="1170787239" result="Passed" start-time="2026-02-07 17:36:20Z" end-time="2026-02-07 17:36:20Z" duration="0.000084" asserts="0">
                <properties>
                  <property name="retryIteration" value="0" />
                  <property name="repeatIteration" value="0" />
                </properties>
              </test-case>
              <test-case id="1071" name="TestToIntEmpty" fullname="DataToScriptableObject.Tests.Editor.TypeConverterTests.TestToIntEmpty" methodname="TestToIntEmpty" classname="DataToScriptableObject.Tests.Editor.TypeConverterTests" runstate="Runnable" seed="906201767" result="Passed" start-time="2026-02-07 17:36:20Z" end-time="2026-02-07 17:36:20Z" duration="0.000067" asserts="0">
                <properties>
                  <property name="retryIteration" value="0" />
                  <property name="repeatIteration" value="0" />
                </properties>
              </test-case>
              <test-case id="1072" name="TestToIntInvalid" fullname="DataToScriptableObject.Tests.Editor.TypeConverterTests.TestToIntInvalid" methodname="TestToIntInvalid" classname="DataToScriptableObject.Tests.Editor.TypeConverterTests" runstate="Runnable" seed="682927046" result="Passed" start-time="2026-02-07 17:36:20Z" end-time="2026-02-07 17:36:20Z" duration="0.001060" asserts="0">
                <properties>
                  <property name="retryIteration" value="0" />
                  <property name="repeatIteration" value="0" />
                </properties>
                <output><![CDATA[Failed to convert 'abc' to int. Using default: 0
]]></output>
              </test-case>
              <test-case id="1083" name="TestToStringEmpty" fullname="DataToScriptableObject.Tests.Editor.TypeConverterTests.TestToStringEmpty" methodname="TestToStringEmpty" classname="DataToScriptableObject.Tests.Editor.TypeConverterTests" runstate="Runnable" seed="1578648086" result="Passed" start-time="2026-02-07 17:36:20Z" end-time="2026-02-07 17:36:20Z" duration="0.000097" asserts="0">
                <properties>
                  <property name="retryIteration" value="0" />
                  <property name="repeatIteration" value="0" />
                </properties>
              </test-case>
              <test-case id="1082" name="TestToStringNull" fullname="DataToScriptableObject.Tests.Editor.TypeConverterTests.TestToStringNull" methodname="TestToStringNull" classname="DataToScriptableObject.Tests.Editor.TypeConverterTests" runstate="Runnable" seed="152058726" result="Passed" start-time="2026-02-07 17:36:20Z" end-time="2026-02-07 17:36:20Z" duration="0.000123" asserts="0">
                <properties>
                  <property name="retryIteration" value="0" />
                  <property name="repeatIteration" value="0" />
                </properties>
              </test-case>
              <test-case id="1077" name="TestToVector2" fullname="DataToScriptableObject.Tests.Editor.TypeConverterTests.TestToVector2" methodname="TestToVector2" classname="DataToScriptableObject.Tests.Editor.TypeConverterTests" runstate="Runnable" seed="1486358712" result="Passed" start-time="2026-02-07 17:36:20Z" end-time="2026-02-07 17:36:20Z" duration="0.000106" asserts="0">
                <properties>
                  <property name="retryIteration" value="0" />
                  <property name="repeatIteration" value="0" />
                </properties>
              </test-case>
              <test-case id="1078" name="TestToVector2NoParen" fullname="DataToScriptableObject.Tests.Editor.TypeConverterTests.TestToVector2NoParen" methodname="TestToVector2NoParen" classname="DataToScriptableObject.Tests.Editor.TypeConverterTests" runstate="Runnable" seed="156428184" result="Passed" start-time="2026-02-07 17:36:20Z" end-time="2026-02-07 17:36:20Z" duration="0.000086" asserts="0">
                <properties>
                  <property name="retryIteration" value="0" />
                  <property name="repeatIteration" value="0" />
                </properties>
              </test-case>
              <test-case id="1079" name="TestToVector3" fullname="DataToScriptableObject.Tests.Editor.TypeConverterTests.TestToVector3" methodname="TestToVector3" classname="DataToScriptableObject.Tests.Editor.TypeConverterTests" runstate="Runnable" seed="112246133" result="Passed" start-time="2026-02-07 17:36:20Z" end-time="2026-02-07 17:36:20Z" duration="0.000105" asserts="0">
                <properties>
                  <property name="retryIteration" value="0" />
                  <property name="repeatIteration" value="0" />
                </properties>
              </test-case>
            </test-suite>
            <test-suite type="TestFixture" id="1087" name="TypeInferenceTests" fullname="DataToScriptableObject.Tests.Editor.TypeInferenceTests" classname="DataToScriptableObject.Tests.Editor.TypeInferenceTests" runstate="Runnable" testcasecount="11" result="Failed" site="Child" start-time="2026-02-07 17:36:20Z" end-time="2026-02-07 17:36:20Z" duration="0.005798" total="11" passed="10" failed="1" inconclusive="0" skipped="0" asserts="0">
              <properties />
              <failure>
                <message><![CDATA[One or more child tests had errors]]></message>
              </failure>
              <test-case id="1091" name="TestAllBools" fullname="DataToScriptableObject.Tests.Editor.TypeInferenceTests.TestAllBools" methodname="TestAllBools" classname="DataToScriptableObject.Tests.Editor.TypeInferenceTests" runstate="Runnable" seed="1344665211" result="Passed" start-time="2026-02-07 17:36:20Z" end-time="2026-02-07 17:36:20Z" duration="0.000194" asserts="0">
                <properties>
                  <property name="retryIteration" value="0" />
                  <property name="repeatIteration" value="0" />
                </properties>
              </test-case>
              <test-case id="1096" name="TestAllEmpty" fullname="DataToScriptableObject.Tests.Editor.TypeInferenceTests.TestAllEmpty" methodname="TestAllEmpty" classname="DataToScriptableObject.Tests.Editor.TypeInferenceTests" runstate="Runnable" seed="1405429643" result="Passed" start-time="2026-02-07 17:36:20Z" end-time="2026-02-07 17:36:20Z" duration="0.000115" asserts="0">
                <properties>
                  <property name="retryIteration" value="0" />
                  <property name="repeatIteration" value="0" />
                </properties>
              </test-case>
              <test-case id="1089" name="TestAllFloats" fullname="DataToScriptableObject.Tests.Editor.TypeInferenceTests.TestAllFloats" methodname="TestAllFloats" classname="DataToScriptableObject.Tests.Editor.TypeInferenceTests" runstate="Runnable" seed="1522112670" result="Passed" start-time="2026-02-07 17:36:20Z" end-time="2026-02-07 17:36:20Z" duration="0.000157" asserts="0">
                <properties>
                  <property name="retryIteration" value="0" />
                  <property name="repeatIteration" value="0" />
                </properties>
              </test-case>
              <test-case id="1088" name="TestAllInts" fullname="DataToScriptableObject.Tests.Editor.TypeInferenceTests.TestAllInts" methodname="TestAllInts" classname="DataToScriptableObject.Tests.Editor.TypeInferenceTests" runstate="Runnable" seed="127921612" result="Passed" start-time="2026-02-07 17:36:20Z" end-time="2026-02-07 17:36:20Z" duration="0.000096" asserts="0">
                <properties>
                  <property name="retryIteration" value="0" />
                  <property name="repeatIteration" value="0" />
                </properties>
              </test-case>
              <test-case id="1093" name="TestBoolWith01" fullname="DataToScriptableObject.Tests.Editor.TypeInferenceTests.TestBoolWith01" methodname="TestBoolWith01" classname="DataToScriptableObject.Tests.Editor.TypeInferenceTests" runstate="Runnable" seed="286623727" result="Failed" start-time="2026-02-07 17:36:20Z" end-time="2026-02-07 17:36:20Z" duration="0.000193" asserts="0">
                <properties>
                  <property name="retryIteration" value="0" />
                  <property name="repeatIteration" value="0" />
                </properties>
                <failure>
                  <message><![CDATA[  Expected: Int
  But was:  Bool
]]></message>
                  <stack-trace><![CDATA[at DataToScriptableObject.Tests.Editor.TypeInferenceTests.TestBoolWith01 () [0x00027] in .\Packages\so-database-converter\Tests\Editor\TypeInferenceTests.cs:48
]]></stack-trace>
                </failure>
              </test-case>
              <test-case id="1092" name="TestBoolWithYesNo" fullname="DataToScriptableObject.Tests.Editor.TypeInferenceTests.TestBoolWithYesNo" methodname="TestBoolWithYesNo" classname="DataToScriptableObject.Tests.Editor.TypeInferenceTests" runstate="Runnable" seed="868219861" result="Passed" start-time="2026-02-07 17:36:20Z" end-time="2026-02-07 17:36:20Z" duration="0.000099" asserts="0">
                <properties>
                  <property name="retryIteration" value="0" />
                  <property name="repeatIteration" value="0" />
                </properties>
              </test-case>
              <test-case id="1097" name="TestMixedEmptyAndInt" fullname="DataToScriptableObject.Tests.Editor.TypeInferenceTests.TestMixedEmptyAndInt" methodname="TestMixedEmptyAndInt" classname="DataToScriptableObject.Tests.Editor.TypeInferenceTests" runstate="Runnable" seed="1714513477" result="Passed" start-time="2026-02-07 17:36:20Z" end-time="2026-02-07 17:36:20Z" duration="0.000096" asserts="0">
                <properties>
                  <property name="retryIteration" value="0" />
                  <property name="repeatIteration" value="0" />
                </properties>
              </test-case>
              <test-case id="1090" name="TestMixedIntFloat" fullname="DataToScriptableObject.Tests.Editor.TypeInferenceTests.TestMixedIntFloat" methodname="TestMixedIntFloat" classname="DataToScriptableObject.Tests.Editor.TypeInferenceTests" runstate="Runnable" seed="1926775785" result="Passed" start-time="2026-02-07 17:36:20Z" end-time="2026-02-07 17:36:20Z" duration="0.000082" asserts="0">
                <properties>
                  <property name="retryIteration" value="0" />
                  <property name="repeatIteration" value="0" />
                </properties>
              </test-case>
              <test-case id="1095" name="TestOneBadFloatFallsToString" fullname="DataToScriptableObject.Tests.Editor.TypeInferenceTests.TestOneBadFloatFallsToString" methodname="TestOneBadFloatFallsToString" classname="DataToScriptableObject.Tests.Editor.TypeInferenceTests" runstate="Runnable" seed="1099290621" result="Passed" start-time="2026-02-07 17:36:20Z" end-time="2026-02-07 17:36:20Z" duration="0.000080" asserts="0">
                <properties>
                  <property name="retryIteration" value="0" />
                  <property name="repeatIteration" value="0" />
                </properties>
              </test-case>
              <test-case id="1094" name="TestOneBadIntFallsToFloat" fullname="DataToScriptableObject.Tests.Editor.TypeInferenceTests.TestOneBadIntFallsToFloat" methodname="TestOneBadIntFallsToFloat" classname="DataToScriptableObject.Tests.Editor.TypeInferenceTests" runstate="Runnable" seed="2074697697" result="Passed" start-time="2026-02-07 17:36:20Z" end-time="2026-02-07 17:36:20Z" duration="0.000082" asserts="0">
                <properties>
                  <property name="retryIteration" value="0" />
                  <property name="repeatIteration" value="0" />
                </properties>
              </test-case>
              <test-case id="1098" name="TestStrings" fullname="DataToScriptableObject.Tests.Editor.TypeInferenceTests.TestStrings" methodname="TestStrings" classname="DataToScriptableObject.Tests.Editor.TypeInferenceTests" runstate="Runnable" seed="270003810" result="Passed" start-time="2026-02-07 17:36:20Z" end-time="2026-02-07 17:36:20Z" duration="0.000071" asserts="0">
                <properties>
                  <property name="retryIteration" value="0" />
                  <property name="repeatIteration" value="0" />
                </properties>
                <output><![CDATA[Saving results to: C:/Users/tremo/AppData/LocalLow/DefaultCompany/Package Dev\TestResults.xml
]]></output>
              </test-case>
            </test-suite>
          </test-suite>
        </test-suite>
      </test-suite>
    </test-suite>
  </test-suite>
</test-run>